SF:/home/nicholas/git/nicholaswilde/syncthing-mcp-rs/src/api/client.rs
FN:114,_RNCNvMNtNtCsk1nGwz09EVE_16syncthing_mcp_rs3api6clientNtB4_15SyncThingClient10add_folder0CsfMwzdq720X6_23docker_integration_test
FN:49,_RNCNCNCNvMNtNtCsk1nGwz09EVE_16syncthing_mcp_rs3api6clientNtB8_15SyncThingClient15send_with_retry000Bc_
FN:52,_RNCNCNCNvMNtNtCsk1nGwz09EVE_16syncthing_mcp_rs3api6clientNtB8_15SyncThingClient15send_with_retry00s_0Bc_
FN:48,_RNCNCNvMNtNtCsk1nGwz09EVE_16syncthing_mcp_rs3api6clientNtB6_15SyncThingClient15send_with_retry00Ba_
FN:187,_RNCNvMNtNtCsk1nGwz09EVE_16syncthing_mcp_rs3api6clientNtB4_15SyncThingClient10add_device0B8_
FN:87,_RNCNvMNtNtCsk1nGwz09EVE_16syncthing_mcp_rs3api6clientNtB4_15SyncThingClient10get_config0B8_
FN:304,_RNCNvMNtNtCsk1nGwz09EVE_16syncthing_mcp_rs3api6clientNtB4_15SyncThingClient10get_events0B8_
FN:128,_RNCNvMNtNtCsk1nGwz09EVE_16syncthing_mcp_rs3api6clientNtB4_15SyncThingClient10get_folder0B8_
FN:96,_RNCNvMNtNtCsk1nGwz09EVE_16syncthing_mcp_rs3api6clientNtB4_15SyncThingClient10set_config0B8_
FN:146,_RNCNvMNtNtCsk1nGwz09EVE_16syncthing_mcp_rs3api6clientNtB4_15SyncThingClient11get_ignores0B8_
FN:160,_RNCNvMNtNtCsk1nGwz09EVE_16syncthing_mcp_rs3api6clientNtB4_15SyncThingClient11set_ignores0B8_
FN:295,_RNCNvMNtNtCsk1nGwz09EVE_16syncthing_mcp_rs3api6clientNtB4_15SyncThingClient12clear_errors0B8_
FN:436,_RNCNvMNtNtCsk1nGwz09EVE_16syncthing_mcp_rs3api6clientNtB4_15SyncThingClient12health_check0B8_
FN:178,_RNCNvMNtNtCsk1nGwz09EVE_16syncthing_mcp_rs3api6clientNtB4_15SyncThingClient12list_devices0B8_
FN:105,_RNCNvMNtNtCsk1nGwz09EVE_16syncthing_mcp_rs3api6clientNtB4_15SyncThingClient12list_folders0B8_
FN:212,_RNCNvMNtNtCsk1nGwz09EVE_16syncthing_mcp_rs3api6clientNtB4_15SyncThingClient12patch_device0B8_
FN:137,_RNCNvMNtNtCsk1nGwz09EVE_16syncthing_mcp_rs3api6clientNtB4_15SyncThingClient12patch_folder0B8_
FN:203,_RNCNvMNtNtCsk1nGwz09EVE_16syncthing_mcp_rs3api6clientNtB4_15SyncThingClient13remove_device0B8_
FN:266,_RNCNvMNtNtCsk1nGwz09EVE_16syncthing_mcp_rs3api6clientNtB4_15SyncThingClient13revert_folder0B8_
FN:409,_RNCNvMNtNtCsk1nGwz09EVE_16syncthing_mcp_rs3api6clientNtB4_15SyncThingClient14get_system_log0B8_
FN:400,_RNCNvMNtNtCsk1nGwz09EVE_16syncthing_mcp_rs3api6clientNtB4_15SyncThingClient15get_connections0B8_
FN:40,_RNCNvMNtNtCsk1nGwz09EVE_16syncthing_mcp_rs3api6clientNtB4_15SyncThingClient15send_with_retry0B8_
FN:418,_RNCNvMNtNtCsk1nGwz09EVE_16syncthing_mcp_rs3api6clientNtB4_15SyncThingClient16get_device_stats0B8_
FN:427,_RNCNvMNtNtCsk1nGwz09EVE_16syncthing_mcp_rs3api6clientNtB4_15SyncThingClient16get_folder_stats0B8_
FN:232,_RNCNvMNtNtCsk1nGwz09EVE_16syncthing_mcp_rs3api6clientNtB4_15SyncThingClient17get_folder_status0B8_
FN:69,_RNCNvMNtNtCsk1nGwz09EVE_16syncthing_mcp_rs3api6clientNtB4_15SyncThingClient17get_system_status0B8_
FN:78,_RNCNvMNtNtCsk1nGwz09EVE_16syncthing_mcp_rs3api6clientNtB4_15SyncThingClient18get_system_version0B8_
FN:221,_RNCNvMNtNtCsk1nGwz09EVE_16syncthing_mcp_rs3api6clientNtB4_15SyncThingClient18validate_device_id0B8_
FN:360,_RNCNvMNtNtCsk1nGwz09EVE_16syncthing_mcp_rs3api6clientNtB4_15SyncThingClient19get_pending_devices0B8_
FN:380,_RNCNvMNtNtCsk1nGwz09EVE_16syncthing_mcp_rs3api6clientNtB4_15SyncThingClient19get_pending_folders0B8_
FN:243,_RNCNvMNtNtCsk1nGwz09EVE_16syncthing_mcp_rs3api6clientNtB4_15SyncThingClient21get_device_completion0B8_
FN:369,_RNCNvMNtNtCsk1nGwz09EVE_16syncthing_mcp_rs3api6clientNtB4_15SyncThingClient21remove_pending_device0B8_
FN:389,_RNCNvMNtNtCsk1nGwz09EVE_16syncthing_mcp_rs3api6clientNtB4_15SyncThingClient21remove_pending_folder0B8_
FN:26,_RNCNvMNtNtCsk1nGwz09EVE_16syncthing_mcp_rs3api6clientNtB4_15SyncThingClient3new0B8_
FN:335,_RNCNvMNtNtCsk1nGwz09EVE_16syncthing_mcp_rs3api6clientNtB4_15SyncThingClient6browse0B8_
FN:254,_RNCNvMNtNtCsk1nGwz09EVE_16syncthing_mcp_rs3api6clientNtB4_15SyncThingClient6rescan0B8_
FN:277,_RNCNvMNtNtCsk1nGwz09EVE_16syncthing_mcp_rs3api6clientNtB4_15SyncThingClient7restart0B8_
FN:286,_RNCNvMNtNtCsk1nGwz09EVE_16syncthing_mcp_rs3api6clientNtB4_15SyncThingClient8shutdown0B8_
FN:114,_RNCNvMNtNtCsk1nGwz09EVE_16syncthing_mcp_rs3api6clientNtB4_15SyncThingClient10add_folder0B8_
FN:187,_RNvMNtNtCsk1nGwz09EVE_16syncthing_mcp_rs3api6clientNtB2_15SyncThingClient10add_device
FN:114,_RNvMNtNtCsk1nGwz09EVE_16syncthing_mcp_rs3api6clientNtB2_15SyncThingClient10add_folder
FN:87,_RNvMNtNtCsk1nGwz09EVE_16syncthing_mcp_rs3api6clientNtB2_15SyncThingClient10get_config
FN:304,_RNvMNtNtCsk1nGwz09EVE_16syncthing_mcp_rs3api6clientNtB2_15SyncThingClient10get_events
FN:128,_RNvMNtNtCsk1nGwz09EVE_16syncthing_mcp_rs3api6clientNtB2_15SyncThingClient10get_folder
FN:96,_RNvMNtNtCsk1nGwz09EVE_16syncthing_mcp_rs3api6clientNtB2_15SyncThingClient10set_config
FN:146,_RNvMNtNtCsk1nGwz09EVE_16syncthing_mcp_rs3api6clientNtB2_15SyncThingClient11get_ignores
FN:160,_RNvMNtNtCsk1nGwz09EVE_16syncthing_mcp_rs3api6clientNtB2_15SyncThingClient11set_ignores
FN:295,_RNvMNtNtCsk1nGwz09EVE_16syncthing_mcp_rs3api6clientNtB2_15SyncThingClient12clear_errors
FN:436,_RNvMNtNtCsk1nGwz09EVE_16syncthing_mcp_rs3api6clientNtB2_15SyncThingClient12health_check
FN:178,_RNvMNtNtCsk1nGwz09EVE_16syncthing_mcp_rs3api6clientNtB2_15SyncThingClient12list_devices
FN:105,_RNvMNtNtCsk1nGwz09EVE_16syncthing_mcp_rs3api6clientNtB2_15SyncThingClient12list_folders
FN:212,_RNvMNtNtCsk1nGwz09EVE_16syncthing_mcp_rs3api6clientNtB2_15SyncThingClient12patch_device
FN:137,_RNvMNtNtCsk1nGwz09EVE_16syncthing_mcp_rs3api6clientNtB2_15SyncThingClient12patch_folder
FN:203,_RNvMNtNtCsk1nGwz09EVE_16syncthing_mcp_rs3api6clientNtB2_15SyncThingClient13remove_device
FN:266,_RNvMNtNtCsk1nGwz09EVE_16syncthing_mcp_rs3api6clientNtB2_15SyncThingClient13revert_folder
FN:409,_RNvMNtNtCsk1nGwz09EVE_16syncthing_mcp_rs3api6clientNtB2_15SyncThingClient14get_system_log
FN:400,_RNvMNtNtCsk1nGwz09EVE_16syncthing_mcp_rs3api6clientNtB2_15SyncThingClient15get_connections
FN:37,_RNvMNtNtCsk1nGwz09EVE_16syncthing_mcp_rs3api6clientNtB2_15SyncThingClient15send_with_retry
FN:418,_RNvMNtNtCsk1nGwz09EVE_16syncthing_mcp_rs3api6clientNtB2_15SyncThingClient16get_device_stats
FN:427,_RNvMNtNtCsk1nGwz09EVE_16syncthing_mcp_rs3api6clientNtB2_15SyncThingClient16get_folder_stats
FN:232,_RNvMNtNtCsk1nGwz09EVE_16syncthing_mcp_rs3api6clientNtB2_15SyncThingClient17get_folder_status
FN:69,_RNvMNtNtCsk1nGwz09EVE_16syncthing_mcp_rs3api6clientNtB2_15SyncThingClient17get_system_status
FN:78,_RNvMNtNtCsk1nGwz09EVE_16syncthing_mcp_rs3api6clientNtB2_15SyncThingClient18get_system_version
FN:221,_RNvMNtNtCsk1nGwz09EVE_16syncthing_mcp_rs3api6clientNtB2_15SyncThingClient18validate_device_id
FN:360,_RNvMNtNtCsk1nGwz09EVE_16syncthing_mcp_rs3api6clientNtB2_15SyncThingClient19get_pending_devices
FN:380,_RNvMNtNtCsk1nGwz09EVE_16syncthing_mcp_rs3api6clientNtB2_15SyncThingClient19get_pending_folders
FN:243,_RNvMNtNtCsk1nGwz09EVE_16syncthing_mcp_rs3api6clientNtB2_15SyncThingClient21get_device_completion
FN:369,_RNvMNtNtCsk1nGwz09EVE_16syncthing_mcp_rs3api6clientNtB2_15SyncThingClient21remove_pending_device
FN:389,_RNvMNtNtCsk1nGwz09EVE_16syncthing_mcp_rs3api6clientNtB2_15SyncThingClient21remove_pending_folder
FN:20,_RNvMNtNtCsk1nGwz09EVE_16syncthing_mcp_rs3api6clientNtB2_15SyncThingClient3new
FN:330,_RNvMNtNtCsk1nGwz09EVE_16syncthing_mcp_rs3api6clientNtB2_15SyncThingClient6browse
FN:254,_RNvMNtNtCsk1nGwz09EVE_16syncthing_mcp_rs3api6clientNtB2_15SyncThingClient6rescan
FN:277,_RNvMNtNtCsk1nGwz09EVE_16syncthing_mcp_rs3api6clientNtB2_15SyncThingClient7restart
FN:30,_RNvMNtNtCsk1nGwz09EVE_16syncthing_mcp_rs3api6clientNtB2_15SyncThingClient8add_auth
FN:286,_RNvMNtNtCsk1nGwz09EVE_16syncthing_mcp_rs3api6clientNtB2_15SyncThingClient8shutdown
FN:49,_RNCNCNCNvMNtNtCs1zQjFe0mrqD_16syncthing_mcp_rs3api6clientNtB8_15SyncThingClient15send_with_retry000Bc_
FN:52,_RNCNCNCNvMNtNtCs1zQjFe0mrqD_16syncthing_mcp_rs3api6clientNtB8_15SyncThingClient15send_with_retry00s_0Bc_
FN:48,_RNCNCNvMNtNtCs1zQjFe0mrqD_16syncthing_mcp_rs3api6clientNtB6_15SyncThingClient15send_with_retry00Ba_
FN:187,_RNCNvMNtNtCs1zQjFe0mrqD_16syncthing_mcp_rs3api6clientNtB4_15SyncThingClient10add_device0B8_
FN:114,_RNCNvMNtNtCs1zQjFe0mrqD_16syncthing_mcp_rs3api6clientNtB4_15SyncThingClient10add_folder0B8_
FN:87,_RNCNvMNtNtCs1zQjFe0mrqD_16syncthing_mcp_rs3api6clientNtB4_15SyncThingClient10get_config0B8_
FN:304,_RNCNvMNtNtCs1zQjFe0mrqD_16syncthing_mcp_rs3api6clientNtB4_15SyncThingClient10get_events0B8_
FN:128,_RNCNvMNtNtCs1zQjFe0mrqD_16syncthing_mcp_rs3api6clientNtB4_15SyncThingClient10get_folder0B8_
FN:96,_RNCNvMNtNtCs1zQjFe0mrqD_16syncthing_mcp_rs3api6clientNtB4_15SyncThingClient10set_config0B8_
FN:146,_RNCNvMNtNtCs1zQjFe0mrqD_16syncthing_mcp_rs3api6clientNtB4_15SyncThingClient11get_ignores0B8_
FN:160,_RNCNvMNtNtCs1zQjFe0mrqD_16syncthing_mcp_rs3api6clientNtB4_15SyncThingClient11set_ignores0B8_
FN:295,_RNCNvMNtNtCs1zQjFe0mrqD_16syncthing_mcp_rs3api6clientNtB4_15SyncThingClient12clear_errors0B8_
FN:436,_RNCNvMNtNtCs1zQjFe0mrqD_16syncthing_mcp_rs3api6clientNtB4_15SyncThingClient12health_check0B8_
FN:178,_RNCNvMNtNtCs1zQjFe0mrqD_16syncthing_mcp_rs3api6clientNtB4_15SyncThingClient12list_devices0B8_
FN:105,_RNCNvMNtNtCs1zQjFe0mrqD_16syncthing_mcp_rs3api6clientNtB4_15SyncThingClient12list_folders0B8_
FN:212,_RNCNvMNtNtCs1zQjFe0mrqD_16syncthing_mcp_rs3api6clientNtB4_15SyncThingClient12patch_device0B8_
FN:137,_RNCNvMNtNtCs1zQjFe0mrqD_16syncthing_mcp_rs3api6clientNtB4_15SyncThingClient12patch_folder0B8_
FN:203,_RNCNvMNtNtCs1zQjFe0mrqD_16syncthing_mcp_rs3api6clientNtB4_15SyncThingClient13remove_device0B8_
FN:266,_RNCNvMNtNtCs1zQjFe0mrqD_16syncthing_mcp_rs3api6clientNtB4_15SyncThingClient13revert_folder0B8_
FN:409,_RNCNvMNtNtCs1zQjFe0mrqD_16syncthing_mcp_rs3api6clientNtB4_15SyncThingClient14get_system_log0B8_
FN:400,_RNCNvMNtNtCs1zQjFe0mrqD_16syncthing_mcp_rs3api6clientNtB4_15SyncThingClient15get_connections0B8_
FN:40,_RNCNvMNtNtCs1zQjFe0mrqD_16syncthing_mcp_rs3api6clientNtB4_15SyncThingClient15send_with_retry0B8_
FN:418,_RNCNvMNtNtCs1zQjFe0mrqD_16syncthing_mcp_rs3api6clientNtB4_15SyncThingClient16get_device_stats0B8_
FN:427,_RNCNvMNtNtCs1zQjFe0mrqD_16syncthing_mcp_rs3api6clientNtB4_15SyncThingClient16get_folder_stats0B8_
FN:232,_RNCNvMNtNtCs1zQjFe0mrqD_16syncthing_mcp_rs3api6clientNtB4_15SyncThingClient17get_folder_status0B8_
FN:69,_RNCNvMNtNtCs1zQjFe0mrqD_16syncthing_mcp_rs3api6clientNtB4_15SyncThingClient17get_system_status0B8_
FN:78,_RNCNvMNtNtCs1zQjFe0mrqD_16syncthing_mcp_rs3api6clientNtB4_15SyncThingClient18get_system_version0B8_
FN:221,_RNCNvMNtNtCs1zQjFe0mrqD_16syncthing_mcp_rs3api6clientNtB4_15SyncThingClient18validate_device_id0B8_
FN:360,_RNCNvMNtNtCs1zQjFe0mrqD_16syncthing_mcp_rs3api6clientNtB4_15SyncThingClient19get_pending_devices0B8_
FN:380,_RNCNvMNtNtCs1zQjFe0mrqD_16syncthing_mcp_rs3api6clientNtB4_15SyncThingClient19get_pending_folders0B8_
FN:243,_RNCNvMNtNtCs1zQjFe0mrqD_16syncthing_mcp_rs3api6clientNtB4_15SyncThingClient21get_device_completion0B8_
FN:369,_RNCNvMNtNtCs1zQjFe0mrqD_16syncthing_mcp_rs3api6clientNtB4_15SyncThingClient21remove_pending_device0B8_
FN:389,_RNCNvMNtNtCs1zQjFe0mrqD_16syncthing_mcp_rs3api6clientNtB4_15SyncThingClient21remove_pending_folder0B8_
FN:26,_RNCNvMNtNtCs1zQjFe0mrqD_16syncthing_mcp_rs3api6clientNtB4_15SyncThingClient3new0B8_
FN:335,_RNCNvMNtNtCs1zQjFe0mrqD_16syncthing_mcp_rs3api6clientNtB4_15SyncThingClient6browse0B8_
FN:254,_RNCNvMNtNtCs1zQjFe0mrqD_16syncthing_mcp_rs3api6clientNtB4_15SyncThingClient6rescan0B8_
FN:277,_RNCNvMNtNtCs1zQjFe0mrqD_16syncthing_mcp_rs3api6clientNtB4_15SyncThingClient7restart0B8_
FN:286,_RNCNvMNtNtCs1zQjFe0mrqD_16syncthing_mcp_rs3api6clientNtB4_15SyncThingClient8shutdown0B8_
FN:187,_RNvMNtNtCs1zQjFe0mrqD_16syncthing_mcp_rs3api6clientNtB2_15SyncThingClient10add_device
FN:114,_RNvMNtNtCs1zQjFe0mrqD_16syncthing_mcp_rs3api6clientNtB2_15SyncThingClient10add_folder
FN:87,_RNvMNtNtCs1zQjFe0mrqD_16syncthing_mcp_rs3api6clientNtB2_15SyncThingClient10get_config
FN:304,_RNvMNtNtCs1zQjFe0mrqD_16syncthing_mcp_rs3api6clientNtB2_15SyncThingClient10get_events
FN:128,_RNvMNtNtCs1zQjFe0mrqD_16syncthing_mcp_rs3api6clientNtB2_15SyncThingClient10get_folder
FN:96,_RNvMNtNtCs1zQjFe0mrqD_16syncthing_mcp_rs3api6clientNtB2_15SyncThingClient10set_config
FN:146,_RNvMNtNtCs1zQjFe0mrqD_16syncthing_mcp_rs3api6clientNtB2_15SyncThingClient11get_ignores
FN:160,_RNvMNtNtCs1zQjFe0mrqD_16syncthing_mcp_rs3api6clientNtB2_15SyncThingClient11set_ignores
FN:295,_RNvMNtNtCs1zQjFe0mrqD_16syncthing_mcp_rs3api6clientNtB2_15SyncThingClient12clear_errors
FN:436,_RNvMNtNtCs1zQjFe0mrqD_16syncthing_mcp_rs3api6clientNtB2_15SyncThingClient12health_check
FN:178,_RNvMNtNtCs1zQjFe0mrqD_16syncthing_mcp_rs3api6clientNtB2_15SyncThingClient12list_devices
FN:105,_RNvMNtNtCs1zQjFe0mrqD_16syncthing_mcp_rs3api6clientNtB2_15SyncThingClient12list_folders
FN:212,_RNvMNtNtCs1zQjFe0mrqD_16syncthing_mcp_rs3api6clientNtB2_15SyncThingClient12patch_device
FN:137,_RNvMNtNtCs1zQjFe0mrqD_16syncthing_mcp_rs3api6clientNtB2_15SyncThingClient12patch_folder
FN:203,_RNvMNtNtCs1zQjFe0mrqD_16syncthing_mcp_rs3api6clientNtB2_15SyncThingClient13remove_device
FN:266,_RNvMNtNtCs1zQjFe0mrqD_16syncthing_mcp_rs3api6clientNtB2_15SyncThingClient13revert_folder
FN:409,_RNvMNtNtCs1zQjFe0mrqD_16syncthing_mcp_rs3api6clientNtB2_15SyncThingClient14get_system_log
FN:400,_RNvMNtNtCs1zQjFe0mrqD_16syncthing_mcp_rs3api6clientNtB2_15SyncThingClient15get_connections
FN:37,_RNvMNtNtCs1zQjFe0mrqD_16syncthing_mcp_rs3api6clientNtB2_15SyncThingClient15send_with_retry
FN:418,_RNvMNtNtCs1zQjFe0mrqD_16syncthing_mcp_rs3api6clientNtB2_15SyncThingClient16get_device_stats
FN:427,_RNvMNtNtCs1zQjFe0mrqD_16syncthing_mcp_rs3api6clientNtB2_15SyncThingClient16get_folder_stats
FN:232,_RNvMNtNtCs1zQjFe0mrqD_16syncthing_mcp_rs3api6clientNtB2_15SyncThingClient17get_folder_status
FN:69,_RNvMNtNtCs1zQjFe0mrqD_16syncthing_mcp_rs3api6clientNtB2_15SyncThingClient17get_system_status
FN:78,_RNvMNtNtCs1zQjFe0mrqD_16syncthing_mcp_rs3api6clientNtB2_15SyncThingClient18get_system_version
FN:221,_RNvMNtNtCs1zQjFe0mrqD_16syncthing_mcp_rs3api6clientNtB2_15SyncThingClient18validate_device_id
FN:360,_RNvMNtNtCs1zQjFe0mrqD_16syncthing_mcp_rs3api6clientNtB2_15SyncThingClient19get_pending_devices
FN:380,_RNvMNtNtCs1zQjFe0mrqD_16syncthing_mcp_rs3api6clientNtB2_15SyncThingClient19get_pending_folders
FN:243,_RNvMNtNtCs1zQjFe0mrqD_16syncthing_mcp_rs3api6clientNtB2_15SyncThingClient21get_device_completion
FN:369,_RNvMNtNtCs1zQjFe0mrqD_16syncthing_mcp_rs3api6clientNtB2_15SyncThingClient21remove_pending_device
FN:389,_RNvMNtNtCs1zQjFe0mrqD_16syncthing_mcp_rs3api6clientNtB2_15SyncThingClient21remove_pending_folder
FN:20,_RNvMNtNtCs1zQjFe0mrqD_16syncthing_mcp_rs3api6clientNtB2_15SyncThingClient3new
FN:330,_RNvMNtNtCs1zQjFe0mrqD_16syncthing_mcp_rs3api6clientNtB2_15SyncThingClient6browse
FN:254,_RNvMNtNtCs1zQjFe0mrqD_16syncthing_mcp_rs3api6clientNtB2_15SyncThingClient6rescan
FN:277,_RNvMNtNtCs1zQjFe0mrqD_16syncthing_mcp_rs3api6clientNtB2_15SyncThingClient7restart
FN:30,_RNvMNtNtCs1zQjFe0mrqD_16syncthing_mcp_rs3api6clientNtB2_15SyncThingClient8add_auth
FN:286,_RNvMNtNtCs1zQjFe0mrqD_16syncthing_mcp_rs3api6clientNtB2_15SyncThingClient8shutdown
FNDA:0,_RNCNvMNtNtCsk1nGwz09EVE_16syncthing_mcp_rs3api6clientNtB4_15SyncThingClient10add_folder0CsfMwzdq720X6_23docker_integration_test
FNDA:0,_RNCNCNCNvMNtNtCsk1nGwz09EVE_16syncthing_mcp_rs3api6clientNtB8_15SyncThingClient15send_with_retry000Bc_
FNDA:0,_RNCNCNCNvMNtNtCsk1nGwz09EVE_16syncthing_mcp_rs3api6clientNtB8_15SyncThingClient15send_with_retry00s_0Bc_
FNDA:0,_RNCNCNvMNtNtCsk1nGwz09EVE_16syncthing_mcp_rs3api6clientNtB6_15SyncThingClient15send_with_retry00Ba_
FNDA:0,_RNCNvMNtNtCsk1nGwz09EVE_16syncthing_mcp_rs3api6clientNtB4_15SyncThingClient10add_device0B8_
FNDA:0,_RNCNvMNtNtCsk1nGwz09EVE_16syncthing_mcp_rs3api6clientNtB4_15SyncThingClient10get_config0B8_
FNDA:0,_RNCNvMNtNtCsk1nGwz09EVE_16syncthing_mcp_rs3api6clientNtB4_15SyncThingClient10get_events0B8_
FNDA:0,_RNCNvMNtNtCsk1nGwz09EVE_16syncthing_mcp_rs3api6clientNtB4_15SyncThingClient10get_folder0B8_
FNDA:0,_RNCNvMNtNtCsk1nGwz09EVE_16syncthing_mcp_rs3api6clientNtB4_15SyncThingClient10set_config0B8_
FNDA:0,_RNCNvMNtNtCsk1nGwz09EVE_16syncthing_mcp_rs3api6clientNtB4_15SyncThingClient11get_ignores0B8_
FNDA:0,_RNCNvMNtNtCsk1nGwz09EVE_16syncthing_mcp_rs3api6clientNtB4_15SyncThingClient11set_ignores0B8_
FNDA:0,_RNCNvMNtNtCsk1nGwz09EVE_16syncthing_mcp_rs3api6clientNtB4_15SyncThingClient12clear_errors0B8_
FNDA:0,_RNCNvMNtNtCsk1nGwz09EVE_16syncthing_mcp_rs3api6clientNtB4_15SyncThingClient12health_check0B8_
FNDA:0,_RNCNvMNtNtCsk1nGwz09EVE_16syncthing_mcp_rs3api6clientNtB4_15SyncThingClient12list_devices0B8_
FNDA:0,_RNCNvMNtNtCsk1nGwz09EVE_16syncthing_mcp_rs3api6clientNtB4_15SyncThingClient12list_folders0B8_
FNDA:0,_RNCNvMNtNtCsk1nGwz09EVE_16syncthing_mcp_rs3api6clientNtB4_15SyncThingClient12patch_device0B8_
FNDA:0,_RNCNvMNtNtCsk1nGwz09EVE_16syncthing_mcp_rs3api6clientNtB4_15SyncThingClient12patch_folder0B8_
FNDA:0,_RNCNvMNtNtCsk1nGwz09EVE_16syncthing_mcp_rs3api6clientNtB4_15SyncThingClient13remove_device0B8_
FNDA:0,_RNCNvMNtNtCsk1nGwz09EVE_16syncthing_mcp_rs3api6clientNtB4_15SyncThingClient13revert_folder0B8_
FNDA:0,_RNCNvMNtNtCsk1nGwz09EVE_16syncthing_mcp_rs3api6clientNtB4_15SyncThingClient14get_system_log0B8_
FNDA:0,_RNCNvMNtNtCsk1nGwz09EVE_16syncthing_mcp_rs3api6clientNtB4_15SyncThingClient15get_connections0B8_
FNDA:0,_RNCNvMNtNtCsk1nGwz09EVE_16syncthing_mcp_rs3api6clientNtB4_15SyncThingClient15send_with_retry0B8_
FNDA:0,_RNCNvMNtNtCsk1nGwz09EVE_16syncthing_mcp_rs3api6clientNtB4_15SyncThingClient16get_device_stats0B8_
FNDA:0,_RNCNvMNtNtCsk1nGwz09EVE_16syncthing_mcp_rs3api6clientNtB4_15SyncThingClient16get_folder_stats0B8_
FNDA:0,_RNCNvMNtNtCsk1nGwz09EVE_16syncthing_mcp_rs3api6clientNtB4_15SyncThingClient17get_folder_status0B8_
FNDA:0,_RNCNvMNtNtCsk1nGwz09EVE_16syncthing_mcp_rs3api6clientNtB4_15SyncThingClient17get_system_status0B8_
FNDA:0,_RNCNvMNtNtCsk1nGwz09EVE_16syncthing_mcp_rs3api6clientNtB4_15SyncThingClient18get_system_version0B8_
FNDA:0,_RNCNvMNtNtCsk1nGwz09EVE_16syncthing_mcp_rs3api6clientNtB4_15SyncThingClient18validate_device_id0B8_
FNDA:0,_RNCNvMNtNtCsk1nGwz09EVE_16syncthing_mcp_rs3api6clientNtB4_15SyncThingClient19get_pending_devices0B8_
FNDA:0,_RNCNvMNtNtCsk1nGwz09EVE_16syncthing_mcp_rs3api6clientNtB4_15SyncThingClient19get_pending_folders0B8_
FNDA:0,_RNCNvMNtNtCsk1nGwz09EVE_16syncthing_mcp_rs3api6clientNtB4_15SyncThingClient21get_device_completion0B8_
FNDA:0,_RNCNvMNtNtCsk1nGwz09EVE_16syncthing_mcp_rs3api6clientNtB4_15SyncThingClient21remove_pending_device0B8_
FNDA:0,_RNCNvMNtNtCsk1nGwz09EVE_16syncthing_mcp_rs3api6clientNtB4_15SyncThingClient21remove_pending_folder0B8_
FNDA:0,_RNCNvMNtNtCsk1nGwz09EVE_16syncthing_mcp_rs3api6clientNtB4_15SyncThingClient3new0B8_
FNDA:0,_RNCNvMNtNtCsk1nGwz09EVE_16syncthing_mcp_rs3api6clientNtB4_15SyncThingClient6browse0B8_
FNDA:0,_RNCNvMNtNtCsk1nGwz09EVE_16syncthing_mcp_rs3api6clientNtB4_15SyncThingClient6rescan0B8_
FNDA:0,_RNCNvMNtNtCsk1nGwz09EVE_16syncthing_mcp_rs3api6clientNtB4_15SyncThingClient7restart0B8_
FNDA:0,_RNCNvMNtNtCsk1nGwz09EVE_16syncthing_mcp_rs3api6clientNtB4_15SyncThingClient8shutdown0B8_
FNDA:0,_RNCNvMNtNtCsk1nGwz09EVE_16syncthing_mcp_rs3api6clientNtB4_15SyncThingClient10add_folder0B8_
FNDA:0,_RNvMNtNtCsk1nGwz09EVE_16syncthing_mcp_rs3api6clientNtB2_15SyncThingClient10add_device
FNDA:0,_RNvMNtNtCsk1nGwz09EVE_16syncthing_mcp_rs3api6clientNtB2_15SyncThingClient10add_folder
FNDA:0,_RNvMNtNtCsk1nGwz09EVE_16syncthing_mcp_rs3api6clientNtB2_15SyncThingClient10get_config
FNDA:0,_RNvMNtNtCsk1nGwz09EVE_16syncthing_mcp_rs3api6clientNtB2_15SyncThingClient10get_events
FNDA:0,_RNvMNtNtCsk1nGwz09EVE_16syncthing_mcp_rs3api6clientNtB2_15SyncThingClient10get_folder
FNDA:0,_RNvMNtNtCsk1nGwz09EVE_16syncthing_mcp_rs3api6clientNtB2_15SyncThingClient10set_config
FNDA:0,_RNvMNtNtCsk1nGwz09EVE_16syncthing_mcp_rs3api6clientNtB2_15SyncThingClient11get_ignores
FNDA:0,_RNvMNtNtCsk1nGwz09EVE_16syncthing_mcp_rs3api6clientNtB2_15SyncThingClient11set_ignores
FNDA:0,_RNvMNtNtCsk1nGwz09EVE_16syncthing_mcp_rs3api6clientNtB2_15SyncThingClient12clear_errors
FNDA:0,_RNvMNtNtCsk1nGwz09EVE_16syncthing_mcp_rs3api6clientNtB2_15SyncThingClient12health_check
FNDA:0,_RNvMNtNtCsk1nGwz09EVE_16syncthing_mcp_rs3api6clientNtB2_15SyncThingClient12list_devices
FNDA:0,_RNvMNtNtCsk1nGwz09EVE_16syncthing_mcp_rs3api6clientNtB2_15SyncThingClient12list_folders
FNDA:0,_RNvMNtNtCsk1nGwz09EVE_16syncthing_mcp_rs3api6clientNtB2_15SyncThingClient12patch_device
FNDA:0,_RNvMNtNtCsk1nGwz09EVE_16syncthing_mcp_rs3api6clientNtB2_15SyncThingClient12patch_folder
FNDA:0,_RNvMNtNtCsk1nGwz09EVE_16syncthing_mcp_rs3api6clientNtB2_15SyncThingClient13remove_device
FNDA:0,_RNvMNtNtCsk1nGwz09EVE_16syncthing_mcp_rs3api6clientNtB2_15SyncThingClient13revert_folder
FNDA:0,_RNvMNtNtCsk1nGwz09EVE_16syncthing_mcp_rs3api6clientNtB2_15SyncThingClient14get_system_log
FNDA:0,_RNvMNtNtCsk1nGwz09EVE_16syncthing_mcp_rs3api6clientNtB2_15SyncThingClient15get_connections
FNDA:0,_RNvMNtNtCsk1nGwz09EVE_16syncthing_mcp_rs3api6clientNtB2_15SyncThingClient15send_with_retry
FNDA:0,_RNvMNtNtCsk1nGwz09EVE_16syncthing_mcp_rs3api6clientNtB2_15SyncThingClient16get_device_stats
FNDA:0,_RNvMNtNtCsk1nGwz09EVE_16syncthing_mcp_rs3api6clientNtB2_15SyncThingClient16get_folder_stats
FNDA:0,_RNvMNtNtCsk1nGwz09EVE_16syncthing_mcp_rs3api6clientNtB2_15SyncThingClient17get_folder_status
FNDA:0,_RNvMNtNtCsk1nGwz09EVE_16syncthing_mcp_rs3api6clientNtB2_15SyncThingClient17get_system_status
FNDA:0,_RNvMNtNtCsk1nGwz09EVE_16syncthing_mcp_rs3api6clientNtB2_15SyncThingClient18get_system_version
FNDA:0,_RNvMNtNtCsk1nGwz09EVE_16syncthing_mcp_rs3api6clientNtB2_15SyncThingClient18validate_device_id
FNDA:0,_RNvMNtNtCsk1nGwz09EVE_16syncthing_mcp_rs3api6clientNtB2_15SyncThingClient19get_pending_devices
FNDA:0,_RNvMNtNtCsk1nGwz09EVE_16syncthing_mcp_rs3api6clientNtB2_15SyncThingClient19get_pending_folders
FNDA:0,_RNvMNtNtCsk1nGwz09EVE_16syncthing_mcp_rs3api6clientNtB2_15SyncThingClient21get_device_completion
FNDA:0,_RNvMNtNtCsk1nGwz09EVE_16syncthing_mcp_rs3api6clientNtB2_15SyncThingClient21remove_pending_device
FNDA:0,_RNvMNtNtCsk1nGwz09EVE_16syncthing_mcp_rs3api6clientNtB2_15SyncThingClient21remove_pending_folder
FNDA:0,_RNvMNtNtCsk1nGwz09EVE_16syncthing_mcp_rs3api6clientNtB2_15SyncThingClient3new
FNDA:0,_RNvMNtNtCsk1nGwz09EVE_16syncthing_mcp_rs3api6clientNtB2_15SyncThingClient6browse
FNDA:0,_RNvMNtNtCsk1nGwz09EVE_16syncthing_mcp_rs3api6clientNtB2_15SyncThingClient6rescan
FNDA:0,_RNvMNtNtCsk1nGwz09EVE_16syncthing_mcp_rs3api6clientNtB2_15SyncThingClient7restart
FNDA:0,_RNvMNtNtCsk1nGwz09EVE_16syncthing_mcp_rs3api6clientNtB2_15SyncThingClient8add_auth
FNDA:0,_RNvMNtNtCsk1nGwz09EVE_16syncthing_mcp_rs3api6clientNtB2_15SyncThingClient8shutdown
FNDA:0,_RNCNCNCNvMNtNtCs1zQjFe0mrqD_16syncthing_mcp_rs3api6clientNtB8_15SyncThingClient15send_with_retry000Bc_
FNDA:245,_RNCNCNCNvMNtNtCs1zQjFe0mrqD_16syncthing_mcp_rs3api6clientNtB8_15SyncThingClient15send_with_retry00s_0Bc_
FNDA:245,_RNCNCNvMNtNtCs1zQjFe0mrqD_16syncthing_mcp_rs3api6clientNtB6_15SyncThingClient15send_with_retry00Ba_
FNDA:3,_RNCNvMNtNtCs1zQjFe0mrqD_16syncthing_mcp_rs3api6clientNtB4_15SyncThingClient10add_device0B8_
FNDA:1,_RNCNvMNtNtCs1zQjFe0mrqD_16syncthing_mcp_rs3api6clientNtB4_15SyncThingClient10add_folder0B8_
FNDA:41,_RNCNvMNtNtCs1zQjFe0mrqD_16syncthing_mcp_rs3api6clientNtB4_15SyncThingClient10get_config0B8_
FNDA:21,_RNCNvMNtNtCs1zQjFe0mrqD_16syncthing_mcp_rs3api6clientNtB4_15SyncThingClient10get_events0B8_
FNDA:12,_RNCNvMNtNtCs1zQjFe0mrqD_16syncthing_mcp_rs3api6clientNtB4_15SyncThingClient10get_folder0B8_
FNDA:14,_RNCNvMNtNtCs1zQjFe0mrqD_16syncthing_mcp_rs3api6clientNtB4_15SyncThingClient10set_config0B8_
FNDA:5,_RNCNvMNtNtCs1zQjFe0mrqD_16syncthing_mcp_rs3api6clientNtB4_15SyncThingClient11get_ignores0B8_
FNDA:3,_RNCNvMNtNtCs1zQjFe0mrqD_16syncthing_mcp_rs3api6clientNtB4_15SyncThingClient11set_ignores0B8_
FNDA:2,_RNCNvMNtNtCs1zQjFe0mrqD_16syncthing_mcp_rs3api6clientNtB4_15SyncThingClient12clear_errors0B8_
FNDA:8,_RNCNvMNtNtCs1zQjFe0mrqD_16syncthing_mcp_rs3api6clientNtB4_15SyncThingClient12health_check0B8_
FNDA:3,_RNCNvMNtNtCs1zQjFe0mrqD_16syncthing_mcp_rs3api6clientNtB4_15SyncThingClient12list_devices0B8_
FNDA:7,_RNCNvMNtNtCs1zQjFe0mrqD_16syncthing_mcp_rs3api6clientNtB4_15SyncThingClient12list_folders0B8_
FNDA:3,_RNCNvMNtNtCs1zQjFe0mrqD_16syncthing_mcp_rs3api6clientNtB4_15SyncThingClient12patch_device0B8_
FNDA:4,_RNCNvMNtNtCs1zQjFe0mrqD_16syncthing_mcp_rs3api6clientNtB4_15SyncThingClient12patch_folder0B8_
FNDA:2,_RNCNvMNtNtCs1zQjFe0mrqD_16syncthing_mcp_rs3api6clientNtB4_15SyncThingClient13remove_device0B8_
FNDA:3,_RNCNvMNtNtCs1zQjFe0mrqD_16syncthing_mcp_rs3api6clientNtB4_15SyncThingClient13revert_folder0B8_
FNDA:2,_RNCNvMNtNtCs1zQjFe0mrqD_16syncthing_mcp_rs3api6clientNtB4_15SyncThingClient14get_system_log0B8_
FNDA:7,_RNCNvMNtNtCs1zQjFe0mrqD_16syncthing_mcp_rs3api6clientNtB4_15SyncThingClient15get_connections0B8_
FNDA:196,_RNCNvMNtNtCs1zQjFe0mrqD_16syncthing_mcp_rs3api6clientNtB4_15SyncThingClient15send_with_retry0B8_
FNDA:2,_RNCNvMNtNtCs1zQjFe0mrqD_16syncthing_mcp_rs3api6clientNtB4_15SyncThingClient16get_device_stats0B8_
FNDA:3,_RNCNvMNtNtCs1zQjFe0mrqD_16syncthing_mcp_rs3api6clientNtB4_15SyncThingClient16get_folder_stats0B8_
FNDA:6,_RNCNvMNtNtCs1zQjFe0mrqD_16syncthing_mcp_rs3api6clientNtB4_15SyncThingClient17get_folder_status0B8_
FNDA:16,_RNCNvMNtNtCs1zQjFe0mrqD_16syncthing_mcp_rs3api6clientNtB4_15SyncThingClient17get_system_status0B8_
FNDA:12,_RNCNvMNtNtCs1zQjFe0mrqD_16syncthing_mcp_rs3api6clientNtB4_15SyncThingClient18get_system_version0B8_
FNDA:4,_RNCNvMNtNtCs1zQjFe0mrqD_16syncthing_mcp_rs3api6clientNtB4_15SyncThingClient18validate_device_id0B8_
FNDA:3,_RNCNvMNtNtCs1zQjFe0mrqD_16syncthing_mcp_rs3api6clientNtB4_15SyncThingClient19get_pending_devices0B8_
FNDA:3,_RNCNvMNtNtCs1zQjFe0mrqD_16syncthing_mcp_rs3api6clientNtB4_15SyncThingClient19get_pending_folders0B8_
FNDA:2,_RNCNvMNtNtCs1zQjFe0mrqD_16syncthing_mcp_rs3api6clientNtB4_15SyncThingClient21get_device_completion0B8_
FNDA:2,_RNCNvMNtNtCs1zQjFe0mrqD_16syncthing_mcp_rs3api6clientNtB4_15SyncThingClient21remove_pending_device0B8_
FNDA:2,_RNCNvMNtNtCs1zQjFe0mrqD_16syncthing_mcp_rs3api6clientNtB4_15SyncThingClient21remove_pending_folder0B8_
FNDA:0,_RNCNvMNtNtCs1zQjFe0mrqD_16syncthing_mcp_rs3api6clientNtB4_15SyncThingClient3new0B8_
FNDA:2,_RNCNvMNtNtCs1zQjFe0mrqD_16syncthing_mcp_rs3api6clientNtB4_15SyncThingClient6browse0B8_
FNDA:2,_RNCNvMNtNtCs1zQjFe0mrqD_16syncthing_mcp_rs3api6clientNtB4_15SyncThingClient6rescan0B8_
FNDA:2,_RNCNvMNtNtCs1zQjFe0mrqD_16syncthing_mcp_rs3api6clientNtB4_15SyncThingClient7restart0B8_
FNDA:2,_RNCNvMNtNtCs1zQjFe0mrqD_16syncthing_mcp_rs3api6clientNtB4_15SyncThingClient8shutdown0B8_
FNDA:3,_RNvMNtNtCs1zQjFe0mrqD_16syncthing_mcp_rs3api6clientNtB2_15SyncThingClient10add_device
FNDA:1,_RNvMNtNtCs1zQjFe0mrqD_16syncthing_mcp_rs3api6clientNtB2_15SyncThingClient10add_folder
FNDA:41,_RNvMNtNtCs1zQjFe0mrqD_16syncthing_mcp_rs3api6clientNtB2_15SyncThingClient10get_config
FNDA:21,_RNvMNtNtCs1zQjFe0mrqD_16syncthing_mcp_rs3api6clientNtB2_15SyncThingClient10get_events
FNDA:12,_RNvMNtNtCs1zQjFe0mrqD_16syncthing_mcp_rs3api6clientNtB2_15SyncThingClient10get_folder
FNDA:14,_RNvMNtNtCs1zQjFe0mrqD_16syncthing_mcp_rs3api6clientNtB2_15SyncThingClient10set_config
FNDA:5,_RNvMNtNtCs1zQjFe0mrqD_16syncthing_mcp_rs3api6clientNtB2_15SyncThingClient11get_ignores
FNDA:3,_RNvMNtNtCs1zQjFe0mrqD_16syncthing_mcp_rs3api6clientNtB2_15SyncThingClient11set_ignores
FNDA:2,_RNvMNtNtCs1zQjFe0mrqD_16syncthing_mcp_rs3api6clientNtB2_15SyncThingClient12clear_errors
FNDA:8,_RNvMNtNtCs1zQjFe0mrqD_16syncthing_mcp_rs3api6clientNtB2_15SyncThingClient12health_check
FNDA:3,_RNvMNtNtCs1zQjFe0mrqD_16syncthing_mcp_rs3api6clientNtB2_15SyncThingClient12list_devices
FNDA:7,_RNvMNtNtCs1zQjFe0mrqD_16syncthing_mcp_rs3api6clientNtB2_15SyncThingClient12list_folders
FNDA:3,_RNvMNtNtCs1zQjFe0mrqD_16syncthing_mcp_rs3api6clientNtB2_15SyncThingClient12patch_device
FNDA:4,_RNvMNtNtCs1zQjFe0mrqD_16syncthing_mcp_rs3api6clientNtB2_15SyncThingClient12patch_folder
FNDA:2,_RNvMNtNtCs1zQjFe0mrqD_16syncthing_mcp_rs3api6clientNtB2_15SyncThingClient13remove_device
FNDA:3,_RNvMNtNtCs1zQjFe0mrqD_16syncthing_mcp_rs3api6clientNtB2_15SyncThingClient13revert_folder
FNDA:2,_RNvMNtNtCs1zQjFe0mrqD_16syncthing_mcp_rs3api6clientNtB2_15SyncThingClient14get_system_log
FNDA:7,_RNvMNtNtCs1zQjFe0mrqD_16syncthing_mcp_rs3api6clientNtB2_15SyncThingClient15get_connections
FNDA:196,_RNvMNtNtCs1zQjFe0mrqD_16syncthing_mcp_rs3api6clientNtB2_15SyncThingClient15send_with_retry
FNDA:2,_RNvMNtNtCs1zQjFe0mrqD_16syncthing_mcp_rs3api6clientNtB2_15SyncThingClient16get_device_stats
FNDA:3,_RNvMNtNtCs1zQjFe0mrqD_16syncthing_mcp_rs3api6clientNtB2_15SyncThingClient16get_folder_stats
FNDA:6,_RNvMNtNtCs1zQjFe0mrqD_16syncthing_mcp_rs3api6clientNtB2_15SyncThingClient17get_folder_status
FNDA:16,_RNvMNtNtCs1zQjFe0mrqD_16syncthing_mcp_rs3api6clientNtB2_15SyncThingClient17get_system_status
FNDA:12,_RNvMNtNtCs1zQjFe0mrqD_16syncthing_mcp_rs3api6clientNtB2_15SyncThingClient18get_system_version
FNDA:4,_RNvMNtNtCs1zQjFe0mrqD_16syncthing_mcp_rs3api6clientNtB2_15SyncThingClient18validate_device_id
FNDA:3,_RNvMNtNtCs1zQjFe0mrqD_16syncthing_mcp_rs3api6clientNtB2_15SyncThingClient19get_pending_devices
FNDA:3,_RNvMNtNtCs1zQjFe0mrqD_16syncthing_mcp_rs3api6clientNtB2_15SyncThingClient19get_pending_folders
FNDA:2,_RNvMNtNtCs1zQjFe0mrqD_16syncthing_mcp_rs3api6clientNtB2_15SyncThingClient21get_device_completion
FNDA:2,_RNvMNtNtCs1zQjFe0mrqD_16syncthing_mcp_rs3api6clientNtB2_15SyncThingClient21remove_pending_device
FNDA:2,_RNvMNtNtCs1zQjFe0mrqD_16syncthing_mcp_rs3api6clientNtB2_15SyncThingClient21remove_pending_folder
FNDA:211,_RNvMNtNtCs1zQjFe0mrqD_16syncthing_mcp_rs3api6clientNtB2_15SyncThingClient3new
FNDA:2,_RNvMNtNtCs1zQjFe0mrqD_16syncthing_mcp_rs3api6clientNtB2_15SyncThingClient6browse
FNDA:2,_RNvMNtNtCs1zQjFe0mrqD_16syncthing_mcp_rs3api6clientNtB2_15SyncThingClient6rescan
FNDA:2,_RNvMNtNtCs1zQjFe0mrqD_16syncthing_mcp_rs3api6clientNtB2_15SyncThingClient7restart
FNDA:196,_RNvMNtNtCs1zQjFe0mrqD_16syncthing_mcp_rs3api6clientNtB2_15SyncThingClient8add_auth
FNDA:2,_RNvMNtNtCs1zQjFe0mrqD_16syncthing_mcp_rs3api6clientNtB2_15SyncThingClient8shutdown
FNF:74
FNH:72
DA:20,211
DA:21,211
DA:22,211
DA:23,211
DA:24,211
DA:25,211
DA:26,211
DA:27,211
DA:28,211
DA:30,196
DA:31,196
DA:32,77
DA:33,119
DA:34,196
DA:35,196
DA:37,196
DA:38,196
DA:39,196
DA:40,196
DA:41,196
DA:42,196
DA:44,196
DA:45,196
DA:46,196
DA:48,245
DA:49,245
DA:50,0
DA:51,0
DA:52,245
DA:53,245
DA:54,245
DA:56,184
DA:57,6
DA:58,178
DA:60,178
DA:61,245
DA:62,245
DA:63,196
DA:65,178
DA:66,196
DA:69,16
DA:70,16
DA:71,16
DA:72,16
DA:73,16
DA:74,11
DA:75,16
DA:78,12
DA:79,12
DA:80,12
DA:81,12
DA:82,12
DA:83,10
DA:84,12
DA:87,41
DA:88,41
DA:89,41
DA:90,41
DA:91,41
DA:92,41
DA:93,41
DA:96,14
DA:97,14
DA:98,14
DA:99,14
DA:100,14
DA:101,14
DA:102,14
DA:105,7
DA:106,7
DA:107,7
DA:108,7
DA:109,7
DA:110,7
DA:111,7
DA:114,1
DA:115,1
DA:116,1
DA:117,1
DA:118,1
DA:119,1
DA:120,1
DA:122,1
DA:123,1
DA:124,1
DA:125,1
DA:128,12
DA:129,12
DA:130,12
DA:131,12
DA:132,12
DA:133,12
DA:134,12
DA:137,4
DA:138,4
DA:139,4
DA:140,4
DA:141,4
DA:142,4
DA:143,4
DA:146,5
DA:147,5
DA:151,5
DA:152,5
DA:153,5
DA:154,5
DA:155,5
DA:156,5
DA:157,5
DA:160,3
DA:161,3
DA:165,3
DA:166,3
DA:167,3
DA:169,3
DA:170,3
DA:171,3
DA:172,3
DA:173,3
DA:174,3
DA:175,3
DA:178,3
DA:179,3
DA:180,3
DA:181,3
DA:182,3
DA:183,3
DA:184,3
DA:187,3
DA:188,3
DA:189,3
DA:190,3
DA:191,3
DA:192,3
DA:194,3
DA:195,3
DA:196,3
DA:197,3
DA:198,3
DA:199,3
DA:200,3
DA:203,2
DA:204,2
DA:205,2
DA:206,2
DA:207,2
DA:208,2
DA:209,2
DA:212,3
DA:213,3
DA:214,3
DA:215,3
DA:216,3
DA:217,3
DA:218,3
DA:221,4
DA:222,4
DA:223,4
DA:224,4
DA:225,4
DA:226,4
DA:227,4
DA:228,4
DA:229,4
DA:232,6
DA:233,6
DA:234,6
DA:235,6
DA:236,6
DA:237,6
DA:238,6
DA:239,6
DA:240,6
DA:243,2
DA:244,2
DA:245,2
DA:246,2
DA:247,2
DA:248,2
DA:249,2
DA:250,2
DA:251,2
DA:254,2
DA:255,2
DA:256,2
DA:257,2
DA:258,2
DA:259,2
DA:260,2
DA:261,2
DA:262,2
DA:263,2
DA:266,3
DA:267,3
DA:268,3
DA:269,3
DA:270,3
DA:271,3
DA:272,3
DA:273,3
DA:274,3
DA:277,2
DA:278,2
DA:279,2
DA:280,2
DA:281,2
DA:282,2
DA:283,2
DA:286,2
DA:287,2
DA:288,2
DA:289,2
DA:290,2
DA:291,2
DA:292,2
DA:295,2
DA:296,2
DA:297,2
DA:298,2
DA:299,2
DA:300,2
DA:301,2
DA:304,21
DA:305,21
DA:310,21
DA:311,21
DA:313,21
DA:314,21
DA:315,1
DA:316,20
DA:317,21
DA:318,20
DA:319,20
DA:321,21
DA:322,20
DA:323,20
DA:325,21
DA:326,8
DA:327,21
DA:330,2
DA:331,2
DA:332,2
DA:333,2
DA:334,2
DA:335,2
DA:336,2
DA:342,2
DA:343,2
DA:345,2
DA:346,2
DA:347,0
DA:348,2
DA:349,2
DA:350,2
DA:351,2
DA:353,2
DA:355,2
DA:356,2
DA:357,2
DA:360,3
DA:361,3
DA:362,3
DA:363,3
DA:364,3
DA:365,3
DA:366,3
DA:369,2
DA:370,2
DA:371,2
DA:372,2
DA:373,2
DA:374,2
DA:375,2
DA:376,1
DA:377,2
DA:380,3
DA:381,3
DA:382,3
DA:383,3
DA:384,3
DA:385,3
DA:386,3
DA:389,2
DA:390,2
DA:391,2
DA:392,2
DA:393,2
DA:394,2
DA:395,2
DA:396,2
DA:397,2
DA:400,7
DA:401,7
DA:402,7
DA:403,7
DA:404,7
DA:405,7
DA:406,7
DA:409,2
DA:410,2
DA:411,2
DA:412,2
DA:413,2
DA:414,2
DA:415,2
DA:418,2
DA:419,2
DA:420,2
DA:421,2
DA:422,2
DA:423,2
DA:424,2
DA:427,3
DA:428,3
DA:429,3
DA:430,3
DA:431,3
DA:432,3
DA:433,3
DA:436,8
DA:437,8
DA:441,8
DA:442,8
DA:443,8
DA:445,8
DA:447,8
DA:448,6
DA:449,6
DA:450,6
DA:451,6
DA:452,6
DA:453,6
DA:454,6
DA:455,6
DA:456,6
DA:457,2
DA:458,2
DA:459,2
DA:460,2
DA:461,2
DA:462,2
DA:463,2
DA:464,2
DA:465,2
DA:467,8
BRF:0
BRH:0
LF:382
LH:377
end_of_record
SF:/home/nicholas/git/nicholaswilde/syncthing-mcp-rs/src/api/models.rs
FN:174,_RNvMNtNtCsk1nGwz09EVE_16syncthing_mcp_rs3api6modelsNtB2_5Event7summary
FN:174,_RNvMNtNtCs1zQjFe0mrqD_16syncthing_mcp_rs3api6modelsNtB2_5Event7summary
FNDA:0,_RNvMNtNtCsk1nGwz09EVE_16syncthing_mcp_rs3api6modelsNtB2_5Event7summary
FNDA:12,_RNvMNtNtCs1zQjFe0mrqD_16syncthing_mcp_rs3api6modelsNtB2_5Event7summary
FNF:1
FNH:1
DA:174,12
DA:175,11
DA:177,4
DA:179,4
DA:182,3
DA:183,3
DA:184,3
DA:186,3
DA:191,1
DA:192,1
DA:194,1
DA:195,1
DA:198,1
DA:201,3
DA:203,12
BRF:0
BRH:0
LF:15
LH:15
end_of_record
SF:/home/nicholas/git/nicholaswilde/syncthing-mcp-rs/src/config/mod.rs
FN:202,_RINvNtCsk1nGwz09EVE_16syncthing_mcp_rs6config21deserialize_instancesNtNtCsk2UJvGL8Tan_6config5value5ValueEB4_
FN:228,_RINvXNvNtCsk1nGwz09EVE_16syncthing_mcp_rs6config21deserialize_instancesNtB3_16InstancesVisitorNtNtCs8Z3NE6wBbHN_10serde_core2de7Visitor9visit_mapNtNtCsk2UJvGL8Tan_6config2de9MapAccessEB7_
FN:217,_RINvXNvNtCsk1nGwz09EVE_16syncthing_mcp_rs6config21deserialize_instancesNtB3_16InstancesVisitorNtNtCs8Z3NE6wBbHN_10serde_core2de7Visitor9visit_seqNtNtCsk2UJvGL8Tan_6config2de9SeqAccessEB7_
FN:414,_RNCNvMs0_NtCsk1nGwz09EVE_16syncthing_mcp_rs6configNtB7_9AppConfig12get_instance0B9_
FN:425,_RNCNvMs0_NtCsk1nGwz09EVE_16syncthing_mcp_rs6configNtB7_9AppConfig12get_instances0_0B9_
FN:426,_RNCNvMs0_NtCsk1nGwz09EVE_16syncthing_mcp_rs6configNtB7_9AppConfig12get_instances1_0B9_
FN:419,_RNCNvMs0_NtCsk1nGwz09EVE_16syncthing_mcp_rs6configNtB7_9AppConfig12get_instances_0B9_
FN:350,_RNCNvMs0_NtCsk1nGwz09EVE_16syncthing_mcp_rs6configNtB7_9AppConfig4load0B9_
FN:406,_RNvMs0_NtCsk1nGwz09EVE_16syncthing_mcp_rs6configNtB5_9AppConfig12get_instance
FN:257,_RNvMs0_NtCsk1nGwz09EVE_16syncthing_mcp_rs6configNtB5_9AppConfig4load
FN:360,_RNvMs0_NtCsk1nGwz09EVE_16syncthing_mcp_rs6configNtB5_9AppConfig8validate
FN:432,_RNvNtCsk1nGwz09EVE_16syncthing_mcp_rs6config10parse_args
FN:130,_RNvNtCsk1nGwz09EVE_16syncthing_mcp_rs6config17default_log_level
FN:146,_RNvNtCsk1nGwz09EVE_16syncthing_mcp_rs6config17default_timeout_s
FN:126,_RNvNtCsk1nGwz09EVE_16syncthing_mcp_rs6config17default_transport
FN:162,_RNvNtCsk1nGwz09EVE_16syncthing_mcp_rs6config18default_mcp_events
FN:134,_RNvNtCsk1nGwz09EVE_16syncthing_mcp_rs6config21default_no_verify_ssl
FN:154,_RNvNtCsk1nGwz09EVE_16syncthing_mcp_rs6config24default_http_server_host
FN:158,_RNvNtCsk1nGwz09EVE_16syncthing_mcp_rs6config24default_http_server_port
FN:138,_RNvNtCsk1nGwz09EVE_16syncthing_mcp_rs6config26default_retry_max_attempts
FN:150,_RNvNtCsk1nGwz09EVE_16syncthing_mcp_rs6config27default_http_server_enabled
FN:142,_RNvNtCsk1nGwz09EVE_16syncthing_mcp_rs6config32default_retry_initial_backoff_ms
FN:172,_RNvXNtCsk1nGwz09EVE_16syncthing_mcp_rs6configNtB2_16HttpServerConfigNtNtCs8nPosuWgJFh_4core7default7Default7default
FN:213,_RNvXNvNtCsk1nGwz09EVE_16syncthing_mcp_rs6config21deserialize_instancesNtB2_16InstancesVisitorNtNtCs8Z3NE6wBbHN_10serde_core2de7Visitor9expecting
FN:183,_RNvXs_NtCsk1nGwz09EVE_16syncthing_mcp_rs6configNtB4_9AppConfigNtNtCs8nPosuWgJFh_4core7default7Default7default
FN:202,_RINvNtCs1zQjFe0mrqD_16syncthing_mcp_rs6config21deserialize_instancesNtNtCsk2UJvGL8Tan_6config5value5ValueEB4_
FN:228,_RINvXNvNtCs1zQjFe0mrqD_16syncthing_mcp_rs6config21deserialize_instancesNtB3_16InstancesVisitorNtNtCs8Z3NE6wBbHN_10serde_core2de7Visitor9visit_mapNtNtCsk2UJvGL8Tan_6config2de9MapAccessEB7_
FN:217,_RINvXNvNtCs1zQjFe0mrqD_16syncthing_mcp_rs6config21deserialize_instancesNtB3_16InstancesVisitorNtNtCs8Z3NE6wBbHN_10serde_core2de7Visitor9visit_seqNtNtCsk2UJvGL8Tan_6config2de9SeqAccessEB7_
FN:414,_RNCNvMs0_NtCs1zQjFe0mrqD_16syncthing_mcp_rs6configNtB7_9AppConfig12get_instance0B9_
FN:425,_RNCNvMs0_NtCs1zQjFe0mrqD_16syncthing_mcp_rs6configNtB7_9AppConfig12get_instances0_0B9_
FN:426,_RNCNvMs0_NtCs1zQjFe0mrqD_16syncthing_mcp_rs6configNtB7_9AppConfig12get_instances1_0B9_
FN:419,_RNCNvMs0_NtCs1zQjFe0mrqD_16syncthing_mcp_rs6configNtB7_9AppConfig12get_instances_0B9_
FN:350,_RNCNvMs0_NtCs1zQjFe0mrqD_16syncthing_mcp_rs6configNtB7_9AppConfig4load0B9_
FN:406,_RNvMs0_NtCs1zQjFe0mrqD_16syncthing_mcp_rs6configNtB5_9AppConfig12get_instance
FN:257,_RNvMs0_NtCs1zQjFe0mrqD_16syncthing_mcp_rs6configNtB5_9AppConfig4load
FN:360,_RNvMs0_NtCs1zQjFe0mrqD_16syncthing_mcp_rs6configNtB5_9AppConfig8validate
FN:432,_RNvNtCs1zQjFe0mrqD_16syncthing_mcp_rs6config10parse_args
FN:130,_RNvNtCs1zQjFe0mrqD_16syncthing_mcp_rs6config17default_log_level
FN:146,_RNvNtCs1zQjFe0mrqD_16syncthing_mcp_rs6config17default_timeout_s
FN:126,_RNvNtCs1zQjFe0mrqD_16syncthing_mcp_rs6config17default_transport
FN:162,_RNvNtCs1zQjFe0mrqD_16syncthing_mcp_rs6config18default_mcp_events
FN:134,_RNvNtCs1zQjFe0mrqD_16syncthing_mcp_rs6config21default_no_verify_ssl
FN:154,_RNvNtCs1zQjFe0mrqD_16syncthing_mcp_rs6config24default_http_server_host
FN:158,_RNvNtCs1zQjFe0mrqD_16syncthing_mcp_rs6config24default_http_server_port
FN:138,_RNvNtCs1zQjFe0mrqD_16syncthing_mcp_rs6config26default_retry_max_attempts
FN:150,_RNvNtCs1zQjFe0mrqD_16syncthing_mcp_rs6config27default_http_server_enabled
FN:142,_RNvNtCs1zQjFe0mrqD_16syncthing_mcp_rs6config32default_retry_initial_backoff_ms
FN:172,_RNvXNtCs1zQjFe0mrqD_16syncthing_mcp_rs6configNtB2_16HttpServerConfigNtNtCs8nPosuWgJFh_4core7default7Default7default
FN:213,_RNvXNvNtCs1zQjFe0mrqD_16syncthing_mcp_rs6config21deserialize_instancesNtB2_16InstancesVisitorNtNtCs8Z3NE6wBbHN_10serde_core2de7Visitor9expecting
FN:183,_RNvXs_NtCs1zQjFe0mrqD_16syncthing_mcp_rs6configNtB4_9AppConfigNtNtCs8nPosuWgJFh_4core7default7Default7default
FNDA:0,_RINvNtCsk1nGwz09EVE_16syncthing_mcp_rs6config21deserialize_instancesNtNtCsk2UJvGL8Tan_6config5value5ValueEB4_
FNDA:0,_RINvXNvNtCsk1nGwz09EVE_16syncthing_mcp_rs6config21deserialize_instancesNtB3_16InstancesVisitorNtNtCs8Z3NE6wBbHN_10serde_core2de7Visitor9visit_mapNtNtCsk2UJvGL8Tan_6config2de9MapAccessEB7_
FNDA:0,_RINvXNvNtCsk1nGwz09EVE_16syncthing_mcp_rs6config21deserialize_instancesNtB3_16InstancesVisitorNtNtCs8Z3NE6wBbHN_10serde_core2de7Visitor9visit_seqNtNtCsk2UJvGL8Tan_6config2de9SeqAccessEB7_
FNDA:0,_RNCNvMs0_NtCsk1nGwz09EVE_16syncthing_mcp_rs6configNtB7_9AppConfig12get_instance0B9_
FNDA:0,_RNCNvMs0_NtCsk1nGwz09EVE_16syncthing_mcp_rs6configNtB7_9AppConfig12get_instances0_0B9_
FNDA:0,_RNCNvMs0_NtCsk1nGwz09EVE_16syncthing_mcp_rs6configNtB7_9AppConfig12get_instances1_0B9_
FNDA:0,_RNCNvMs0_NtCsk1nGwz09EVE_16syncthing_mcp_rs6configNtB7_9AppConfig12get_instances_0B9_
FNDA:0,_RNCNvMs0_NtCsk1nGwz09EVE_16syncthing_mcp_rs6configNtB7_9AppConfig4load0B9_
FNDA:0,_RNvMs0_NtCsk1nGwz09EVE_16syncthing_mcp_rs6configNtB5_9AppConfig12get_instance
FNDA:0,_RNvMs0_NtCsk1nGwz09EVE_16syncthing_mcp_rs6configNtB5_9AppConfig4load
FNDA:0,_RNvMs0_NtCsk1nGwz09EVE_16syncthing_mcp_rs6configNtB5_9AppConfig8validate
FNDA:0,_RNvNtCsk1nGwz09EVE_16syncthing_mcp_rs6config10parse_args
FNDA:0,_RNvNtCsk1nGwz09EVE_16syncthing_mcp_rs6config17default_log_level
FNDA:0,_RNvNtCsk1nGwz09EVE_16syncthing_mcp_rs6config17default_timeout_s
FNDA:0,_RNvNtCsk1nGwz09EVE_16syncthing_mcp_rs6config17default_transport
FNDA:0,_RNvNtCsk1nGwz09EVE_16syncthing_mcp_rs6config18default_mcp_events
FNDA:0,_RNvNtCsk1nGwz09EVE_16syncthing_mcp_rs6config21default_no_verify_ssl
FNDA:0,_RNvNtCsk1nGwz09EVE_16syncthing_mcp_rs6config24default_http_server_host
FNDA:0,_RNvNtCsk1nGwz09EVE_16syncthing_mcp_rs6config24default_http_server_port
FNDA:0,_RNvNtCsk1nGwz09EVE_16syncthing_mcp_rs6config26default_retry_max_attempts
FNDA:0,_RNvNtCsk1nGwz09EVE_16syncthing_mcp_rs6config27default_http_server_enabled
FNDA:0,_RNvNtCsk1nGwz09EVE_16syncthing_mcp_rs6config32default_retry_initial_backoff_ms
FNDA:0,_RNvXNtCsk1nGwz09EVE_16syncthing_mcp_rs6configNtB2_16HttpServerConfigNtNtCs8nPosuWgJFh_4core7default7Default7default
FNDA:0,_RNvXNvNtCsk1nGwz09EVE_16syncthing_mcp_rs6config21deserialize_instancesNtB2_16InstancesVisitorNtNtCs8Z3NE6wBbHN_10serde_core2de7Visitor9expecting
FNDA:0,_RNvXs_NtCsk1nGwz09EVE_16syncthing_mcp_rs6configNtB4_9AppConfigNtNtCs8nPosuWgJFh_4core7default7Default7default
FNDA:2,_RINvNtCs1zQjFe0mrqD_16syncthing_mcp_rs6config21deserialize_instancesNtNtCsk2UJvGL8Tan_6config5value5ValueEB4_
FNDA:1,_RINvXNvNtCs1zQjFe0mrqD_16syncthing_mcp_rs6config21deserialize_instancesNtB3_16InstancesVisitorNtNtCs8Z3NE6wBbHN_10serde_core2de7Visitor9visit_mapNtNtCsk2UJvGL8Tan_6config2de9MapAccessEB7_
FNDA:1,_RINvXNvNtCs1zQjFe0mrqD_16syncthing_mcp_rs6config21deserialize_instancesNtB3_16InstancesVisitorNtNtCs8Z3NE6wBbHN_10serde_core2de7Visitor9visit_seqNtNtCsk2UJvGL8Tan_6config2de9SeqAccessEB7_
FNDA:0,_RNCNvMs0_NtCs1zQjFe0mrqD_16syncthing_mcp_rs6configNtB7_9AppConfig12get_instance0B9_
FNDA:62,_RNCNvMs0_NtCs1zQjFe0mrqD_16syncthing_mcp_rs6configNtB7_9AppConfig12get_instances0_0B9_
FNDA:6,_RNCNvMs0_NtCs1zQjFe0mrqD_16syncthing_mcp_rs6configNtB7_9AppConfig12get_instances1_0B9_
FNDA:2,_RNCNvMs0_NtCs1zQjFe0mrqD_16syncthing_mcp_rs6configNtB7_9AppConfig12get_instances_0B9_
FNDA:0,_RNCNvMs0_NtCs1zQjFe0mrqD_16syncthing_mcp_rs6configNtB7_9AppConfig4load0B9_
FNDA:103,_RNvMs0_NtCs1zQjFe0mrqD_16syncthing_mcp_rs6configNtB5_9AppConfig12get_instance
FNDA:13,_RNvMs0_NtCs1zQjFe0mrqD_16syncthing_mcp_rs6configNtB5_9AppConfig4load
FNDA:17,_RNvMs0_NtCs1zQjFe0mrqD_16syncthing_mcp_rs6configNtB5_9AppConfig8validate
FNDA:13,_RNvNtCs1zQjFe0mrqD_16syncthing_mcp_rs6config10parse_args
FNDA:0,_RNvNtCs1zQjFe0mrqD_16syncthing_mcp_rs6config17default_log_level
FNDA:0,_RNvNtCs1zQjFe0mrqD_16syncthing_mcp_rs6config17default_timeout_s
FNDA:0,_RNvNtCs1zQjFe0mrqD_16syncthing_mcp_rs6config17default_transport
FNDA:126,_RNvNtCs1zQjFe0mrqD_16syncthing_mcp_rs6config18default_mcp_events
FNDA:0,_RNvNtCs1zQjFe0mrqD_16syncthing_mcp_rs6config21default_no_verify_ssl
FNDA:0,_RNvNtCs1zQjFe0mrqD_16syncthing_mcp_rs6config24default_http_server_host
FNDA:0,_RNvNtCs1zQjFe0mrqD_16syncthing_mcp_rs6config24default_http_server_port
FNDA:0,_RNvNtCs1zQjFe0mrqD_16syncthing_mcp_rs6config26default_retry_max_attempts
FNDA:0,_RNvNtCs1zQjFe0mrqD_16syncthing_mcp_rs6config27default_http_server_enabled
FNDA:0,_RNvNtCs1zQjFe0mrqD_16syncthing_mcp_rs6config32default_retry_initial_backoff_ms
FNDA:115,_RNvXNtCs1zQjFe0mrqD_16syncthing_mcp_rs6configNtB2_16HttpServerConfigNtNtCs8nPosuWgJFh_4core7default7Default7default
FNDA:0,_RNvXNvNtCs1zQjFe0mrqD_16syncthing_mcp_rs6config21deserialize_instancesNtB2_16InstancesVisitorNtNtCs8Z3NE6wBbHN_10serde_core2de7Visitor9expecting
FNDA:115,_RNvXs_NtCs1zQjFe0mrqD_16syncthing_mcp_rs6configNtB4_9AppConfigNtNtCs8nPosuWgJFh_4core7default7Default7default
FNF:25
FNH:13
DA:126,0
DA:127,0
DA:128,0
DA:130,0
DA:131,0
DA:132,0
DA:134,0
DA:135,0
DA:136,0
DA:138,0
DA:139,0
DA:140,0
DA:142,0
DA:143,0
DA:144,0
DA:146,0
DA:147,0
DA:148,0
DA:150,0
DA:151,0
DA:152,0
DA:154,0
DA:155,0
DA:156,0
DA:158,0
DA:159,0
DA:160,0
DA:162,126
DA:163,126
DA:164,126
DA:165,126
DA:166,126
DA:167,126
DA:169,126
DA:172,115
DA:173,115
DA:174,115
DA:175,115
DA:176,115
DA:177,115
DA:178,115
DA:179,115
DA:183,115
DA:184,115
DA:185,115
DA:186,115
DA:187,115
DA:188,115
DA:189,115
DA:190,115
DA:191,115
DA:192,115
DA:193,115
DA:194,115
DA:195,115
DA:196,115
DA:197,115
DA:198,115
DA:199,115
DA:202,2
DA:203,2
DA:204,2
DA:213,0
DA:214,0
DA:215,0
DA:217,1
DA:218,1
DA:219,1
DA:221,1
DA:222,3
DA:223,2
DA:224,2
DA:225,1
DA:226,1
DA:228,1
DA:229,1
DA:230,1
DA:232,1
DA:233,3
DA:234,2
DA:235,2
DA:236,1
DA:237,1
DA:240,2
DA:241,2
DA:257,13
DA:258,13
DA:259,13
DA:260,13
DA:261,13
DA:262,13
DA:264,13
DA:265,2
DA:266,2
DA:267,2
DA:268,2
DA:269,2
DA:270,0
DA:271,0
DA:272,0
DA:274,2
DA:275,11
DA:278,11
DA:279,5
DA:281,6
DA:285,11
DA:286,11
DA:287,11
DA:288,11
DA:289,11
DA:290,11
DA:291,11
DA:292,11
DA:293,11
DA:294,11
DA:295,11
DA:296,11
DA:297,11
DA:300,11
DA:301,5
DA:302,5
DA:303,6
DA:304,6
DA:305,6
DA:306,6
DA:307,6
DA:311,11
DA:312,11
DA:313,11
DA:314,11
DA:315,11
DA:319,11
DA:320,1
DA:321,10
DA:322,11
DA:323,1
DA:324,10
DA:325,11
DA:326,0
DA:327,11
DA:328,11
DA:329,0
DA:330,11
DA:331,11
DA:332,0
DA:333,11
DA:334,11
DA:335,0
DA:336,11
DA:337,11
DA:338,1
DA:339,10
DA:340,11
DA:341,1
DA:342,10
DA:343,11
DA:344,1
DA:345,10
DA:346,11
DA:347,0
DA:348,11
DA:349,11
DA:350,0
DA:351,0
DA:352,11
DA:354,11
DA:355,11
DA:356,11
DA:357,13
DA:360,17
DA:361,17
DA:362,10
DA:363,0
DA:365,10
DA:368,10
DA:369,10
DA:370,10
DA:371,10
DA:372,10
DA:373,10
DA:374,10
DA:375,10
DA:376,10
DA:377,7
DA:379,17
DA:380,2
DA:381,15
DA:383,17
DA:384,17
DA:385,2
DA:386,15
DA:388,15
DA:391,15
DA:392,4
DA:393,11
DA:394,15
DA:395,5
DA:396,10
DA:397,15
DA:398,5
DA:399,10
DA:402,13
DA:403,17
DA:406,103
DA:407,103
DA:408,103
DA:409,103
DA:410,103
DA:411,57
DA:412,57
DA:413,57
DA:414,57
DA:415,46
DA:416,46
DA:417,46
DA:418,46
DA:419,46
DA:421,2
DA:422,44
DA:423,44
DA:424,44
DA:425,62
DA:426,44
DA:429,103
DA:432,13
DA:435,13
DA:436,13
DA:437,13
DA:438,13
DA:439,13
DA:440,13
DA:442,13
DA:443,13
DA:444,13
DA:445,13
DA:446,13
DA:448,13
DA:449,13
DA:450,13
DA:451,13
DA:452,13
DA:453,13
DA:455,13
DA:456,13
DA:457,13
DA:458,13
DA:460,13
DA:461,13
DA:462,13
DA:463,13
DA:465,13
DA:466,13
DA:467,13
DA:468,13
DA:469,13
DA:471,13
DA:472,13
DA:473,13
DA:474,13
DA:476,13
DA:477,13
DA:478,13
DA:479,13
DA:480,13
DA:482,13
DA:483,13
DA:484,13
DA:485,13
DA:487,13
DA:488,13
DA:489,13
DA:490,13
DA:492,13
DA:493,13
DA:494,13
DA:495,13
DA:496,13
DA:498,13
DA:500,13
DA:501,9
DA:503,4
DA:505,13
BRF:0
BRH:0
LF:287
LH:244
end_of_record
SF:/home/nicholas/git/nicholaswilde/syncthing-mcp-rs/src/credentials/mod.rs
FN:103,_RNvNtCsk1nGwz09EVE_16syncthing_mcp_rs11credentials13decrypt_value
FN:84,_RNvNtCsk1nGwz09EVE_16syncthing_mcp_rs11credentials13encrypt_value
FN:59,_RNvNtCsk1nGwz09EVE_16syncthing_mcp_rs11credentials14get_master_key
FN:40,_RNvNtCsk1nGwz09EVE_16syncthing_mcp_rs11credentials15resolve_api_key
FN:18,_RNvXNtCsk1nGwz09EVE_16syncthing_mcp_rs11credentialsNtB2_15KeyringProviderNtB2_18CredentialProvider11get_api_key
FN:132,_RNvNtNtCs1zQjFe0mrqD_16syncthing_mcp_rs11credentials5testss_17test_resolve_none
FN:146,_RNvNtNtCs1zQjFe0mrqD_16syncthing_mcp_rs11credentials5testss_20test_encrypt_decrypt
FN:126,_RNvNtNtCs1zQjFe0mrqD_16syncthing_mcp_rs11credentials5testss_22test_resolve_plain_key
FN:174,_RNvNtNtCs1zQjFe0mrqD_16syncthing_mcp_rs11credentials5testss_32test_decrypt_value_short_payload
FN:180,_RNvNtNtCs1zQjFe0mrqD_16syncthing_mcp_rs11credentials5testss_33test_decrypt_value_invalid_prefix
FN:137,_RNvNtNtCs1zQjFe0mrqD_16syncthing_mcp_rs11credentials5testss_35test_resolve_invalid_keyring_format
FN:103,_RNvNtCs1zQjFe0mrqD_16syncthing_mcp_rs11credentials13decrypt_value
FN:84,_RNvNtCs1zQjFe0mrqD_16syncthing_mcp_rs11credentials13encrypt_value
FN:59,_RNvNtCs1zQjFe0mrqD_16syncthing_mcp_rs11credentials14get_master_key
FN:40,_RNvNtCs1zQjFe0mrqD_16syncthing_mcp_rs11credentials15resolve_api_key
FN:18,_RNvXNtCs1zQjFe0mrqD_16syncthing_mcp_rs11credentialsNtB2_15KeyringProviderNtB2_18CredentialProvider11get_api_key
FNDA:0,_RNvNtCsk1nGwz09EVE_16syncthing_mcp_rs11credentials13decrypt_value
FNDA:0,_RNvNtCsk1nGwz09EVE_16syncthing_mcp_rs11credentials13encrypt_value
FNDA:0,_RNvNtCsk1nGwz09EVE_16syncthing_mcp_rs11credentials14get_master_key
FNDA:0,_RNvNtCsk1nGwz09EVE_16syncthing_mcp_rs11credentials15resolve_api_key
FNDA:0,_RNvXNtCsk1nGwz09EVE_16syncthing_mcp_rs11credentialsNtB2_15KeyringProviderNtB2_18CredentialProvider11get_api_key
FNDA:1,_RNvNtNtCs1zQjFe0mrqD_16syncthing_mcp_rs11credentials5testss_17test_resolve_none
FNDA:1,_RNvNtNtCs1zQjFe0mrqD_16syncthing_mcp_rs11credentials5testss_20test_encrypt_decrypt
FNDA:1,_RNvNtNtCs1zQjFe0mrqD_16syncthing_mcp_rs11credentials5testss_22test_resolve_plain_key
FNDA:1,_RNvNtNtCs1zQjFe0mrqD_16syncthing_mcp_rs11credentials5testss_32test_decrypt_value_short_payload
FNDA:1,_RNvNtNtCs1zQjFe0mrqD_16syncthing_mcp_rs11credentials5testss_33test_decrypt_value_invalid_prefix
FNDA:1,_RNvNtNtCs1zQjFe0mrqD_16syncthing_mcp_rs11credentials5testss_35test_resolve_invalid_keyring_format
FNDA:2,_RNvNtCs1zQjFe0mrqD_16syncthing_mcp_rs11credentials13decrypt_value
FNDA:2,_RNvNtCs1zQjFe0mrqD_16syncthing_mcp_rs11credentials13encrypt_value
FNDA:2,_RNvNtCs1zQjFe0mrqD_16syncthing_mcp_rs11credentials14get_master_key
FNDA:28,_RNvNtCs1zQjFe0mrqD_16syncthing_mcp_rs11credentials15resolve_api_key
FNDA:0,_RNvXNtCs1zQjFe0mrqD_16syncthing_mcp_rs11credentialsNtB2_15KeyringProviderNtB2_18CredentialProvider11get_api_key
FNF:11
FNH:10
DA:18,0
DA:19,0
DA:23,0
DA:24,0
DA:25,0
DA:26,0
DA:27,0
DA:28,0
DA:31,0
DA:32,0
DA:33,0
DA:36,0
DA:40,28
DA:41,23
DA:42,24
DA:43,1
DA:44,1
DA:45,0
DA:46,0
DA:47,0
DA:49,1
DA:50,1
DA:53,23
DA:54,27
DA:56,28
DA:59,2
DA:60,2
DA:61,2
DA:62,0
DA:63,0
DA:64,0
DA:65,0
DA:66,0
DA:67,0
DA:69,0
DA:74,2
DA:75,2
DA:76,2
DA:77,2
DA:78,2
DA:81,2
DA:84,2
DA:85,2
DA:86,2
DA:87,2
DA:89,2
DA:90,2
DA:91,2
DA:93,2
DA:95,2
DA:96,2
DA:97,2
DA:99,2
DA:100,2
DA:103,2
DA:104,2
DA:105,1
DA:106,0
DA:107,0
DA:108,0
DA:110,0
DA:111,0
DA:112,0
DA:114,0
DA:115,0
DA:117,0
DA:118,0
DA:119,2
DA:126,1
DA:127,1
DA:128,1
DA:129,1
DA:132,1
DA:133,1
DA:134,1
DA:137,1
DA:138,1
DA:139,1
DA:140,1
DA:141,1
DA:143,1
DA:146,1
DA:149,1
DA:150,1
DA:151,1
DA:153,1
DA:154,1
DA:155,1
DA:157,1
DA:158,1
DA:159,1
DA:160,1
DA:162,1
DA:165,1
DA:166,1
DA:167,1
DA:168,1
DA:169,1
DA:170,1
DA:171,1
DA:174,1
DA:175,1
DA:176,1
DA:177,1
DA:180,1
DA:181,1
DA:182,1
DA:183,1
BRF:0
BRH:0
LF:108
LH:76
end_of_record
SF:/home/nicholas/git/nicholaswilde/syncthing-mcp-rs/src/error.rs
FN:95,_RNvMs0_NtCsk1nGwz09EVE_16syncthing_mcp_rs5errorNtB5_8Language5parse
FN:140,_RNvMs1_NtCsk1nGwz09EVE_16syncthing_mcp_rs5errorNtB5_5Error11diagnose_en
FN:237,_RNvMs1_NtCsk1nGwz09EVE_16syncthing_mcp_rs5errorNtB5_5Error11diagnose_fr
FN:130,_RNvMs1_NtCsk1nGwz09EVE_16syncthing_mcp_rs5errorNtB5_5Error17diagnose_internal
FN:126,_RNvMs1_NtCsk1nGwz09EVE_16syncthing_mcp_rs5errorNtB5_5Error21diagnose_with_context
FN:121,_RNvMs1_NtCsk1nGwz09EVE_16syncthing_mcp_rs5errorNtB5_5Error22diagnose_with_language
FN:116,_RNvMs1_NtCsk1nGwz09EVE_16syncthing_mcp_rs5errorNtB5_5Error8diagnose
FN:60,_RNvXNtCsk1nGwz09EVE_16syncthing_mcp_rs5errorNtB2_5ErrorINtNtCs8nPosuWgJFh_4core7convert4FromNtNtCsaLxELXSiVyq_7reqwest5error5ErrorE4from
FN:77,_RNvXs_NtCsk1nGwz09EVE_16syncthing_mcp_rs5errorNtB4_5ErrorINtNtCs8nPosuWgJFh_4core7convert4FromNtNtCsj0gLuUEfogP_5alloc6string6StringE4from
FN:95,_RNvMs0_NtCs1zQjFe0mrqD_16syncthing_mcp_rs5errorNtB5_8Language5parse
FN:140,_RNvMs1_NtCs1zQjFe0mrqD_16syncthing_mcp_rs5errorNtB5_5Error11diagnose_en
FN:237,_RNvMs1_NtCs1zQjFe0mrqD_16syncthing_mcp_rs5errorNtB5_5Error11diagnose_fr
FN:130,_RNvMs1_NtCs1zQjFe0mrqD_16syncthing_mcp_rs5errorNtB5_5Error17diagnose_internal
FN:126,_RNvMs1_NtCs1zQjFe0mrqD_16syncthing_mcp_rs5errorNtB5_5Error21diagnose_with_context
FN:121,_RNvMs1_NtCs1zQjFe0mrqD_16syncthing_mcp_rs5errorNtB5_5Error22diagnose_with_language
FN:116,_RNvMs1_NtCs1zQjFe0mrqD_16syncthing_mcp_rs5errorNtB5_5Error8diagnose
FN:60,_RNvXNtCs1zQjFe0mrqD_16syncthing_mcp_rs5errorNtB2_5ErrorINtNtCs8nPosuWgJFh_4core7convert4FromNtNtCsaLxELXSiVyq_7reqwest5error5ErrorE4from
FN:77,_RNvXs_NtCs1zQjFe0mrqD_16syncthing_mcp_rs5errorNtB4_5ErrorINtNtCs8nPosuWgJFh_4core7convert4FromNtNtCsj0gLuUEfogP_5alloc6string6StringE4from
FNDA:0,_RNvMs0_NtCsk1nGwz09EVE_16syncthing_mcp_rs5errorNtB5_8Language5parse
FNDA:0,_RNvMs1_NtCsk1nGwz09EVE_16syncthing_mcp_rs5errorNtB5_5Error11diagnose_en
FNDA:0,_RNvMs1_NtCsk1nGwz09EVE_16syncthing_mcp_rs5errorNtB5_5Error11diagnose_fr
FNDA:0,_RNvMs1_NtCsk1nGwz09EVE_16syncthing_mcp_rs5errorNtB5_5Error17diagnose_internal
FNDA:0,_RNvMs1_NtCsk1nGwz09EVE_16syncthing_mcp_rs5errorNtB5_5Error21diagnose_with_context
FNDA:0,_RNvMs1_NtCsk1nGwz09EVE_16syncthing_mcp_rs5errorNtB5_5Error22diagnose_with_language
FNDA:0,_RNvMs1_NtCsk1nGwz09EVE_16syncthing_mcp_rs5errorNtB5_5Error8diagnose
FNDA:0,_RNvXNtCsk1nGwz09EVE_16syncthing_mcp_rs5errorNtB2_5ErrorINtNtCs8nPosuWgJFh_4core7convert4FromNtNtCsaLxELXSiVyq_7reqwest5error5ErrorE4from
FNDA:0,_RNvXs_NtCsk1nGwz09EVE_16syncthing_mcp_rs5errorNtB4_5ErrorINtNtCs8nPosuWgJFh_4core7convert4FromNtNtCsj0gLuUEfogP_5alloc6string6StringE4from
FNDA:4,_RNvMs0_NtCs1zQjFe0mrqD_16syncthing_mcp_rs5errorNtB5_8Language5parse
FNDA:32,_RNvMs1_NtCs1zQjFe0mrqD_16syncthing_mcp_rs5errorNtB5_5Error11diagnose_en
FNDA:7,_RNvMs1_NtCs1zQjFe0mrqD_16syncthing_mcp_rs5errorNtB5_5Error11diagnose_fr
FNDA:42,_RNvMs1_NtCs1zQjFe0mrqD_16syncthing_mcp_rs5errorNtB5_5Error17diagnose_internal
FNDA:1,_RNvMs1_NtCs1zQjFe0mrqD_16syncthing_mcp_rs5errorNtB5_5Error21diagnose_with_context
FNDA:38,_RNvMs1_NtCs1zQjFe0mrqD_16syncthing_mcp_rs5errorNtB5_5Error22diagnose_with_language
FNDA:31,_RNvMs1_NtCs1zQjFe0mrqD_16syncthing_mcp_rs5errorNtB5_5Error8diagnose
FNDA:73,_RNvXNtCs1zQjFe0mrqD_16syncthing_mcp_rs5errorNtB2_5ErrorINtNtCs8nPosuWgJFh_4core7convert4FromNtNtCsaLxELXSiVyq_7reqwest5error5ErrorE4from
FNDA:2,_RNvXs_NtCs1zQjFe0mrqD_16syncthing_mcp_rs5errorNtB4_5ErrorINtNtCs8nPosuWgJFh_4core7convert4FromNtNtCsj0gLuUEfogP_5alloc6string6StringE4from
FNF:9
FNH:9
DA:60,73
DA:61,73
DA:62,12
DA:63,2
DA:64,1
DA:65,3
DA:66,6
DA:68,61
DA:69,61
DA:71,0
DA:73,73
DA:77,2
DA:78,2
DA:79,2
DA:95,4
DA:96,4
DA:97,4
DA:98,2
DA:100,4
DA:116,31
DA:117,31
DA:118,31
DA:121,38
DA:122,38
DA:123,38
DA:126,1
DA:127,1
DA:128,1
DA:130,42
DA:131,42
DA:132,3
DA:133,39
DA:134,32
DA:135,7
DA:138,42
DA:140,32
DA:141,32
DA:142,5
DA:143,5
DA:144,5
DA:145,5
DA:146,5
DA:147,2
DA:148,2
DA:149,1
DA:151,1
DA:152,1
DA:154,2
DA:155,2
DA:156,2
DA:157,2
DA:158,2
DA:161,7
DA:162,4
DA:163,2
DA:164,4
DA:166,7
DA:167,7
DA:168,7
DA:169,7
DA:170,7
DA:172,5
DA:173,5
DA:174,2
DA:175,2
DA:176,3
DA:177,2
DA:179,1
DA:181,5
DA:182,5
DA:183,5
DA:184,5
DA:185,5
DA:187,10
DA:188,10
DA:189,10
DA:190,2
DA:191,2
DA:192,2
DA:193,2
DA:194,2
DA:195,2
DA:196,8
DA:197,1
DA:198,1
DA:199,1
DA:200,1
DA:201,1
DA:202,1
DA:203,7
DA:204,7
DA:206,2
DA:207,2
DA:208,2
DA:209,2
DA:210,2
DA:211,2
DA:212,2
DA:213,5
DA:214,4
DA:216,2
DA:217,2
DA:218,2
DA:219,2
DA:220,2
DA:222,3
DA:223,3
DA:224,3
DA:225,3
DA:226,3
DA:229,3
DA:230,3
DA:231,3
DA:232,3
DA:233,3
DA:235,32
DA:237,7
DA:238,7
DA:239,2
DA:240,2
DA:241,2
DA:242,2
DA:243,2
DA:244,2
DA:245,1
DA:246,1
DA:247,1
DA:249,0
DA:251,1
DA:252,1
DA:253,1
DA:254,1
DA:255,1
DA:258,1
DA:259,0
DA:260,0
DA:262,0
DA:263,0
DA:266,1
DA:269,1
DA:270,1
DA:271,1
DA:272,1
DA:273,1
DA:274,1
DA:275,1
DA:277,1
DA:278,1
DA:279,1
DA:280,1
DA:281,0
DA:282,0
DA:284,0
DA:286,1
DA:287,1
DA:288,1
DA:289,1
DA:290,1
DA:292,2
DA:293,2
DA:294,1
DA:295,1
DA:296,1
DA:297,1
DA:298,1
DA:299,1
DA:300,0
DA:301,0
DA:302,0
DA:303,0
DA:304,0
DA:305,1
DA:306,1
DA:307,1
DA:308,1
DA:309,1
DA:310,1
DA:312,0
DA:313,0
DA:314,0
DA:315,0
DA:316,0
DA:317,0
DA:320,0
DA:321,0
DA:322,0
DA:323,0
DA:324,0
DA:325,0
DA:327,7
BRF:0
BRH:0
LF:190
LH:164
end_of_record
SF:/home/nicholas/git/nicholaswilde/syncthing-mcp-rs/src/lib.rs
FN:48,_RNvCsk1nGwz09EVE_16syncthing_mcp_rs13run_with_args
FN:111,_RNvCsk1nGwz09EVE_16syncthing_mcp_rs3run
FN:36,_RNvCsk1nGwz09EVE_16syncthing_mcp_rs7version
FN:73,_RNCNCNvCsk1nGwz09EVE_16syncthing_mcp_rs13run_with_args00B5_
FN:88,_RNCNCNvCsk1nGwz09EVE_16syncthing_mcp_rs13run_with_args0s_0B5_
FN:48,_RNCNvCsk1nGwz09EVE_16syncthing_mcp_rs13run_with_args0B3_
FN:111,_RNCNvCsk1nGwz09EVE_16syncthing_mcp_rs3run0B3_
FN:111,_RNvCs1zQjFe0mrqD_16syncthing_mcp_rs3run
FN:136,_RNCNvNtCs1zQjFe0mrqD_16syncthing_mcp_rs5testss_33test_run_with_args_invalid_config0B5_
FN:125,_RNCNvNtCs1zQjFe0mrqD_16syncthing_mcp_rs5testss_40test_run_with_encrypt_exits_successfully0B5_
FN:120,_RNvNtCs1zQjFe0mrqD_16syncthing_mcp_rs5testss_12test_version
FN:136,_RNvNtCs1zQjFe0mrqD_16syncthing_mcp_rs5testss_33test_run_with_args_invalid_config
FN:125,_RNvNtCs1zQjFe0mrqD_16syncthing_mcp_rs5testss_40test_run_with_encrypt_exits_successfully
FN:73,_RNCNCNvCs1zQjFe0mrqD_16syncthing_mcp_rs13run_with_args00B5_
FN:88,_RNCNCNvCs1zQjFe0mrqD_16syncthing_mcp_rs13run_with_args0s_0B5_
FN:48,_RNCNvCs1zQjFe0mrqD_16syncthing_mcp_rs13run_with_args0B3_
FN:111,_RNCNvCs1zQjFe0mrqD_16syncthing_mcp_rs3run0B3_
FN:48,_RNvCs1zQjFe0mrqD_16syncthing_mcp_rs13run_with_args
FN:36,_RNvCs1zQjFe0mrqD_16syncthing_mcp_rs7version
FNDA:0,_RNvCsk1nGwz09EVE_16syncthing_mcp_rs13run_with_args
FNDA:0,_RNvCsk1nGwz09EVE_16syncthing_mcp_rs3run
FNDA:0,_RNvCsk1nGwz09EVE_16syncthing_mcp_rs7version
FNDA:0,_RNCNCNvCsk1nGwz09EVE_16syncthing_mcp_rs13run_with_args00B5_
FNDA:0,_RNCNCNvCsk1nGwz09EVE_16syncthing_mcp_rs13run_with_args0s_0B5_
FNDA:0,_RNCNvCsk1nGwz09EVE_16syncthing_mcp_rs13run_with_args0B3_
FNDA:0,_RNCNvCsk1nGwz09EVE_16syncthing_mcp_rs3run0B3_
FNDA:0,_RNvCs1zQjFe0mrqD_16syncthing_mcp_rs3run
FNDA:1,_RNCNvNtCs1zQjFe0mrqD_16syncthing_mcp_rs5testss_33test_run_with_args_invalid_config0B5_
FNDA:1,_RNCNvNtCs1zQjFe0mrqD_16syncthing_mcp_rs5testss_40test_run_with_encrypt_exits_successfully0B5_
FNDA:1,_RNvNtCs1zQjFe0mrqD_16syncthing_mcp_rs5testss_12test_version
FNDA:1,_RNvNtCs1zQjFe0mrqD_16syncthing_mcp_rs5testss_33test_run_with_args_invalid_config
FNDA:1,_RNvNtCs1zQjFe0mrqD_16syncthing_mcp_rs5testss_40test_run_with_encrypt_exits_successfully
FNDA:0,_RNCNCNvCs1zQjFe0mrqD_16syncthing_mcp_rs13run_with_args00B5_
FNDA:0,_RNCNCNvCs1zQjFe0mrqD_16syncthing_mcp_rs13run_with_args0s_0B5_
FNDA:1,_RNCNvCs1zQjFe0mrqD_16syncthing_mcp_rs13run_with_args0B3_
FNDA:0,_RNCNvCs1zQjFe0mrqD_16syncthing_mcp_rs3run0B3_
FNDA:1,_RNvCs1zQjFe0mrqD_16syncthing_mcp_rs13run_with_args
FNDA:1,_RNvCs1zQjFe0mrqD_16syncthing_mcp_rs7version
FNF:12
FNH:8
DA:36,1
DA:37,1
DA:38,1
DA:48,1
DA:50,1
DA:51,1
DA:52,1
DA:53,1
DA:55,1
DA:58,1
DA:59,0
DA:60,1
DA:62,0
DA:65,0
DA:68,0
DA:71,0
DA:72,0
DA:73,0
DA:74,0
DA:75,0
DA:76,0
DA:77,0
DA:80,0
DA:81,0
DA:82,0
DA:84,0
DA:85,0
DA:88,0
DA:89,0
DA:90,0
DA:91,0
DA:92,0
DA:93,0
DA:94,0
DA:95,0
DA:96,0
DA:99,0
DA:101,0
DA:103,0
DA:104,0
DA:107,0
DA:108,1
DA:111,0
DA:112,0
DA:113,0
DA:120,1
DA:121,1
DA:122,1
DA:125,1
DA:126,1
DA:127,1
DA:128,1
DA:129,1
DA:131,1
DA:132,1
DA:133,1
DA:136,1
DA:137,1
DA:138,1
DA:139,1
DA:140,1
DA:141,1
DA:145,1
BRF:0
BRH:0
LF:75
LH:39
end_of_record
SF:/home/nicholas/git/nicholaswilde/syncthing-mcp-rs/src/main.rs
FN:2,_RNCNvCshEDmw9Ncm4W_16syncthing_mcp_rs4main0B3_
FN:2,_RNvCshEDmw9Ncm4W_16syncthing_mcp_rs4main
FN:9,_RNvNtCshEDmw9Ncm4W_16syncthing_mcp_rs5testss_9test_main
FN:2,_RNCNvCsgjgLwedef3F_16syncthing_mcp_rs4main0B3_
FN:2,_RNvCsgjgLwedef3F_16syncthing_mcp_rs4main
FNDA:0,_RNCNvCshEDmw9Ncm4W_16syncthing_mcp_rs4main0B3_
FNDA:0,_RNvCshEDmw9Ncm4W_16syncthing_mcp_rs4main
FNDA:1,_RNvNtCshEDmw9Ncm4W_16syncthing_mcp_rs5testss_9test_main
FNDA:0,_RNCNvCsgjgLwedef3F_16syncthing_mcp_rs4main0B3_
FNDA:0,_RNvCsgjgLwedef3F_16syncthing_mcp_rs4main
FNF:3
FNH:1
DA:2,0
DA:3,0
DA:4,0
DA:9,1
DA:11,1
BRF:0
BRH:0
LF:7
LH:2
end_of_record
SF:/home/nicholas/git/nicholaswilde/syncthing-mcp-rs/src/mcp/events.rs
FN:22,_RNvMNtNtCsk1nGwz09EVE_16syncthing_mcp_rs3mcp6eventsNtB2_12EventManager3new
FN:31,_RNvMNtNtCsk1nGwz09EVE_16syncthing_mcp_rs3mcp6eventsNtB2_12EventManager3run
FN:37,_RNCNCNvMNtNtCsk1nGwz09EVE_16syncthing_mcp_rs3mcp6eventsNtB6_12EventManager3run00Ba_
FN:40,_RNCNCNvMNtNtCsk1nGwz09EVE_16syncthing_mcp_rs3mcp6eventsNtB6_12EventManager3run0s_0Ba_
FN:31,_RNCNvMNtNtCsk1nGwz09EVE_16syncthing_mcp_rs3mcp6eventsNtB4_12EventManager3run0B8_
FN:37,_RNCNCNvMNtNtCs1zQjFe0mrqD_16syncthing_mcp_rs3mcp6eventsNtB6_12EventManager3run00Ba_
FN:40,_RNCNCNvMNtNtCs1zQjFe0mrqD_16syncthing_mcp_rs3mcp6eventsNtB6_12EventManager3run0s_0Ba_
FN:31,_RNCNvMNtNtCs1zQjFe0mrqD_16syncthing_mcp_rs3mcp6eventsNtB4_12EventManager3run0B8_
FN:22,_RNvMNtNtCs1zQjFe0mrqD_16syncthing_mcp_rs3mcp6eventsNtB2_12EventManager3new
FN:31,_RNvMNtNtCs1zQjFe0mrqD_16syncthing_mcp_rs3mcp6eventsNtB2_12EventManager3run
FNDA:0,_RNvMNtNtCsk1nGwz09EVE_16syncthing_mcp_rs3mcp6eventsNtB2_12EventManager3new
FNDA:0,_RNvMNtNtCsk1nGwz09EVE_16syncthing_mcp_rs3mcp6eventsNtB2_12EventManager3run
FNDA:0,_RNCNCNvMNtNtCsk1nGwz09EVE_16syncthing_mcp_rs3mcp6eventsNtB6_12EventManager3run00Ba_
FNDA:0,_RNCNCNvMNtNtCsk1nGwz09EVE_16syncthing_mcp_rs3mcp6eventsNtB6_12EventManager3run0s_0Ba_
FNDA:0,_RNCNvMNtNtCsk1nGwz09EVE_16syncthing_mcp_rs3mcp6eventsNtB4_12EventManager3run0B8_
FNDA:0,_RNCNCNvMNtNtCs1zQjFe0mrqD_16syncthing_mcp_rs3mcp6eventsNtB6_12EventManager3run00Ba_
FNDA:1,_RNCNCNvMNtNtCs1zQjFe0mrqD_16syncthing_mcp_rs3mcp6eventsNtB6_12EventManager3run0s_0Ba_
FNDA:5,_RNCNvMNtNtCs1zQjFe0mrqD_16syncthing_mcp_rs3mcp6eventsNtB4_12EventManager3run0B8_
FNDA:5,_RNvMNtNtCs1zQjFe0mrqD_16syncthing_mcp_rs3mcp6eventsNtB2_12EventManager3new
FNDA:5,_RNvMNtNtCs1zQjFe0mrqD_16syncthing_mcp_rs3mcp6eventsNtB2_12EventManager3run
FNF:5
FNH:4
DA:22,5
DA:23,5
DA:24,5
DA:25,5
DA:26,5
DA:27,5
DA:28,5
DA:31,5
DA:33,20
DA:34,20
DA:35,20
DA:36,20
DA:37,20
DA:38,20
DA:40,20
DA:41,20
DA:42,7
DA:43,7
DA:45,7
DA:46,6
DA:47,6
DA:48,6
DA:49,6
DA:50,6
DA:51,6
DA:52,6
DA:53,6
DA:54,6
DA:55,6
DA:56,1
DA:57,7
DA:60,13
DA:61,13
DA:69,19
BRF:0
BRH:0
LF:37
LH:36
end_of_record
SF:/home/nicholas/git/nicholaswilde/syncthing-mcp-rs/src/mcp/server.rs
FN:91,_RINvMNtNtCsk1nGwz09EVE_16syncthing_mcp_rs3mcp6serverNtB3_9McpServer3runNtNtNtCs27uKOW8F00Z_5tokio2io5stdin5StdinNtNtB1b_6stdout6StdoutEB7_
FN:100,_RNCINvMNtNtCsk1nGwz09EVE_16syncthing_mcp_rs3mcp6serverNtB5_9McpServer3runNtNtNtCs27uKOW8F00Z_5tokio2io5stdin5StdinNtNtB1d_6stdout6StdoutE0B9_
FN:155,_RNCNCINvMNtNtCsk1nGwz09EVE_16syncthing_mcp_rs3mcp6serverNtB7_9McpServer3runNtNtNtCs27uKOW8F00Z_5tokio2io5stdin5StdinNtNtB1f_6stdout6StdoutE0s_0Bb_
FN:195,_RNCNCNvMNtNtCsk1nGwz09EVE_16syncthing_mcp_rs3mcp6serverNtB6_9McpServer14handle_request00Ba_
FN:202,_RNCNCNvMNtNtCsk1nGwz09EVE_16syncthing_mcp_rs3mcp6serverNtB6_9McpServer14handle_request0s0_0Ba_
FN:207,_RNCNCNvMNtNtCsk1nGwz09EVE_16syncthing_mcp_rs3mcp6serverNtB6_9McpServer14handle_request0s1_0Ba_
FN:208,_RNCNCNvMNtNtCsk1nGwz09EVE_16syncthing_mcp_rs3mcp6serverNtB6_9McpServer14handle_request0s2_0Ba_
FN:216,_RNCNCNvMNtNtCsk1nGwz09EVE_16syncthing_mcp_rs3mcp6serverNtB6_9McpServer14handle_request0s3_0Ba_
FN:196,_RNCNCNvMNtNtCsk1nGwz09EVE_16syncthing_mcp_rs3mcp6serverNtB6_9McpServer14handle_request0s_0Ba_
FN:244,_RNCNCNvNtNtCsk1nGwz09EVE_16syncthing_mcp_rs3mcp6server11sse_handler00B9_
FN:325,_RNCNCNvNtNtCsk1nGwz09EVE_16syncthing_mcp_rs3mcp6server15auth_middleware00B9_
FN:326,_RNCNCNvNtNtCsk1nGwz09EVE_16syncthing_mcp_rs3mcp6server15auth_middleware0s_0B9_
FN:262,_RNCNCNvNtNtCsk1nGwz09EVE_16syncthing_mcp_rs3mcp6server15message_handler00B9_
FN:168,_RNCNvMNtNtCsk1nGwz09EVE_16syncthing_mcp_rs3mcp6serverNtB4_9McpServer14handle_request0B8_
FN:86,_RNCNvMNtNtCsk1nGwz09EVE_16syncthing_mcp_rs3mcp6serverNtB4_9McpServer9run_stdio0B8_
FN:232,_RNCNvNtNtCsk1nGwz09EVE_16syncthing_mcp_rs3mcp6server11sse_handler0B7_
FN:321,_RNCNvNtNtCsk1nGwz09EVE_16syncthing_mcp_rs3mcp6server15auth_middleware0B7_
FN:260,_RNCNvNtNtCsk1nGwz09EVE_16syncthing_mcp_rs3mcp6server15message_handler0B7_
FN:168,_RNvMNtNtCsk1nGwz09EVE_16syncthing_mcp_rs3mcp6serverNtB2_9McpServer14handle_request
FN:54,_RNvMNtNtCsk1nGwz09EVE_16syncthing_mcp_rs3mcp6serverNtB2_9McpServer3new
FN:68,_RNvMNtNtCsk1nGwz09EVE_16syncthing_mcp_rs3mcp6serverNtB2_9McpServer6router
FN:86,_RNvMNtNtCsk1nGwz09EVE_16syncthing_mcp_rs3mcp6serverNtB2_9McpServer9run_stdio
FN:230,_RNvNtNtCsk1nGwz09EVE_16syncthing_mcp_rs3mcp6server11sse_handler
FN:316,_RNvNtNtCsk1nGwz09EVE_16syncthing_mcp_rs3mcp6server15auth_middleware
FN:256,_RNvNtNtCsk1nGwz09EVE_16syncthing_mcp_rs3mcp6server15message_handler
FN:91,_RINvMNtNtCs1zQjFe0mrqD_16syncthing_mcp_rs3mcp6serverNtB3_9McpServer3runNtNtNtCs27uKOW8F00Z_5tokio2io5stdin5StdinNtNtB1b_6stdout6StdoutEB7_
FN:91,_RINvMNtNtCs1zQjFe0mrqD_16syncthing_mcp_rs3mcp6serverNtB3_9McpServer3runNtNtNtNtCs27uKOW8F00Z_5tokio2io4util3mem12DuplexStreamB17_EB7_
FN:91,_RINvMNtNtCs1zQjFe0mrqD_16syncthing_mcp_rs3mcp6serverNtB3_9McpServer3runRShQINtNtCsj0gLuUEfogP_5alloc3vec3VechEEB7_
FN:100,_RNCINvMNtNtCs1zQjFe0mrqD_16syncthing_mcp_rs3mcp6serverNtB5_9McpServer3runNtNtNtCs27uKOW8F00Z_5tokio2io5stdin5StdinNtNtB1d_6stdout6StdoutE0B9_
FN:100,_RNCINvMNtNtCs1zQjFe0mrqD_16syncthing_mcp_rs3mcp6serverNtB5_9McpServer3runNtNtNtNtCs27uKOW8F00Z_5tokio2io4util3mem12DuplexStreamB19_E0B9_
FN:100,_RNCINvMNtNtCs1zQjFe0mrqD_16syncthing_mcp_rs3mcp6serverNtB5_9McpServer3runRShQINtNtCsj0gLuUEfogP_5alloc3vec3VechEE0B9_
FN:155,_RNCNCINvMNtNtCs1zQjFe0mrqD_16syncthing_mcp_rs3mcp6serverNtB7_9McpServer3runNtNtNtCs27uKOW8F00Z_5tokio2io5stdin5StdinNtNtB1f_6stdout6StdoutE0s_0Bb_
FN:155,_RNCNCINvMNtNtCs1zQjFe0mrqD_16syncthing_mcp_rs3mcp6serverNtB7_9McpServer3runNtNtNtNtCs27uKOW8F00Z_5tokio2io4util3mem12DuplexStreamB1b_E0s_0Bb_
FN:155,_RNCNCINvMNtNtCs1zQjFe0mrqD_16syncthing_mcp_rs3mcp6serverNtB7_9McpServer3runRShQINtNtCsj0gLuUEfogP_5alloc3vec3VechEE0s_0Bb_
FN:195,_RNCNCNvMNtNtCs1zQjFe0mrqD_16syncthing_mcp_rs3mcp6serverNtB6_9McpServer14handle_request00Ba_
FN:202,_RNCNCNvMNtNtCs1zQjFe0mrqD_16syncthing_mcp_rs3mcp6serverNtB6_9McpServer14handle_request0s0_0Ba_
FN:207,_RNCNCNvMNtNtCs1zQjFe0mrqD_16syncthing_mcp_rs3mcp6serverNtB6_9McpServer14handle_request0s1_0Ba_
FN:208,_RNCNCNvMNtNtCs1zQjFe0mrqD_16syncthing_mcp_rs3mcp6serverNtB6_9McpServer14handle_request0s2_0Ba_
FN:216,_RNCNCNvMNtNtCs1zQjFe0mrqD_16syncthing_mcp_rs3mcp6serverNtB6_9McpServer14handle_request0s3_0Ba_
FN:196,_RNCNCNvMNtNtCs1zQjFe0mrqD_16syncthing_mcp_rs3mcp6serverNtB6_9McpServer14handle_request0s_0Ba_
FN:244,_RNCNCNvNtNtCs1zQjFe0mrqD_16syncthing_mcp_rs3mcp6server11sse_handler00B9_
FN:325,_RNCNCNvNtNtCs1zQjFe0mrqD_16syncthing_mcp_rs3mcp6server15auth_middleware00B9_
FN:326,_RNCNCNvNtNtCs1zQjFe0mrqD_16syncthing_mcp_rs3mcp6server15auth_middleware0s_0B9_
FN:262,_RNCNCNvNtNtCs1zQjFe0mrqD_16syncthing_mcp_rs3mcp6server15message_handler00B9_
FN:168,_RNCNvMNtNtCs1zQjFe0mrqD_16syncthing_mcp_rs3mcp6serverNtB4_9McpServer14handle_request0B8_
FN:86,_RNCNvMNtNtCs1zQjFe0mrqD_16syncthing_mcp_rs3mcp6serverNtB4_9McpServer9run_stdio0B8_
FN:232,_RNCNvNtNtCs1zQjFe0mrqD_16syncthing_mcp_rs3mcp6server11sse_handler0B7_
FN:321,_RNCNvNtNtCs1zQjFe0mrqD_16syncthing_mcp_rs3mcp6server15auth_middleware0B7_
FN:260,_RNCNvNtNtCs1zQjFe0mrqD_16syncthing_mcp_rs3mcp6server15message_handler0B7_
FN:168,_RNvMNtNtCs1zQjFe0mrqD_16syncthing_mcp_rs3mcp6serverNtB2_9McpServer14handle_request
FN:54,_RNvMNtNtCs1zQjFe0mrqD_16syncthing_mcp_rs3mcp6serverNtB2_9McpServer3new
FN:68,_RNvMNtNtCs1zQjFe0mrqD_16syncthing_mcp_rs3mcp6serverNtB2_9McpServer6router
FN:86,_RNvMNtNtCs1zQjFe0mrqD_16syncthing_mcp_rs3mcp6serverNtB2_9McpServer9run_stdio
FN:230,_RNvNtNtCs1zQjFe0mrqD_16syncthing_mcp_rs3mcp6server11sse_handler
FN:316,_RNvNtNtCs1zQjFe0mrqD_16syncthing_mcp_rs3mcp6server15auth_middleware
FN:256,_RNvNtNtCs1zQjFe0mrqD_16syncthing_mcp_rs3mcp6server15message_handler
FNDA:0,_RINvMNtNtCsk1nGwz09EVE_16syncthing_mcp_rs3mcp6serverNtB3_9McpServer3runNtNtNtCs27uKOW8F00Z_5tokio2io5stdin5StdinNtNtB1b_6stdout6StdoutEB7_
FNDA:0,_RNCINvMNtNtCsk1nGwz09EVE_16syncthing_mcp_rs3mcp6serverNtB5_9McpServer3runNtNtNtCs27uKOW8F00Z_5tokio2io5stdin5StdinNtNtB1d_6stdout6StdoutE0B9_
FNDA:0,_RNCNCINvMNtNtCsk1nGwz09EVE_16syncthing_mcp_rs3mcp6serverNtB7_9McpServer3runNtNtNtCs27uKOW8F00Z_5tokio2io5stdin5StdinNtNtB1f_6stdout6StdoutE0s_0Bb_
FNDA:0,_RNCNCNvMNtNtCsk1nGwz09EVE_16syncthing_mcp_rs3mcp6serverNtB6_9McpServer14handle_request00Ba_
FNDA:0,_RNCNCNvMNtNtCsk1nGwz09EVE_16syncthing_mcp_rs3mcp6serverNtB6_9McpServer14handle_request0s0_0Ba_
FNDA:0,_RNCNCNvMNtNtCsk1nGwz09EVE_16syncthing_mcp_rs3mcp6serverNtB6_9McpServer14handle_request0s1_0Ba_
FNDA:0,_RNCNCNvMNtNtCsk1nGwz09EVE_16syncthing_mcp_rs3mcp6serverNtB6_9McpServer14handle_request0s2_0Ba_
FNDA:0,_RNCNCNvMNtNtCsk1nGwz09EVE_16syncthing_mcp_rs3mcp6serverNtB6_9McpServer14handle_request0s3_0Ba_
FNDA:0,_RNCNCNvMNtNtCsk1nGwz09EVE_16syncthing_mcp_rs3mcp6serverNtB6_9McpServer14handle_request0s_0Ba_
FNDA:0,_RNCNCNvNtNtCsk1nGwz09EVE_16syncthing_mcp_rs3mcp6server11sse_handler00B9_
FNDA:0,_RNCNCNvNtNtCsk1nGwz09EVE_16syncthing_mcp_rs3mcp6server15auth_middleware00B9_
FNDA:0,_RNCNCNvNtNtCsk1nGwz09EVE_16syncthing_mcp_rs3mcp6server15auth_middleware0s_0B9_
FNDA:0,_RNCNCNvNtNtCsk1nGwz09EVE_16syncthing_mcp_rs3mcp6server15message_handler00B9_
FNDA:0,_RNCNvMNtNtCsk1nGwz09EVE_16syncthing_mcp_rs3mcp6serverNtB4_9McpServer14handle_request0B8_
FNDA:0,_RNCNvMNtNtCsk1nGwz09EVE_16syncthing_mcp_rs3mcp6serverNtB4_9McpServer9run_stdio0B8_
FNDA:0,_RNCNvNtNtCsk1nGwz09EVE_16syncthing_mcp_rs3mcp6server11sse_handler0B7_
FNDA:0,_RNCNvNtNtCsk1nGwz09EVE_16syncthing_mcp_rs3mcp6server15auth_middleware0B7_
FNDA:0,_RNCNvNtNtCsk1nGwz09EVE_16syncthing_mcp_rs3mcp6server15message_handler0B7_
FNDA:0,_RNvMNtNtCsk1nGwz09EVE_16syncthing_mcp_rs3mcp6serverNtB2_9McpServer14handle_request
FNDA:0,_RNvMNtNtCsk1nGwz09EVE_16syncthing_mcp_rs3mcp6serverNtB2_9McpServer3new
FNDA:0,_RNvMNtNtCsk1nGwz09EVE_16syncthing_mcp_rs3mcp6serverNtB2_9McpServer6router
FNDA:0,_RNvMNtNtCsk1nGwz09EVE_16syncthing_mcp_rs3mcp6serverNtB2_9McpServer9run_stdio
FNDA:0,_RNvNtNtCsk1nGwz09EVE_16syncthing_mcp_rs3mcp6server11sse_handler
FNDA:0,_RNvNtNtCsk1nGwz09EVE_16syncthing_mcp_rs3mcp6server15auth_middleware
FNDA:0,_RNvNtNtCsk1nGwz09EVE_16syncthing_mcp_rs3mcp6server15message_handler
FNDA:0,_RINvMNtNtCs1zQjFe0mrqD_16syncthing_mcp_rs3mcp6serverNtB3_9McpServer3runNtNtNtCs27uKOW8F00Z_5tokio2io5stdin5StdinNtNtB1b_6stdout6StdoutEB7_
FNDA:2,_RINvMNtNtCs1zQjFe0mrqD_16syncthing_mcp_rs3mcp6serverNtB3_9McpServer3runNtNtNtNtCs27uKOW8F00Z_5tokio2io4util3mem12DuplexStreamB17_EB7_
FNDA:2,_RINvMNtNtCs1zQjFe0mrqD_16syncthing_mcp_rs3mcp6serverNtB3_9McpServer3runRShQINtNtCsj0gLuUEfogP_5alloc3vec3VechEEB7_
FNDA:0,_RNCINvMNtNtCs1zQjFe0mrqD_16syncthing_mcp_rs3mcp6serverNtB5_9McpServer3runNtNtNtCs27uKOW8F00Z_5tokio2io5stdin5StdinNtNtB1d_6stdout6StdoutE0B9_
FNDA:2,_RNCINvMNtNtCs1zQjFe0mrqD_16syncthing_mcp_rs3mcp6serverNtB5_9McpServer3runNtNtNtNtCs27uKOW8F00Z_5tokio2io4util3mem12DuplexStreamB19_E0B9_
FNDA:2,_RNCINvMNtNtCs1zQjFe0mrqD_16syncthing_mcp_rs3mcp6serverNtB5_9McpServer3runRShQINtNtCsj0gLuUEfogP_5alloc3vec3VechEE0B9_
FNDA:0,_RNCNCINvMNtNtCs1zQjFe0mrqD_16syncthing_mcp_rs3mcp6serverNtB7_9McpServer3runNtNtNtCs27uKOW8F00Z_5tokio2io5stdin5StdinNtNtB1f_6stdout6StdoutE0s_0Bb_
FNDA:2,_RNCNCINvMNtNtCs1zQjFe0mrqD_16syncthing_mcp_rs3mcp6serverNtB7_9McpServer3runNtNtNtNtCs27uKOW8F00Z_5tokio2io4util3mem12DuplexStreamB1b_E0s_0Bb_
FNDA:0,_RNCNCINvMNtNtCs1zQjFe0mrqD_16syncthing_mcp_rs3mcp6serverNtB7_9McpServer3runRShQINtNtCsj0gLuUEfogP_5alloc3vec3VechEE0s_0Bb_
FNDA:59,_RNCNCNvMNtNtCs1zQjFe0mrqD_16syncthing_mcp_rs3mcp6serverNtB6_9McpServer14handle_request00Ba_
FNDA:59,_RNCNCNvMNtNtCs1zQjFe0mrqD_16syncthing_mcp_rs3mcp6serverNtB6_9McpServer14handle_request0s0_0Ba_
FNDA:59,_RNCNCNvMNtNtCs1zQjFe0mrqD_16syncthing_mcp_rs3mcp6serverNtB6_9McpServer14handle_request0s1_0Ba_
FNDA:3,_RNCNCNvMNtNtCs1zQjFe0mrqD_16syncthing_mcp_rs3mcp6serverNtB6_9McpServer14handle_request0s2_0Ba_
FNDA:55,_RNCNCNvMNtNtCs1zQjFe0mrqD_16syncthing_mcp_rs3mcp6serverNtB6_9McpServer14handle_request0s3_0Ba_
FNDA:58,_RNCNCNvMNtNtCs1zQjFe0mrqD_16syncthing_mcp_rs3mcp6serverNtB6_9McpServer14handle_request0s_0Ba_
FNDA:1,_RNCNCNvNtNtCs1zQjFe0mrqD_16syncthing_mcp_rs3mcp6server11sse_handler00B9_
FNDA:1,_RNCNCNvNtNtCs1zQjFe0mrqD_16syncthing_mcp_rs3mcp6server15auth_middleware00B9_
FNDA:1,_RNCNCNvNtNtCs1zQjFe0mrqD_16syncthing_mcp_rs3mcp6server15auth_middleware0s_0B9_
FNDA:0,_RNCNCNvNtNtCs1zQjFe0mrqD_16syncthing_mcp_rs3mcp6server15message_handler00B9_
FNDA:65,_RNCNvMNtNtCs1zQjFe0mrqD_16syncthing_mcp_rs3mcp6serverNtB4_9McpServer14handle_request0B8_
FNDA:0,_RNCNvMNtNtCs1zQjFe0mrqD_16syncthing_mcp_rs3mcp6serverNtB4_9McpServer9run_stdio0B8_
FNDA:6,_RNCNvNtNtCs1zQjFe0mrqD_16syncthing_mcp_rs3mcp6server11sse_handler0B7_
FNDA:2,_RNCNvNtNtCs1zQjFe0mrqD_16syncthing_mcp_rs3mcp6server15auth_middleware0B7_
FNDA:3,_RNCNvNtNtCs1zQjFe0mrqD_16syncthing_mcp_rs3mcp6server15message_handler0B7_
FNDA:65,_RNvMNtNtCs1zQjFe0mrqD_16syncthing_mcp_rs3mcp6serverNtB2_9McpServer14handle_request
FNDA:57,_RNvMNtNtCs1zQjFe0mrqD_16syncthing_mcp_rs3mcp6serverNtB2_9McpServer3new
FNDA:7,_RNvMNtNtCs1zQjFe0mrqD_16syncthing_mcp_rs3mcp6serverNtB2_9McpServer6router
FNDA:0,_RNvMNtNtCs1zQjFe0mrqD_16syncthing_mcp_rs3mcp6serverNtB2_9McpServer9run_stdio
FNDA:6,_RNvNtNtCs1zQjFe0mrqD_16syncthing_mcp_rs3mcp6server11sse_handler
FNDA:2,_RNvNtNtCs1zQjFe0mrqD_16syncthing_mcp_rs3mcp6server15auth_middleware
FNDA:3,_RNvNtNtCs1zQjFe0mrqD_16syncthing_mcp_rs3mcp6server15message_handler
FNF:25
FNH:22
DA:54,57
DA:55,57
DA:56,57
DA:57,57
DA:58,57
DA:59,57
DA:60,57
DA:61,57
DA:62,57
DA:63,57
DA:64,57
DA:65,57
DA:68,7
DA:69,7
DA:70,7
DA:71,7
DA:72,7
DA:74,7
DA:75,2
DA:76,2
DA:77,2
DA:81,5
DA:83,7
DA:86,0
DA:87,0
DA:88,0
DA:91,4
DA:92,4
DA:93,4
DA:94,4
DA:95,4
DA:96,4
DA:97,4
DA:98,4
DA:99,4
DA:100,4
DA:101,4
DA:104,7
DA:105,7
DA:106,4
DA:107,4
DA:108,1
DA:109,1
DA:110,0
DA:111,1
DA:113,1
DA:114,1
DA:115,1
DA:116,1
DA:118,1
DA:119,1
DA:120,1
DA:121,1
DA:122,1
DA:123,1
DA:124,1
DA:125,1
DA:126,1
DA:128,0
DA:129,0
DA:130,0
DA:131,0
DA:132,0
DA:133,0
DA:134,0
DA:135,0
DA:139,1
DA:140,1
DA:141,1
DA:142,0
DA:144,3
DA:147,7
DA:148,2
DA:149,2
DA:150,2
DA:151,2
DA:154,2
DA:155,2
DA:156,2
DA:157,0
DA:159,2
DA:160,0
DA:164,3
DA:165,3
DA:168,65
DA:169,65
DA:170,65
DA:171,3
DA:172,3
DA:173,3
DA:174,3
DA:175,3
DA:176,3
DA:177,3
DA:178,3
DA:179,3
DA:180,3
DA:181,3
DA:182,62
DA:183,2
DA:184,2
DA:185,2
DA:187,2
DA:188,2
DA:189,2
DA:191,60
DA:192,59
DA:193,59
DA:194,59
DA:195,59
DA:196,59
DA:197,59
DA:199,59
DA:200,59
DA:201,59
DA:202,59
DA:203,59
DA:205,59
DA:206,59
DA:207,59
DA:208,59
DA:210,59
DA:212,58
DA:214,58
DA:215,58
DA:216,58
DA:219,58
DA:220,55
DA:222,3
DA:225,1
DA:227,65
DA:230,6
DA:231,6
DA:232,6
DA:233,6
DA:234,6
DA:236,6
DA:237,6
DA:239,6
DA:241,6
DA:243,6
DA:244,6
DA:245,1
DA:246,1
DA:247,1
DA:248,6
DA:251,6
DA:253,6
DA:254,6
DA:256,3
DA:257,3
DA:258,3
DA:259,3
DA:260,3
DA:261,3
DA:262,3
DA:263,0
DA:264,0
DA:265,0
DA:266,0
DA:267,0
DA:268,0
DA:270,3
DA:271,3
DA:272,3
DA:273,3
DA:274,3
DA:275,3
DA:277,3
DA:278,2
DA:279,2
DA:280,2
DA:281,2
DA:282,2
DA:283,2
DA:284,2
DA:285,2
DA:287,1
DA:288,1
DA:289,1
DA:290,1
DA:291,1
DA:292,1
DA:293,1
DA:294,1
DA:299,3
DA:301,0
DA:303,0
DA:304,0
DA:307,0
DA:308,0
DA:309,0
DA:310,0
DA:311,0
DA:314,3
DA:316,2
DA:317,2
DA:318,2
DA:319,2
DA:320,2
DA:321,2
DA:322,2
DA:323,2
DA:324,2
DA:325,2
DA:326,2
DA:327,1
DA:328,1
DA:329,1
DA:331,1
DA:332,0
DA:333,0
DA:334,1
DA:336,1
DA:337,1
DA:338,0
DA:339,0
DA:340,1
DA:341,0
DA:343,1
DA:344,2
BRF:0
BRH:0
LF:239
LH:196
end_of_record
SF:/home/nicholas/git/nicholaswilde/syncthing-mcp-rs/src/mcp/types.rs
FN:70,_RNvXNtNtCsk1nGwz09EVE_16syncthing_mcp_rs3mcp5typesNtB2_13ResponseErrorINtNtCs8nPosuWgJFh_4core7convert4FromNtNtB6_5error5ErrorE4from
FN:70,_RNvXNtNtCs1zQjFe0mrqD_16syncthing_mcp_rs3mcp5typesNtB2_13ResponseErrorINtNtCs8nPosuWgJFh_4core7convert4FromNtNtB6_5error5ErrorE4from
FNDA:0,_RNvXNtNtCsk1nGwz09EVE_16syncthing_mcp_rs3mcp5typesNtB2_13ResponseErrorINtNtCs8nPosuWgJFh_4core7convert4FromNtNtB6_5error5ErrorE4from
FNDA:13,_RNvXNtNtCs1zQjFe0mrqD_16syncthing_mcp_rs3mcp5typesNtB2_13ResponseErrorINtNtCs8nPosuWgJFh_4core7convert4FromNtNtB6_5error5ErrorE4from
FNF:1
FNH:1
DA:70,13
DA:72,13
DA:73,13
DA:74,3
DA:75,1
DA:76,2
DA:77,2
DA:78,2
DA:79,1
DA:80,1
DA:81,1
DA:82,1
DA:84,1
DA:89,13
DA:90,1
DA:92,12
DA:95,13
DA:96,13
DA:97,13
DA:98,13
DA:99,13
DA:100,13
BRF:0
BRH:0
LF:22
LH:22
end_of_record
SF:/home/nicholas/git/nicholaswilde/syncthing-mcp-rs/src/tools/bandwidth.rs
FN:21,_RNvMNtNtCsk1nGwz09EVE_16syncthing_mcp_rs5tools9bandwidthNtB2_14ProfileManager13apply_profile
FN:28,_RNvMNtNtCsk1nGwz09EVE_16syncthing_mcp_rs5tools9bandwidthNtB2_14ProfileManager24get_scheduled_profile_at
FN:15,_RNvMNtNtCsk1nGwz09EVE_16syncthing_mcp_rs5tools9bandwidthNtB2_14ProfileManager3new
FN:79,_RNvMs0_NtNtCsk1nGwz09EVE_16syncthing_mcp_rs5tools9bandwidthNtB5_19BandwidthController23update_bandwidth_limits
FN:60,_RNvMs0_NtNtCsk1nGwz09EVE_16syncthing_mcp_rs5tools9bandwidthNtB5_19BandwidthController29set_instance_bandwidth_limits
FN:55,_RNvMs0_NtNtCsk1nGwz09EVE_16syncthing_mcp_rs5tools9bandwidthNtB5_19BandwidthController3new
FN:160,_RNvNtNtCsk1nGwz09EVE_16syncthing_mcp_rs5tools9bandwidth20get_bandwidth_status
FN:109,_RNvNtNtCsk1nGwz09EVE_16syncthing_mcp_rs5tools9bandwidth20set_bandwidth_limits
FN:131,_RNvNtNtCsk1nGwz09EVE_16syncthing_mcp_rs5tools9bandwidth23set_performance_profile
FN:48,_RNvXs_NtNtCsk1nGwz09EVE_16syncthing_mcp_rs5tools9bandwidthNtB4_19BandwidthControllerNtNtCs8nPosuWgJFh_4core7default7Default7default
FN:89,_RNCNCNvMs0_NtNtCsk1nGwz09EVE_16syncthing_mcp_rs5tools9bandwidthNtB9_19BandwidthController23update_bandwidth_limits00Bd_
FN:171,_RNCNCNvNtNtCsk1nGwz09EVE_16syncthing_mcp_rs5tools9bandwidth20get_bandwidth_status00B9_
FN:184,_RNCNCNvNtNtCsk1nGwz09EVE_16syncthing_mcp_rs5tools9bandwidth20get_bandwidth_status0s0_0B9_
FN:179,_RNCNCNvNtNtCsk1nGwz09EVE_16syncthing_mcp_rs5tools9bandwidth20get_bandwidth_status0s_0B9_
FN:115,_RNCNCNvNtNtCsk1nGwz09EVE_16syncthing_mcp_rs5tools9bandwidth20set_bandwidth_limits00B9_
FN:138,_RNCNCNvNtNtCsk1nGwz09EVE_16syncthing_mcp_rs5tools9bandwidth23set_performance_profile00B9_
FN:144,_RNCNCNvNtNtCsk1nGwz09EVE_16syncthing_mcp_rs5tools9bandwidth23set_performance_profile0s0_0B9_
FN:139,_RNCNCNvNtNtCsk1nGwz09EVE_16syncthing_mcp_rs5tools9bandwidth23set_performance_profile0s_0B9_
FN:22,_RNCNvMNtNtCsk1nGwz09EVE_16syncthing_mcp_rs5tools9bandwidthNtB4_14ProfileManager13apply_profile0B8_
FN:84,_RNCNvMs0_NtNtCsk1nGwz09EVE_16syncthing_mcp_rs5tools9bandwidthNtB7_19BandwidthController23update_bandwidth_limits0Bb_
FN:64,_RNCNvMs0_NtNtCsk1nGwz09EVE_16syncthing_mcp_rs5tools9bandwidthNtB7_19BandwidthController29set_instance_bandwidth_limits0Bb_
FN:164,_RNCNvNtNtCsk1nGwz09EVE_16syncthing_mcp_rs5tools9bandwidth20get_bandwidth_status0B7_
FN:113,_RNCNvNtNtCsk1nGwz09EVE_16syncthing_mcp_rs5tools9bandwidth20set_bandwidth_limits0B7_
FN:135,_RNCNvNtNtCsk1nGwz09EVE_16syncthing_mcp_rs5tools9bandwidth23set_performance_profile0B7_
FN:48,_RNvXs_NtNtCs1zQjFe0mrqD_16syncthing_mcp_rs5tools9bandwidthNtB4_19BandwidthControllerNtNtCs8nPosuWgJFh_4core7default7Default7default
FN:21,_RNvMNtNtCs1zQjFe0mrqD_16syncthing_mcp_rs5tools9bandwidthNtB2_14ProfileManager13apply_profile
FN:28,_RNvMNtNtCs1zQjFe0mrqD_16syncthing_mcp_rs5tools9bandwidthNtB2_14ProfileManager24get_scheduled_profile_at
FN:15,_RNvMNtNtCs1zQjFe0mrqD_16syncthing_mcp_rs5tools9bandwidthNtB2_14ProfileManager3new
FN:79,_RNvMs0_NtNtCs1zQjFe0mrqD_16syncthing_mcp_rs5tools9bandwidthNtB5_19BandwidthController23update_bandwidth_limits
FN:60,_RNvMs0_NtNtCs1zQjFe0mrqD_16syncthing_mcp_rs5tools9bandwidthNtB5_19BandwidthController29set_instance_bandwidth_limits
FN:55,_RNvMs0_NtNtCs1zQjFe0mrqD_16syncthing_mcp_rs5tools9bandwidthNtB5_19BandwidthController3new
FN:160,_RNvNtNtCs1zQjFe0mrqD_16syncthing_mcp_rs5tools9bandwidth20get_bandwidth_status
FN:109,_RNvNtNtCs1zQjFe0mrqD_16syncthing_mcp_rs5tools9bandwidth20set_bandwidth_limits
FN:131,_RNvNtNtCs1zQjFe0mrqD_16syncthing_mcp_rs5tools9bandwidth23set_performance_profile
FN:89,_RNCNCNvMs0_NtNtCs1zQjFe0mrqD_16syncthing_mcp_rs5tools9bandwidthNtB9_19BandwidthController23update_bandwidth_limits00Bd_
FN:171,_RNCNCNvNtNtCs1zQjFe0mrqD_16syncthing_mcp_rs5tools9bandwidth20get_bandwidth_status00B9_
FN:184,_RNCNCNvNtNtCs1zQjFe0mrqD_16syncthing_mcp_rs5tools9bandwidth20get_bandwidth_status0s0_0B9_
FN:179,_RNCNCNvNtNtCs1zQjFe0mrqD_16syncthing_mcp_rs5tools9bandwidth20get_bandwidth_status0s_0B9_
[...]
DA:628,51
DA:629,51
DA:630,51
DA:631,51
DA:632,51
DA:633,51
DA:634,51
DA:636,51
DA:637,51
DA:638,51
DA:639,51
DA:642,51
DA:647,51
DA:648,51
DA:649,51
DA:650,51
DA:651,51
DA:652,51
DA:657,51
DA:658,51
DA:659,51
DA:660,51
DA:661,51
DA:662,51
DA:663,51
DA:664,51
DA:665,51
DA:666,51
DA:673,51
DA:674,51
DA:675,51
DA:676,51
DA:677,51
DA:678,51
DA:679,51
DA:680,51
DA:681,51
DA:683,51
DA:684,51
DA:685,51
DA:692,51
DA:693,51
DA:694,51
DA:695,51
DA:696,51
DA:697,51
DA:698,51
DA:699,51
DA:700,51
DA:703,51
DA:708,51
DA:709,51
DA:710,51
DA:711,51
DA:712,51
DA:713,51
DA:718,51
DA:719,51
BRF:0
BRH:0
LF:416
LH:412
end_of_record
SF:/home/nicholas/git/nicholaswilde/syncthing-mcp-rs/src/tools/self_healing.rs
FN:151,_RNCNvMs_NtNtCsk1nGwz09EVE_16syncthing_mcp_rs5tools12self_healingNtB6_18StuckFolderMonitor13should_rescan0Ba_
FN:124,_RNCNvMs_NtNtCsk1nGwz09EVE_16syncthing_mcp_rs5tools12self_healingNtB6_18StuckFolderMonitor5check0Ba_
FN:137,_RNCNvMs_NtNtCsk1nGwz09EVE_16syncthing_mcp_rs5tools12self_healingNtB6_18StuckFolderMonitor5checks_0Ba_
FN:221,_RNCNvNtNtCsk1nGwz09EVE_16syncthing_mcp_rs5tools12self_healing20monitor_self_healing0B7_
FN:170,_RNvMs_NtNtCsk1nGwz09EVE_16syncthing_mcp_rs5tools12self_healingNtB4_18StuckFolderMonitor10get_alerts
FN:163,_RNvMs_NtNtCsk1nGwz09EVE_16syncthing_mcp_rs5tools12self_healingNtB4_18StuckFolderMonitor13record_rescan
FN:148,_RNvMs_NtNtCsk1nGwz09EVE_16syncthing_mcp_rs5tools12self_healingNtB4_18StuckFolderMonitor13should_rescan
FN:85,_RNvMs_NtNtCsk1nGwz09EVE_16syncthing_mcp_rs5tools12self_healingNtB4_18StuckFolderMonitor3new
FN:112,_RNvMs_NtNtCsk1nGwz09EVE_16syncthing_mcp_rs5tools12self_healingNtB4_18StuckFolderMonitor5check
FN:94,_RNvMs_NtNtCsk1nGwz09EVE_16syncthing_mcp_rs5tools12self_healingNtB4_18StuckFolderMonitor6update
FN:177,_RNvNtNtCsk1nGwz09EVE_16syncthing_mcp_rs5tools12self_healing18check_stuck_folder
FN:217,_RNvNtNtCsk1nGwz09EVE_16syncthing_mcp_rs5tools12self_healing20monitor_self_healing
FN:33,_RNvXNtNtCsk1nGwz09EVE_16syncthing_mcp_rs5tools12self_healingNtB2_21StuckFolderThresholdsNtNtCs8nPosuWgJFh_4core7default7Default7default
FN:170,_RNvMs_NtNtCs1zQjFe0mrqD_16syncthing_mcp_rs5tools12self_healingNtB4_18StuckFolderMonitor10get_alerts
FN:163,_RNvMs_NtNtCs1zQjFe0mrqD_16syncthing_mcp_rs5tools12self_healingNtB4_18StuckFolderMonitor13record_rescan
FN:148,_RNvMs_NtNtCs1zQjFe0mrqD_16syncthing_mcp_rs5tools12self_healingNtB4_18StuckFolderMonitor13should_rescan
FN:85,_RNvMs_NtNtCs1zQjFe0mrqD_16syncthing_mcp_rs5tools12self_healingNtB4_18StuckFolderMonitor3new
FN:112,_RNvMs_NtNtCs1zQjFe0mrqD_16syncthing_mcp_rs5tools12self_healingNtB4_18StuckFolderMonitor5check
FN:94,_RNvMs_NtNtCs1zQjFe0mrqD_16syncthing_mcp_rs5tools12self_healingNtB4_18StuckFolderMonitor6update
FN:177,_RNvNtNtCs1zQjFe0mrqD_16syncthing_mcp_rs5tools12self_healing18check_stuck_folder
FN:217,_RNvNtNtCs1zQjFe0mrqD_16syncthing_mcp_rs5tools12self_healing20monitor_self_healing
FN:33,_RNvXNtNtCs1zQjFe0mrqD_16syncthing_mcp_rs5tools12self_healingNtB2_21StuckFolderThresholdsNtNtCs8nPosuWgJFh_4core7default7Default7default
FN:151,_RNCNvMs_NtNtCs1zQjFe0mrqD_16syncthing_mcp_rs5tools12self_healingNtB6_18StuckFolderMonitor13should_rescan0Ba_
FN:124,_RNCNvMs_NtNtCs1zQjFe0mrqD_16syncthing_mcp_rs5tools12self_healingNtB6_18StuckFolderMonitor5check0Ba_
FN:137,_RNCNvMs_NtNtCs1zQjFe0mrqD_16syncthing_mcp_rs5tools12self_healingNtB6_18StuckFolderMonitor5checks_0Ba_
FN:221,_RNCNvNtNtCs1zQjFe0mrqD_16syncthing_mcp_rs5tools12self_healing20monitor_self_healing0B7_
FNDA:0,_RNCNvMs_NtNtCsk1nGwz09EVE_16syncthing_mcp_rs5tools12self_healingNtB6_18StuckFolderMonitor13should_rescan0Ba_
FNDA:0,_RNCNvMs_NtNtCsk1nGwz09EVE_16syncthing_mcp_rs5tools12self_healingNtB6_18StuckFolderMonitor5check0Ba_
FNDA:0,_RNCNvMs_NtNtCsk1nGwz09EVE_16syncthing_mcp_rs5tools12self_healingNtB6_18StuckFolderMonitor5checks_0Ba_
FNDA:0,_RNCNvNtNtCsk1nGwz09EVE_16syncthing_mcp_rs5tools12self_healing20monitor_self_healing0B7_
FNDA:0,_RNvMs_NtNtCsk1nGwz09EVE_16syncthing_mcp_rs5tools12self_healingNtB4_18StuckFolderMonitor10get_alerts
FNDA:0,_RNvMs_NtNtCsk1nGwz09EVE_16syncthing_mcp_rs5tools12self_healingNtB4_18StuckFolderMonitor13record_rescan
FNDA:0,_RNvMs_NtNtCsk1nGwz09EVE_16syncthing_mcp_rs5tools12self_healingNtB4_18StuckFolderMonitor13should_rescan
FNDA:0,_RNvMs_NtNtCsk1nGwz09EVE_16syncthing_mcp_rs5tools12self_healingNtB4_18StuckFolderMonitor3new
FNDA:0,_RNvMs_NtNtCsk1nGwz09EVE_16syncthing_mcp_rs5tools12self_healingNtB4_18StuckFolderMonitor5check
FNDA:0,_RNvMs_NtNtCsk1nGwz09EVE_16syncthing_mcp_rs5tools12self_healingNtB4_18StuckFolderMonitor6update
FNDA:0,_RNvNtNtCsk1nGwz09EVE_16syncthing_mcp_rs5tools12self_healing18check_stuck_folder
FNDA:0,_RNvNtNtCsk1nGwz09EVE_16syncthing_mcp_rs5tools12self_healing20monitor_self_healing
FNDA:0,_RNvXNtNtCsk1nGwz09EVE_16syncthing_mcp_rs5tools12self_healingNtB2_21StuckFolderThresholdsNtNtCs8nPosuWgJFh_4core7default7Default7default
FNDA:6,_RNvMs_NtNtCs1zQjFe0mrqD_16syncthing_mcp_rs5tools12self_healingNtB4_18StuckFolderMonitor10get_alerts
FNDA:1,_RNvMs_NtNtCs1zQjFe0mrqD_16syncthing_mcp_rs5tools12self_healingNtB4_18StuckFolderMonitor13record_rescan
FNDA:8,_RNvMs_NtNtCs1zQjFe0mrqD_16syncthing_mcp_rs5tools12self_healingNtB4_18StuckFolderMonitor13should_rescan
FNDA:5,_RNvMs_NtNtCs1zQjFe0mrqD_16syncthing_mcp_rs5tools12self_healingNtB4_18StuckFolderMonitor3new
FNDA:7,_RNvMs_NtNtCs1zQjFe0mrqD_16syncthing_mcp_rs5tools12self_healingNtB4_18StuckFolderMonitor5check
FNDA:10,_RNvMs_NtNtCs1zQjFe0mrqD_16syncthing_mcp_rs5tools12self_healingNtB4_18StuckFolderMonitor6update
FNDA:11,_RNvNtNtCs1zQjFe0mrqD_16syncthing_mcp_rs5tools12self_healing18check_stuck_folder
FNDA:4,_RNvNtNtCs1zQjFe0mrqD_16syncthing_mcp_rs5tools12self_healing20monitor_self_healing
FNDA:4,_RNvXNtNtCs1zQjFe0mrqD_16syncthing_mcp_rs5tools12self_healingNtB2_21StuckFolderThresholdsNtNtCs8nPosuWgJFh_4core7default7Default7default
FNDA:2,_RNCNvMs_NtNtCs1zQjFe0mrqD_16syncthing_mcp_rs5tools12self_healingNtB6_18StuckFolderMonitor13should_rescan0Ba_
FNDA:0,_RNCNvMs_NtNtCs1zQjFe0mrqD_16syncthing_mcp_rs5tools12self_healingNtB6_18StuckFolderMonitor5check0Ba_
FNDA:1,_RNCNvMs_NtNtCs1zQjFe0mrqD_16syncthing_mcp_rs5tools12self_healingNtB6_18StuckFolderMonitor5checks_0Ba_
FNDA:4,_RNCNvNtNtCs1zQjFe0mrqD_16syncthing_mcp_rs5tools12self_healing20monitor_self_healing0B7_
FNF:13
FNH:12
DA:33,4
DA:34,4
DA:35,4
DA:36,4
DA:37,4
DA:38,4
DA:39,4
DA:40,4
DA:85,5
DA:86,5
DA:87,5
DA:88,5
DA:89,5
DA:90,5
DA:91,5
DA:94,10
DA:95,10
DA:96,6
DA:97,6
DA:98,6
DA:99,4
DA:100,4
DA:101,4
DA:102,4
DA:103,4
DA:104,4
DA:105,4
DA:106,4
DA:107,4
DA:108,10
DA:112,7
DA:113,7
DA:114,7
DA:115,7
DA:116,7
DA:117,7
DA:118,7
DA:119,7
DA:121,7
DA:122,2
DA:124,2
DA:125,0
DA:126,0
DA:127,2
DA:128,2
DA:129,2
DA:130,2
DA:131,2
DA:132,2
DA:133,2
DA:134,0
DA:137,5
DA:141,7
DA:143,7
DA:144,7
DA:148,8
DA:149,8
DA:151,7
DA:152,2
DA:153,1
DA:155,1
DA:157,5
DA:158,1
DA:159,6
DA:160,8
DA:163,1
DA:164,1
DA:165,1
DA:166,1
DA:167,1
DA:170,6
DA:171,6
DA:172,6
DA:177,11
DA:178,11
DA:179,11
DA:180,11
DA:181,11
DA:182,11
DA:183,11
DA:184,9
DA:187,9
DA:188,1
DA:189,1
DA:191,1
DA:192,1
DA:193,1
DA:194,1
DA:195,8
DA:198,8
DA:199,8
DA:200,8
DA:201,6
DA:203,3
DA:204,3
DA:205,3
DA:206,3
DA:207,5
DA:208,2
DA:210,7
DA:211,7
DA:212,7
DA:213,7
DA:214,11
DA:217,4
DA:218,4
DA:219,4
DA:220,4
DA:221,4
DA:222,4
DA:223,4
DA:224,4
DA:227,4
DA:228,4
DA:229,4
DA:230,4
DA:231,4
DA:232,4
DA:236,4
DA:238,4
DA:239,4
DA:240,4
DA:241,4
DA:242,0
DA:243,4
DA:248,4
DA:249,0
DA:250,0
DA:251,0
DA:252,0
DA:253,0
DA:254,0
DA:255,0
DA:256,0
DA:257,0
DA:258,0
DA:262,4
DA:265,4
DA:267,4
DA:268,4
DA:269,4
DA:270,4
DA:271,0
DA:272,4
DA:277,4
DA:278,0
DA:280,0
DA:281,0
DA:282,0
DA:284,0
DA:285,0
DA:286,0
DA:287,0
DA:289,0
DA:290,0
DA:291,0
DA:292,0
DA:293,0
DA:294,0
DA:295,0
DA:296,0
DA:297,0
DA:298,0
DA:299,0
DA:300,0
DA:301,0
DA:302,0
DA:305,4
DA:306,4
DA:307,4
DA:308,4
DA:309,0
DA:310,0
DA:311,0
DA:312,0
DA:316,4
DA:317,4
DA:319,4
DA:320,0
DA:321,0
DA:322,0
DA:323,0
DA:324,0
DA:325,0
DA:326,0
DA:327,0
DA:328,0
DA:329,0
DA:330,0
DA:331,0
DA:332,0
DA:333,4
DA:335,4
DA:336,4
DA:337,4
DA:338,4
DA:339,4
DA:340,4
DA:341,4
BRF:0
BRH:0
LF:203
LH:148
end_of_record
SF:/home/nicholas/git/nicholaswilde/syncthing-mcp-rs/src/tools/system.rs
FN:293,_RNvNtNtCsk1nGwz09EVE_16syncthing_mcp_rs5tools6system13analyze_error
FN:176,_RNvNtNtCsk1nGwz09EVE_16syncthing_mcp_rs5tools6system14get_system_log
FN:197,_RNvNtNtCsk1nGwz09EVE_16syncthing_mcp_rs5tools6system14list_instances
FN:29,_RNvNtNtCsk1nGwz09EVE_16syncthing_mcp_rs5tools6system15get_sync_status
FN:81,_RNvNtNtCsk1nGwz09EVE_16syncthing_mcp_rs5tools6system15maintain_system
FN:9,_RNvNtNtCsk1nGwz09EVE_16syncthing_mcp_rs5tools6system16get_system_stats
FN:246,_RNvNtNtCsk1nGwz09EVE_16syncthing_mcp_rs5tools6system19get_instance_health
FN:142,_RNvNtNtCsk1nGwz09EVE_16syncthing_mcp_rs5tools6system22get_system_connections
FN:300,_RNCNCNvNtNtCsk1nGwz09EVE_16syncthing_mcp_rs5tools6system13analyze_error00B9_
FN:303,_RNCNCNvNtNtCsk1nGwz09EVE_16syncthing_mcp_rs5tools6system13analyze_error0s0_0B9_
FN:301,_RNCNCNvNtNtCsk1nGwz09EVE_16syncthing_mcp_rs5tools6system13analyze_error0s_0B9_
FN:208,_RNCNCNvNtNtCsk1nGwz09EVE_16syncthing_mcp_rs5tools6system14list_instances00B9_
FN:36,_RNCNCNvNtNtCsk1nGwz09EVE_16syncthing_mcp_rs5tools6system15get_sync_status00B9_
FN:41,_RNCNCNvNtNtCsk1nGwz09EVE_16syncthing_mcp_rs5tools6system15get_sync_status0s0_0B9_
FN:42,_RNCNCNvNtNtCsk1nGwz09EVE_16syncthing_mcp_rs5tools6system15get_sync_status0s1_0B9_
FN:37,_RNCNCNvNtNtCsk1nGwz09EVE_16syncthing_mcp_rs5tools6system15get_sync_status0s_0B9_
FN:88,_RNCNCNvNtNtCsk1nGwz09EVE_16syncthing_mcp_rs5tools6system15maintain_system00B9_
FN:93,_RNCNCNvNtNtCsk1nGwz09EVE_16syncthing_mcp_rs5tools6system15maintain_system0s0_0B9_
FN:89,_RNCNCNvNtNtCsk1nGwz09EVE_16syncthing_mcp_rs5tools6system15maintain_system0s_0B9_
FN:263,_RNCNCNvNtNtCsk1nGwz09EVE_16syncthing_mcp_rs5tools6system19get_instance_health00B9_
FN:297,_RNCNvNtNtCsk1nGwz09EVE_16syncthing_mcp_rs5tools6system13analyze_error0B7_
FN:180,_RNCNvNtNtCsk1nGwz09EVE_16syncthing_mcp_rs5tools6system14get_system_log0B7_
FN:201,_RNCNvNtNtCsk1nGwz09EVE_16syncthing_mcp_rs5tools6system14list_instances0B7_
FN:33,_RNCNvNtNtCsk1nGwz09EVE_16syncthing_mcp_rs5tools6system15get_sync_status0B7_
FN:85,_RNCNvNtNtCsk1nGwz09EVE_16syncthing_mcp_rs5tools6system15maintain_system0B7_
FN:13,_RNCNvNtNtCsk1nGwz09EVE_16syncthing_mcp_rs5tools6system16get_system_stats0B7_
FN:250,_RNCNvNtNtCsk1nGwz09EVE_16syncthing_mcp_rs5tools6system19get_instance_health0B7_
FN:146,_RNCNvNtNtCsk1nGwz09EVE_16syncthing_mcp_rs5tools6system22get_system_connections0B7_
FN:293,_RNvNtNtCs1zQjFe0mrqD_16syncthing_mcp_rs5tools6system13analyze_error
FN:176,_RNvNtNtCs1zQjFe0mrqD_16syncthing_mcp_rs5tools6system14get_system_log
FN:197,_RNvNtNtCs1zQjFe0mrqD_16syncthing_mcp_rs5tools6system14list_instances
FN:29,_RNvNtNtCs1zQjFe0mrqD_16syncthing_mcp_rs5tools6system15get_sync_status
FN:81,_RNvNtNtCs1zQjFe0mrqD_16syncthing_mcp_rs5tools6system15maintain_system
FN:9,_RNvNtNtCs1zQjFe0mrqD_16syncthing_mcp_rs5tools6system16get_system_stats
FN:246,_RNvNtNtCs1zQjFe0mrqD_16syncthing_mcp_rs5tools6system19get_instance_health
FN:142,_RNvNtNtCs1zQjFe0mrqD_16syncthing_mcp_rs5tools6system22get_system_connections
FN:300,_RNCNCNvNtNtCs1zQjFe0mrqD_16syncthing_mcp_rs5tools6system13analyze_error00B9_
FN:303,_RNCNCNvNtNtCs1zQjFe0mrqD_16syncthing_mcp_rs5tools6system13analyze_error0s0_0B9_
FN:301,_RNCNCNvNtNtCs1zQjFe0mrqD_16syncthing_mcp_rs5tools6system13analyze_error0s_0B9_
FN:208,_RNCNCNvNtNtCs1zQjFe0mrqD_16syncthing_mcp_rs5tools6system14list_instances00B9_
FN:36,_RNCNCNvNtNtCs1zQjFe0mrqD_16syncthing_mcp_rs5tools6system15get_sync_status00B9_
FN:41,_RNCNCNvNtNtCs1zQjFe0mrqD_16syncthing_mcp_rs5tools6system15get_sync_status0s0_0B9_
FN:42,_RNCNCNvNtNtCs1zQjFe0mrqD_16syncthing_mcp_rs5tools6system15get_sync_status0s1_0B9_
FN:37,_RNCNCNvNtNtCs1zQjFe0mrqD_16syncthing_mcp_rs5tools6system15get_sync_status0s_0B9_
FN:88,_RNCNCNvNtNtCs1zQjFe0mrqD_16syncthing_mcp_rs5tools6system15maintain_system00B9_
FN:93,_RNCNCNvNtNtCs1zQjFe0mrqD_16syncthing_mcp_rs5tools6system15maintain_system0s0_0B9_
FN:89,_RNCNCNvNtNtCs1zQjFe0mrqD_16syncthing_mcp_rs5tools6system15maintain_system0s_0B9_
FN:263,_RNCNCNvNtNtCs1zQjFe0mrqD_16syncthing_mcp_rs5tools6system19get_instance_health00B9_
FN:297,_RNCNvNtNtCs1zQjFe0mrqD_16syncthing_mcp_rs5tools6system13analyze_error0B7_
FN:180,_RNCNvNtNtCs1zQjFe0mrqD_16syncthing_mcp_rs5tools6system14get_system_log0B7_
FN:201,_RNCNvNtNtCs1zQjFe0mrqD_16syncthing_mcp_rs5tools6system14list_instances0B7_
FN:33,_RNCNvNtNtCs1zQjFe0mrqD_16syncthing_mcp_rs5tools6system15get_sync_status0B7_
FN:85,_RNCNvNtNtCs1zQjFe0mrqD_16syncthing_mcp_rs5tools6system15maintain_system0B7_
FN:13,_RNCNvNtNtCs1zQjFe0mrqD_16syncthing_mcp_rs5tools6system16get_system_stats0B7_
FN:250,_RNCNvNtNtCs1zQjFe0mrqD_16syncthing_mcp_rs5tools6system19get_instance_health0B7_
FN:146,_RNCNvNtNtCs1zQjFe0mrqD_16syncthing_mcp_rs5tools6system22get_system_connections0B7_
FNDA:0,_RNvNtNtCsk1nGwz09EVE_16syncthing_mcp_rs5tools6system13analyze_error
FNDA:0,_RNvNtNtCsk1nGwz09EVE_16syncthing_mcp_rs5tools6system14get_system_log
FNDA:0,_RNvNtNtCsk1nGwz09EVE_16syncthing_mcp_rs5tools6system14list_instances
FNDA:0,_RNvNtNtCsk1nGwz09EVE_16syncthing_mcp_rs5tools6system15get_sync_status
FNDA:0,_RNvNtNtCsk1nGwz09EVE_16syncthing_mcp_rs5tools6system15maintain_system
FNDA:0,_RNvNtNtCsk1nGwz09EVE_16syncthing_mcp_rs5tools6system16get_system_stats
FNDA:0,_RNvNtNtCsk1nGwz09EVE_16syncthing_mcp_rs5tools6system19get_instance_health
FNDA:0,_RNvNtNtCsk1nGwz09EVE_16syncthing_mcp_rs5tools6system22get_system_connections
FNDA:0,_RNCNCNvNtNtCsk1nGwz09EVE_16syncthing_mcp_rs5tools6system13analyze_error00B9_
FNDA:0,_RNCNCNvNtNtCsk1nGwz09EVE_16syncthing_mcp_rs5tools6system13analyze_error0s0_0B9_
FNDA:0,_RNCNCNvNtNtCsk1nGwz09EVE_16syncthing_mcp_rs5tools6system13analyze_error0s_0B9_
FNDA:0,_RNCNCNvNtNtCsk1nGwz09EVE_16syncthing_mcp_rs5tools6system14list_instances00B9_
FNDA:0,_RNCNCNvNtNtCsk1nGwz09EVE_16syncthing_mcp_rs5tools6system15get_sync_status00B9_
FNDA:0,_RNCNCNvNtNtCsk1nGwz09EVE_16syncthing_mcp_rs5tools6system15get_sync_status0s0_0B9_
FNDA:0,_RNCNCNvNtNtCsk1nGwz09EVE_16syncthing_mcp_rs5tools6system15get_sync_status0s1_0B9_
FNDA:0,_RNCNCNvNtNtCsk1nGwz09EVE_16syncthing_mcp_rs5tools6system15get_sync_status0s_0B9_
FNDA:0,_RNCNCNvNtNtCsk1nGwz09EVE_16syncthing_mcp_rs5tools6system15maintain_system00B9_
FNDA:0,_RNCNCNvNtNtCsk1nGwz09EVE_16syncthing_mcp_rs5tools6system15maintain_system0s0_0B9_
FNDA:0,_RNCNCNvNtNtCsk1nGwz09EVE_16syncthing_mcp_rs5tools6system15maintain_system0s_0B9_
FNDA:0,_RNCNCNvNtNtCsk1nGwz09EVE_16syncthing_mcp_rs5tools6system19get_instance_health00B9_
FNDA:0,_RNCNvNtNtCsk1nGwz09EVE_16syncthing_mcp_rs5tools6system13analyze_error0B7_
FNDA:0,_RNCNvNtNtCsk1nGwz09EVE_16syncthing_mcp_rs5tools6system14get_system_log0B7_
FNDA:0,_RNCNvNtNtCsk1nGwz09EVE_16syncthing_mcp_rs5tools6system14list_instances0B7_
FNDA:0,_RNCNvNtNtCsk1nGwz09EVE_16syncthing_mcp_rs5tools6system15get_sync_status0B7_
FNDA:0,_RNCNvNtNtCsk1nGwz09EVE_16syncthing_mcp_rs5tools6system15maintain_system0B7_
FNDA:0,_RNCNvNtNtCsk1nGwz09EVE_16syncthing_mcp_rs5tools6system16get_system_stats0B7_
FNDA:0,_RNCNvNtNtCsk1nGwz09EVE_16syncthing_mcp_rs5tools6system19get_instance_health0B7_
FNDA:0,_RNCNvNtNtCsk1nGwz09EVE_16syncthing_mcp_rs5tools6system22get_system_connections0B7_
FNDA:3,_RNvNtNtCs1zQjFe0mrqD_16syncthing_mcp_rs5tools6system13analyze_error
FNDA:1,_RNvNtNtCs1zQjFe0mrqD_16syncthing_mcp_rs5tools6system14get_system_log
FNDA:2,_RNvNtNtCs1zQjFe0mrqD_16syncthing_mcp_rs5tools6system14list_instances
FNDA:2,_RNvNtNtCs1zQjFe0mrqD_16syncthing_mcp_rs5tools6system15get_sync_status
FNDA:5,_RNvNtNtCs1zQjFe0mrqD_16syncthing_mcp_rs5tools6system15maintain_system
FNDA:5,_RNvNtNtCs1zQjFe0mrqD_16syncthing_mcp_rs5tools6system16get_system_stats
FNDA:1,_RNvNtNtCs1zQjFe0mrqD_16syncthing_mcp_rs5tools6system19get_instance_health
FNDA:1,_RNvNtNtCs1zQjFe0mrqD_16syncthing_mcp_rs5tools6system22get_system_connections
FNDA:3,_RNCNCNvNtNtCs1zQjFe0mrqD_16syncthing_mcp_rs5tools6system13analyze_error00B9_
FNDA:1,_RNCNCNvNtNtCs1zQjFe0mrqD_16syncthing_mcp_rs5tools6system13analyze_error0s0_0B9_
FNDA:0,_RNCNCNvNtNtCs1zQjFe0mrqD_16syncthing_mcp_rs5tools6system13analyze_error0s_0B9_
FNDA:0,_RNCNCNvNtNtCs1zQjFe0mrqD_16syncthing_mcp_rs5tools6system14list_instances00B9_
FNDA:2,_RNCNCNvNtNtCs1zQjFe0mrqD_16syncthing_mcp_rs5tools6system15get_sync_status00B9_
FNDA:2,_RNCNCNvNtNtCs1zQjFe0mrqD_16syncthing_mcp_rs5tools6system15get_sync_status0s0_0B9_
FNDA:0,_RNCNCNvNtNtCs1zQjFe0mrqD_16syncthing_mcp_rs5tools6system15get_sync_status0s1_0B9_
FNDA:0,_RNCNCNvNtNtCs1zQjFe0mrqD_16syncthing_mcp_rs5tools6system15get_sync_status0s_0B9_
FNDA:5,_RNCNCNvNtNtCs1zQjFe0mrqD_16syncthing_mcp_rs5tools6system15maintain_system00B9_
FNDA:1,_RNCNCNvNtNtCs1zQjFe0mrqD_16syncthing_mcp_rs5tools6system15maintain_system0s0_0B9_
FNDA:0,_RNCNCNvNtNtCs1zQjFe0mrqD_16syncthing_mcp_rs5tools6system15maintain_system0s_0B9_
FNDA:0,_RNCNCNvNtNtCs1zQjFe0mrqD_16syncthing_mcp_rs5tools6system19get_instance_health00B9_
FNDA:3,_RNCNvNtNtCs1zQjFe0mrqD_16syncthing_mcp_rs5tools6system13analyze_error0B7_
FNDA:1,_RNCNvNtNtCs1zQjFe0mrqD_16syncthing_mcp_rs5tools6system14get_system_log0B7_
FNDA:2,_RNCNvNtNtCs1zQjFe0mrqD_16syncthing_mcp_rs5tools6system14list_instances0B7_
FNDA:2,_RNCNvNtNtCs1zQjFe0mrqD_16syncthing_mcp_rs5tools6system15get_sync_status0B7_
FNDA:5,_RNCNvNtNtCs1zQjFe0mrqD_16syncthing_mcp_rs5tools6system15maintain_system0B7_
FNDA:5,_RNCNvNtNtCs1zQjFe0mrqD_16syncthing_mcp_rs5tools6system16get_system_stats0B7_
FNDA:1,_RNCNvNtNtCs1zQjFe0mrqD_16syncthing_mcp_rs5tools6system19get_instance_health0B7_
FNDA:1,_RNCNvNtNtCs1zQjFe0mrqD_16syncthing_mcp_rs5tools6system22get_system_connections0B7_
FNF:28
FNH:22
DA:9,5
DA:10,5
DA:11,5
DA:12,5
DA:13,5
DA:14,5
DA:15,3
DA:17,3
DA:18,3
DA:19,3
DA:20,3
DA:21,3
DA:22,3
DA:23,3
DA:24,3
DA:25,3
DA:26,5
DA:29,2
DA:30,2
DA:31,2
DA:32,2
DA:33,2
DA:34,2
DA:35,2
DA:36,2
DA:37,2
DA:39,2
DA:40,2
DA:41,2
DA:42,2
DA:44,2
DA:45,2
DA:46,1
DA:47,1
DA:48,1
DA:50,0
DA:52,1
DA:57,1
DA:58,1
DA:59,1
DA:65,0
DA:66,0
DA:67,0
DA:68,0
DA:72,2
DA:73,2
DA:74,2
DA:75,2
DA:76,2
DA:77,2
DA:78,2
DA:81,5
DA:82,5
DA:83,5
DA:84,5
DA:85,5
DA:86,5
DA:87,5
DA:88,5
DA:89,5
DA:91,5
DA:92,5
DA:93,1
DA:94,1
DA:95,1
DA:96,1
DA:98,0
DA:100,1
DA:101,1
DA:102,1
DA:103,1
DA:104,1
DA:105,1
DA:107,4
DA:108,1
DA:109,1
DA:110,1
DA:111,1
DA:112,1
DA:113,1
DA:114,1
DA:116,3
DA:117,1
DA:118,1
DA:119,1
DA:120,1
DA:121,1
DA:122,1
DA:123,1
DA:125,2
DA:126,1
DA:127,1
DA:128,1
DA:129,1
DA:130,1
DA:131,1
DA:132,1
DA:134,1
DA:135,1
DA:136,1
DA:137,1
DA:139,5
DA:142,1
DA:143,1
DA:144,1
DA:145,1
DA:146,1
DA:147,1
DA:149,1
DA:150,1
DA:151,1
DA:152,1
DA:153,1
DA:154,1
DA:155,1
DA:156,1
DA:157,1
DA:158,1
DA:159,1
DA:160,1
DA:161,1
DA:162,1
DA:163,1
DA:164,1
DA:167,1
DA:168,1
DA:169,1
DA:170,1
DA:171,1
DA:172,1
DA:173,1
DA:176,1
DA:177,1
DA:178,1
DA:179,1
DA:180,1
DA:181,1
DA:183,1
DA:184,1
DA:185,1
DA:186,1
DA:188,1
DA:189,1
DA:190,1
DA:191,1
DA:192,1
DA:193,1
DA:194,1
DA:197,2
DA:198,2
DA:199,2
DA:200,2
DA:201,2
DA:202,2
DA:204,3
DA:205,3
DA:206,3
DA:207,3
DA:208,3
DA:209,3
DA:210,3
DA:212,3
DA:213,3
DA:214,0
DA:215,0
DA:218,3
DA:219,3
DA:220,3
DA:221,3
DA:222,3
DA:223,3
DA:224,3
DA:225,3
DA:226,3
DA:227,3
DA:228,3
DA:229,3
DA:230,3
DA:231,3
DA:232,0
DA:233,3
DA:234,3
DA:237,2
DA:238,2
DA:239,2
DA:240,2
DA:241,2
DA:242,2
DA:243,2
DA:246,1
DA:247,1
DA:248,1
DA:249,1
DA:250,1
DA:251,1
DA:253,1
DA:254,1
DA:255,0
DA:256,0
DA:259,1
DA:260,1
DA:261,1
DA:262,1
DA:263,1
DA:265,1
DA:266,1
DA:267,1
DA:268,1
DA:269,1
DA:270,1
DA:271,1
DA:272,1
DA:273,1
DA:274,1
DA:275,1
DA:276,1
DA:277,1
DA:278,1
DA:279,1
DA:280,1
DA:281,0
DA:282,1
DA:284,1
DA:285,1
DA:286,1
DA:287,1
DA:288,1
DA:289,1
DA:290,1
DA:293,3
DA:294,3
DA:295,3
DA:296,3
DA:297,3
DA:298,3
DA:299,3
DA:300,3
DA:301,3
DA:303,3
DA:306,3
DA:307,2
DA:309,1
DA:310,2
DA:311,2
DA:313,0
DA:314,2
DA:315,1
DA:317,2
DA:318,1
DA:320,1
DA:322,1
DA:324,0
DA:325,0
DA:327,0
DA:329,0
DA:332,3
DA:333,1
DA:335,2
DA:338,3
DA:343,3
DA:344,3
DA:345,3
DA:346,3
DA:347,3
DA:348,3
DA:349,3
BRF:0
BRH:0
LF:286
LH:263
end_of_record