SF:/home/nicholas/git/nicholaswilde/syncthing-mcp-rs/src/api/client.rs
FN:109,_RNCNvMNtNtCs7orm8c3ptPP_16syncthing_mcp_rs3api6clientNtB4_15SyncThingClient10add_folder0Cs8frq3e2teX3_23docker_integration_test
FN:109,_RNCNvMNtNtCs7orm8c3ptPP_16syncthing_mcp_rs3api6clientNtB4_15SyncThingClient10add_folder0B8_
FN:46,_RNCNCNCNvMNtNtCs7orm8c3ptPP_16syncthing_mcp_rs3api6clientNtB8_15SyncThingClient15send_with_retry000Bc_
FN:49,_RNCNCNCNvMNtNtCs7orm8c3ptPP_16syncthing_mcp_rs3api6clientNtB8_15SyncThingClient15send_with_retry00s_0Bc_
FN:45,_RNCNCNvMNtNtCs7orm8c3ptPP_16syncthing_mcp_rs3api6clientNtB6_15SyncThingClient15send_with_retry00Ba_
FN:182,_RNCNvMNtNtCs7orm8c3ptPP_16syncthing_mcp_rs3api6clientNtB4_15SyncThingClient10add_device0B8_
FN:82,_RNCNvMNtNtCs7orm8c3ptPP_16syncthing_mcp_rs3api6clientNtB4_15SyncThingClient10get_config0B8_
FN:268,_RNCNvMNtNtCs7orm8c3ptPP_16syncthing_mcp_rs3api6clientNtB4_15SyncThingClient10get_events0B8_
FN:123,_RNCNvMNtNtCs7orm8c3ptPP_16syncthing_mcp_rs3api6clientNtB4_15SyncThingClient10get_folder0B8_
FN:91,_RNCNvMNtNtCs7orm8c3ptPP_16syncthing_mcp_rs3api6clientNtB4_15SyncThingClient10set_config0B8_
FN:141,_RNCNvMNtNtCs7orm8c3ptPP_16syncthing_mcp_rs3api6clientNtB4_15SyncThingClient11get_ignores0B8_
FN:155,_RNCNvMNtNtCs7orm8c3ptPP_16syncthing_mcp_rs3api6clientNtB4_15SyncThingClient11set_ignores0B8_
FN:259,_RNCNvMNtNtCs7orm8c3ptPP_16syncthing_mcp_rs3api6clientNtB4_15SyncThingClient12clear_errors0B8_
FN:173,_RNCNvMNtNtCs7orm8c3ptPP_16syncthing_mcp_rs3api6clientNtB4_15SyncThingClient12list_devices0B8_
FN:100,_RNCNvMNtNtCs7orm8c3ptPP_16syncthing_mcp_rs3api6clientNtB4_15SyncThingClient12list_folders0B8_
FN:207,_RNCNvMNtNtCs7orm8c3ptPP_16syncthing_mcp_rs3api6clientNtB4_15SyncThingClient12patch_device0B8_
FN:132,_RNCNvMNtNtCs7orm8c3ptPP_16syncthing_mcp_rs3api6clientNtB4_15SyncThingClient12patch_folder0B8_
FN:198,_RNCNvMNtNtCs7orm8c3ptPP_16syncthing_mcp_rs3api6clientNtB4_15SyncThingClient13remove_device0B8_
FN:37,_RNCNvMNtNtCs7orm8c3ptPP_16syncthing_mcp_rs3api6clientNtB4_15SyncThingClient15send_with_retry0B8_
FN:216,_RNCNvMNtNtCs7orm8c3ptPP_16syncthing_mcp_rs3api6clientNtB4_15SyncThingClient17get_folder_status0B8_
FN:64,_RNCNvMNtNtCs7orm8c3ptPP_16syncthing_mcp_rs3api6clientNtB4_15SyncThingClient17get_system_status0B8_
FN:73,_RNCNvMNtNtCs7orm8c3ptPP_16syncthing_mcp_rs3api6clientNtB4_15SyncThingClient18get_system_version0B8_
FN:324,_RNCNvMNtNtCs7orm8c3ptPP_16syncthing_mcp_rs3api6clientNtB4_15SyncThingClient19get_pending_devices0B8_
FN:227,_RNCNvMNtNtCs7orm8c3ptPP_16syncthing_mcp_rs3api6clientNtB4_15SyncThingClient21get_device_completion0B8_
FN:333,_RNCNvMNtNtCs7orm8c3ptPP_16syncthing_mcp_rs3api6clientNtB4_15SyncThingClient21remove_pending_device0B8_
FN:23,_RNCNvMNtNtCs7orm8c3ptPP_16syncthing_mcp_rs3api6clientNtB4_15SyncThingClient3new0B8_
FN:299,_RNCNvMNtNtCs7orm8c3ptPP_16syncthing_mcp_rs3api6clientNtB4_15SyncThingClient6browse0B8_
FN:238,_RNCNvMNtNtCs7orm8c3ptPP_16syncthing_mcp_rs3api6clientNtB4_15SyncThingClient6rescan0B8_
FN:250,_RNCNvMNtNtCs7orm8c3ptPP_16syncthing_mcp_rs3api6clientNtB4_15SyncThingClient7restart0B8_
FN:182,_RNvMNtNtCs7orm8c3ptPP_16syncthing_mcp_rs3api6clientNtB2_15SyncThingClient10add_device
FN:109,_RNvMNtNtCs7orm8c3ptPP_16syncthing_mcp_rs3api6clientNtB2_15SyncThingClient10add_folder
FN:82,_RNvMNtNtCs7orm8c3ptPP_16syncthing_mcp_rs3api6clientNtB2_15SyncThingClient10get_config
FN:268,_RNvMNtNtCs7orm8c3ptPP_16syncthing_mcp_rs3api6clientNtB2_15SyncThingClient10get_events
FN:123,_RNvMNtNtCs7orm8c3ptPP_16syncthing_mcp_rs3api6clientNtB2_15SyncThingClient10get_folder
FN:91,_RNvMNtNtCs7orm8c3ptPP_16syncthing_mcp_rs3api6clientNtB2_15SyncThingClient10set_config
FN:141,_RNvMNtNtCs7orm8c3ptPP_16syncthing_mcp_rs3api6clientNtB2_15SyncThingClient11get_ignores
FN:155,_RNvMNtNtCs7orm8c3ptPP_16syncthing_mcp_rs3api6clientNtB2_15SyncThingClient11set_ignores
FN:259,_RNvMNtNtCs7orm8c3ptPP_16syncthing_mcp_rs3api6clientNtB2_15SyncThingClient12clear_errors
FN:173,_RNvMNtNtCs7orm8c3ptPP_16syncthing_mcp_rs3api6clientNtB2_15SyncThingClient12list_devices
FN:100,_RNvMNtNtCs7orm8c3ptPP_16syncthing_mcp_rs3api6clientNtB2_15SyncThingClient12list_folders
FN:207,_RNvMNtNtCs7orm8c3ptPP_16syncthing_mcp_rs3api6clientNtB2_15SyncThingClient12patch_device
FN:132,_RNvMNtNtCs7orm8c3ptPP_16syncthing_mcp_rs3api6clientNtB2_15SyncThingClient12patch_folder
FN:198,_RNvMNtNtCs7orm8c3ptPP_16syncthing_mcp_rs3api6clientNtB2_15SyncThingClient13remove_device
FN:34,_RNvMNtNtCs7orm8c3ptPP_16syncthing_mcp_rs3api6clientNtB2_15SyncThingClient15send_with_retry
FN:216,_RNvMNtNtCs7orm8c3ptPP_16syncthing_mcp_rs3api6clientNtB2_15SyncThingClient17get_folder_status
FN:64,_RNvMNtNtCs7orm8c3ptPP_16syncthing_mcp_rs3api6clientNtB2_15SyncThingClient17get_system_status
FN:73,_RNvMNtNtCs7orm8c3ptPP_16syncthing_mcp_rs3api6clientNtB2_15SyncThingClient18get_system_version
FN:324,_RNvMNtNtCs7orm8c3ptPP_16syncthing_mcp_rs3api6clientNtB2_15SyncThingClient19get_pending_devices
FN:227,_RNvMNtNtCs7orm8c3ptPP_16syncthing_mcp_rs3api6clientNtB2_15SyncThingClient21get_device_completion
FN:333,_RNvMNtNtCs7orm8c3ptPP_16syncthing_mcp_rs3api6clientNtB2_15SyncThingClient21remove_pending_device
FN:19,_RNvMNtNtCs7orm8c3ptPP_16syncthing_mcp_rs3api6clientNtB2_15SyncThingClient3new
FN:294,_RNvMNtNtCs7orm8c3ptPP_16syncthing_mcp_rs3api6clientNtB2_15SyncThingClient6browse
FN:238,_RNvMNtNtCs7orm8c3ptPP_16syncthing_mcp_rs3api6clientNtB2_15SyncThingClient6rescan
FN:250,_RNvMNtNtCs7orm8c3ptPP_16syncthing_mcp_rs3api6clientNtB2_15SyncThingClient7restart
FN:27,_RNvMNtNtCs7orm8c3ptPP_16syncthing_mcp_rs3api6clientNtB2_15SyncThingClient8add_auth
FN:182,_RNvMNtNtCslTc8T3B5Qo0_16syncthing_mcp_rs3api6clientNtB2_15SyncThingClient10add_device
FN:109,_RNvMNtNtCslTc8T3B5Qo0_16syncthing_mcp_rs3api6clientNtB2_15SyncThingClient10add_folder
FN:82,_RNvMNtNtCslTc8T3B5Qo0_16syncthing_mcp_rs3api6clientNtB2_15SyncThingClient10get_config
FN:268,_RNvMNtNtCslTc8T3B5Qo0_16syncthing_mcp_rs3api6clientNtB2_15SyncThingClient10get_events
FN:123,_RNvMNtNtCslTc8T3B5Qo0_16syncthing_mcp_rs3api6clientNtB2_15SyncThingClient10get_folder
FN:91,_RNvMNtNtCslTc8T3B5Qo0_16syncthing_mcp_rs3api6clientNtB2_15SyncThingClient10set_config
FN:141,_RNvMNtNtCslTc8T3B5Qo0_16syncthing_mcp_rs3api6clientNtB2_15SyncThingClient11get_ignores
FN:155,_RNvMNtNtCslTc8T3B5Qo0_16syncthing_mcp_rs3api6clientNtB2_15SyncThingClient11set_ignores
FN:259,_RNvMNtNtCslTc8T3B5Qo0_16syncthing_mcp_rs3api6clientNtB2_15SyncThingClient12clear_errors
FN:173,_RNvMNtNtCslTc8T3B5Qo0_16syncthing_mcp_rs3api6clientNtB2_15SyncThingClient12list_devices
FN:100,_RNvMNtNtCslTc8T3B5Qo0_16syncthing_mcp_rs3api6clientNtB2_15SyncThingClient12list_folders
FN:207,_RNvMNtNtCslTc8T3B5Qo0_16syncthing_mcp_rs3api6clientNtB2_15SyncThingClient12patch_device
FN:132,_RNvMNtNtCslTc8T3B5Qo0_16syncthing_mcp_rs3api6clientNtB2_15SyncThingClient12patch_folder
FN:198,_RNvMNtNtCslTc8T3B5Qo0_16syncthing_mcp_rs3api6clientNtB2_15SyncThingClient13remove_device
FN:34,_RNvMNtNtCslTc8T3B5Qo0_16syncthing_mcp_rs3api6clientNtB2_15SyncThingClient15send_with_retry
FN:216,_RNvMNtNtCslTc8T3B5Qo0_16syncthing_mcp_rs3api6clientNtB2_15SyncThingClient17get_folder_status
FN:64,_RNvMNtNtCslTc8T3B5Qo0_16syncthing_mcp_rs3api6clientNtB2_15SyncThingClient17get_system_status
FN:73,_RNvMNtNtCslTc8T3B5Qo0_16syncthing_mcp_rs3api6clientNtB2_15SyncThingClient18get_system_version
FN:324,_RNvMNtNtCslTc8T3B5Qo0_16syncthing_mcp_rs3api6clientNtB2_15SyncThingClient19get_pending_devices
FN:227,_RNvMNtNtCslTc8T3B5Qo0_16syncthing_mcp_rs3api6clientNtB2_15SyncThingClient21get_device_completion
FN:333,_RNvMNtNtCslTc8T3B5Qo0_16syncthing_mcp_rs3api6clientNtB2_15SyncThingClient21remove_pending_device
FN:19,_RNvMNtNtCslTc8T3B5Qo0_16syncthing_mcp_rs3api6clientNtB2_15SyncThingClient3new
FN:294,_RNvMNtNtCslTc8T3B5Qo0_16syncthing_mcp_rs3api6clientNtB2_15SyncThingClient6browse
FN:238,_RNvMNtNtCslTc8T3B5Qo0_16syncthing_mcp_rs3api6clientNtB2_15SyncThingClient6rescan
FN:250,_RNvMNtNtCslTc8T3B5Qo0_16syncthing_mcp_rs3api6clientNtB2_15SyncThingClient7restart
FN:27,_RNvMNtNtCslTc8T3B5Qo0_16syncthing_mcp_rs3api6clientNtB2_15SyncThingClient8add_auth
FN:46,_RNCNCNCNvMNtNtCslTc8T3B5Qo0_16syncthing_mcp_rs3api6clientNtB8_15SyncThingClient15send_with_retry000Bc_
FN:49,_RNCNCNCNvMNtNtCslTc8T3B5Qo0_16syncthing_mcp_rs3api6clientNtB8_15SyncThingClient15send_with_retry00s_0Bc_
FN:45,_RNCNCNvMNtNtCslTc8T3B5Qo0_16syncthing_mcp_rs3api6clientNtB6_15SyncThingClient15send_with_retry00Ba_
FN:182,_RNCNvMNtNtCslTc8T3B5Qo0_16syncthing_mcp_rs3api6clientNtB4_15SyncThingClient10add_device0B8_
FN:109,_RNCNvMNtNtCslTc8T3B5Qo0_16syncthing_mcp_rs3api6clientNtB4_15SyncThingClient10add_folder0B8_
FN:82,_RNCNvMNtNtCslTc8T3B5Qo0_16syncthing_mcp_rs3api6clientNtB4_15SyncThingClient10get_config0B8_
FN:268,_RNCNvMNtNtCslTc8T3B5Qo0_16syncthing_mcp_rs3api6clientNtB4_15SyncThingClient10get_events0B8_
FN:123,_RNCNvMNtNtCslTc8T3B5Qo0_16syncthing_mcp_rs3api6clientNtB4_15SyncThingClient10get_folder0B8_
FN:91,_RNCNvMNtNtCslTc8T3B5Qo0_16syncthing_mcp_rs3api6clientNtB4_15SyncThingClient10set_config0B8_
FN:141,_RNCNvMNtNtCslTc8T3B5Qo0_16syncthing_mcp_rs3api6clientNtB4_15SyncThingClient11get_ignores0B8_
FN:155,_RNCNvMNtNtCslTc8T3B5Qo0_16syncthing_mcp_rs3api6clientNtB4_15SyncThingClient11set_ignores0B8_
FN:259,_RNCNvMNtNtCslTc8T3B5Qo0_16syncthing_mcp_rs3api6clientNtB4_15SyncThingClient12clear_errors0B8_
FN:173,_RNCNvMNtNtCslTc8T3B5Qo0_16syncthing_mcp_rs3api6clientNtB4_15SyncThingClient12list_devices0B8_
FN:100,_RNCNvMNtNtCslTc8T3B5Qo0_16syncthing_mcp_rs3api6clientNtB4_15SyncThingClient12list_folders0B8_
FN:207,_RNCNvMNtNtCslTc8T3B5Qo0_16syncthing_mcp_rs3api6clientNtB4_15SyncThingClient12patch_device0B8_
FN:132,_RNCNvMNtNtCslTc8T3B5Qo0_16syncthing_mcp_rs3api6clientNtB4_15SyncThingClient12patch_folder0B8_
FN:198,_RNCNvMNtNtCslTc8T3B5Qo0_16syncthing_mcp_rs3api6clientNtB4_15SyncThingClient13remove_device0B8_
FN:37,_RNCNvMNtNtCslTc8T3B5Qo0_16syncthing_mcp_rs3api6clientNtB4_15SyncThingClient15send_with_retry0B8_
FN:216,_RNCNvMNtNtCslTc8T3B5Qo0_16syncthing_mcp_rs3api6clientNtB4_15SyncThingClient17get_folder_status0B8_
FN:64,_RNCNvMNtNtCslTc8T3B5Qo0_16syncthing_mcp_rs3api6clientNtB4_15SyncThingClient17get_system_status0B8_
FN:73,_RNCNvMNtNtCslTc8T3B5Qo0_16syncthing_mcp_rs3api6clientNtB4_15SyncThingClient18get_system_version0B8_
FN:324,_RNCNvMNtNtCslTc8T3B5Qo0_16syncthing_mcp_rs3api6clientNtB4_15SyncThingClient19get_pending_devices0B8_
FN:227,_RNCNvMNtNtCslTc8T3B5Qo0_16syncthing_mcp_rs3api6clientNtB4_15SyncThingClient21get_device_completion0B8_
FN:333,_RNCNvMNtNtCslTc8T3B5Qo0_16syncthing_mcp_rs3api6clientNtB4_15SyncThingClient21remove_pending_device0B8_
FN:23,_RNCNvMNtNtCslTc8T3B5Qo0_16syncthing_mcp_rs3api6clientNtB4_15SyncThingClient3new0B8_
FN:299,_RNCNvMNtNtCslTc8T3B5Qo0_16syncthing_mcp_rs3api6clientNtB4_15SyncThingClient6browse0B8_
FN:238,_RNCNvMNtNtCslTc8T3B5Qo0_16syncthing_mcp_rs3api6clientNtB4_15SyncThingClient6rescan0B8_
FN:250,_RNCNvMNtNtCslTc8T3B5Qo0_16syncthing_mcp_rs3api6clientNtB4_15SyncThingClient7restart0B8_
FNDA:0,_RNCNvMNtNtCs7orm8c3ptPP_16syncthing_mcp_rs3api6clientNtB4_15SyncThingClient10add_folder0Cs8frq3e2teX3_23docker_integration_test
FNDA:0,_RNCNvMNtNtCs7orm8c3ptPP_16syncthing_mcp_rs3api6clientNtB4_15SyncThingClient10add_folder0B8_
FNDA:0,_RNCNCNCNvMNtNtCs7orm8c3ptPP_16syncthing_mcp_rs3api6clientNtB8_15SyncThingClient15send_with_retry000Bc_
FNDA:0,_RNCNCNCNvMNtNtCs7orm8c3ptPP_16syncthing_mcp_rs3api6clientNtB8_15SyncThingClient15send_with_retry00s_0Bc_
FNDA:0,_RNCNCNvMNtNtCs7orm8c3ptPP_16syncthing_mcp_rs3api6clientNtB6_15SyncThingClient15send_with_retry00Ba_
FNDA:0,_RNCNvMNtNtCs7orm8c3ptPP_16syncthing_mcp_rs3api6clientNtB4_15SyncThingClient10add_device0B8_
FNDA:0,_RNCNvMNtNtCs7orm8c3ptPP_16syncthing_mcp_rs3api6clientNtB4_15SyncThingClient10get_config0B8_
FNDA:0,_RNCNvMNtNtCs7orm8c3ptPP_16syncthing_mcp_rs3api6clientNtB4_15SyncThingClient10get_events0B8_
FNDA:0,_RNCNvMNtNtCs7orm8c3ptPP_16syncthing_mcp_rs3api6clientNtB4_15SyncThingClient10get_folder0B8_
FNDA:0,_RNCNvMNtNtCs7orm8c3ptPP_16syncthing_mcp_rs3api6clientNtB4_15SyncThingClient10set_config0B8_
FNDA:0,_RNCNvMNtNtCs7orm8c3ptPP_16syncthing_mcp_rs3api6clientNtB4_15SyncThingClient11get_ignores0B8_
FNDA:0,_RNCNvMNtNtCs7orm8c3ptPP_16syncthing_mcp_rs3api6clientNtB4_15SyncThingClient11set_ignores0B8_
FNDA:0,_RNCNvMNtNtCs7orm8c3ptPP_16syncthing_mcp_rs3api6clientNtB4_15SyncThingClient12clear_errors0B8_
FNDA:0,_RNCNvMNtNtCs7orm8c3ptPP_16syncthing_mcp_rs3api6clientNtB4_15SyncThingClient12list_devices0B8_
FNDA:0,_RNCNvMNtNtCs7orm8c3ptPP_16syncthing_mcp_rs3api6clientNtB4_15SyncThingClient12list_folders0B8_
FNDA:0,_RNCNvMNtNtCs7orm8c3ptPP_16syncthing_mcp_rs3api6clientNtB4_15SyncThingClient12patch_device0B8_
FNDA:0,_RNCNvMNtNtCs7orm8c3ptPP_16syncthing_mcp_rs3api6clientNtB4_15SyncThingClient12patch_folder0B8_
FNDA:0,_RNCNvMNtNtCs7orm8c3ptPP_16syncthing_mcp_rs3api6clientNtB4_15SyncThingClient13remove_device0B8_
FNDA:0,_RNCNvMNtNtCs7orm8c3ptPP_16syncthing_mcp_rs3api6clientNtB4_15SyncThingClient15send_with_retry0B8_
FNDA:0,_RNCNvMNtNtCs7orm8c3ptPP_16syncthing_mcp_rs3api6clientNtB4_15SyncThingClient17get_folder_status0B8_
FNDA:0,_RNCNvMNtNtCs7orm8c3ptPP_16syncthing_mcp_rs3api6clientNtB4_15SyncThingClient17get_system_status0B8_
FNDA:0,_RNCNvMNtNtCs7orm8c3ptPP_16syncthing_mcp_rs3api6clientNtB4_15SyncThingClient18get_system_version0B8_
FNDA:0,_RNCNvMNtNtCs7orm8c3ptPP_16syncthing_mcp_rs3api6clientNtB4_15SyncThingClient19get_pending_devices0B8_
FNDA:0,_RNCNvMNtNtCs7orm8c3ptPP_16syncthing_mcp_rs3api6clientNtB4_15SyncThingClient21get_device_completion0B8_
FNDA:0,_RNCNvMNtNtCs7orm8c3ptPP_16syncthing_mcp_rs3api6clientNtB4_15SyncThingClient21remove_pending_device0B8_
FNDA:0,_RNCNvMNtNtCs7orm8c3ptPP_16syncthing_mcp_rs3api6clientNtB4_15SyncThingClient3new0B8_
FNDA:0,_RNCNvMNtNtCs7orm8c3ptPP_16syncthing_mcp_rs3api6clientNtB4_15SyncThingClient6browse0B8_
FNDA:0,_RNCNvMNtNtCs7orm8c3ptPP_16syncthing_mcp_rs3api6clientNtB4_15SyncThingClient6rescan0B8_
FNDA:0,_RNCNvMNtNtCs7orm8c3ptPP_16syncthing_mcp_rs3api6clientNtB4_15SyncThingClient7restart0B8_
FNDA:0,_RNvMNtNtCs7orm8c3ptPP_16syncthing_mcp_rs3api6clientNtB2_15SyncThingClient10add_device
FNDA:0,_RNvMNtNtCs7orm8c3ptPP_16syncthing_mcp_rs3api6clientNtB2_15SyncThingClient10add_folder
FNDA:0,_RNvMNtNtCs7orm8c3ptPP_16syncthing_mcp_rs3api6clientNtB2_15SyncThingClient10get_config
FNDA:0,_RNvMNtNtCs7orm8c3ptPP_16syncthing_mcp_rs3api6clientNtB2_15SyncThingClient10get_events
FNDA:0,_RNvMNtNtCs7orm8c3ptPP_16syncthing_mcp_rs3api6clientNtB2_15SyncThingClient10get_folder
FNDA:0,_RNvMNtNtCs7orm8c3ptPP_16syncthing_mcp_rs3api6clientNtB2_15SyncThingClient10set_config
FNDA:0,_RNvMNtNtCs7orm8c3ptPP_16syncthing_mcp_rs3api6clientNtB2_15SyncThingClient11get_ignores
FNDA:0,_RNvMNtNtCs7orm8c3ptPP_16syncthing_mcp_rs3api6clientNtB2_15SyncThingClient11set_ignores
FNDA:0,_RNvMNtNtCs7orm8c3ptPP_16syncthing_mcp_rs3api6clientNtB2_15SyncThingClient12clear_errors
FNDA:0,_RNvMNtNtCs7orm8c3ptPP_16syncthing_mcp_rs3api6clientNtB2_15SyncThingClient12list_devices
FNDA:0,_RNvMNtNtCs7orm8c3ptPP_16syncthing_mcp_rs3api6clientNtB2_15SyncThingClient12list_folders
FNDA:0,_RNvMNtNtCs7orm8c3ptPP_16syncthing_mcp_rs3api6clientNtB2_15SyncThingClient12patch_device
FNDA:0,_RNvMNtNtCs7orm8c3ptPP_16syncthing_mcp_rs3api6clientNtB2_15SyncThingClient12patch_folder
FNDA:0,_RNvMNtNtCs7orm8c3ptPP_16syncthing_mcp_rs3api6clientNtB2_15SyncThingClient13remove_device
FNDA:0,_RNvMNtNtCs7orm8c3ptPP_16syncthing_mcp_rs3api6clientNtB2_15SyncThingClient15send_with_retry
FNDA:0,_RNvMNtNtCs7orm8c3ptPP_16syncthing_mcp_rs3api6clientNtB2_15SyncThingClient17get_folder_status
FNDA:0,_RNvMNtNtCs7orm8c3ptPP_16syncthing_mcp_rs3api6clientNtB2_15SyncThingClient17get_system_status
FNDA:0,_RNvMNtNtCs7orm8c3ptPP_16syncthing_mcp_rs3api6clientNtB2_15SyncThingClient18get_system_version
FNDA:0,_RNvMNtNtCs7orm8c3ptPP_16syncthing_mcp_rs3api6clientNtB2_15SyncThingClient19get_pending_devices
FNDA:0,_RNvMNtNtCs7orm8c3ptPP_16syncthing_mcp_rs3api6clientNtB2_15SyncThingClient21get_device_completion
FNDA:0,_RNvMNtNtCs7orm8c3ptPP_16syncthing_mcp_rs3api6clientNtB2_15SyncThingClient21remove_pending_device
FNDA:0,_RNvMNtNtCs7orm8c3ptPP_16syncthing_mcp_rs3api6clientNtB2_15SyncThingClient3new
FNDA:0,_RNvMNtNtCs7orm8c3ptPP_16syncthing_mcp_rs3api6clientNtB2_15SyncThingClient6browse
FNDA:0,_RNvMNtNtCs7orm8c3ptPP_16syncthing_mcp_rs3api6clientNtB2_15SyncThingClient6rescan
FNDA:0,_RNvMNtNtCs7orm8c3ptPP_16syncthing_mcp_rs3api6clientNtB2_15SyncThingClient7restart
FNDA:0,_RNvMNtNtCs7orm8c3ptPP_16syncthing_mcp_rs3api6clientNtB2_15SyncThingClient8add_auth
FNDA:2,_RNvMNtNtCslTc8T3B5Qo0_16syncthing_mcp_rs3api6clientNtB2_15SyncThingClient10add_device
FNDA:1,_RNvMNtNtCslTc8T3B5Qo0_16syncthing_mcp_rs3api6clientNtB2_15SyncThingClient10add_folder
FNDA:3,_RNvMNtNtCslTc8T3B5Qo0_16syncthing_mcp_rs3api6clientNtB2_15SyncThingClient10get_config
FNDA:7,_RNvMNtNtCslTc8T3B5Qo0_16syncthing_mcp_rs3api6clientNtB2_15SyncThingClient10get_events
FNDA:4,_RNvMNtNtCslTc8T3B5Qo0_16syncthing_mcp_rs3api6clientNtB2_15SyncThingClient10get_folder
FNDA:2,_RNvMNtNtCslTc8T3B5Qo0_16syncthing_mcp_rs3api6clientNtB2_15SyncThingClient10set_config
FNDA:4,_RNvMNtNtCslTc8T3B5Qo0_16syncthing_mcp_rs3api6clientNtB2_15SyncThingClient11get_ignores
FNDA:3,_RNvMNtNtCslTc8T3B5Qo0_16syncthing_mcp_rs3api6clientNtB2_15SyncThingClient11set_ignores
FNDA:2,_RNvMNtNtCslTc8T3B5Qo0_16syncthing_mcp_rs3api6clientNtB2_15SyncThingClient12clear_errors
FNDA:3,_RNvMNtNtCslTc8T3B5Qo0_16syncthing_mcp_rs3api6clientNtB2_15SyncThingClient12list_devices
FNDA:2,_RNvMNtNtCslTc8T3B5Qo0_16syncthing_mcp_rs3api6clientNtB2_15SyncThingClient12list_folders
FNDA:3,_RNvMNtNtCslTc8T3B5Qo0_16syncthing_mcp_rs3api6clientNtB2_15SyncThingClient12patch_device
FNDA:3,_RNvMNtNtCslTc8T3B5Qo0_16syncthing_mcp_rs3api6clientNtB2_15SyncThingClient12patch_folder
FNDA:2,_RNvMNtNtCslTc8T3B5Qo0_16syncthing_mcp_rs3api6clientNtB2_15SyncThingClient13remove_device
FNDA:64,_RNvMNtNtCslTc8T3B5Qo0_16syncthing_mcp_rs3api6clientNtB2_15SyncThingClient15send_with_retry
FNDA:2,_RNvMNtNtCslTc8T3B5Qo0_16syncthing_mcp_rs3api6clientNtB2_15SyncThingClient17get_folder_status
FNDA:8,_RNvMNtNtCslTc8T3B5Qo0_16syncthing_mcp_rs3api6clientNtB2_15SyncThingClient17get_system_status
FNDA:4,_RNvMNtNtCslTc8T3B5Qo0_16syncthing_mcp_rs3api6clientNtB2_15SyncThingClient18get_system_version
FNDA:1,_RNvMNtNtCslTc8T3B5Qo0_16syncthing_mcp_rs3api6clientNtB2_15SyncThingClient19get_pending_devices
FNDA:2,_RNvMNtNtCslTc8T3B5Qo0_16syncthing_mcp_rs3api6clientNtB2_15SyncThingClient21get_device_completion
FNDA:1,_RNvMNtNtCslTc8T3B5Qo0_16syncthing_mcp_rs3api6clientNtB2_15SyncThingClient21remove_pending_device
FNDA:64,_RNvMNtNtCslTc8T3B5Qo0_16syncthing_mcp_rs3api6clientNtB2_15SyncThingClient3new
FNDA:1,_RNvMNtNtCslTc8T3B5Qo0_16syncthing_mcp_rs3api6clientNtB2_15SyncThingClient6browse
FNDA:2,_RNvMNtNtCslTc8T3B5Qo0_16syncthing_mcp_rs3api6clientNtB2_15SyncThingClient6rescan
FNDA:2,_RNvMNtNtCslTc8T3B5Qo0_16syncthing_mcp_rs3api6clientNtB2_15SyncThingClient7restart
FNDA:64,_RNvMNtNtCslTc8T3B5Qo0_16syncthing_mcp_rs3api6clientNtB2_15SyncThingClient8add_auth
FNDA:0,_RNCNCNCNvMNtNtCslTc8T3B5Qo0_16syncthing_mcp_rs3api6clientNtB8_15SyncThingClient15send_with_retry000Bc_
FNDA:69,_RNCNCNCNvMNtNtCslTc8T3B5Qo0_16syncthing_mcp_rs3api6clientNtB8_15SyncThingClient15send_with_retry00s_0Bc_
FNDA:69,_RNCNCNvMNtNtCslTc8T3B5Qo0_16syncthing_mcp_rs3api6clientNtB6_15SyncThingClient15send_with_retry00Ba_
FNDA:2,_RNCNvMNtNtCslTc8T3B5Qo0_16syncthing_mcp_rs3api6clientNtB4_15SyncThingClient10add_device0B8_
FNDA:1,_RNCNvMNtNtCslTc8T3B5Qo0_16syncthing_mcp_rs3api6clientNtB4_15SyncThingClient10add_folder0B8_
FNDA:3,_RNCNvMNtNtCslTc8T3B5Qo0_16syncthing_mcp_rs3api6clientNtB4_15SyncThingClient10get_config0B8_
FNDA:7,_RNCNvMNtNtCslTc8T3B5Qo0_16syncthing_mcp_rs3api6clientNtB4_15SyncThingClient10get_events0B8_
FNDA:4,_RNCNvMNtNtCslTc8T3B5Qo0_16syncthing_mcp_rs3api6clientNtB4_15SyncThingClient10get_folder0B8_
FNDA:2,_RNCNvMNtNtCslTc8T3B5Qo0_16syncthing_mcp_rs3api6clientNtB4_15SyncThingClient10set_config0B8_
FNDA:4,_RNCNvMNtNtCslTc8T3B5Qo0_16syncthing_mcp_rs3api6clientNtB4_15SyncThingClient11get_ignores0B8_
FNDA:3,_RNCNvMNtNtCslTc8T3B5Qo0_16syncthing_mcp_rs3api6clientNtB4_15SyncThingClient11set_ignores0B8_
FNDA:2,_RNCNvMNtNtCslTc8T3B5Qo0_16syncthing_mcp_rs3api6clientNtB4_15SyncThingClient12clear_errors0B8_
FNDA:3,_RNCNvMNtNtCslTc8T3B5Qo0_16syncthing_mcp_rs3api6clientNtB4_15SyncThingClient12list_devices0B8_
FNDA:2,_RNCNvMNtNtCslTc8T3B5Qo0_16syncthing_mcp_rs3api6clientNtB4_15SyncThingClient12list_folders0B8_
FNDA:3,_RNCNvMNtNtCslTc8T3B5Qo0_16syncthing_mcp_rs3api6clientNtB4_15SyncThingClient12patch_device0B8_
FNDA:3,_RNCNvMNtNtCslTc8T3B5Qo0_16syncthing_mcp_rs3api6clientNtB4_15SyncThingClient12patch_folder0B8_
FNDA:2,_RNCNvMNtNtCslTc8T3B5Qo0_16syncthing_mcp_rs3api6clientNtB4_15SyncThingClient13remove_device0B8_
FNDA:64,_RNCNvMNtNtCslTc8T3B5Qo0_16syncthing_mcp_rs3api6clientNtB4_15SyncThingClient15send_with_retry0B8_
FNDA:2,_RNCNvMNtNtCslTc8T3B5Qo0_16syncthing_mcp_rs3api6clientNtB4_15SyncThingClient17get_folder_status0B8_
FNDA:8,_RNCNvMNtNtCslTc8T3B5Qo0_16syncthing_mcp_rs3api6clientNtB4_15SyncThingClient17get_system_status0B8_
FNDA:4,_RNCNvMNtNtCslTc8T3B5Qo0_16syncthing_mcp_rs3api6clientNtB4_15SyncThingClient18get_system_version0B8_
FNDA:1,_RNCNvMNtNtCslTc8T3B5Qo0_16syncthing_mcp_rs3api6clientNtB4_15SyncThingClient19get_pending_devices0B8_
FNDA:2,_RNCNvMNtNtCslTc8T3B5Qo0_16syncthing_mcp_rs3api6clientNtB4_15SyncThingClient21get_device_completion0B8_
FNDA:1,_RNCNvMNtNtCslTc8T3B5Qo0_16syncthing_mcp_rs3api6clientNtB4_15SyncThingClient21remove_pending_device0B8_
FNDA:0,_RNCNvMNtNtCslTc8T3B5Qo0_16syncthing_mcp_rs3api6clientNtB4_15SyncThingClient3new0B8_
FNDA:1,_RNCNvMNtNtCslTc8T3B5Qo0_16syncthing_mcp_rs3api6clientNtB4_15SyncThingClient6browse0B8_
FNDA:2,_RNCNvMNtNtCslTc8T3B5Qo0_16syncthing_mcp_rs3api6clientNtB4_15SyncThingClient6rescan0B8_
FNDA:2,_RNCNvMNtNtCslTc8T3B5Qo0_16syncthing_mcp_rs3api6clientNtB4_15SyncThingClient7restart0B8_
FNF:54
FNH:52
DA:19,64
DA:20,64
DA:21,64
DA:22,64
DA:23,64
DA:24,64
DA:25,64
DA:27,64
DA:28,64
DA:29,26
DA:30,38
DA:31,64
DA:32,64
DA:34,64
DA:35,64
DA:36,64
DA:37,64
DA:38,64
DA:39,64
DA:41,64
DA:42,64
DA:43,64
DA:45,69
DA:46,69
DA:47,0
DA:48,0
DA:49,69
DA:50,69
DA:51,69
DA:53,66
DA:54,4
DA:55,62
DA:57,62
DA:58,68
DA:59,69
DA:60,64
DA:61,63
DA:64,8
DA:65,8
DA:66,8
DA:67,8
DA:68,8
DA:69,5
DA:70,8
DA:73,4
DA:74,4
DA:75,4
DA:76,4
DA:77,4
DA:78,4
DA:79,4
DA:82,3
DA:83,3
DA:84,3
DA:85,3
DA:86,3
DA:87,3
DA:88,3
DA:91,2
DA:92,2
DA:93,2
DA:94,2
DA:95,2
DA:96,2
DA:97,2
DA:100,2
DA:101,2
DA:102,2
DA:103,2
DA:104,2
DA:105,2
DA:106,2
DA:109,1
DA:110,1
DA:111,1
DA:112,1
DA:113,1
DA:114,1
DA:115,1
DA:117,1
DA:118,1
DA:119,1
DA:120,1
DA:123,4
DA:124,4
DA:125,4
DA:126,4
DA:127,4
DA:128,4
DA:129,4
DA:132,3
DA:133,3
DA:134,3
DA:135,3
DA:136,3
DA:137,3
DA:138,3
DA:141,4
DA:142,4
DA:146,4
DA:147,4
DA:148,4
DA:149,4
DA:150,4
DA:151,4
DA:152,4
DA:155,3
DA:156,3
DA:160,3
DA:161,3
DA:162,3
DA:164,3
DA:165,3
DA:166,3
DA:167,3
DA:168,3
DA:169,3
DA:170,3
DA:173,3
DA:174,3
DA:175,3
DA:176,3
DA:177,3
DA:178,3
DA:179,3
DA:182,2
DA:183,2
DA:184,2
DA:185,2
DA:186,2
DA:187,2
DA:189,2
DA:190,2
DA:191,2
DA:192,2
DA:193,2
DA:194,2
DA:195,2
DA:198,2
DA:199,2
DA:200,2
DA:201,2
DA:202,2
DA:203,2
DA:204,2
DA:207,3
DA:208,3
DA:209,3
DA:210,3
DA:211,3
DA:212,3
DA:213,3
DA:216,2
DA:217,2
DA:218,2
DA:219,2
DA:220,2
DA:221,2
DA:222,2
DA:223,2
DA:224,2
DA:227,2
DA:228,2
DA:229,2
DA:230,2
DA:231,2
DA:232,2
DA:233,2
DA:234,2
DA:235,2
DA:238,2
DA:239,2
DA:240,2
DA:241,2
DA:242,2
DA:243,2
DA:244,2
DA:245,2
DA:246,2
DA:247,2
DA:250,2
DA:251,2
DA:252,2
DA:253,2
DA:254,2
DA:255,2
DA:256,2
DA:259,2
DA:260,2
DA:261,2
DA:262,2
DA:263,2
DA:264,2
DA:265,2
DA:268,7
DA:269,7
DA:274,7
DA:275,7
DA:277,7
DA:278,7
DA:279,0
DA:280,7
DA:281,7
DA:282,6
DA:283,6
DA:285,7
DA:286,6
DA:287,6
DA:289,7
DA:290,6
DA:291,6
DA:294,1
DA:295,1
DA:296,1
DA:297,1
DA:298,1
DA:299,1
DA:300,1
DA:306,1
DA:307,1
DA:309,1
DA:310,1
DA:311,0
DA:312,1
DA:313,1
DA:314,1
DA:315,1
DA:317,1
DA:319,1
DA:320,1
DA:321,1
DA:324,1
DA:325,1
DA:326,1
DA:327,1
DA:328,1
DA:329,1
DA:330,1
DA:333,1
DA:334,1
DA:335,1
DA:336,1
DA:337,1
DA:338,1
DA:339,1
DA:340,1
DA:341,1
BRF:0
BRH:0
LF:274
LH:268
end_of_record
SF:/home/nicholas/git/nicholaswilde/syncthing-mcp-rs/src/api/models.rs
FN:173,_RNvMNtNtCs7orm8c3ptPP_16syncthing_mcp_rs3api6modelsNtB2_5Event7summary
FN:173,_RNvMNtNtCslTc8T3B5Qo0_16syncthing_mcp_rs3api6modelsNtB2_5Event7summary
FNDA:0,_RNvMNtNtCs7orm8c3ptPP_16syncthing_mcp_rs3api6modelsNtB2_5Event7summary
FNDA:6,_RNvMNtNtCslTc8T3B5Qo0_16syncthing_mcp_rs3api6modelsNtB2_5Event7summary
FNF:1
FNH:1
DA:173,6
DA:174,6
DA:176,2
DA:178,2
DA:181,3
DA:182,3
DA:183,3
DA:185,3
DA:187,0
DA:188,0
DA:190,0
DA:191,0
DA:194,0
DA:197,1
DA:199,6
BRF:0
BRH:0
LF:15
LH:10
end_of_record
SF:/home/nicholas/git/nicholaswilde/syncthing-mcp-rs/src/config/mod.rs
FN:345,_RNvMs0_NtCs7orm8c3ptPP_16syncthing_mcp_rs6configNtB5_9AppConfig12get_instance
FN:201,_RNvMs0_NtCs7orm8c3ptPP_16syncthing_mcp_rs6configNtB5_9AppConfig4load
FN:303,_RNvMs0_NtCs7orm8c3ptPP_16syncthing_mcp_rs6configNtB5_9AppConfig8validate
FN:371,_RNvNtCs7orm8c3ptPP_16syncthing_mcp_rs6config10parse_args
FN:80,_RNvNtCs7orm8c3ptPP_16syncthing_mcp_rs6config17default_log_level
FN:76,_RNvNtCs7orm8c3ptPP_16syncthing_mcp_rs6config17default_transport
FN:108,_RNvNtCs7orm8c3ptPP_16syncthing_mcp_rs6config18default_mcp_events
FN:84,_RNvNtCs7orm8c3ptPP_16syncthing_mcp_rs6config21default_no_verify_ssl
FN:100,_RNvNtCs7orm8c3ptPP_16syncthing_mcp_rs6config24default_http_server_host
FN:104,_RNvNtCs7orm8c3ptPP_16syncthing_mcp_rs6config24default_http_server_port
FN:88,_RNvNtCs7orm8c3ptPP_16syncthing_mcp_rs6config26default_retry_max_attempts
FN:96,_RNvNtCs7orm8c3ptPP_16syncthing_mcp_rs6config27default_http_server_enabled
FN:92,_RNvNtCs7orm8c3ptPP_16syncthing_mcp_rs6config32default_retry_initial_backoff_ms
FN:118,_RNvXNtCs7orm8c3ptPP_16syncthing_mcp_rs6configNtB2_16HttpServerConfigNtNtCs4kUJL3MZFFz_4core7default7Default7default
FN:157,_RNvXNvNtCs7orm8c3ptPP_16syncthing_mcp_rs6config21deserialize_instancesNtB2_16InstancesVisitorNtNtCsdBCzScGN83d_10serde_core2de7Visitor9expecting
FN:129,_RNvXs_NtCs7orm8c3ptPP_16syncthing_mcp_rs6configNtB4_9AppConfigNtNtCs4kUJL3MZFFz_4core7default7Default7default
FN:146,_RINvNtCs7orm8c3ptPP_16syncthing_mcp_rs6config21deserialize_instancesNtNtCskKReQhBxl62_6config5value5ValueEB4_
FN:172,_RINvXNvNtCs7orm8c3ptPP_16syncthing_mcp_rs6config21deserialize_instancesNtB3_16InstancesVisitorNtNtCsdBCzScGN83d_10serde_core2de7Visitor9visit_mapNtNtCskKReQhBxl62_6config2de9MapAccessEB7_
FN:161,_RINvXNvNtCs7orm8c3ptPP_16syncthing_mcp_rs6config21deserialize_instancesNtB3_16InstancesVisitorNtNtCsdBCzScGN83d_10serde_core2de7Visitor9visit_seqNtNtCskKReQhBxl62_6config2de9SeqAccessEB7_
FN:353,_RNCNvMs0_NtCs7orm8c3ptPP_16syncthing_mcp_rs6configNtB7_9AppConfig12get_instance0B9_
FN:364,_RNCNvMs0_NtCs7orm8c3ptPP_16syncthing_mcp_rs6configNtB7_9AppConfig12get_instances0_0B9_
FN:365,_RNCNvMs0_NtCs7orm8c3ptPP_16syncthing_mcp_rs6configNtB7_9AppConfig12get_instances1_0B9_
FN:358,_RNCNvMs0_NtCs7orm8c3ptPP_16syncthing_mcp_rs6configNtB7_9AppConfig12get_instances_0B9_
FN:293,_RNCNvMs0_NtCs7orm8c3ptPP_16syncthing_mcp_rs6configNtB7_9AppConfig4load0B9_
FN:146,_RINvNtCslTc8T3B5Qo0_16syncthing_mcp_rs6config21deserialize_instancesNtNtCskKReQhBxl62_6config5value5ValueEB4_
FN:172,_RINvXNvNtCslTc8T3B5Qo0_16syncthing_mcp_rs6config21deserialize_instancesNtB3_16InstancesVisitorNtNtCsdBCzScGN83d_10serde_core2de7Visitor9visit_mapNtNtCskKReQhBxl62_6config2de9MapAccessEB7_
FN:161,_RINvXNvNtCslTc8T3B5Qo0_16syncthing_mcp_rs6config21deserialize_instancesNtB3_16InstancesVisitorNtNtCsdBCzScGN83d_10serde_core2de7Visitor9visit_seqNtNtCskKReQhBxl62_6config2de9SeqAccessEB7_
FN:353,_RNCNvMs0_NtCslTc8T3B5Qo0_16syncthing_mcp_rs6configNtB7_9AppConfig12get_instance0B9_
FN:364,_RNCNvMs0_NtCslTc8T3B5Qo0_16syncthing_mcp_rs6configNtB7_9AppConfig12get_instances0_0B9_
FN:365,_RNCNvMs0_NtCslTc8T3B5Qo0_16syncthing_mcp_rs6configNtB7_9AppConfig12get_instances1_0B9_
FN:358,_RNCNvMs0_NtCslTc8T3B5Qo0_16syncthing_mcp_rs6configNtB7_9AppConfig12get_instances_0B9_
FN:293,_RNCNvMs0_NtCslTc8T3B5Qo0_16syncthing_mcp_rs6configNtB7_9AppConfig4load0B9_
FN:345,_RNvMs0_NtCslTc8T3B5Qo0_16syncthing_mcp_rs6configNtB5_9AppConfig12get_instance
FN:201,_RNvMs0_NtCslTc8T3B5Qo0_16syncthing_mcp_rs6configNtB5_9AppConfig4load
FN:303,_RNvMs0_NtCslTc8T3B5Qo0_16syncthing_mcp_rs6configNtB5_9AppConfig8validate
FN:371,_RNvNtCslTc8T3B5Qo0_16syncthing_mcp_rs6config10parse_args
FN:80,_RNvNtCslTc8T3B5Qo0_16syncthing_mcp_rs6config17default_log_level
FN:76,_RNvNtCslTc8T3B5Qo0_16syncthing_mcp_rs6config17default_transport
FN:108,_RNvNtCslTc8T3B5Qo0_16syncthing_mcp_rs6config18default_mcp_events
FN:84,_RNvNtCslTc8T3B5Qo0_16syncthing_mcp_rs6config21default_no_verify_ssl
FN:100,_RNvNtCslTc8T3B5Qo0_16syncthing_mcp_rs6config24default_http_server_host
FN:104,_RNvNtCslTc8T3B5Qo0_16syncthing_mcp_rs6config24default_http_server_port
FN:88,_RNvNtCslTc8T3B5Qo0_16syncthing_mcp_rs6config26default_retry_max_attempts
FN:96,_RNvNtCslTc8T3B5Qo0_16syncthing_mcp_rs6config27default_http_server_enabled
FN:92,_RNvNtCslTc8T3B5Qo0_16syncthing_mcp_rs6config32default_retry_initial_backoff_ms
FN:118,_RNvXNtCslTc8T3B5Qo0_16syncthing_mcp_rs6configNtB2_16HttpServerConfigNtNtCs4kUJL3MZFFz_4core7default7Default7default
FN:157,_RNvXNvNtCslTc8T3B5Qo0_16syncthing_mcp_rs6config21deserialize_instancesNtB2_16InstancesVisitorNtNtCsdBCzScGN83d_10serde_core2de7Visitor9expecting
FN:129,_RNvXs_NtCslTc8T3B5Qo0_16syncthing_mcp_rs6configNtB4_9AppConfigNtNtCs4kUJL3MZFFz_4core7default7Default7default
FNDA:0,_RNvMs0_NtCs7orm8c3ptPP_16syncthing_mcp_rs6configNtB5_9AppConfig12get_instance
FNDA:0,_RNvMs0_NtCs7orm8c3ptPP_16syncthing_mcp_rs6configNtB5_9AppConfig4load
FNDA:0,_RNvMs0_NtCs7orm8c3ptPP_16syncthing_mcp_rs6configNtB5_9AppConfig8validate
FNDA:0,_RNvNtCs7orm8c3ptPP_16syncthing_mcp_rs6config10parse_args
FNDA:0,_RNvNtCs7orm8c3ptPP_16syncthing_mcp_rs6config17default_log_level
FNDA:0,_RNvNtCs7orm8c3ptPP_16syncthing_mcp_rs6config17default_transport
FNDA:0,_RNvNtCs7orm8c3ptPP_16syncthing_mcp_rs6config18default_mcp_events
FNDA:0,_RNvNtCs7orm8c3ptPP_16syncthing_mcp_rs6config21default_no_verify_ssl
FNDA:0,_RNvNtCs7orm8c3ptPP_16syncthing_mcp_rs6config24default_http_server_host
FNDA:0,_RNvNtCs7orm8c3ptPP_16syncthing_mcp_rs6config24default_http_server_port
FNDA:0,_RNvNtCs7orm8c3ptPP_16syncthing_mcp_rs6config26default_retry_max_attempts
FNDA:0,_RNvNtCs7orm8c3ptPP_16syncthing_mcp_rs6config27default_http_server_enabled
FNDA:0,_RNvNtCs7orm8c3ptPP_16syncthing_mcp_rs6config32default_retry_initial_backoff_ms
FNDA:0,_RNvXNtCs7orm8c3ptPP_16syncthing_mcp_rs6configNtB2_16HttpServerConfigNtNtCs4kUJL3MZFFz_4core7default7Default7default
FNDA:0,_RNvXNvNtCs7orm8c3ptPP_16syncthing_mcp_rs6config21deserialize_instancesNtB2_16InstancesVisitorNtNtCsdBCzScGN83d_10serde_core2de7Visitor9expecting
FNDA:0,_RNvXs_NtCs7orm8c3ptPP_16syncthing_mcp_rs6configNtB4_9AppConfigNtNtCs4kUJL3MZFFz_4core7default7Default7default
FNDA:0,_RINvNtCs7orm8c3ptPP_16syncthing_mcp_rs6config21deserialize_instancesNtNtCskKReQhBxl62_6config5value5ValueEB4_
FNDA:0,_RINvXNvNtCs7orm8c3ptPP_16syncthing_mcp_rs6config21deserialize_instancesNtB3_16InstancesVisitorNtNtCsdBCzScGN83d_10serde_core2de7Visitor9visit_mapNtNtCskKReQhBxl62_6config2de9MapAccessEB7_
FNDA:0,_RINvXNvNtCs7orm8c3ptPP_16syncthing_mcp_rs6config21deserialize_instancesNtB3_16InstancesVisitorNtNtCsdBCzScGN83d_10serde_core2de7Visitor9visit_seqNtNtCskKReQhBxl62_6config2de9SeqAccessEB7_
FNDA:0,_RNCNvMs0_NtCs7orm8c3ptPP_16syncthing_mcp_rs6configNtB7_9AppConfig12get_instance0B9_
FNDA:0,_RNCNvMs0_NtCs7orm8c3ptPP_16syncthing_mcp_rs6configNtB7_9AppConfig12get_instances0_0B9_
FNDA:0,_RNCNvMs0_NtCs7orm8c3ptPP_16syncthing_mcp_rs6configNtB7_9AppConfig12get_instances1_0B9_
FNDA:0,_RNCNvMs0_NtCs7orm8c3ptPP_16syncthing_mcp_rs6configNtB7_9AppConfig12get_instances_0B9_
FNDA:0,_RNCNvMs0_NtCs7orm8c3ptPP_16syncthing_mcp_rs6configNtB7_9AppConfig4load0B9_
FNDA:2,_RINvNtCslTc8T3B5Qo0_16syncthing_mcp_rs6config21deserialize_instancesNtNtCskKReQhBxl62_6config5value5ValueEB4_
FNDA:1,_RINvXNvNtCslTc8T3B5Qo0_16syncthing_mcp_rs6config21deserialize_instancesNtB3_16InstancesVisitorNtNtCsdBCzScGN83d_10serde_core2de7Visitor9visit_mapNtNtCskKReQhBxl62_6config2de9MapAccessEB7_
FNDA:1,_RINvXNvNtCslTc8T3B5Qo0_16syncthing_mcp_rs6config21deserialize_instancesNtB3_16InstancesVisitorNtNtCsdBCzScGN83d_10serde_core2de7Visitor9visit_seqNtNtCskKReQhBxl62_6config2de9SeqAccessEB7_
FNDA:0,_RNCNvMs0_NtCslTc8T3B5Qo0_16syncthing_mcp_rs6configNtB7_9AppConfig12get_instance0B9_
FNDA:10,_RNCNvMs0_NtCslTc8T3B5Qo0_16syncthing_mcp_rs6configNtB7_9AppConfig12get_instances0_0B9_
FNDA:2,_RNCNvMs0_NtCslTc8T3B5Qo0_16syncthing_mcp_rs6configNtB7_9AppConfig12get_instances1_0B9_
FNDA:2,_RNCNvMs0_NtCslTc8T3B5Qo0_16syncthing_mcp_rs6configNtB7_9AppConfig12get_instances_0B9_
FNDA:0,_RNCNvMs0_NtCslTc8T3B5Qo0_16syncthing_mcp_rs6configNtB7_9AppConfig4load0B9_
FNDA:38,_RNvMs0_NtCslTc8T3B5Qo0_16syncthing_mcp_rs6configNtB5_9AppConfig12get_instance
FNDA:12,_RNvMs0_NtCslTc8T3B5Qo0_16syncthing_mcp_rs6configNtB5_9AppConfig4load
FNDA:15,_RNvMs0_NtCslTc8T3B5Qo0_16syncthing_mcp_rs6configNtB5_9AppConfig8validate
FNDA:12,_RNvNtCslTc8T3B5Qo0_16syncthing_mcp_rs6config10parse_args
FNDA:0,_RNvNtCslTc8T3B5Qo0_16syncthing_mcp_rs6config17default_log_level
FNDA:0,_RNvNtCslTc8T3B5Qo0_16syncthing_mcp_rs6config17default_transport
FNDA:48,_RNvNtCslTc8T3B5Qo0_16syncthing_mcp_rs6config18default_mcp_events
FNDA:0,_RNvNtCslTc8T3B5Qo0_16syncthing_mcp_rs6config21default_no_verify_ssl
FNDA:0,_RNvNtCslTc8T3B5Qo0_16syncthing_mcp_rs6config24default_http_server_host
FNDA:0,_RNvNtCslTc8T3B5Qo0_16syncthing_mcp_rs6config24default_http_server_port
FNDA:0,_RNvNtCslTc8T3B5Qo0_16syncthing_mcp_rs6config26default_retry_max_attempts
FNDA:0,_RNvNtCslTc8T3B5Qo0_16syncthing_mcp_rs6config27default_http_server_enabled
FNDA:0,_RNvNtCslTc8T3B5Qo0_16syncthing_mcp_rs6config32default_retry_initial_backoff_ms
FNDA:37,_RNvXNtCslTc8T3B5Qo0_16syncthing_mcp_rs6configNtB2_16HttpServerConfigNtNtCs4kUJL3MZFFz_4core7default7Default7default
FNDA:0,_RNvXNvNtCslTc8T3B5Qo0_16syncthing_mcp_rs6config21deserialize_instancesNtB2_16InstancesVisitorNtNtCsdBCzScGN83d_10serde_core2de7Visitor9expecting
FNDA:37,_RNvXs_NtCslTc8T3B5Qo0_16syncthing_mcp_rs6configNtB4_9AppConfigNtNtCs4kUJL3MZFFz_4core7default7Default7default
FNF:24
FNH:13
DA:76,0
DA:77,0
DA:78,0
DA:80,0
DA:81,0
DA:82,0
DA:84,0
DA:85,0
DA:86,0
DA:88,0
DA:89,0
DA:90,0
DA:92,0
DA:93,0
DA:94,0
DA:96,0
DA:97,0
DA:98,0
DA:100,0
DA:101,0
DA:102,0
DA:104,0
DA:105,0
DA:106,0
DA:108,48
DA:109,48
DA:110,48
DA:111,48
DA:112,48
DA:113,48
DA:115,48
DA:118,37
DA:119,37
DA:120,37
DA:121,37
DA:122,37
DA:123,37
DA:124,37
DA:125,37
DA:129,37
DA:130,37
DA:131,37
DA:132,37
DA:133,37
DA:134,37
DA:135,37
DA:136,37
DA:137,37
DA:138,37
DA:139,37
DA:140,37
DA:141,37
DA:142,37
DA:143,37
DA:146,2
DA:147,2
DA:148,2
DA:157,0
DA:158,0
DA:159,0
DA:161,1
DA:162,1
DA:163,1
DA:165,1
DA:166,3
DA:167,2
DA:168,2
DA:169,1
DA:170,1
DA:172,1
DA:173,1
DA:174,1
DA:176,1
DA:177,3
DA:178,2
DA:179,2
DA:180,1
DA:181,1
DA:184,2
DA:185,2
DA:201,12
DA:202,12
DA:203,12
DA:204,12
DA:205,12
DA:206,12
DA:208,12
DA:209,1
DA:210,1
DA:211,1
DA:212,1
DA:213,1
DA:214,0
DA:215,0
DA:216,0
DA:218,1
DA:219,11
DA:222,11
DA:223,5
DA:225,6
DA:229,11
DA:230,11
DA:231,11
DA:232,11
DA:233,11
DA:234,11
DA:235,11
DA:236,11
DA:237,11
DA:238,11
DA:239,11
DA:240,11
DA:243,11
DA:244,5
DA:245,5
DA:246,6
DA:247,6
DA:248,6
DA:249,6
DA:250,6
DA:254,11
DA:255,11
DA:256,11
DA:257,11
DA:258,11
DA:262,11
DA:263,1
DA:264,10
DA:265,11
DA:266,1
DA:267,10
DA:268,11
DA:269,0
DA:270,11
DA:271,11
DA:272,0
DA:273,11
DA:274,11
DA:275,0
DA:276,11
DA:277,11
DA:278,0
DA:279,11
DA:280,11
DA:281,1
DA:282,10
DA:283,11
DA:284,1
DA:285,10
DA:286,11
DA:287,1
DA:288,10
DA:289,11
DA:290,0
DA:291,11
DA:292,11
DA:293,0
DA:294,0
DA:295,11
DA:297,11
DA:298,11
DA:299,11
DA:300,12
DA:303,15
DA:304,15
DA:305,9
DA:306,0
DA:308,9
DA:311,9
DA:312,9
DA:313,9
DA:314,9
DA:315,9
DA:316,9
DA:317,9
DA:318,9
DA:319,6
DA:321,15
DA:322,2
DA:323,13
DA:325,15
DA:326,15
DA:327,2
DA:328,13
DA:330,13
DA:333,13
DA:334,3
DA:335,10
DA:336,13
DA:337,4
DA:338,9
DA:341,11
DA:342,15
DA:345,38
DA:346,38
DA:347,38
DA:348,38
DA:349,38
DA:350,30
DA:351,30
DA:352,30
DA:353,30
DA:354,8
DA:355,8
DA:356,8
DA:357,8
DA:358,8
DA:360,2
DA:361,6
DA:362,6
DA:363,6
DA:364,10
DA:365,6
DA:368,38
DA:371,12
DA:374,12
DA:375,12
DA:376,12
DA:377,12
DA:378,12
DA:379,12
DA:381,12
DA:382,12
DA:383,12
DA:384,12
DA:385,12
DA:387,12
DA:388,12
DA:389,12
DA:390,12
DA:391,12
DA:392,12
DA:394,12
DA:395,12
DA:396,12
DA:397,12
DA:399,12
DA:400,12
DA:401,12
DA:402,12
DA:404,12
DA:405,12
DA:406,12
DA:407,12
DA:408,12
DA:410,12
DA:411,12
DA:412,12
DA:413,12
DA:415,12
DA:416,12
DA:417,12
DA:418,12
DA:419,12
DA:421,12
DA:422,12
DA:423,12
DA:424,12
DA:426,12
DA:427,12
DA:428,12
DA:429,12
DA:431,12
DA:432,12
DA:433,12
DA:434,12
DA:435,12
DA:437,12
DA:439,12
DA:440,9
DA:442,3
DA:444,12
BRF:0
BRH:0
LF:277
LH:237
end_of_record
SF:/home/nicholas/git/nicholaswilde/syncthing-mcp-rs/src/credentials/mod.rs
FN:103,_RNvNtCs7orm8c3ptPP_16syncthing_mcp_rs11credentials13decrypt_value
FN:84,_RNvNtCs7orm8c3ptPP_16syncthing_mcp_rs11credentials13encrypt_value
FN:59,_RNvNtCs7orm8c3ptPP_16syncthing_mcp_rs11credentials14get_master_key
FN:40,_RNvNtCs7orm8c3ptPP_16syncthing_mcp_rs11credentials15resolve_api_key
FN:18,_RNvXNtCs7orm8c3ptPP_16syncthing_mcp_rs11credentialsNtB2_15KeyringProviderNtB2_18CredentialProvider11get_api_key
FN:103,_RNvNtCslTc8T3B5Qo0_16syncthing_mcp_rs11credentials13decrypt_value
FN:84,_RNvNtCslTc8T3B5Qo0_16syncthing_mcp_rs11credentials13encrypt_value
FN:59,_RNvNtCslTc8T3B5Qo0_16syncthing_mcp_rs11credentials14get_master_key
FN:40,_RNvNtCslTc8T3B5Qo0_16syncthing_mcp_rs11credentials15resolve_api_key
FN:18,_RNvXNtCslTc8T3B5Qo0_16syncthing_mcp_rs11credentialsNtB2_15KeyringProviderNtB2_18CredentialProvider11get_api_key
FN:132,_RNvNtNtCslTc8T3B5Qo0_16syncthing_mcp_rs11credentials5testss_17test_resolve_none
FN:146,_RNvNtNtCslTc8T3B5Qo0_16syncthing_mcp_rs11credentials5testss_20test_encrypt_decrypt
FN:126,_RNvNtNtCslTc8T3B5Qo0_16syncthing_mcp_rs11credentials5testss_22test_resolve_plain_key
FN:137,_RNvNtNtCslTc8T3B5Qo0_16syncthing_mcp_rs11credentials5testss_35test_resolve_invalid_keyring_format
FNDA:0,_RNvNtCs7orm8c3ptPP_16syncthing_mcp_rs11credentials13decrypt_value
FNDA:0,_RNvNtCs7orm8c3ptPP_16syncthing_mcp_rs11credentials13encrypt_value
FNDA:0,_RNvNtCs7orm8c3ptPP_16syncthing_mcp_rs11credentials14get_master_key
FNDA:0,_RNvNtCs7orm8c3ptPP_16syncthing_mcp_rs11credentials15resolve_api_key
FNDA:0,_RNvXNtCs7orm8c3ptPP_16syncthing_mcp_rs11credentialsNtB2_15KeyringProviderNtB2_18CredentialProvider11get_api_key
FNDA:0,_RNvNtCslTc8T3B5Qo0_16syncthing_mcp_rs11credentials13decrypt_value
FNDA:1,_RNvNtCslTc8T3B5Qo0_16syncthing_mcp_rs11credentials13encrypt_value
FNDA:1,_RNvNtCslTc8T3B5Qo0_16syncthing_mcp_rs11credentials14get_master_key
FNDA:25,_RNvNtCslTc8T3B5Qo0_16syncthing_mcp_rs11credentials15resolve_api_key
FNDA:0,_RNvXNtCslTc8T3B5Qo0_16syncthing_mcp_rs11credentialsNtB2_15KeyringProviderNtB2_18CredentialProvider11get_api_key
FNDA:1,_RNvNtNtCslTc8T3B5Qo0_16syncthing_mcp_rs11credentials5testss_17test_resolve_none
FNDA:1,_RNvNtNtCslTc8T3B5Qo0_16syncthing_mcp_rs11credentials5testss_20test_encrypt_decrypt
FNDA:1,_RNvNtNtCslTc8T3B5Qo0_16syncthing_mcp_rs11credentials5testss_22test_resolve_plain_key
FNDA:1,_RNvNtNtCslTc8T3B5Qo0_16syncthing_mcp_rs11credentials5testss_35test_resolve_invalid_keyring_format
FNF:9
FNH:7
DA:18,0
DA:19,0
DA:23,0
DA:24,0
DA:25,0
DA:26,0
DA:27,0
DA:28,0
DA:31,0
DA:32,0
DA:33,0
DA:36,0
DA:40,25
DA:41,23
DA:42,24
DA:43,1
DA:44,1
DA:45,0
DA:46,0
DA:47,0
DA:49,1
DA:50,1
DA:53,23
DA:54,24
DA:56,25
DA:59,1
DA:60,1
DA:61,1
DA:62,0
DA:63,0
DA:64,0
DA:65,0
DA:66,0
DA:67,0
DA:69,0
DA:74,1
DA:75,1
DA:76,1
DA:77,1
DA:78,1
DA:81,1
DA:84,1
DA:85,1
DA:86,1
DA:87,1
DA:89,1
DA:90,1
DA:91,1
DA:93,1
DA:95,1
DA:96,1
DA:97,1
DA:99,1
DA:100,1
DA:103,0
DA:104,0
DA:105,0
DA:106,0
DA:107,0
DA:108,0
DA:110,0
DA:111,0
DA:112,0
DA:114,0
DA:115,0
DA:117,0
DA:118,0
DA:119,0
DA:126,1
DA:127,1
DA:128,1
DA:129,1
DA:132,1
DA:133,1
DA:134,1
DA:137,1
DA:138,1
DA:139,1
DA:140,1
DA:141,1
DA:143,1
DA:146,1
DA:149,1
DA:150,1
DA:151,1
DA:153,1
DA:154,1
DA:155,1
DA:157,1
DA:158,1
DA:159,1
DA:160,1
DA:162,1
DA:165,1
DA:166,1
DA:167,1
DA:168,1
DA:169,1
DA:170,1
DA:171,1
BRF:0
BRH:0
LF:100
LH:64
end_of_record
SF:/home/nicholas/git/nicholaswilde/syncthing-mcp-rs/src/error.rs
FN:52,_RNvXNtCs7orm8c3ptPP_16syncthing_mcp_rs5errorNtB2_5ErrorINtNtCs4kUJL3MZFFz_4core7convert4FromNtNtCsaONPgpqoYuR_7reqwest5error5ErrorE4from
FN:69,_RNvXs_NtCs7orm8c3ptPP_16syncthing_mcp_rs5errorNtB4_5ErrorINtNtCs4kUJL3MZFFz_4core7convert4FromNtNtCsauO83Ko6oyK_5alloc6string6StringE4from
FN:52,_RNvXNtCslTc8T3B5Qo0_16syncthing_mcp_rs5errorNtB2_5ErrorINtNtCs4kUJL3MZFFz_4core7convert4FromNtNtCsaONPgpqoYuR_7reqwest5error5ErrorE4from
FN:69,_RNvXs_NtCslTc8T3B5Qo0_16syncthing_mcp_rs5errorNtB4_5ErrorINtNtCs4kUJL3MZFFz_4core7convert4FromNtNtCsauO83Ko6oyK_5alloc6string6StringE4from
FNDA:0,_RNvXNtCs7orm8c3ptPP_16syncthing_mcp_rs5errorNtB2_5ErrorINtNtCs4kUJL3MZFFz_4core7convert4FromNtNtCsaONPgpqoYuR_7reqwest5error5ErrorE4from
FNDA:0,_RNvXs_NtCs7orm8c3ptPP_16syncthing_mcp_rs5errorNtB4_5ErrorINtNtCs4kUJL3MZFFz_4core7convert4FromNtNtCsauO83Ko6oyK_5alloc6string6StringE4from
FNDA:7,_RNvXNtCslTc8T3B5Qo0_16syncthing_mcp_rs5errorNtB2_5ErrorINtNtCs4kUJL3MZFFz_4core7convert4FromNtNtCsaONPgpqoYuR_7reqwest5error5ErrorE4from
FNDA:1,_RNvXs_NtCslTc8T3B5Qo0_16syncthing_mcp_rs5errorNtB4_5ErrorINtNtCs4kUJL3MZFFz_4core7convert4FromNtNtCsauO83Ko6oyK_5alloc6string6StringE4from
FNF:2
FNH:2
DA:52,7
DA:53,7
DA:54,5
DA:55,3
DA:56,1
DA:57,1
DA:58,0
DA:60,2
DA:61,2
DA:63,0
DA:65,7
DA:69,1
DA:70,1
DA:71,1
BRF:0
BRH:0
LF:14
LH:12
end_of_record
SF:/home/nicholas/git/nicholaswilde/syncthing-mcp-rs/src/lib.rs
FN:70,_RNCNCNvCs7orm8c3ptPP_16syncthing_mcp_rs13run_with_args00B5_
FN:85,_RNCNCNvCs7orm8c3ptPP_16syncthing_mcp_rs13run_with_args0s_0B5_
FN:46,_RNCNvCs7orm8c3ptPP_16syncthing_mcp_rs13run_with_args0B3_
FN:105,_RNCNvCs7orm8c3ptPP_16syncthing_mcp_rs3run0B3_
FN:46,_RNvCs7orm8c3ptPP_16syncthing_mcp_rs13run_with_args
FN:105,_RNvCs7orm8c3ptPP_16syncthing_mcp_rs3run
FN:34,_RNvCs7orm8c3ptPP_16syncthing_mcp_rs7version
FN:105,_RNvCslTc8T3B5Qo0_16syncthing_mcp_rs3run
FN:70,_RNCNCNvCslTc8T3B5Qo0_16syncthing_mcp_rs13run_with_args00B5_
FN:85,_RNCNCNvCslTc8T3B5Qo0_16syncthing_mcp_rs13run_with_args0s_0B5_
FN:46,_RNCNvCslTc8T3B5Qo0_16syncthing_mcp_rs13run_with_args0B3_
FN:105,_RNCNvCslTc8T3B5Qo0_16syncthing_mcp_rs3run0B3_
FN:46,_RNvCslTc8T3B5Qo0_16syncthing_mcp_rs13run_with_args
FN:34,_RNvCslTc8T3B5Qo0_16syncthing_mcp_rs7version
FN:119,_RNCNvNtCslTc8T3B5Qo0_16syncthing_mcp_rs5testss_40test_run_with_encrypt_exits_successfully0B5_
FN:114,_RNvNtCslTc8T3B5Qo0_16syncthing_mcp_rs5testss_12test_version
FN:119,_RNvNtCslTc8T3B5Qo0_16syncthing_mcp_rs5testss_40test_run_with_encrypt_exits_successfully
FNDA:0,_RNCNCNvCs7orm8c3ptPP_16syncthing_mcp_rs13run_with_args00B5_
FNDA:0,_RNCNCNvCs7orm8c3ptPP_16syncthing_mcp_rs13run_with_args0s_0B5_
FNDA:0,_RNCNvCs7orm8c3ptPP_16syncthing_mcp_rs13run_with_args0B3_
FNDA:0,_RNCNvCs7orm8c3ptPP_16syncthing_mcp_rs3run0B3_
FNDA:0,_RNvCs7orm8c3ptPP_16syncthing_mcp_rs13run_with_args
FNDA:0,_RNvCs7orm8c3ptPP_16syncthing_mcp_rs3run
FNDA:0,_RNvCs7orm8c3ptPP_16syncthing_mcp_rs7version
FNDA:0,_RNvCslTc8T3B5Qo0_16syncthing_mcp_rs3run
FNDA:0,_RNCNCNvCslTc8T3B5Qo0_16syncthing_mcp_rs13run_with_args00B5_
FNDA:0,_RNCNCNvCslTc8T3B5Qo0_16syncthing_mcp_rs13run_with_args0s_0B5_
FNDA:1,_RNCNvCslTc8T3B5Qo0_16syncthing_mcp_rs13run_with_args0B3_
FNDA:0,_RNCNvCslTc8T3B5Qo0_16syncthing_mcp_rs3run0B3_
FNDA:1,_RNvCslTc8T3B5Qo0_16syncthing_mcp_rs13run_with_args
FNDA:1,_RNvCslTc8T3B5Qo0_16syncthing_mcp_rs7version
FNDA:1,_RNCNvNtCslTc8T3B5Qo0_16syncthing_mcp_rs5testss_40test_run_with_encrypt_exits_successfully0B5_
FNDA:1,_RNvNtCslTc8T3B5Qo0_16syncthing_mcp_rs5testss_12test_version
FNDA:1,_RNvNtCslTc8T3B5Qo0_16syncthing_mcp_rs5testss_40test_run_with_encrypt_exits_successfully
FNF:10
FNH:6
DA:34,1
DA:35,1
DA:36,1
DA:46,1
DA:48,1
DA:49,1
DA:50,1
DA:51,1
DA:53,1
DA:56,1
DA:57,0
DA:58,1
DA:60,0
DA:63,0
DA:66,0
DA:69,0
DA:70,0
DA:71,0
DA:72,0
DA:73,0
DA:74,0
DA:77,0
DA:78,0
DA:79,0
DA:81,0
DA:82,0
DA:85,0
DA:86,0
DA:87,0
DA:88,0
DA:89,0
DA:90,0
DA:93,0
DA:95,0
DA:97,0
DA:98,0
DA:101,0
DA:102,1
DA:105,0
DA:106,0
DA:107,0
DA:114,1
DA:115,1
DA:116,1
DA:119,1
DA:120,1
DA:121,1
DA:122,1
DA:123,1
DA:125,1
DA:126,1
DA:127,1
BRF:0
BRH:0
LF:58
LH:26
end_of_record
SF:/home/nicholas/git/nicholaswilde/syncthing-mcp-rs/src/main.rs
FN:2,_RNvCs1doRpn8NzTG_16syncthing_mcp_rs4main
FN:2,_RNCNvCs1doRpn8NzTG_16syncthing_mcp_rs4main0B3_
FN:9,_RNvNtCsdntU1foGkT2_16syncthing_mcp_rs5testss_9test_main
FN:2,_RNCNvCsdntU1foGkT2_16syncthing_mcp_rs4main0B3_
FN:2,_RNvCsdntU1foGkT2_16syncthing_mcp_rs4main
FNDA:0,_RNvCs1doRpn8NzTG_16syncthing_mcp_rs4main
FNDA:0,_RNCNvCs1doRpn8NzTG_16syncthing_mcp_rs4main0B3_
FNDA:1,_RNvNtCsdntU1foGkT2_16syncthing_mcp_rs5testss_9test_main
FNDA:0,_RNCNvCsdntU1foGkT2_16syncthing_mcp_rs4main0B3_
FNDA:0,_RNvCsdntU1foGkT2_16syncthing_mcp_rs4main
FNF:3
FNH:1
DA:2,0
DA:3,0
DA:4,0
DA:9,1
DA:11,1
BRF:0
BRH:0
LF:7
LH:2
end_of_record
SF:/home/nicholas/git/nicholaswilde/syncthing-mcp-rs/src/mcp/events.rs
FN:22,_RNvMNtNtCs7orm8c3ptPP_16syncthing_mcp_rs3mcp6eventsNtB2_12EventManager3new
FN:31,_RNvMNtNtCs7orm8c3ptPP_16syncthing_mcp_rs3mcp6eventsNtB2_12EventManager3run
FN:37,_RNCNCNvMNtNtCs7orm8c3ptPP_16syncthing_mcp_rs3mcp6eventsNtB6_12EventManager3run00Ba_
FN:40,_RNCNCNvMNtNtCs7orm8c3ptPP_16syncthing_mcp_rs3mcp6eventsNtB6_12EventManager3run0s_0Ba_
FN:31,_RNCNvMNtNtCs7orm8c3ptPP_16syncthing_mcp_rs3mcp6eventsNtB4_12EventManager3run0B8_
FN:22,_RNvMNtNtCslTc8T3B5Qo0_16syncthing_mcp_rs3mcp6eventsNtB2_12EventManager3new
FN:31,_RNvMNtNtCslTc8T3B5Qo0_16syncthing_mcp_rs3mcp6eventsNtB2_12EventManager3run
FN:37,_RNCNCNvMNtNtCslTc8T3B5Qo0_16syncthing_mcp_rs3mcp6eventsNtB6_12EventManager3run00Ba_
FN:40,_RNCNCNvMNtNtCslTc8T3B5Qo0_16syncthing_mcp_rs3mcp6eventsNtB6_12EventManager3run0s_0Ba_
FN:31,_RNCNvMNtNtCslTc8T3B5Qo0_16syncthing_mcp_rs3mcp6eventsNtB4_12EventManager3run0B8_
FNDA:0,_RNvMNtNtCs7orm8c3ptPP_16syncthing_mcp_rs3mcp6eventsNtB2_12EventManager3new
FNDA:0,_RNvMNtNtCs7orm8c3ptPP_16syncthing_mcp_rs3mcp6eventsNtB2_12EventManager3run
FNDA:0,_RNCNCNvMNtNtCs7orm8c3ptPP_16syncthing_mcp_rs3mcp6eventsNtB6_12EventManager3run00Ba_
FNDA:0,_RNCNCNvMNtNtCs7orm8c3ptPP_16syncthing_mcp_rs3mcp6eventsNtB6_12EventManager3run0s_0Ba_
FNDA:0,_RNCNvMNtNtCs7orm8c3ptPP_16syncthing_mcp_rs3mcp6eventsNtB4_12EventManager3run0B8_
FNDA:4,_RNvMNtNtCslTc8T3B5Qo0_16syncthing_mcp_rs3mcp6eventsNtB2_12EventManager3new
FNDA:4,_RNvMNtNtCslTc8T3B5Qo0_16syncthing_mcp_rs3mcp6eventsNtB2_12EventManager3run
FNDA:0,_RNCNCNvMNtNtCslTc8T3B5Qo0_16syncthing_mcp_rs3mcp6eventsNtB6_12EventManager3run00Ba_
FNDA:0,_RNCNCNvMNtNtCslTc8T3B5Qo0_16syncthing_mcp_rs3mcp6eventsNtB6_12EventManager3run0s_0Ba_
FNDA:4,_RNCNvMNtNtCslTc8T3B5Qo0_16syncthing_mcp_rs3mcp6eventsNtB4_12EventManager3run0B8_
FNF:5
FNH:3
DA:22,4
DA:23,4
DA:24,4
DA:25,4
DA:26,4
DA:27,4
DA:28,4
DA:31,4
DA:33,5
DA:34,5
DA:35,5
DA:36,5
DA:37,5
DA:38,5
DA:40,5
DA:41,5
DA:42,5
DA:43,5
DA:45,5
DA:46,4
DA:47,4
DA:48,4
DA:49,4
DA:50,4
DA:51,4
DA:52,4
DA:53,4
DA:54,4
DA:55,4
DA:56,1
DA:57,5
DA:60,0
DA:61,0
DA:69,4
BRF:0
BRH:0
LF:37
LH:33
end_of_record
SF:/home/nicholas/git/nicholaswilde/syncthing-mcp-rs/src/mcp/server.rs
FN:236,_RNvMNtNtCs7orm8c3ptPP_16syncthing_mcp_rs3mcp6serverNtB2_9McpServer10event_loop
FN:174,_RNvMNtNtCs7orm8c3ptPP_16syncthing_mcp_rs3mcp6serverNtB2_9McpServer14handle_request
FN:55,_RNvMNtNtCs7orm8c3ptPP_16syncthing_mcp_rs3mcp6serverNtB2_9McpServer3new
FN:69,_RNvMNtNtCs7orm8c3ptPP_16syncthing_mcp_rs3mcp6serverNtB2_9McpServer6router
FN:84,_RNvMNtNtCs7orm8c3ptPP_16syncthing_mcp_rs3mcp6serverNtB2_9McpServer9run_stdio
FN:282,_RNvNtNtCs7orm8c3ptPP_16syncthing_mcp_rs3mcp6server11sse_handler
FN:367,_RNvNtNtCs7orm8c3ptPP_16syncthing_mcp_rs3mcp6server15auth_middleware
FN:310,_RNvNtNtCs7orm8c3ptPP_16syncthing_mcp_rs3mcp6server15message_handler
FN:89,_RINvMNtNtCs7orm8c3ptPP_16syncthing_mcp_rs3mcp6serverNtB3_9McpServer3runNtNtNtCsi9n6JjuHMDN_5tokio2io5stdin5StdinNtNtB1b_6stdout6StdoutEB7_
FN:98,_RNCINvMNtNtCs7orm8c3ptPP_16syncthing_mcp_rs3mcp6serverNtB5_9McpServer3runNtNtNtCsi9n6JjuHMDN_5tokio2io5stdin5StdinNtNtB1d_6stdout6StdoutE0B9_
FN:103,_RNCNCINvMNtNtCs7orm8c3ptPP_16syncthing_mcp_rs3mcp6serverNtB7_9McpServer3runNtNtNtCsi9n6JjuHMDN_5tokio2io5stdin5StdinNtNtB1f_6stdout6StdoutE00Bb_
FN:161,_RNCNCINvMNtNtCs7orm8c3ptPP_16syncthing_mcp_rs3mcp6serverNtB7_9McpServer3runNtNtNtCsi9n6JjuHMDN_5tokio2io5stdin5StdinNtNtB1f_6stdout6StdoutE0s0_0Bb_
FN:244,_RNCNCNvMNtNtCs7orm8c3ptPP_16syncthing_mcp_rs3mcp6serverNtB6_9McpServer10event_loop00Ba_
FN:201,_RNCNCNvMNtNtCs7orm8c3ptPP_16syncthing_mcp_rs3mcp6serverNtB6_9McpServer14handle_request00Ba_
FN:208,_RNCNCNvMNtNtCs7orm8c3ptPP_16syncthing_mcp_rs3mcp6serverNtB6_9McpServer14handle_request0s0_0Ba_
FN:213,_RNCNCNvMNtNtCs7orm8c3ptPP_16syncthing_mcp_rs3mcp6serverNtB6_9McpServer14handle_request0s1_0Ba_
FN:214,_RNCNCNvMNtNtCs7orm8c3ptPP_16syncthing_mcp_rs3mcp6serverNtB6_9McpServer14handle_request0s2_0Ba_
FN:222,_RNCNCNvMNtNtCs7orm8c3ptPP_16syncthing_mcp_rs3mcp6serverNtB6_9McpServer14handle_request0s3_0Ba_
FN:202,_RNCNCNvMNtNtCs7orm8c3ptPP_16syncthing_mcp_rs3mcp6serverNtB6_9McpServer14handle_request0s_0Ba_
FN:298,_RNCNCNvNtNtCs7orm8c3ptPP_16syncthing_mcp_rs3mcp6server11sse_handler00B9_
FN:376,_RNCNCNvNtNtCs7orm8c3ptPP_16syncthing_mcp_rs3mcp6server15auth_middleware00B9_
FN:377,_RNCNCNvNtNtCs7orm8c3ptPP_16syncthing_mcp_rs3mcp6server15auth_middleware0s_0B9_
FN:316,_RNCNCNvNtNtCs7orm8c3ptPP_16syncthing_mcp_rs3mcp6server15message_handler00B9_
FN:236,_RNCNvMNtNtCs7orm8c3ptPP_16syncthing_mcp_rs3mcp6serverNtB4_9McpServer10event_loop0B8_
FN:174,_RNCNvMNtNtCs7orm8c3ptPP_16syncthing_mcp_rs3mcp6serverNtB4_9McpServer14handle_request0B8_
FN:84,_RNCNvMNtNtCs7orm8c3ptPP_16syncthing_mcp_rs3mcp6serverNtB4_9McpServer9run_stdio0B8_
FN:284,_RNCNvNtNtCs7orm8c3ptPP_16syncthing_mcp_rs3mcp6server11sse_handler0B7_
FN:372,_RNCNvNtNtCs7orm8c3ptPP_16syncthing_mcp_rs3mcp6server15auth_middleware0B7_
FN:314,_RNCNvNtNtCs7orm8c3ptPP_16syncthing_mcp_rs3mcp6server15message_handler0B7_
FN:89,_RINvMNtNtCslTc8T3B5Qo0_16syncthing_mcp_rs3mcp6serverNtB3_9McpServer3runNtNtNtCsi9n6JjuHMDN_5tokio2io5stdin5StdinNtNtB1b_6stdout6StdoutEB7_
FN:89,_RINvMNtNtCslTc8T3B5Qo0_16syncthing_mcp_rs3mcp6serverNtB3_9McpServer3runNtNtNtNtCsi9n6JjuHMDN_5tokio2io4util3mem12DuplexStreamB17_EB7_
FN:89,_RINvMNtNtCslTc8T3B5Qo0_16syncthing_mcp_rs3mcp6serverNtB3_9McpServer3runRShQINtNtCsauO83Ko6oyK_5alloc3vec3VechEEB7_
FN:98,_RNCINvMNtNtCslTc8T3B5Qo0_16syncthing_mcp_rs3mcp6serverNtB5_9McpServer3runNtNtNtCsi9n6JjuHMDN_5tokio2io5stdin5StdinNtNtB1d_6stdout6StdoutE0B9_
FN:98,_RNCINvMNtNtCslTc8T3B5Qo0_16syncthing_mcp_rs3mcp6serverNtB5_9McpServer3runNtNtNtNtCsi9n6JjuHMDN_5tokio2io4util3mem12DuplexStreamB19_E0B9_
FN:98,_RNCINvMNtNtCslTc8T3B5Qo0_16syncthing_mcp_rs3mcp6serverNtB5_9McpServer3runRShQINtNtCsauO83Ko6oyK_5alloc3vec3VechEE0B9_
FN:103,_RNCNCINvMNtNtCslTc8T3B5Qo0_16syncthing_mcp_rs3mcp6serverNtB7_9McpServer3runNtNtNtCsi9n6JjuHMDN_5tokio2io5stdin5StdinNtNtB1f_6stdout6StdoutE00Bb_
FN:161,_RNCNCINvMNtNtCslTc8T3B5Qo0_16syncthing_mcp_rs3mcp6serverNtB7_9McpServer3runNtNtNtCsi9n6JjuHMDN_5tokio2io5stdin5StdinNtNtB1f_6stdout6StdoutE0s0_0Bb_
FN:103,_RNCNCINvMNtNtCslTc8T3B5Qo0_16syncthing_mcp_rs3mcp6serverNtB7_9McpServer3runNtNtNtNtCsi9n6JjuHMDN_5tokio2io4util3mem12DuplexStreamB1b_E00Bb_
FN:161,_RNCNCINvMNtNtCslTc8T3B5Qo0_16syncthing_mcp_rs3mcp6serverNtB7_9McpServer3runNtNtNtNtCsi9n6JjuHMDN_5tokio2io4util3mem12DuplexStreamB1b_E0s0_0Bb_
FN:103,_RNCNCINvMNtNtCslTc8T3B5Qo0_16syncthing_mcp_rs3mcp6serverNtB7_9McpServer3runRShQINtNtCsauO83Ko6oyK_5alloc3vec3VechEE00Bb_
FN:161,_RNCNCINvMNtNtCslTc8T3B5Qo0_16syncthing_mcp_rs3mcp6serverNtB7_9McpServer3runRShQINtNtCsauO83Ko6oyK_5alloc3vec3VechEE0s0_0Bb_
FN:244,_RNCNCNvMNtNtCslTc8T3B5Qo0_16syncthing_mcp_rs3mcp6serverNtB6_9McpServer10event_loop00Ba_
FN:201,_RNCNCNvMNtNtCslTc8T3B5Qo0_16syncthing_mcp_rs3mcp6serverNtB6_9McpServer14handle_request00Ba_
FN:208,_RNCNCNvMNtNtCslTc8T3B5Qo0_16syncthing_mcp_rs3mcp6serverNtB6_9McpServer14handle_request0s0_0Ba_
FN:213,_RNCNCNvMNtNtCslTc8T3B5Qo0_16syncthing_mcp_rs3mcp6serverNtB6_9McpServer14handle_request0s1_0Ba_
FN:214,_RNCNCNvMNtNtCslTc8T3B5Qo0_16syncthing_mcp_rs3mcp6serverNtB6_9McpServer14handle_request0s2_0Ba_
FN:222,_RNCNCNvMNtNtCslTc8T3B5Qo0_16syncthing_mcp_rs3mcp6serverNtB6_9McpServer14handle_request0s3_0Ba_
FN:202,_RNCNCNvMNtNtCslTc8T3B5Qo0_16syncthing_mcp_rs3mcp6serverNtB6_9McpServer14handle_request0s_0Ba_
FN:298,_RNCNCNvNtNtCslTc8T3B5Qo0_16syncthing_mcp_rs3mcp6server11sse_handler00B9_
FN:376,_RNCNCNvNtNtCslTc8T3B5Qo0_16syncthing_mcp_rs3mcp6server15auth_middleware00B9_
FN:377,_RNCNCNvNtNtCslTc8T3B5Qo0_16syncthing_mcp_rs3mcp6server15auth_middleware0s_0B9_
FN:316,_RNCNCNvNtNtCslTc8T3B5Qo0_16syncthing_mcp_rs3mcp6server15message_handler00B9_
FN:236,_RNCNvMNtNtCslTc8T3B5Qo0_16syncthing_mcp_rs3mcp6serverNtB4_9McpServer10event_loop0B8_
FN:174,_RNCNvMNtNtCslTc8T3B5Qo0_16syncthing_mcp_rs3mcp6serverNtB4_9McpServer14handle_request0B8_
FN:84,_RNCNvMNtNtCslTc8T3B5Qo0_16syncthing_mcp_rs3mcp6serverNtB4_9McpServer9run_stdio0B8_
FN:284,_RNCNvNtNtCslTc8T3B5Qo0_16syncthing_mcp_rs3mcp6server11sse_handler0B7_
FN:372,_RNCNvNtNtCslTc8T3B5Qo0_16syncthing_mcp_rs3mcp6server15auth_middleware0B7_
FN:314,_RNCNvNtNtCslTc8T3B5Qo0_16syncthing_mcp_rs3mcp6server15message_handler0B7_
FN:236,_RNvMNtNtCslTc8T3B5Qo0_16syncthing_mcp_rs3mcp6serverNtB2_9McpServer10event_loop
FN:174,_RNvMNtNtCslTc8T3B5Qo0_16syncthing_mcp_rs3mcp6serverNtB2_9McpServer14handle_request
FN:55,_RNvMNtNtCslTc8T3B5Qo0_16syncthing_mcp_rs3mcp6serverNtB2_9McpServer3new
FN:69,_RNvMNtNtCslTc8T3B5Qo0_16syncthing_mcp_rs3mcp6serverNtB2_9McpServer6router
FN:84,_RNvMNtNtCslTc8T3B5Qo0_16syncthing_mcp_rs3mcp6serverNtB2_9McpServer9run_stdio
FN:282,_RNvNtNtCslTc8T3B5Qo0_16syncthing_mcp_rs3mcp6server11sse_handler
FN:367,_RNvNtNtCslTc8T3B5Qo0_16syncthing_mcp_rs3mcp6server15auth_middleware
FN:310,_RNvNtNtCslTc8T3B5Qo0_16syncthing_mcp_rs3mcp6server15message_handler
FNDA:0,_RNvMNtNtCs7orm8c3ptPP_16syncthing_mcp_rs3mcp6serverNtB2_9McpServer10event_loop
FNDA:0,_RNvMNtNtCs7orm8c3ptPP_16syncthing_mcp_rs3mcp6serverNtB2_9McpServer14handle_request
FNDA:0,_RNvMNtNtCs7orm8c3ptPP_16syncthing_mcp_rs3mcp6serverNtB2_9McpServer3new
FNDA:0,_RNvMNtNtCs7orm8c3ptPP_16syncthing_mcp_rs3mcp6serverNtB2_9McpServer6router
FNDA:0,_RNvMNtNtCs7orm8c3ptPP_16syncthing_mcp_rs3mcp6serverNtB2_9McpServer9run_stdio
FNDA:0,_RNvNtNtCs7orm8c3ptPP_16syncthing_mcp_rs3mcp6server11sse_handler
FNDA:0,_RNvNtNtCs7orm8c3ptPP_16syncthing_mcp_rs3mcp6server15auth_middleware
FNDA:0,_RNvNtNtCs7orm8c3ptPP_16syncthing_mcp_rs3mcp6server15message_handler
FNDA:0,_RINvMNtNtCs7orm8c3ptPP_16syncthing_mcp_rs3mcp6serverNtB3_9McpServer3runNtNtNtCsi9n6JjuHMDN_5tokio2io5stdin5StdinNtNtB1b_6stdout6StdoutEB7_
FNDA:0,_RNCINvMNtNtCs7orm8c3ptPP_16syncthing_mcp_rs3mcp6serverNtB5_9McpServer3runNtNtNtCsi9n6JjuHMDN_5tokio2io5stdin5StdinNtNtB1d_6stdout6StdoutE0B9_
FNDA:0,_RNCNCINvMNtNtCs7orm8c3ptPP_16syncthing_mcp_rs3mcp6serverNtB7_9McpServer3runNtNtNtCsi9n6JjuHMDN_5tokio2io5stdin5StdinNtNtB1f_6stdout6StdoutE00Bb_
FNDA:0,_RNCNCINvMNtNtCs7orm8c3ptPP_16syncthing_mcp_rs3mcp6serverNtB7_9McpServer3runNtNtNtCsi9n6JjuHMDN_5tokio2io5stdin5StdinNtNtB1f_6stdout6StdoutE0s0_0Bb_
FNDA:0,_RNCNCNvMNtNtCs7orm8c3ptPP_16syncthing_mcp_rs3mcp6serverNtB6_9McpServer10event_loop00Ba_
FNDA:0,_RNCNCNvMNtNtCs7orm8c3ptPP_16syncthing_mcp_rs3mcp6serverNtB6_9McpServer14handle_request00Ba_
FNDA:0,_RNCNCNvMNtNtCs7orm8c3ptPP_16syncthing_mcp_rs3mcp6serverNtB6_9McpServer14handle_request0s0_0Ba_
FNDA:0,_RNCNCNvMNtNtCs7orm8c3ptPP_16syncthing_mcp_rs3mcp6serverNtB6_9McpServer14handle_request0s1_0Ba_
FNDA:0,_RNCNCNvMNtNtCs7orm8c3ptPP_16syncthing_mcp_rs3mcp6serverNtB6_9McpServer14handle_request0s2_0Ba_
FNDA:0,_RNCNCNvMNtNtCs7orm8c3ptPP_16syncthing_mcp_rs3mcp6serverNtB6_9McpServer14handle_request0s3_0Ba_
FNDA:0,_RNCNCNvMNtNtCs7orm8c3ptPP_16syncthing_mcp_rs3mcp6serverNtB6_9McpServer14handle_request0s_0Ba_
FNDA:0,_RNCNCNvNtNtCs7orm8c3ptPP_16syncthing_mcp_rs3mcp6server11sse_handler00B9_
FNDA:0,_RNCNCNvNtNtCs7orm8c3ptPP_16syncthing_mcp_rs3mcp6server15auth_middleware00B9_
FNDA:0,_RNCNCNvNtNtCs7orm8c3ptPP_16syncthing_mcp_rs3mcp6server15auth_middleware0s_0B9_
FNDA:0,_RNCNCNvNtNtCs7orm8c3ptPP_16syncthing_mcp_rs3mcp6server15message_handler00B9_
FNDA:0,_RNCNvMNtNtCs7orm8c3ptPP_16syncthing_mcp_rs3mcp6serverNtB4_9McpServer10event_loop0B8_
FNDA:0,_RNCNvMNtNtCs7orm8c3ptPP_16syncthing_mcp_rs3mcp6serverNtB4_9McpServer14handle_request0B8_
FNDA:0,_RNCNvMNtNtCs7orm8c3ptPP_16syncthing_mcp_rs3mcp6serverNtB4_9McpServer9run_stdio0B8_
FNDA:0,_RNCNvNtNtCs7orm8c3ptPP_16syncthing_mcp_rs3mcp6server11sse_handler0B7_
FNDA:0,_RNCNvNtNtCs7orm8c3ptPP_16syncthing_mcp_rs3mcp6server15auth_middleware0B7_
FNDA:0,_RNCNvNtNtCs7orm8c3ptPP_16syncthing_mcp_rs3mcp6server15message_handler0B7_
FNDA:0,_RINvMNtNtCslTc8T3B5Qo0_16syncthing_mcp_rs3mcp6serverNtB3_9McpServer3runNtNtNtCsi9n6JjuHMDN_5tokio2io5stdin5StdinNtNtB1b_6stdout6StdoutEB7_
FNDA:2,_RINvMNtNtCslTc8T3B5Qo0_16syncthing_mcp_rs3mcp6serverNtB3_9McpServer3runNtNtNtNtCsi9n6JjuHMDN_5tokio2io4util3mem12DuplexStreamB17_EB7_
FNDA:2,_RINvMNtNtCslTc8T3B5Qo0_16syncthing_mcp_rs3mcp6serverNtB3_9McpServer3runRShQINtNtCsauO83Ko6oyK_5alloc3vec3VechEEB7_
FNDA:0,_RNCINvMNtNtCslTc8T3B5Qo0_16syncthing_mcp_rs3mcp6serverNtB5_9McpServer3runNtNtNtCsi9n6JjuHMDN_5tokio2io5stdin5StdinNtNtB1d_6stdout6StdoutE0B9_
FNDA:2,_RNCINvMNtNtCslTc8T3B5Qo0_16syncthing_mcp_rs3mcp6serverNtB5_9McpServer3runNtNtNtNtCsi9n6JjuHMDN_5tokio2io4util3mem12DuplexStreamB19_E0B9_
FNDA:2,_RNCINvMNtNtCslTc8T3B5Qo0_16syncthing_mcp_rs3mcp6serverNtB5_9McpServer3runRShQINtNtCsauO83Ko6oyK_5alloc3vec3VechEE0B9_
FNDA:0,_RNCNCINvMNtNtCslTc8T3B5Qo0_16syncthing_mcp_rs3mcp6serverNtB7_9McpServer3runNtNtNtCsi9n6JjuHMDN_5tokio2io5stdin5StdinNtNtB1f_6stdout6StdoutE00Bb_
FNDA:0,_RNCNCINvMNtNtCslTc8T3B5Qo0_16syncthing_mcp_rs3mcp6serverNtB7_9McpServer3runNtNtNtCsi9n6JjuHMDN_5tokio2io5stdin5StdinNtNtB1f_6stdout6StdoutE0s0_0Bb_
FNDA:2,_RNCNCINvMNtNtCslTc8T3B5Qo0_16syncthing_mcp_rs3mcp6serverNtB7_9McpServer3runNtNtNtNtCsi9n6JjuHMDN_5tokio2io4util3mem12DuplexStreamB1b_E00Bb_
FNDA:2,_RNCNCINvMNtNtCslTc8T3B5Qo0_16syncthing_mcp_rs3mcp6serverNtB7_9McpServer3runNtNtNtNtCsi9n6JjuHMDN_5tokio2io4util3mem12DuplexStreamB1b_E0s0_0Bb_
FNDA:0,_RNCNCINvMNtNtCslTc8T3B5Qo0_16syncthing_mcp_rs3mcp6serverNtB7_9McpServer3runRShQINtNtCsauO83Ko6oyK_5alloc3vec3VechEE00Bb_
FNDA:0,_RNCNCINvMNtNtCslTc8T3B5Qo0_16syncthing_mcp_rs3mcp6serverNtB7_9McpServer3runRShQINtNtCsauO83Ko6oyK_5alloc3vec3VechEE0s0_0Bb_
FNDA:0,_RNCNCNvMNtNtCslTc8T3B5Qo0_16syncthing_mcp_rs3mcp6serverNtB6_9McpServer10event_loop00Ba_
FNDA:32,_RNCNCNvMNtNtCslTc8T3B5Qo0_16syncthing_mcp_rs3mcp6serverNtB6_9McpServer14handle_request00Ba_
FNDA:32,_RNCNCNvMNtNtCslTc8T3B5Qo0_16syncthing_mcp_rs3mcp6serverNtB6_9McpServer14handle_request0s0_0Ba_
FNDA:32,_RNCNCNvMNtNtCslTc8T3B5Qo0_16syncthing_mcp_rs3mcp6serverNtB6_9McpServer14handle_request0s1_0Ba_
FNDA:3,_RNCNCNvMNtNtCslTc8T3B5Qo0_16syncthing_mcp_rs3mcp6serverNtB6_9McpServer14handle_request0s2_0Ba_
FNDA:29,_RNCNCNvMNtNtCslTc8T3B5Qo0_16syncthing_mcp_rs3mcp6serverNtB6_9McpServer14handle_request0s3_0Ba_
FNDA:31,_RNCNCNvMNtNtCslTc8T3B5Qo0_16syncthing_mcp_rs3mcp6serverNtB6_9McpServer14handle_request0s_0Ba_
FNDA:1,_RNCNCNvNtNtCslTc8T3B5Qo0_16syncthing_mcp_rs3mcp6server11sse_handler00B9_
FNDA:1,_RNCNCNvNtNtCslTc8T3B5Qo0_16syncthing_mcp_rs3mcp6server15auth_middleware00B9_
FNDA:1,_RNCNCNvNtNtCslTc8T3B5Qo0_16syncthing_mcp_rs3mcp6server15auth_middleware0s_0B9_
FNDA:0,_RNCNCNvNtNtCslTc8T3B5Qo0_16syncthing_mcp_rs3mcp6server15message_handler00B9_
FNDA:2,_RNCNvMNtNtCslTc8T3B5Qo0_16syncthing_mcp_rs3mcp6serverNtB4_9McpServer10event_loop0B8_
FNDA:38,_RNCNvMNtNtCslTc8T3B5Qo0_16syncthing_mcp_rs3mcp6serverNtB4_9McpServer14handle_request0B8_
FNDA:0,_RNCNvMNtNtCslTc8T3B5Qo0_16syncthing_mcp_rs3mcp6serverNtB4_9McpServer9run_stdio0B8_
FNDA:5,_RNCNvNtNtCslTc8T3B5Qo0_16syncthing_mcp_rs3mcp6server11sse_handler0B7_
FNDA:2,_RNCNvNtNtCslTc8T3B5Qo0_16syncthing_mcp_rs3mcp6server15auth_middleware0B7_
FNDA:2,_RNCNvNtNtCslTc8T3B5Qo0_16syncthing_mcp_rs3mcp6server15message_handler0B7_
FNDA:2,_RNvMNtNtCslTc8T3B5Qo0_16syncthing_mcp_rs3mcp6serverNtB2_9McpServer10event_loop
FNDA:38,_RNvMNtNtCslTc8T3B5Qo0_16syncthing_mcp_rs3mcp6serverNtB2_9McpServer14handle_request
FNDA:32,_RNvMNtNtCslTc8T3B5Qo0_16syncthing_mcp_rs3mcp6serverNtB2_9McpServer3new
FNDA:6,_RNvMNtNtCslTc8T3B5Qo0_16syncthing_mcp_rs3mcp6serverNtB2_9McpServer6router
FNDA:0,_RNvMNtNtCslTc8T3B5Qo0_16syncthing_mcp_rs3mcp6serverNtB2_9McpServer9run_stdio
FNDA:5,_RNvNtNtCslTc8T3B5Qo0_16syncthing_mcp_rs3mcp6server11sse_handler
FNDA:2,_RNvNtNtCslTc8T3B5Qo0_16syncthing_mcp_rs3mcp6server15auth_middleware
FNDA:2,_RNvNtNtCslTc8T3B5Qo0_16syncthing_mcp_rs3mcp6server15message_handler
FNF:29
FNH:25
DA:55,32
DA:56,32
DA:57,32
DA:58,32
DA:59,32
DA:60,32
DA:61,32
DA:62,32
DA:63,32
DA:64,32
DA:65,32
DA:66,32
DA:69,6
DA:70,6
DA:71,6
DA:72,6
DA:73,6
DA:75,6
DA:76,2
DA:77,2
DA:79,4
DA:81,6
DA:84,0
DA:85,0
DA:86,0
DA:89,4
DA:90,4
DA:91,4
DA:92,4
DA:93,4
DA:94,4
DA:95,4
DA:96,4
DA:97,4
DA:98,4
DA:99,4
DA:102,4
DA:103,4
DA:104,2
DA:105,0
DA:106,0
DA:107,0
DA:110,7
DA:111,7
DA:112,4
DA:113,4
DA:114,1
DA:115,1
DA:116,0
DA:117,1
DA:119,1
DA:120,1
DA:121,1
DA:122,1
DA:124,1
DA:125,1
DA:126,1
DA:127,1
DA:128,1
DA:129,1
DA:130,1
DA:131,1
DA:132,1
DA:134,0
DA:135,0
DA:136,0
DA:137,0
DA:138,0
DA:139,0
DA:140,0
DA:141,0
DA:145,1
DA:146,1
DA:147,1
DA:148,0
DA:150,3
DA:153,7
DA:154,2
DA:155,2
DA:156,2
DA:157,2
DA:160,2
DA:161,2
DA:162,2
DA:163,0
DA:165,2
DA:166,0
DA:170,3
DA:171,3
DA:174,38
DA:175,38
DA:176,38
DA:177,3
DA:178,3
DA:179,3
DA:180,3
DA:181,3
DA:182,3
DA:183,3
DA:184,3
DA:185,3
DA:186,3
DA:187,3
DA:188,35
DA:189,2
DA:190,2
DA:191,2
DA:193,2
DA:194,2
DA:195,2
DA:197,33
DA:198,32
DA:199,32
DA:200,32
DA:201,32
DA:202,32
DA:203,32
DA:205,32
DA:206,32
DA:207,32
DA:208,32
DA:209,32
DA:211,32
DA:212,32
DA:213,32
DA:214,32
DA:216,32
DA:218,31
DA:220,31
DA:221,31
DA:222,31
DA:225,31
DA:226,29
DA:228,2
DA:231,1
DA:233,38
DA:236,2
DA:237,2
DA:240,2
DA:241,1
DA:242,1
DA:243,1
DA:244,1
DA:245,1
DA:247,1
DA:248,1
DA:249,0
DA:250,0
DA:252,0
DA:253,0
DA:254,0
DA:255,0
DA:256,0
DA:257,0
DA:259,0
DA:260,0
DA:261,0
DA:262,0
DA:263,0
DA:264,0
DA:265,0
DA:266,0
DA:267,0
DA:268,0
DA:269,0
DA:272,0
DA:273,0
DA:277,1
DA:282,5
DA:283,5
DA:284,5
DA:285,5
DA:286,5
DA:288,5
DA:289,5
DA:291,5
DA:293,5
DA:294,5
DA:295,5
DA:297,5
DA:298,5
DA:299,1
DA:300,1
DA:301,1
DA:302,5
DA:305,5
DA:307,5
DA:308,5
DA:310,2
DA:311,2
DA:312,2
DA:313,2
DA:314,2
DA:315,2
DA:316,2
DA:317,0
DA:318,0
DA:319,0
DA:321,2
DA:322,2
DA:323,2
DA:324,2
DA:325,2
DA:326,2
DA:328,2
DA:329,2
DA:330,2
DA:331,2
DA:332,2
DA:333,2
DA:334,2
DA:335,2
DA:336,2
DA:338,0
DA:339,0
DA:340,0
DA:341,0
DA:342,0
DA:343,0
DA:344,0
DA:345,0
DA:350,2
DA:352,0
DA:354,0
DA:355,0
DA:358,0
DA:359,0
DA:360,0
DA:361,0
DA:362,0
DA:365,2
DA:367,2
DA:368,2
DA:369,2
DA:370,2
DA:371,2
DA:372,2
DA:373,2
DA:374,2
DA:375,2
DA:376,2
DA:377,2
DA:378,1
DA:379,1
DA:380,1
DA:382,1
DA:383,0
DA:384,0
DA:385,1
DA:387,1
DA:388,1
DA:389,0
DA:390,0
DA:391,1
DA:392,0
DA:394,1
DA:395,2
BRF:0
BRH:0
LF:278
LH:205
end_of_record
SF:/home/nicholas/git/nicholaswilde/syncthing-mcp-rs/src/mcp/types.rs
FN:70,_RNvXNtNtCs7orm8c3ptPP_16syncthing_mcp_rs3mcp5typesNtB2_13ResponseErrorINtNtCs4kUJL3MZFFz_4core7convert4FromNtNtB6_5error5ErrorE4from
FN:70,_RNvXNtNtCslTc8T3B5Qo0_16syncthing_mcp_rs3mcp5typesNtB2_13ResponseErrorINtNtCs4kUJL3MZFFz_4core7convert4FromNtNtB6_5error5ErrorE4from
FNDA:0,_RNvXNtNtCs7orm8c3ptPP_16syncthing_mcp_rs3mcp5typesNtB2_13ResponseErrorINtNtCs4kUJL3MZFFz_4core7convert4FromNtNtB6_5error5ErrorE4from
FNDA:3,_RNvXNtNtCslTc8T3B5Qo0_16syncthing_mcp_rs3mcp5typesNtB2_13ResponseErrorINtNtCs4kUJL3MZFFz_4core7convert4FromNtNtB6_5error5ErrorE4from
FNF:1
FNH:1
DA:70,3
DA:72,3
DA:73,2
DA:74,0
DA:75,0
DA:76,1
DA:77,0
DA:78,0
DA:79,0
DA:82,3
DA:83,3
DA:84,3
DA:85,3
DA:86,3
DA:87,3
BRF:0
BRH:0
LF:15
LH:10
end_of_record
SF:/home/nicholas/git/nicholaswilde/syncthing-mcp-rs/src/tools/browser.rs
FN:14,_RNCNCNvNtNtCs7orm8c3ptPP_16syncthing_mcp_rs5tools7browser13browse_folder00B9_
FN:17,_RNCNCNvNtNtCs7orm8c3ptPP_16syncthing_mcp_rs5tools7browser13browse_folder0s0_0B9_
FN:20,_RNCNCNvNtNtCs7orm8c3ptPP_16syncthing_mcp_rs5tools7browser13browse_folder0s1_0B9_
FN:21,_RNCNCNvNtNtCs7orm8c3ptPP_16syncthing_mcp_rs5tools7browser13browse_folder0s2_0B9_
FN:15,_RNCNCNvNtNtCs7orm8c3ptPP_16syncthing_mcp_rs5tools7browser13browse_folder0s_0B9_
FN:11,_RNCNvNtNtCs7orm8c3ptPP_16syncthing_mcp_rs5tools7browser13browse_folder0B7_
FN:7,_RNvNtNtCs7orm8c3ptPP_16syncthing_mcp_rs5tools7browser13browse_folder
FN:14,_RNCNCNvNtNtCslTc8T3B5Qo0_16syncthing_mcp_rs5tools7browser13browse_folder00B9_
FN:17,_RNCNCNvNtNtCslTc8T3B5Qo0_16syncthing_mcp_rs5tools7browser13browse_folder0s0_0B9_
FN:20,_RNCNCNvNtNtCslTc8T3B5Qo0_16syncthing_mcp_rs5tools7browser13browse_folder0s1_0B9_
FN:21,_RNCNCNvNtNtCslTc8T3B5Qo0_16syncthing_mcp_rs5tools7browser13browse_folder0s2_0B9_
FN:15,_RNCNCNvNtNtCslTc8T3B5Qo0_16syncthing_mcp_rs5tools7browser13browse_folder0s_0B9_
FN:11,_RNCNvNtNtCslTc8T3B5Qo0_16syncthing_mcp_rs5tools7browser13browse_folder0B7_
FN:7,_RNvNtNtCslTc8T3B5Qo0_16syncthing_mcp_rs5tools7browser13browse_folder
FNDA:0,_RNCNCNvNtNtCs7orm8c3ptPP_16syncthing_mcp_rs5tools7browser13browse_folder00B9_
FNDA:0,_RNCNCNvNtNtCs7orm8c3ptPP_16syncthing_mcp_rs5tools7browser13browse_folder0s0_0B9_
FNDA:0,_RNCNCNvNtNtCs7orm8c3ptPP_16syncthing_mcp_rs5tools7browser13browse_folder0s1_0B9_
FNDA:0,_RNCNCNvNtNtCs7orm8c3ptPP_16syncthing_mcp_rs5tools7browser13browse_folder0s2_0B9_
FNDA:0,_RNCNCNvNtNtCs7orm8c3ptPP_16syncthing_mcp_rs5tools7browser13browse_folder0s_0B9_
FNDA:0,_RNCNvNtNtCs7orm8c3ptPP_16syncthing_mcp_rs5tools7browser13browse_folder0B7_
FNDA:0,_RNvNtNtCs7orm8c3ptPP_16syncthing_mcp_rs5tools7browser13browse_folder
FNDA:0,_RNCNCNvNtNtCslTc8T3B5Qo0_16syncthing_mcp_rs5tools7browser13browse_folder00B9_
FNDA:0,_RNCNCNvNtNtCslTc8T3B5Qo0_16syncthing_mcp_rs5tools7browser13browse_folder0s0_0B9_
FNDA:0,_RNCNCNvNtNtCslTc8T3B5Qo0_16syncthing_mcp_rs5tools7browser13browse_folder0s1_0B9_
FNDA:0,_RNCNCNvNtNtCslTc8T3B5Qo0_16syncthing_mcp_rs5tools7browser13browse_folder0s2_0B9_
FNDA:0,_RNCNCNvNtNtCslTc8T3B5Qo0_16syncthing_mcp_rs5tools7browser13browse_folder0s_0B9_
FNDA:0,_RNCNvNtNtCslTc8T3B5Qo0_16syncthing_mcp_rs5tools7browser13browse_folder0B7_
FNDA:0,_RNvNtNtCslTc8T3B5Qo0_16syncthing_mcp_rs5tools7browser13browse_folder
FNF:7
FNH:0
DA:7,0
DA:8,0
DA:9,0
DA:10,0
DA:11,0
DA:12,0
DA:13,0
DA:14,0
DA:15,0
DA:17,0
DA:18,0
DA:19,0
DA:20,0
DA:21,0
DA:23,0
DA:25,0
DA:26,0
BRF:0
BRH:0
LF:23
LH:0
end_of_record
SF:/home/nicholas/git/nicholaswilde/syncthing-mcp-rs/src/tools/config.rs
FN:8,_RNvNtNtCs7orm8c3ptPP_16syncthing_mcp_rs5tools6config16replicate_config
FN:62,_RNCNCNCNvNtNtCs7orm8c3ptPP_16syncthing_mcp_rs5tools6config16replicate_config0s6_00Bb_
FN:66,_RNCNCNCNvNtNtCs7orm8c3ptPP_16syncthing_mcp_rs5tools6config16replicate_config0s7_00Bb_
FN:85,_RNCNCNCNvNtNtCs7orm8c3ptPP_16syncthing_mcp_rs5tools6config16replicate_config0s9_00Bb_
FN:89,_RNCNCNCNvNtNtCs7orm8c3ptPP_16syncthing_mcp_rs5tools6config16replicate_config0sa_00Bb_
FN:13,_RNCNCNvNtNtCs7orm8c3ptPP_16syncthing_mcp_rs5tools6config16replicate_config00B9_
FN:17,_RNCNCNvNtNtCs7orm8c3ptPP_16syncthing_mcp_rs5tools6config16replicate_config0s0_0B9_
FN:23,_RNCNCNvNtNtCs7orm8c3ptPP_16syncthing_mcp_rs5tools6config16replicate_config0s1_0B9_
FN:32,_RNCNCNvNtNtCs7orm8c3ptPP_16syncthing_mcp_rs5tools6config16replicate_config0s2_0B9_
FN:42,_RNCNCNvNtNtCs7orm8c3ptPP_16syncthing_mcp_rs5tools6config16replicate_config0s3_0B9_
FN:47,_RNCNCNvNtNtCs7orm8c3ptPP_16syncthing_mcp_rs5tools6config16replicate_config0s4_0B9_
FN:58,_RNCNCNvNtNtCs7orm8c3ptPP_16syncthing_mcp_rs5tools6config16replicate_config0s5_0B9_
FN:62,_RNCNCNvNtNtCs7orm8c3ptPP_16syncthing_mcp_rs5tools6config16replicate_config0s6_0B9_
FN:66,_RNCNCNvNtNtCs7orm8c3ptPP_16syncthing_mcp_rs5tools6config16replicate_config0s7_0B9_
FN:81,_RNCNCNvNtNtCs7orm8c3ptPP_16syncthing_mcp_rs5tools6config16replicate_config0s8_0B9_
FN:85,_RNCNCNvNtNtCs7orm8c3ptPP_16syncthing_mcp_rs5tools6config16replicate_config0s9_0B9_
FN:16,_RNCNCNvNtNtCs7orm8c3ptPP_16syncthing_mcp_rs5tools6config16replicate_config0s_0B9_
FN:89,_RNCNCNvNtNtCs7orm8c3ptPP_16syncthing_mcp_rs5tools6config16replicate_config0sa_0B9_
FN:12,_RNCNvNtNtCs7orm8c3ptPP_16syncthing_mcp_rs5tools6config16replicate_config0B7_
FN:62,_RNCNCNCNvNtNtCslTc8T3B5Qo0_16syncthing_mcp_rs5tools6config16replicate_config0s6_00Bb_
FN:66,_RNCNCNCNvNtNtCslTc8T3B5Qo0_16syncthing_mcp_rs5tools6config16replicate_config0s7_00Bb_
FN:85,_RNCNCNCNvNtNtCslTc8T3B5Qo0_16syncthing_mcp_rs5tools6config16replicate_config0s9_00Bb_
FN:89,_RNCNCNCNvNtNtCslTc8T3B5Qo0_16syncthing_mcp_rs5tools6config16replicate_config0sa_00Bb_
FN:13,_RNCNCNvNtNtCslTc8T3B5Qo0_16syncthing_mcp_rs5tools6config16replicate_config00B9_
FN:17,_RNCNCNvNtNtCslTc8T3B5Qo0_16syncthing_mcp_rs5tools6config16replicate_config0s0_0B9_
FN:23,_RNCNCNvNtNtCslTc8T3B5Qo0_16syncthing_mcp_rs5tools6config16replicate_config0s1_0B9_
FN:32,_RNCNCNvNtNtCslTc8T3B5Qo0_16syncthing_mcp_rs5tools6config16replicate_config0s2_0B9_
FN:42,_RNCNCNvNtNtCslTc8T3B5Qo0_16syncthing_mcp_rs5tools6config16replicate_config0s3_0B9_
FN:47,_RNCNCNvNtNtCslTc8T3B5Qo0_16syncthing_mcp_rs5tools6config16replicate_config0s4_0B9_
FN:58,_RNCNCNvNtNtCslTc8T3B5Qo0_16syncthing_mcp_rs5tools6config16replicate_config0s5_0B9_
FN:62,_RNCNCNvNtNtCslTc8T3B5Qo0_16syncthing_mcp_rs5tools6config16replicate_config0s6_0B9_
FN:66,_RNCNCNvNtNtCslTc8T3B5Qo0_16syncthing_mcp_rs5tools6config16replicate_config0s7_0B9_
FN:81,_RNCNCNvNtNtCslTc8T3B5Qo0_16syncthing_mcp_rs5tools6config16replicate_config0s8_0B9_
FN:85,_RNCNCNvNtNtCslTc8T3B5Qo0_16syncthing_mcp_rs5tools6config16replicate_config0s9_0B9_
FN:16,_RNCNCNvNtNtCslTc8T3B5Qo0_16syncthing_mcp_rs5tools6config16replicate_config0s_0B9_
FN:89,_RNCNCNvNtNtCslTc8T3B5Qo0_16syncthing_mcp_rs5tools6config16replicate_config0sa_0B9_
FN:12,_RNCNvNtNtCslTc8T3B5Qo0_16syncthing_mcp_rs5tools6config16replicate_config0B7_
FN:8,_RNvNtNtCslTc8T3B5Qo0_16syncthing_mcp_rs5tools6config16replicate_config
FNDA:0,_RNvNtNtCs7orm8c3ptPP_16syncthing_mcp_rs5tools6config16replicate_config
FNDA:0,_RNCNCNCNvNtNtCs7orm8c3ptPP_16syncthing_mcp_rs5tools6config16replicate_config0s6_00Bb_
FNDA:0,_RNCNCNCNvNtNtCs7orm8c3ptPP_16syncthing_mcp_rs5tools6config16replicate_config0s7_00Bb_
FNDA:0,_RNCNCNCNvNtNtCs7orm8c3ptPP_16syncthing_mcp_rs5tools6config16replicate_config0s9_00Bb_
FNDA:0,_RNCNCNCNvNtNtCs7orm8c3ptPP_16syncthing_mcp_rs5tools6config16replicate_config0sa_00Bb_
FNDA:0,_RNCNCNvNtNtCs7orm8c3ptPP_16syncthing_mcp_rs5tools6config16replicate_config00B9_
FNDA:0,_RNCNCNvNtNtCs7orm8c3ptPP_16syncthing_mcp_rs5tools6config16replicate_config0s0_0B9_
FNDA:0,_RNCNCNvNtNtCs7orm8c3ptPP_16syncthing_mcp_rs5tools6config16replicate_config0s1_0B9_
FNDA:0,_RNCNCNvNtNtCs7orm8c3ptPP_16syncthing_mcp_rs5tools6config16replicate_config0s2_0B9_
FNDA:0,_RNCNCNvNtNtCs7orm8c3ptPP_16syncthing_mcp_rs5tools6config16replicate_config0s3_0B9_
FNDA:0,_RNCNCNvNtNtCs7orm8c3ptPP_16syncthing_mcp_rs5tools6config16replicate_config0s4_0B9_
FNDA:0,_RNCNCNvNtNtCs7orm8c3ptPP_16syncthing_mcp_rs5tools6config16replicate_config0s5_0B9_
FNDA:0,_RNCNCNvNtNtCs7orm8c3ptPP_16syncthing_mcp_rs5tools6config16replicate_config0s6_0B9_
FNDA:0,_RNCNCNvNtNtCs7orm8c3ptPP_16syncthing_mcp_rs5tools6config16replicate_config0s7_0B9_
FNDA:0,_RNCNCNvNtNtCs7orm8c3ptPP_16syncthing_mcp_rs5tools6config16replicate_config0s8_0B9_
FNDA:0,_RNCNCNvNtNtCs7orm8c3ptPP_16syncthing_mcp_rs5tools6config16replicate_config0s9_0B9_
FNDA:0,_RNCNCNvNtNtCs7orm8c3ptPP_16syncthing_mcp_rs5tools6config16replicate_config0s_0B9_
FNDA:0,_RNCNCNvNtNtCs7orm8c3ptPP_16syncthing_mcp_rs5tools6config16replicate_config0sa_0B9_
FNDA:0,_RNCNvNtNtCs7orm8c3ptPP_16syncthing_mcp_rs5tools6config16replicate_config0B7_
FNDA:0,_RNCNCNCNvNtNtCslTc8T3B5Qo0_16syncthing_mcp_rs5tools6config16replicate_config0s6_00Bb_
FNDA:1,_RNCNCNCNvNtNtCslTc8T3B5Qo0_16syncthing_mcp_rs5tools6config16replicate_config0s7_00Bb_
FNDA:0,_RNCNCNCNvNtNtCslTc8T3B5Qo0_16syncthing_mcp_rs5tools6config16replicate_config0s9_00Bb_
FNDA:1,_RNCNCNCNvNtNtCslTc8T3B5Qo0_16syncthing_mcp_rs5tools6config16replicate_config0sa_00Bb_
FNDA:1,_RNCNCNvNtNtCslTc8T3B5Qo0_16syncthing_mcp_rs5tools6config16replicate_config00B9_
FNDA:0,_RNCNCNvNtNtCslTc8T3B5Qo0_16syncthing_mcp_rs5tools6config16replicate_config0s0_0B9_
FNDA:0,_RNCNCNvNtNtCslTc8T3B5Qo0_16syncthing_mcp_rs5tools6config16replicate_config0s1_0B9_
FNDA:0,_RNCNCNvNtNtCslTc8T3B5Qo0_16syncthing_mcp_rs5tools6config16replicate_config0s2_0B9_
FNDA:1,_RNCNCNvNtNtCslTc8T3B5Qo0_16syncthing_mcp_rs5tools6config16replicate_config0s3_0B9_
FNDA:1,_RNCNCNvNtNtCslTc8T3B5Qo0_16syncthing_mcp_rs5tools6config16replicate_config0s4_0B9_
FNDA:1,_RNCNCNvNtNtCslTc8T3B5Qo0_16syncthing_mcp_rs5tools6config16replicate_config0s5_0B9_
FNDA:0,_RNCNCNvNtNtCslTc8T3B5Qo0_16syncthing_mcp_rs5tools6config16replicate_config0s6_0B9_
FNDA:1,_RNCNCNvNtNtCslTc8T3B5Qo0_16syncthing_mcp_rs5tools6config16replicate_config0s7_0B9_
FNDA:1,_RNCNCNvNtNtCslTc8T3B5Qo0_16syncthing_mcp_rs5tools6config16replicate_config0s8_0B9_
FNDA:0,_RNCNCNvNtNtCslTc8T3B5Qo0_16syncthing_mcp_rs5tools6config16replicate_config0s9_0B9_
FNDA:1,_RNCNCNvNtNtCslTc8T3B5Qo0_16syncthing_mcp_rs5tools6config16replicate_config0s_0B9_
FNDA:1,_RNCNCNvNtNtCslTc8T3B5Qo0_16syncthing_mcp_rs5tools6config16replicate_config0sa_0B9_
FNDA:1,_RNCNvNtNtCslTc8T3B5Qo0_16syncthing_mcp_rs5tools6config16replicate_config0B7_
FNDA:1,_RNvNtNtCslTc8T3B5Qo0_16syncthing_mcp_rs5tools6config16replicate_config
FNF:19
FNH:12
DA:8,1
DA:9,1
DA:10,1
DA:11,1
DA:12,1
DA:13,1
DA:14,1
DA:15,1
DA:16,1
DA:17,1
DA:20,1
DA:21,1
DA:22,1
DA:23,1
DA:24,1
DA:26,0
DA:30,1
DA:31,1
DA:32,1
DA:33,1
DA:36,1
DA:37,1
DA:40,1
DA:41,1
DA:42,1
DA:43,1
DA:44,1
DA:45,1
DA:46,1
DA:47,1
DA:48,1
DA:49,1
DA:52,1
DA:55,1
DA:56,1
DA:57,1
DA:58,1
DA:59,1
DA:60,1
DA:61,1
DA:62,1
DA:63,1
DA:64,1
DA:65,1
DA:66,1
DA:67,1
DA:69,1
DA:70,1
DA:71,1
DA:73,1
DA:79,1
DA:80,1
DA:81,1
DA:82,1
DA:83,1
DA:84,1
DA:85,1
DA:86,1
DA:87,1
DA:88,1
DA:89,1
DA:90,1
DA:92,1
DA:93,1
DA:94,1
DA:96,1
DA:102,1
DA:103,1
DA:104,1
DA:105,1
DA:108,1
DA:110,1
DA:113,1
DA:116,1
DA:117,1
DA:118,1
DA:119,1
DA:120,1
DA:121,1
DA:122,1
BRF:0
BRH:0
LF:98
LH:90
end_of_record
SF:/home/nicholas/git/nicholaswilde/syncthing-mcp-rs/src/tools/devices.rs
FN:7,_RNvNtNtCs7orm8c3ptPP_16syncthing_mcp_rs5tools7devices14manage_devices
FN:54,_RNCNCNvNtNtCs7orm8c3ptPP_16syncthing_mcp_rs5tools7devices14manage_devices00B9_
FN:86,_RNCNCNvNtNtCs7orm8c3ptPP_16syncthing_mcp_rs5tools7devices14manage_devices0s0_0B9_
FN:98,_RNCNCNvNtNtCs7orm8c3ptPP_16syncthing_mcp_rs5tools7devices14manage_devices0s1_0B9_
FN:112,_RNCNCNvNtNtCs7orm8c3ptPP_16syncthing_mcp_rs5tools7devices14manage_devices0s2_0B9_
FN:73,_RNCNCNvNtNtCs7orm8c3ptPP_16syncthing_mcp_rs5tools7devices14manage_devices0s_0B9_
FN:11,_RNCNvNtNtCs7orm8c3ptPP_16syncthing_mcp_rs5tools7devices14manage_devices0B7_
FN:7,_RNvNtNtCslTc8T3B5Qo0_16syncthing_mcp_rs5tools7devices14manage_devices
FN:54,_RNCNCNvNtNtCslTc8T3B5Qo0_16syncthing_mcp_rs5tools7devices14manage_devices00B9_
FN:86,_RNCNCNvNtNtCslTc8T3B5Qo0_16syncthing_mcp_rs5tools7devices14manage_devices0s0_0B9_
FN:98,_RNCNCNvNtNtCslTc8T3B5Qo0_16syncthing_mcp_rs5tools7devices14manage_devices0s1_0B9_
FN:112,_RNCNCNvNtNtCslTc8T3B5Qo0_16syncthing_mcp_rs5tools7devices14manage_devices0s2_0B9_
FN:73,_RNCNCNvNtNtCslTc8T3B5Qo0_16syncthing_mcp_rs5tools7devices14manage_devices0s_0B9_
FN:11,_RNCNvNtNtCslTc8T3B5Qo0_16syncthing_mcp_rs5tools7devices14manage_devices0B7_
FNDA:0,_RNvNtNtCs7orm8c3ptPP_16syncthing_mcp_rs5tools7devices14manage_devices
FNDA:0,_RNCNCNvNtNtCs7orm8c3ptPP_16syncthing_mcp_rs5tools7devices14manage_devices00B9_
FNDA:0,_RNCNCNvNtNtCs7orm8c3ptPP_16syncthing_mcp_rs5tools7devices14manage_devices0s0_0B9_
FNDA:0,_RNCNCNvNtNtCs7orm8c3ptPP_16syncthing_mcp_rs5tools7devices14manage_devices0s1_0B9_
FNDA:0,_RNCNCNvNtNtCs7orm8c3ptPP_16syncthing_mcp_rs5tools7devices14manage_devices0s2_0B9_
FNDA:0,_RNCNCNvNtNtCs7orm8c3ptPP_16syncthing_mcp_rs5tools7devices14manage_devices0s_0B9_
FNDA:0,_RNCNvNtNtCs7orm8c3ptPP_16syncthing_mcp_rs5tools7devices14manage_devices0B7_
FNDA:8,_RNvNtNtCslTc8T3B5Qo0_16syncthing_mcp_rs5tools7devices14manage_devices
FNDA:0,_RNCNCNvNtNtCslTc8T3B5Qo0_16syncthing_mcp_rs5tools7devices14manage_devices00B9_
FNDA:0,_RNCNCNvNtNtCslTc8T3B5Qo0_16syncthing_mcp_rs5tools7devices14manage_devices0s0_0B9_
FNDA:0,_RNCNCNvNtNtCslTc8T3B5Qo0_16syncthing_mcp_rs5tools7devices14manage_devices0s1_0B9_
FNDA:0,_RNCNCNvNtNtCslTc8T3B5Qo0_16syncthing_mcp_rs5tools7devices14manage_devices0s2_0B9_
FNDA:1,_RNCNCNvNtNtCslTc8T3B5Qo0_16syncthing_mcp_rs5tools7devices14manage_devices0s_0B9_
FNDA:8,_RNCNvNtNtCslTc8T3B5Qo0_16syncthing_mcp_rs5tools7devices14manage_devices0B7_
FNF:7
FNH:3
DA:7,8
DA:8,8
DA:9,8
DA:10,8
DA:11,8
DA:12,8
DA:14,8
DA:15,8
DA:16,2
DA:17,2
DA:18,2
DA:19,2
DA:20,2
DA:21,2
DA:22,2
DA:23,2
DA:24,2
DA:25,2
DA:26,2
DA:27,2
DA:28,2
DA:29,2
DA:30,2
DA:31,2
DA:33,6
DA:34,0
DA:35,0
DA:36,0
DA:37,0
DA:38,0
DA:39,0
DA:40,0
DA:41,0
DA:42,0
DA:43,0
DA:44,0
DA:46,0
DA:47,0
DA:48,0
DA:49,0
DA:50,0
DA:51,0
DA:53,6
DA:54,0
DA:55,0
DA:56,0
DA:57,0
DA:60,0
DA:63,0
DA:65,0
DA:66,0
DA:67,0
DA:68,0
DA:69,0
DA:70,0
DA:72,6
DA:73,2
DA:74,1
DA:75,1
DA:76,1
DA:77,1
DA:78,1
DA:79,1
DA:80,1
DA:81,1
DA:82,1
DA:83,1
DA:85,4
DA:86,1
DA:87,0
DA:88,0
DA:89,1
DA:90,1
DA:91,1
DA:92,1
DA:93,1
DA:94,1
DA:95,1
DA:97,3
DA:98,1
DA:99,0
DA:100,0
DA:101,1
DA:102,1
DA:103,1
DA:104,1
DA:105,1
DA:106,1
DA:107,1
DA:108,1
DA:109,1
DA:111,2
DA:112,1
DA:113,0
DA:114,0
DA:115,1
DA:116,1
DA:117,1
DA:118,1
DA:119,1
DA:120,1
DA:121,1
DA:122,1
DA:123,1
DA:125,1
DA:126,1
DA:127,1
DA:128,1
DA:130,8
BRF:0
BRH:0
LF:120
LH:77
end_of_record
SF:/home/nicholas/git/nicholaswilde/syncthing-mcp-rs/src/tools/folders.rs
FN:135,_RNCNCNCNvNtNtCs7orm8c3ptPP_16syncthing_mcp_rs5tools7folders14manage_ignores0s0_00Bb_
FN:151,_RNCNCNCNvNtNtCs7orm8c3ptPP_16syncthing_mcp_rs5tools7folders14manage_ignores0s2_00Bb_
FN:108,_RNCNCNvNtNtCs7orm8c3ptPP_16syncthing_mcp_rs5tools7folders14manage_ignores00B9_
FN:135,_RNCNCNvNtNtCs7orm8c3ptPP_16syncthing_mcp_rs5tools7folders14manage_ignores0s0_0B9_
FN:146,_RNCNCNvNtNtCs7orm8c3ptPP_16syncthing_mcp_rs5tools7folders14manage_ignores0s1_0B9_
FN:151,_RNCNCNvNtNtCs7orm8c3ptPP_16syncthing_mcp_rs5tools7folders14manage_ignores0s2_0B9_
FN:130,_RNCNCNvNtNtCs7orm8c3ptPP_16syncthing_mcp_rs5tools7folders14manage_ignores0s_0B9_
FN:48,_RNCNCNvNtNtCs7orm8c3ptPP_16syncthing_mcp_rs5tools7folders17configure_sharing00B9_
FN:54,_RNCNCNvNtNtCs7orm8c3ptPP_16syncthing_mcp_rs5tools7folders17configure_sharing0s0_0B9_
FN:60,_RNCNCNvNtNtCs7orm8c3ptPP_16syncthing_mcp_rs5tools7folders17configure_sharing0s1_0B9_
FN:79,_RNCNCNvNtNtCs7orm8c3ptPP_16syncthing_mcp_rs5tools7folders17configure_sharing0s2_0B9_
FN:51,_RNCNCNvNtNtCs7orm8c3ptPP_16syncthing_mcp_rs5tools7folders17configure_sharing0s_0B9_
FN:13,_RNCNvNtNtCs7orm8c3ptPP_16syncthing_mcp_rs5tools7folders14manage_folders0B7_
FN:104,_RNCNvNtNtCs7orm8c3ptPP_16syncthing_mcp_rs5tools7folders14manage_ignores0B7_
FN:45,_RNCNvNtNtCs7orm8c3ptPP_16syncthing_mcp_rs5tools7folders17configure_sharing0B7_
FN:9,_RNvNtNtCs7orm8c3ptPP_16syncthing_mcp_rs5tools7folders14manage_folders
FN:100,_RNvNtNtCs7orm8c3ptPP_16syncthing_mcp_rs5tools7folders14manage_ignores
FN:41,_RNvNtNtCs7orm8c3ptPP_16syncthing_mcp_rs5tools7folders17configure_sharing
FN:9,_RNvNtNtCslTc8T3B5Qo0_16syncthing_mcp_rs5tools7folders14manage_folders
FN:100,_RNvNtNtCslTc8T3B5Qo0_16syncthing_mcp_rs5tools7folders14manage_ignores
FN:41,_RNvNtNtCslTc8T3B5Qo0_16syncthing_mcp_rs5tools7folders17configure_sharing
FN:135,_RNCNCNCNvNtNtCslTc8T3B5Qo0_16syncthing_mcp_rs5tools7folders14manage_ignores0s0_00Bb_
FN:151,_RNCNCNCNvNtNtCslTc8T3B5Qo0_16syncthing_mcp_rs5tools7folders14manage_ignores0s2_00Bb_
FN:108,_RNCNCNvNtNtCslTc8T3B5Qo0_16syncthing_mcp_rs5tools7folders14manage_ignores00B9_
FN:135,_RNCNCNvNtNtCslTc8T3B5Qo0_16syncthing_mcp_rs5tools7folders14manage_ignores0s0_0B9_
FN:146,_RNCNCNvNtNtCslTc8T3B5Qo0_16syncthing_mcp_rs5tools7folders14manage_ignores0s1_0B9_
[...]
DA:102,5
DA:103,5
DA:104,5
DA:105,5
DA:106,5
DA:107,5
DA:108,5
DA:110,5
DA:111,5
DA:112,1
DA:113,1
DA:114,1
DA:115,1
DA:116,0
DA:117,0
DA:118,1
DA:119,1
DA:120,1
DA:122,1
DA:123,1
DA:124,1
DA:125,1
DA:126,1
DA:127,1
DA:129,4
DA:130,2
DA:131,1
DA:132,1
DA:133,1
DA:134,1
DA:135,2
DA:136,1
DA:137,1
DA:138,1
DA:139,1
DA:140,1
DA:141,1
DA:142,1
DA:143,1
DA:145,2
DA:146,2
DA:147,0
DA:148,0
DA:149,2
DA:150,2
DA:151,2
DA:152,2
DA:154,2
DA:155,2
DA:156,2
DA:157,2
DA:158,2
DA:159,1
DA:160,1
DA:161,1
DA:164,2
DA:165,1
DA:166,1
DA:168,2
DA:169,2
DA:170,2
DA:171,2
DA:172,2
DA:173,2
DA:175,0
DA:176,0
DA:177,0
DA:178,0
DA:180,5
BRF:0
BRH:0
LF:167
LH:143
end_of_record
SF:/home/nicholas/git/nicholaswilde/syncthing-mcp-rs/src/tools/mod.rs
FN:91,_RNvMs_NtCs7orm8c3ptPP_16syncthing_mcp_rs5toolsNtB4_12ToolRegistry10list_tools
FN:57,_RNvMs_NtCs7orm8c3ptPP_16syncthing_mcp_rs5toolsNtB4_12ToolRegistry3new
FN:124,_RNvMs_NtCs7orm8c3ptPP_16syncthing_mcp_rs5toolsNtB4_12ToolRegistry8get_tool
FN:130,_RNvNtCs7orm8c3ptPP_16syncthing_mcp_rs5tools15create_registry
FN:50,_RNvXNtCs7orm8c3ptPP_16syncthing_mcp_rs5toolsNtB2_12ToolRegistryNtNtCs4kUJL3MZFFz_4core7default7Default7default
FN:65,_RINvMs_NtCs7orm8c3ptPP_16syncthing_mcp_rs5toolsNtB5_12ToolRegistry8registerNvNtB5_6config16replicate_configNCB1b_0EB7_
FN:65,_RINvMs_NtCs7orm8c3ptPP_16syncthing_mcp_rs5toolsNtB5_12ToolRegistry8registerNvNtB5_6system15get_sync_statusNCB1b_0EB7_
FN:65,_RINvMs_NtCs7orm8c3ptPP_16syncthing_mcp_rs5toolsNtB5_12ToolRegistry8registerNvNtB5_6system15maintain_systemNCB1b_0EB7_
FN:65,_RINvMs_NtCs7orm8c3ptPP_16syncthing_mcp_rs5toolsNtB5_12ToolRegistry8registerNvNtB5_6system16get_system_statsNCB1b_0EB7_
FN:65,_RINvMs_NtCs7orm8c3ptPP_16syncthing_mcp_rs5toolsNtB5_12ToolRegistry8registerNvNtB5_7browser13browse_folderNCB1b_0EB7_
FN:65,_RINvMs_NtCs7orm8c3ptPP_16syncthing_mcp_rs5toolsNtB5_12ToolRegistry8registerNvNtB5_7devices14manage_devicesNCB1b_0EB7_
FN:65,_RINvMs_NtCs7orm8c3ptPP_16syncthing_mcp_rs5toolsNtB5_12ToolRegistry8registerNvNtB5_7folders14manage_foldersNCB1b_0EB7_
FN:65,_RINvMs_NtCs7orm8c3ptPP_16syncthing_mcp_rs5toolsNtB5_12ToolRegistry8registerNvNtB5_7folders14manage_ignoresNCB1b_0EB7_
FN:65,_RINvMs_NtCs7orm8c3ptPP_16syncthing_mcp_rs5toolsNtB5_12ToolRegistry8registerNvNtB5_7folders17configure_sharingNCB1b_0EB7_
FN:79,_RNCINvMs_NtCs7orm8c3ptPP_16syncthing_mcp_rs5toolsNtB7_12ToolRegistry8registerNvNtB7_6config16replicate_configNCB1d_0E0B9_
FN:79,_RNCINvMs_NtCs7orm8c3ptPP_16syncthing_mcp_rs5toolsNtB7_12ToolRegistry8registerNvNtB7_6system15get_sync_statusNCB1d_0E0B9_
FN:79,_RNCINvMs_NtCs7orm8c3ptPP_16syncthing_mcp_rs5toolsNtB7_12ToolRegistry8registerNvNtB7_6system15maintain_systemNCB1d_0E0B9_
FN:79,_RNCINvMs_NtCs7orm8c3ptPP_16syncthing_mcp_rs5toolsNtB7_12ToolRegistry8registerNvNtB7_6system16get_system_statsNCB1d_0E0B9_
FN:79,_RNCINvMs_NtCs7orm8c3ptPP_16syncthing_mcp_rs5toolsNtB7_12ToolRegistry8registerNvNtB7_7browser13browse_folderNCB1d_0E0B9_
FN:79,_RNCINvMs_NtCs7orm8c3ptPP_16syncthing_mcp_rs5toolsNtB7_12ToolRegistry8registerNvNtB7_7devices14manage_devicesNCB1d_0E0B9_
FN:79,_RNCINvMs_NtCs7orm8c3ptPP_16syncthing_mcp_rs5toolsNtB7_12ToolRegistry8registerNvNtB7_7folders14manage_foldersNCB1d_0E0B9_
FN:79,_RNCINvMs_NtCs7orm8c3ptPP_16syncthing_mcp_rs5toolsNtB7_12ToolRegistry8registerNvNtB7_7folders14manage_ignoresNCB1d_0E0B9_
FN:79,_RNCINvMs_NtCs7orm8c3ptPP_16syncthing_mcp_rs5toolsNtB7_12ToolRegistry8registerNvNtB7_7folders17configure_sharingNCB1d_0E0B9_
FN:99,_RNCNvMs_NtCs7orm8c3ptPP_16syncthing_mcp_rs5toolsNtB6_12ToolRegistry10list_tools0B8_
FN:119,_RNCNvMs_NtCs7orm8c3ptPP_16syncthing_mcp_rs5toolsNtB6_12ToolRegistry10list_toolss0_0B8_
FN:100,_RNCNvMs_NtCs7orm8c3ptPP_16syncthing_mcp_rs5toolsNtB6_12ToolRegistry10list_toolss_0B8_
FN:50,_RNvXNtCslTc8T3B5Qo0_16syncthing_mcp_rs5toolsNtB2_12ToolRegistryNtNtCs4kUJL3MZFFz_4core7default7Default7default
FN:91,_RNvMs_NtCslTc8T3B5Qo0_16syncthing_mcp_rs5toolsNtB4_12ToolRegistry10list_tools
FN:57,_RNvMs_NtCslTc8T3B5Qo0_16syncthing_mcp_rs5toolsNtB4_12ToolRegistry3new
FN:124,_RNvMs_NtCslTc8T3B5Qo0_16syncthing_mcp_rs5toolsNtB4_12ToolRegistry8get_tool
FN:130,_RNvNtCslTc8T3B5Qo0_16syncthing_mcp_rs5tools15create_registry
FN:65,_RINvMs_NtCslTc8T3B5Qo0_16syncthing_mcp_rs5toolsNtB5_12ToolRegistry8registerNvNtB5_6config16replicate_configNCB1b_0EB7_
FN:65,_RINvMs_NtCslTc8T3B5Qo0_16syncthing_mcp_rs5toolsNtB5_12ToolRegistry8registerNvNtB5_6system15get_sync_statusNCB1b_0EB7_
FN:65,_RINvMs_NtCslTc8T3B5Qo0_16syncthing_mcp_rs5toolsNtB5_12ToolRegistry8registerNvNtB5_6system15maintain_systemNCB1b_0EB7_
FN:65,_RINvMs_NtCslTc8T3B5Qo0_16syncthing_mcp_rs5toolsNtB5_12ToolRegistry8registerNvNtB5_6system16get_system_statsNCB1b_0EB7_
FN:65,_RINvMs_NtCslTc8T3B5Qo0_16syncthing_mcp_rs5toolsNtB5_12ToolRegistry8registerNvNtB5_7browser13browse_folderNCB1b_0EB7_
FN:65,_RINvMs_NtCslTc8T3B5Qo0_16syncthing_mcp_rs5toolsNtB5_12ToolRegistry8registerNvNtB5_7devices14manage_devicesNCB1b_0EB7_
FN:65,_RINvMs_NtCslTc8T3B5Qo0_16syncthing_mcp_rs5toolsNtB5_12ToolRegistry8registerNvNtB5_7folders14manage_foldersNCB1b_0EB7_
FN:65,_RINvMs_NtCslTc8T3B5Qo0_16syncthing_mcp_rs5toolsNtB5_12ToolRegistry8registerNvNtB5_7folders14manage_ignoresNCB1b_0EB7_
FN:65,_RINvMs_NtCslTc8T3B5Qo0_16syncthing_mcp_rs5toolsNtB5_12ToolRegistry8registerNvNtB5_7folders17configure_sharingNCB1b_0EB7_
FN:79,_RNCINvMs_NtCslTc8T3B5Qo0_16syncthing_mcp_rs5toolsNtB7_12ToolRegistry8registerNvNtB7_6config16replicate_configNCB1d_0E0B9_
FN:79,_RNCINvMs_NtCslTc8T3B5Qo0_16syncthing_mcp_rs5toolsNtB7_12ToolRegistry8registerNvNtB7_6system15get_sync_statusNCB1d_0E0B9_
FN:79,_RNCINvMs_NtCslTc8T3B5Qo0_16syncthing_mcp_rs5toolsNtB7_12ToolRegistry8registerNvNtB7_6system15maintain_systemNCB1d_0E0B9_
FN:79,_RNCINvMs_NtCslTc8T3B5Qo0_16syncthing_mcp_rs5toolsNtB7_12ToolRegistry8registerNvNtB7_6system16get_system_statsNCB1d_0E0B9_
FN:79,_RNCINvMs_NtCslTc8T3B5Qo0_16syncthing_mcp_rs5toolsNtB7_12ToolRegistry8registerNvNtB7_7browser13browse_folderNCB1d_0E0B9_
FN:79,_RNCINvMs_NtCslTc8T3B5Qo0_16syncthing_mcp_rs5toolsNtB7_12ToolRegistry8registerNvNtB7_7devices14manage_devicesNCB1d_0E0B9_
FN:79,_RNCINvMs_NtCslTc8T3B5Qo0_16syncthing_mcp_rs5toolsNtB7_12ToolRegistry8registerNvNtB7_7folders14manage_foldersNCB1d_0E0B9_
FN:79,_RNCINvMs_NtCslTc8T3B5Qo0_16syncthing_mcp_rs5toolsNtB7_12ToolRegistry8registerNvNtB7_7folders14manage_ignoresNCB1d_0E0B9_
FN:79,_RNCINvMs_NtCslTc8T3B5Qo0_16syncthing_mcp_rs5toolsNtB7_12ToolRegistry8registerNvNtB7_7folders17configure_sharingNCB1d_0E0B9_
FN:99,_RNCNvMs_NtCslTc8T3B5Qo0_16syncthing_mcp_rs5toolsNtB6_12ToolRegistry10list_tools0B8_
FN:119,_RNCNvMs_NtCslTc8T3B5Qo0_16syncthing_mcp_rs5toolsNtB6_12ToolRegistry10list_toolss0_0B8_
FN:100,_RNCNvMs_NtCslTc8T3B5Qo0_16syncthing_mcp_rs5toolsNtB6_12ToolRegistry10list_toolss_0B8_
FNDA:0,_RNvMs_NtCs7orm8c3ptPP_16syncthing_mcp_rs5toolsNtB4_12ToolRegistry10list_tools
FNDA:0,_RNvMs_NtCs7orm8c3ptPP_16syncthing_mcp_rs5toolsNtB4_12ToolRegistry3new
FNDA:0,_RNvMs_NtCs7orm8c3ptPP_16syncthing_mcp_rs5toolsNtB4_12ToolRegistry8get_tool
FNDA:0,_RNvNtCs7orm8c3ptPP_16syncthing_mcp_rs5tools15create_registry
FNDA:0,_RNvXNtCs7orm8c3ptPP_16syncthing_mcp_rs5toolsNtB2_12ToolRegistryNtNtCs4kUJL3MZFFz_4core7default7Default7default
FNDA:0,_RINvMs_NtCs7orm8c3ptPP_16syncthing_mcp_rs5toolsNtB5_12ToolRegistry8registerNvNtB5_6config16replicate_configNCB1b_0EB7_
FNDA:0,_RINvMs_NtCs7orm8c3ptPP_16syncthing_mcp_rs5toolsNtB5_12ToolRegistry8registerNvNtB5_6system15get_sync_statusNCB1b_0EB7_
FNDA:0,_RINvMs_NtCs7orm8c3ptPP_16syncthing_mcp_rs5toolsNtB5_12ToolRegistry8registerNvNtB5_6system15maintain_systemNCB1b_0EB7_
FNDA:0,_RINvMs_NtCs7orm8c3ptPP_16syncthing_mcp_rs5toolsNtB5_12ToolRegistry8registerNvNtB5_6system16get_system_statsNCB1b_0EB7_
FNDA:0,_RINvMs_NtCs7orm8c3ptPP_16syncthing_mcp_rs5toolsNtB5_12ToolRegistry8registerNvNtB5_7browser13browse_folderNCB1b_0EB7_
FNDA:0,_RINvMs_NtCs7orm8c3ptPP_16syncthing_mcp_rs5toolsNtB5_12ToolRegistry8registerNvNtB5_7devices14manage_devicesNCB1b_0EB7_
FNDA:0,_RINvMs_NtCs7orm8c3ptPP_16syncthing_mcp_rs5toolsNtB5_12ToolRegistry8registerNvNtB5_7folders14manage_foldersNCB1b_0EB7_
FNDA:0,_RINvMs_NtCs7orm8c3ptPP_16syncthing_mcp_rs5toolsNtB5_12ToolRegistry8registerNvNtB5_7folders14manage_ignoresNCB1b_0EB7_
FNDA:0,_RINvMs_NtCs7orm8c3ptPP_16syncthing_mcp_rs5toolsNtB5_12ToolRegistry8registerNvNtB5_7folders17configure_sharingNCB1b_0EB7_
FNDA:0,_RNCINvMs_NtCs7orm8c3ptPP_16syncthing_mcp_rs5toolsNtB7_12ToolRegistry8registerNvNtB7_6config16replicate_configNCB1d_0E0B9_
FNDA:0,_RNCINvMs_NtCs7orm8c3ptPP_16syncthing_mcp_rs5toolsNtB7_12ToolRegistry8registerNvNtB7_6system15get_sync_statusNCB1d_0E0B9_
FNDA:0,_RNCINvMs_NtCs7orm8c3ptPP_16syncthing_mcp_rs5toolsNtB7_12ToolRegistry8registerNvNtB7_6system15maintain_systemNCB1d_0E0B9_
FNDA:0,_RNCINvMs_NtCs7orm8c3ptPP_16syncthing_mcp_rs5toolsNtB7_12ToolRegistry8registerNvNtB7_6system16get_system_statsNCB1d_0E0B9_
FNDA:0,_RNCINvMs_NtCs7orm8c3ptPP_16syncthing_mcp_rs5toolsNtB7_12ToolRegistry8registerNvNtB7_7browser13browse_folderNCB1d_0E0B9_
FNDA:0,_RNCINvMs_NtCs7orm8c3ptPP_16syncthing_mcp_rs5toolsNtB7_12ToolRegistry8registerNvNtB7_7devices14manage_devicesNCB1d_0E0B9_
FNDA:0,_RNCINvMs_NtCs7orm8c3ptPP_16syncthing_mcp_rs5toolsNtB7_12ToolRegistry8registerNvNtB7_7folders14manage_foldersNCB1d_0E0B9_
FNDA:0,_RNCINvMs_NtCs7orm8c3ptPP_16syncthing_mcp_rs5toolsNtB7_12ToolRegistry8registerNvNtB7_7folders14manage_ignoresNCB1d_0E0B9_
FNDA:0,_RNCINvMs_NtCs7orm8c3ptPP_16syncthing_mcp_rs5toolsNtB7_12ToolRegistry8registerNvNtB7_7folders17configure_sharingNCB1d_0E0B9_
FNDA:0,_RNCNvMs_NtCs7orm8c3ptPP_16syncthing_mcp_rs5toolsNtB6_12ToolRegistry10list_tools0B8_
FNDA:0,_RNCNvMs_NtCs7orm8c3ptPP_16syncthing_mcp_rs5toolsNtB6_12ToolRegistry10list_toolss0_0B8_
FNDA:0,_RNCNvMs_NtCs7orm8c3ptPP_16syncthing_mcp_rs5toolsNtB6_12ToolRegistry10list_toolss_0B8_
FNDA:0,_RNvXNtCslTc8T3B5Qo0_16syncthing_mcp_rs5toolsNtB2_12ToolRegistryNtNtCs4kUJL3MZFFz_4core7default7Default7default
FNDA:2,_RNvMs_NtCslTc8T3B5Qo0_16syncthing_mcp_rs5toolsNtB4_12ToolRegistry10list_tools
FNDA:32,_RNvMs_NtCslTc8T3B5Qo0_16syncthing_mcp_rs5toolsNtB4_12ToolRegistry3new
FNDA:31,_RNvMs_NtCslTc8T3B5Qo0_16syncthing_mcp_rs5toolsNtB4_12ToolRegistry8get_tool
FNDA:26,_RNvNtCslTc8T3B5Qo0_16syncthing_mcp_rs5tools15create_registry
FNDA:26,_RINvMs_NtCslTc8T3B5Qo0_16syncthing_mcp_rs5toolsNtB5_12ToolRegistry8registerNvNtB5_6config16replicate_configNCB1b_0EB7_
FNDA:26,_RINvMs_NtCslTc8T3B5Qo0_16syncthing_mcp_rs5toolsNtB5_12ToolRegistry8registerNvNtB5_6system15get_sync_statusNCB1b_0EB7_
FNDA:26,_RINvMs_NtCslTc8T3B5Qo0_16syncthing_mcp_rs5toolsNtB5_12ToolRegistry8registerNvNtB5_6system15maintain_systemNCB1b_0EB7_
FNDA:26,_RINvMs_NtCslTc8T3B5Qo0_16syncthing_mcp_rs5toolsNtB5_12ToolRegistry8registerNvNtB5_6system16get_system_statsNCB1b_0EB7_
FNDA:26,_RINvMs_NtCslTc8T3B5Qo0_16syncthing_mcp_rs5toolsNtB5_12ToolRegistry8registerNvNtB5_7browser13browse_folderNCB1b_0EB7_
FNDA:26,_RINvMs_NtCslTc8T3B5Qo0_16syncthing_mcp_rs5toolsNtB5_12ToolRegistry8registerNvNtB5_7devices14manage_devicesNCB1b_0EB7_
FNDA:26,_RINvMs_NtCslTc8T3B5Qo0_16syncthing_mcp_rs5toolsNtB5_12ToolRegistry8registerNvNtB5_7folders14manage_foldersNCB1b_0EB7_
FNDA:26,_RINvMs_NtCslTc8T3B5Qo0_16syncthing_mcp_rs5toolsNtB5_12ToolRegistry8registerNvNtB5_7folders14manage_ignoresNCB1b_0EB7_
FNDA:26,_RINvMs_NtCslTc8T3B5Qo0_16syncthing_mcp_rs5toolsNtB5_12ToolRegistry8registerNvNtB5_7folders17configure_sharingNCB1b_0EB7_
FNDA:1,_RNCINvMs_NtCslTc8T3B5Qo0_16syncthing_mcp_rs5toolsNtB7_12ToolRegistry8registerNvNtB7_6config16replicate_configNCB1d_0E0B9_
FNDA:2,_RNCINvMs_NtCslTc8T3B5Qo0_16syncthing_mcp_rs5toolsNtB7_12ToolRegistry8registerNvNtB7_6system15get_sync_statusNCB1d_0E0B9_
FNDA:4,_RNCINvMs_NtCslTc8T3B5Qo0_16syncthing_mcp_rs5toolsNtB7_12ToolRegistry8registerNvNtB7_6system15maintain_systemNCB1d_0E0B9_
FNDA:5,_RNCINvMs_NtCslTc8T3B5Qo0_16syncthing_mcp_rs5toolsNtB7_12ToolRegistry8registerNvNtB7_6system16get_system_statsNCB1d_0E0B9_
FNDA:0,_RNCINvMs_NtCslTc8T3B5Qo0_16syncthing_mcp_rs5toolsNtB7_12ToolRegistry8registerNvNtB7_7browser13browse_folderNCB1d_0E0B9_
FNDA:8,_RNCINvMs_NtCslTc8T3B5Qo0_16syncthing_mcp_rs5toolsNtB7_12ToolRegistry8registerNvNtB7_7devices14manage_devicesNCB1d_0E0B9_
FNDA:1,_RNCINvMs_NtCslTc8T3B5Qo0_16syncthing_mcp_rs5toolsNtB7_12ToolRegistry8registerNvNtB7_7folders14manage_foldersNCB1d_0E0B9_
FNDA:5,_RNCINvMs_NtCslTc8T3B5Qo0_16syncthing_mcp_rs5toolsNtB7_12ToolRegistry8registerNvNtB7_7folders14manage_ignoresNCB1d_0E0B9_
FNDA:3,_RNCINvMs_NtCslTc8T3B5Qo0_16syncthing_mcp_rs5toolsNtB7_12ToolRegistry8registerNvNtB7_7folders17configure_sharingNCB1d_0E0B9_
FNDA:9,_RNCNvMs_NtCslTc8T3B5Qo0_16syncthing_mcp_rs5toolsNtB6_12ToolRegistry10list_tools0B8_
FNDA:28,_RNCNvMs_NtCslTc8T3B5Qo0_16syncthing_mcp_rs5toolsNtB6_12ToolRegistry10list_toolss0_0B8_
FNDA:9,_RNCNvMs_NtCslTc8T3B5Qo0_16syncthing_mcp_rs5toolsNtB6_12ToolRegistry10list_toolss_0B8_
FNF:10
FNH:9
DA:50,0
DA:51,0
DA:52,0
DA:57,32
DA:58,32
DA:59,32
DA:60,32
DA:61,32
DA:62,32
DA:65,234
DA:66,234
DA:67,234
DA:68,234
DA:69,234
DA:70,234
DA:71,234
DA:72,234
DA:73,234
DA:75,234
DA:76,234
DA:77,234
DA:78,234
DA:79,234
DA:80,29
DA:81,29
DA:82,29
DA:83,29
DA:84,29
DA:86,234
DA:87,234
DA:88,234
DA:91,2
DA:92,2
DA:94,9
DA:95,9
DA:96,9
DA:97,9
DA:98,9
DA:99,9
DA:100,9
DA:101,9
DA:102,9
DA:103,9
DA:104,9
DA:105,9
DA:106,9
DA:107,9
DA:108,9
DA:109,9
DA:111,9
DA:112,9
DA:113,9
DA:114,9
DA:116,0
DA:119,28
DA:120,2
DA:121,2
DA:124,31
DA:125,31
DA:126,31
DA:130,26
DA:131,26
DA:133,26
DA:134,26
DA:135,26
DA:136,26
DA:137,26
DA:138,26
DA:143,26
DA:144,26
DA:145,26
DA:146,26
DA:147,26
DA:148,26
DA:149,26
DA:150,26
DA:151,26
DA:152,26
DA:154,26
DA:155,26
DA:156,26
DA:159,26
DA:164,26
DA:165,26
DA:166,26
DA:167,26
DA:168,26
DA:169,26
DA:170,26
DA:171,26
DA:172,26
DA:173,26
DA:180,26
DA:181,26
DA:182,26
DA:183,26
DA:184,26
DA:185,26
DA:186,26
DA:187,26
DA:188,26
DA:189,26
DA:191,26
DA:192,26
DA:193,26
DA:195,26
DA:196,26
DA:197,26
DA:200,26
DA:205,26
DA:206,26
DA:207,26
DA:208,26
DA:209,26
DA:210,26
DA:211,26
DA:212,26
DA:213,26
DA:214,26
DA:216,26
DA:217,26
DA:218,26
DA:220,26
DA:221,26
DA:222,26
DA:223,26
DA:225,26
DA:228,26
DA:233,26
DA:234,26
DA:235,26
DA:236,26
DA:237,26
DA:238,26
DA:239,26
DA:240,26
DA:241,26
DA:242,26
DA:244,26
DA:245,26
DA:246,26
DA:248,26
DA:249,26
DA:250,26
DA:253,26
DA:258,26
DA:259,26
DA:260,26
DA:261,26
DA:262,26
DA:263,26
DA:264,26
DA:265,26
DA:266,26
DA:267,26
DA:269,26
DA:270,26
DA:271,26
DA:274,26
DA:279,26
DA:280,26
DA:281,26
DA:282,26
DA:283,26
DA:284,26
DA:285,26
DA:286,26
DA:287,26
DA:289,26
DA:290,26
DA:291,26
DA:294,26
DA:299,26
DA:300,26
DA:301,26
DA:302,26
DA:303,26
DA:304,26
DA:305,26
DA:306,26
DA:307,26
DA:309,26
DA:310,26
DA:311,26
DA:313,26
DA:314,26
DA:315,26
DA:318,26
DA:323,26
DA:324,26
BRF:0
BRH:0
LF:194
LH:190
end_of_record
SF:/home/nicholas/git/nicholaswilde/syncthing-mcp-rs/src/tools/system.rs
FN:36,_RNCNCNvNtNtCs7orm8c3ptPP_16syncthing_mcp_rs5tools6system15get_sync_status00B9_
FN:41,_RNCNCNvNtNtCs7orm8c3ptPP_16syncthing_mcp_rs5tools6system15get_sync_status0s0_0B9_
FN:42,_RNCNCNvNtNtCs7orm8c3ptPP_16syncthing_mcp_rs5tools6system15get_sync_status0s1_0B9_
FN:37,_RNCNCNvNtNtCs7orm8c3ptPP_16syncthing_mcp_rs5tools6system15get_sync_status0s_0B9_
FN:88,_RNCNCNvNtNtCs7orm8c3ptPP_16syncthing_mcp_rs5tools6system15maintain_system00B9_
FN:93,_RNCNCNvNtNtCs7orm8c3ptPP_16syncthing_mcp_rs5tools6system15maintain_system0s0_0B9_
FN:89,_RNCNCNvNtNtCs7orm8c3ptPP_16syncthing_mcp_rs5tools6system15maintain_system0s_0B9_
FN:33,_RNCNvNtNtCs7orm8c3ptPP_16syncthing_mcp_rs5tools6system15get_sync_status0B7_
FN:85,_RNCNvNtNtCs7orm8c3ptPP_16syncthing_mcp_rs5tools6system15maintain_system0B7_
FN:13,_RNCNvNtNtCs7orm8c3ptPP_16syncthing_mcp_rs5tools6system16get_system_stats0B7_
FN:29,_RNvNtNtCs7orm8c3ptPP_16syncthing_mcp_rs5tools6system15get_sync_status
FN:81,_RNvNtNtCs7orm8c3ptPP_16syncthing_mcp_rs5tools6system15maintain_system
FN:9,_RNvNtNtCs7orm8c3ptPP_16syncthing_mcp_rs5tools6system16get_system_stats
FN:29,_RNvNtNtCslTc8T3B5Qo0_16syncthing_mcp_rs5tools6system15get_sync_status
FN:81,_RNvNtNtCslTc8T3B5Qo0_16syncthing_mcp_rs5tools6system15maintain_system
FN:9,_RNvNtNtCslTc8T3B5Qo0_16syncthing_mcp_rs5tools6system16get_system_stats
FN:36,_RNCNCNvNtNtCslTc8T3B5Qo0_16syncthing_mcp_rs5tools6system15get_sync_status00B9_
FN:41,_RNCNCNvNtNtCslTc8T3B5Qo0_16syncthing_mcp_rs5tools6system15get_sync_status0s0_0B9_
FN:42,_RNCNCNvNtNtCslTc8T3B5Qo0_16syncthing_mcp_rs5tools6system15get_sync_status0s1_0B9_
FN:37,_RNCNCNvNtNtCslTc8T3B5Qo0_16syncthing_mcp_rs5tools6system15get_sync_status0s_0B9_
FN:88,_RNCNCNvNtNtCslTc8T3B5Qo0_16syncthing_mcp_rs5tools6system15maintain_system00B9_
FN:93,_RNCNCNvNtNtCslTc8T3B5Qo0_16syncthing_mcp_rs5tools6system15maintain_system0s0_0B9_
FN:89,_RNCNCNvNtNtCslTc8T3B5Qo0_16syncthing_mcp_rs5tools6system15maintain_system0s_0B9_
FN:33,_RNCNvNtNtCslTc8T3B5Qo0_16syncthing_mcp_rs5tools6system15get_sync_status0B7_
FN:85,_RNCNvNtNtCslTc8T3B5Qo0_16syncthing_mcp_rs5tools6system15maintain_system0B7_
FN:13,_RNCNvNtNtCslTc8T3B5Qo0_16syncthing_mcp_rs5tools6system16get_system_stats0B7_
FNDA:0,_RNCNCNvNtNtCs7orm8c3ptPP_16syncthing_mcp_rs5tools6system15get_sync_status00B9_
FNDA:0,_RNCNCNvNtNtCs7orm8c3ptPP_16syncthing_mcp_rs5tools6system15get_sync_status0s0_0B9_
FNDA:0,_RNCNCNvNtNtCs7orm8c3ptPP_16syncthing_mcp_rs5tools6system15get_sync_status0s1_0B9_
FNDA:0,_RNCNCNvNtNtCs7orm8c3ptPP_16syncthing_mcp_rs5tools6system15get_sync_status0s_0B9_
FNDA:0,_RNCNCNvNtNtCs7orm8c3ptPP_16syncthing_mcp_rs5tools6system15maintain_system00B9_
FNDA:0,_RNCNCNvNtNtCs7orm8c3ptPP_16syncthing_mcp_rs5tools6system15maintain_system0s0_0B9_
FNDA:0,_RNCNCNvNtNtCs7orm8c3ptPP_16syncthing_mcp_rs5tools6system15maintain_system0s_0B9_
FNDA:0,_RNCNvNtNtCs7orm8c3ptPP_16syncthing_mcp_rs5tools6system15get_sync_status0B7_
FNDA:0,_RNCNvNtNtCs7orm8c3ptPP_16syncthing_mcp_rs5tools6system15maintain_system0B7_
FNDA:0,_RNCNvNtNtCs7orm8c3ptPP_16syncthing_mcp_rs5tools6system16get_system_stats0B7_
FNDA:0,_RNvNtNtCs7orm8c3ptPP_16syncthing_mcp_rs5tools6system15get_sync_status
FNDA:0,_RNvNtNtCs7orm8c3ptPP_16syncthing_mcp_rs5tools6system15maintain_system
FNDA:0,_RNvNtNtCs7orm8c3ptPP_16syncthing_mcp_rs5tools6system16get_system_stats
FNDA:2,_RNvNtNtCslTc8T3B5Qo0_16syncthing_mcp_rs5tools6system15get_sync_status
FNDA:4,_RNvNtNtCslTc8T3B5Qo0_16syncthing_mcp_rs5tools6system15maintain_system
FNDA:5,_RNvNtNtCslTc8T3B5Qo0_16syncthing_mcp_rs5tools6system16get_system_stats
FNDA:2,_RNCNCNvNtNtCslTc8T3B5Qo0_16syncthing_mcp_rs5tools6system15get_sync_status00B9_
FNDA:2,_RNCNCNvNtNtCslTc8T3B5Qo0_16syncthing_mcp_rs5tools6system15get_sync_status0s0_0B9_
FNDA:0,_RNCNCNvNtNtCslTc8T3B5Qo0_16syncthing_mcp_rs5tools6system15get_sync_status0s1_0B9_
FNDA:0,_RNCNCNvNtNtCslTc8T3B5Qo0_16syncthing_mcp_rs5tools6system15get_sync_status0s_0B9_
FNDA:4,_RNCNCNvNtNtCslTc8T3B5Qo0_16syncthing_mcp_rs5tools6system15maintain_system00B9_
FNDA:1,_RNCNCNvNtNtCslTc8T3B5Qo0_16syncthing_mcp_rs5tools6system15maintain_system0s0_0B9_
FNDA:0,_RNCNCNvNtNtCslTc8T3B5Qo0_16syncthing_mcp_rs5tools6system15maintain_system0s_0B9_
FNDA:2,_RNCNvNtNtCslTc8T3B5Qo0_16syncthing_mcp_rs5tools6system15get_sync_status0B7_
FNDA:4,_RNCNvNtNtCslTc8T3B5Qo0_16syncthing_mcp_rs5tools6system15maintain_system0B7_
FNDA:5,_RNCNvNtNtCslTc8T3B5Qo0_16syncthing_mcp_rs5tools6system16get_system_stats0B7_
FNF:13
FNH:10
DA:9,5
DA:10,5
DA:11,5
DA:12,5
DA:13,5
DA:14,5
DA:15,3
DA:17,3
DA:18,3
DA:19,3
DA:20,3
DA:21,3
DA:22,3
DA:23,3
DA:24,3
DA:25,3
DA:26,5
DA:29,2
DA:30,2
DA:31,2
DA:32,2
DA:33,2
DA:34,2
DA:35,2
DA:36,2
DA:37,2
DA:39,2
DA:40,2
DA:41,2
DA:42,2
DA:44,2
DA:45,2
DA:46,1
DA:47,1
DA:48,1
DA:50,0
DA:52,1
DA:57,1
DA:58,1
DA:59,1
DA:65,0
DA:66,0
DA:67,0
DA:68,0
DA:72,2
DA:73,2
DA:74,2
DA:75,2
DA:76,2
DA:77,2
DA:78,2
DA:81,4
DA:82,4
DA:83,4
DA:84,4
DA:85,4
DA:86,4
DA:87,4
DA:88,4
DA:89,4
DA:91,4
DA:92,4
DA:93,1
DA:94,1
DA:95,1
DA:96,1
DA:98,0
DA:100,1
DA:101,1
DA:102,1
DA:103,1
DA:104,1
DA:105,1
DA:107,3
DA:108,1
DA:109,1
DA:110,1
DA:111,1
DA:112,1
DA:113,1
DA:114,1
DA:116,2
DA:117,1
DA:118,1
DA:119,1
DA:120,1
DA:121,1
DA:122,1
DA:123,1
DA:125,1
DA:126,1
DA:127,1
DA:128,1
DA:130,4
BRF:0
BRH:0
LF:104
LH:95
end_of_record