SF:/home/nicholas/git/nicholaswilde/syncthing-mcp-rs/src/api/client.rs
FN:111,_RNCNvMNtNtCs3qOuqWcYsXM_16syncthing_mcp_rs3api6clientNtB4_15SyncThingClient10add_folder0Csg8ClB3LHr1y_23docker_integration_test
FN:111,_RNCNvMNtNtCs3qOuqWcYsXM_16syncthing_mcp_rs3api6clientNtB4_15SyncThingClient10add_folder0B8_
FN:184,_RNvMNtNtCs3qOuqWcYsXM_16syncthing_mcp_rs3api6clientNtB2_15SyncThingClient10add_device
FN:111,_RNvMNtNtCs3qOuqWcYsXM_16syncthing_mcp_rs3api6clientNtB2_15SyncThingClient10add_folder
FN:84,_RNvMNtNtCs3qOuqWcYsXM_16syncthing_mcp_rs3api6clientNtB2_15SyncThingClient10get_config
FN:301,_RNvMNtNtCs3qOuqWcYsXM_16syncthing_mcp_rs3api6clientNtB2_15SyncThingClient10get_events
FN:125,_RNvMNtNtCs3qOuqWcYsXM_16syncthing_mcp_rs3api6clientNtB2_15SyncThingClient10get_folder
FN:93,_RNvMNtNtCs3qOuqWcYsXM_16syncthing_mcp_rs3api6clientNtB2_15SyncThingClient10set_config
FN:143,_RNvMNtNtCs3qOuqWcYsXM_16syncthing_mcp_rs3api6clientNtB2_15SyncThingClient11get_ignores
FN:157,_RNvMNtNtCs3qOuqWcYsXM_16syncthing_mcp_rs3api6clientNtB2_15SyncThingClient11set_ignores
FN:292,_RNvMNtNtCs3qOuqWcYsXM_16syncthing_mcp_rs3api6clientNtB2_15SyncThingClient12clear_errors
FN:433,_RNvMNtNtCs3qOuqWcYsXM_16syncthing_mcp_rs3api6clientNtB2_15SyncThingClient12health_check
FN:175,_RNvMNtNtCs3qOuqWcYsXM_16syncthing_mcp_rs3api6clientNtB2_15SyncThingClient12list_devices
FN:102,_RNvMNtNtCs3qOuqWcYsXM_16syncthing_mcp_rs3api6clientNtB2_15SyncThingClient12list_folders
FN:209,_RNvMNtNtCs3qOuqWcYsXM_16syncthing_mcp_rs3api6clientNtB2_15SyncThingClient12patch_device
FN:134,_RNvMNtNtCs3qOuqWcYsXM_16syncthing_mcp_rs3api6clientNtB2_15SyncThingClient12patch_folder
FN:200,_RNvMNtNtCs3qOuqWcYsXM_16syncthing_mcp_rs3api6clientNtB2_15SyncThingClient13remove_device
FN:263,_RNvMNtNtCs3qOuqWcYsXM_16syncthing_mcp_rs3api6clientNtB2_15SyncThingClient13revert_folder
FN:406,_RNvMNtNtCs3qOuqWcYsXM_16syncthing_mcp_rs3api6clientNtB2_15SyncThingClient14get_system_log
FN:397,_RNvMNtNtCs3qOuqWcYsXM_16syncthing_mcp_rs3api6clientNtB2_15SyncThingClient15get_connections
FN:34,_RNvMNtNtCs3qOuqWcYsXM_16syncthing_mcp_rs3api6clientNtB2_15SyncThingClient15send_with_retry
FN:415,_RNvMNtNtCs3qOuqWcYsXM_16syncthing_mcp_rs3api6clientNtB2_15SyncThingClient16get_device_stats
FN:424,_RNvMNtNtCs3qOuqWcYsXM_16syncthing_mcp_rs3api6clientNtB2_15SyncThingClient16get_folder_stats
FN:229,_RNvMNtNtCs3qOuqWcYsXM_16syncthing_mcp_rs3api6clientNtB2_15SyncThingClient17get_folder_status
FN:66,_RNvMNtNtCs3qOuqWcYsXM_16syncthing_mcp_rs3api6clientNtB2_15SyncThingClient17get_system_status
FN:75,_RNvMNtNtCs3qOuqWcYsXM_16syncthing_mcp_rs3api6clientNtB2_15SyncThingClient18get_system_version
FN:218,_RNvMNtNtCs3qOuqWcYsXM_16syncthing_mcp_rs3api6clientNtB2_15SyncThingClient18validate_device_id
FN:357,_RNvMNtNtCs3qOuqWcYsXM_16syncthing_mcp_rs3api6clientNtB2_15SyncThingClient19get_pending_devices
FN:377,_RNvMNtNtCs3qOuqWcYsXM_16syncthing_mcp_rs3api6clientNtB2_15SyncThingClient19get_pending_folders
FN:240,_RNvMNtNtCs3qOuqWcYsXM_16syncthing_mcp_rs3api6clientNtB2_15SyncThingClient21get_device_completion
FN:366,_RNvMNtNtCs3qOuqWcYsXM_16syncthing_mcp_rs3api6clientNtB2_15SyncThingClient21remove_pending_device
FN:386,_RNvMNtNtCs3qOuqWcYsXM_16syncthing_mcp_rs3api6clientNtB2_15SyncThingClient21remove_pending_folder
FN:19,_RNvMNtNtCs3qOuqWcYsXM_16syncthing_mcp_rs3api6clientNtB2_15SyncThingClient3new
FN:327,_RNvMNtNtCs3qOuqWcYsXM_16syncthing_mcp_rs3api6clientNtB2_15SyncThingClient6browse
FN:251,_RNvMNtNtCs3qOuqWcYsXM_16syncthing_mcp_rs3api6clientNtB2_15SyncThingClient6rescan
FN:274,_RNvMNtNtCs3qOuqWcYsXM_16syncthing_mcp_rs3api6clientNtB2_15SyncThingClient7restart
FN:27,_RNvMNtNtCs3qOuqWcYsXM_16syncthing_mcp_rs3api6clientNtB2_15SyncThingClient8add_auth
FN:283,_RNvMNtNtCs3qOuqWcYsXM_16syncthing_mcp_rs3api6clientNtB2_15SyncThingClient8shutdown
FN:46,_RNCNCNCNvMNtNtCs3qOuqWcYsXM_16syncthing_mcp_rs3api6clientNtB8_15SyncThingClient15send_with_retry000Bc_
FN:49,_RNCNCNCNvMNtNtCs3qOuqWcYsXM_16syncthing_mcp_rs3api6clientNtB8_15SyncThingClient15send_with_retry00s_0Bc_
FN:45,_RNCNCNvMNtNtCs3qOuqWcYsXM_16syncthing_mcp_rs3api6clientNtB6_15SyncThingClient15send_with_retry00Ba_
FN:184,_RNCNvMNtNtCs3qOuqWcYsXM_16syncthing_mcp_rs3api6clientNtB4_15SyncThingClient10add_device0B8_
FN:84,_RNCNvMNtNtCs3qOuqWcYsXM_16syncthing_mcp_rs3api6clientNtB4_15SyncThingClient10get_config0B8_
FN:301,_RNCNvMNtNtCs3qOuqWcYsXM_16syncthing_mcp_rs3api6clientNtB4_15SyncThingClient10get_events0B8_
FN:125,_RNCNvMNtNtCs3qOuqWcYsXM_16syncthing_mcp_rs3api6clientNtB4_15SyncThingClient10get_folder0B8_
FN:93,_RNCNvMNtNtCs3qOuqWcYsXM_16syncthing_mcp_rs3api6clientNtB4_15SyncThingClient10set_config0B8_
FN:143,_RNCNvMNtNtCs3qOuqWcYsXM_16syncthing_mcp_rs3api6clientNtB4_15SyncThingClient11get_ignores0B8_
FN:157,_RNCNvMNtNtCs3qOuqWcYsXM_16syncthing_mcp_rs3api6clientNtB4_15SyncThingClient11set_ignores0B8_
FN:292,_RNCNvMNtNtCs3qOuqWcYsXM_16syncthing_mcp_rs3api6clientNtB4_15SyncThingClient12clear_errors0B8_
FN:433,_RNCNvMNtNtCs3qOuqWcYsXM_16syncthing_mcp_rs3api6clientNtB4_15SyncThingClient12health_check0B8_
FN:175,_RNCNvMNtNtCs3qOuqWcYsXM_16syncthing_mcp_rs3api6clientNtB4_15SyncThingClient12list_devices0B8_
FN:102,_RNCNvMNtNtCs3qOuqWcYsXM_16syncthing_mcp_rs3api6clientNtB4_15SyncThingClient12list_folders0B8_
FN:209,_RNCNvMNtNtCs3qOuqWcYsXM_16syncthing_mcp_rs3api6clientNtB4_15SyncThingClient12patch_device0B8_
FN:134,_RNCNvMNtNtCs3qOuqWcYsXM_16syncthing_mcp_rs3api6clientNtB4_15SyncThingClient12patch_folder0B8_
FN:200,_RNCNvMNtNtCs3qOuqWcYsXM_16syncthing_mcp_rs3api6clientNtB4_15SyncThingClient13remove_device0B8_
FN:263,_RNCNvMNtNtCs3qOuqWcYsXM_16syncthing_mcp_rs3api6clientNtB4_15SyncThingClient13revert_folder0B8_
FN:406,_RNCNvMNtNtCs3qOuqWcYsXM_16syncthing_mcp_rs3api6clientNtB4_15SyncThingClient14get_system_log0B8_
FN:397,_RNCNvMNtNtCs3qOuqWcYsXM_16syncthing_mcp_rs3api6clientNtB4_15SyncThingClient15get_connections0B8_
FN:37,_RNCNvMNtNtCs3qOuqWcYsXM_16syncthing_mcp_rs3api6clientNtB4_15SyncThingClient15send_with_retry0B8_
FN:415,_RNCNvMNtNtCs3qOuqWcYsXM_16syncthing_mcp_rs3api6clientNtB4_15SyncThingClient16get_device_stats0B8_
FN:424,_RNCNvMNtNtCs3qOuqWcYsXM_16syncthing_mcp_rs3api6clientNtB4_15SyncThingClient16get_folder_stats0B8_
FN:229,_RNCNvMNtNtCs3qOuqWcYsXM_16syncthing_mcp_rs3api6clientNtB4_15SyncThingClient17get_folder_status0B8_
FN:66,_RNCNvMNtNtCs3qOuqWcYsXM_16syncthing_mcp_rs3api6clientNtB4_15SyncThingClient17get_system_status0B8_
FN:75,_RNCNvMNtNtCs3qOuqWcYsXM_16syncthing_mcp_rs3api6clientNtB4_15SyncThingClient18get_system_version0B8_
FN:218,_RNCNvMNtNtCs3qOuqWcYsXM_16syncthing_mcp_rs3api6clientNtB4_15SyncThingClient18validate_device_id0B8_
FN:357,_RNCNvMNtNtCs3qOuqWcYsXM_16syncthing_mcp_rs3api6clientNtB4_15SyncThingClient19get_pending_devices0B8_
FN:377,_RNCNvMNtNtCs3qOuqWcYsXM_16syncthing_mcp_rs3api6clientNtB4_15SyncThingClient19get_pending_folders0B8_
FN:240,_RNCNvMNtNtCs3qOuqWcYsXM_16syncthing_mcp_rs3api6clientNtB4_15SyncThingClient21get_device_completion0B8_
FN:366,_RNCNvMNtNtCs3qOuqWcYsXM_16syncthing_mcp_rs3api6clientNtB4_15SyncThingClient21remove_pending_device0B8_
FN:386,_RNCNvMNtNtCs3qOuqWcYsXM_16syncthing_mcp_rs3api6clientNtB4_15SyncThingClient21remove_pending_folder0B8_
FN:23,_RNCNvMNtNtCs3qOuqWcYsXM_16syncthing_mcp_rs3api6clientNtB4_15SyncThingClient3new0B8_
FN:332,_RNCNvMNtNtCs3qOuqWcYsXM_16syncthing_mcp_rs3api6clientNtB4_15SyncThingClient6browse0B8_
FN:251,_RNCNvMNtNtCs3qOuqWcYsXM_16syncthing_mcp_rs3api6clientNtB4_15SyncThingClient6rescan0B8_
FN:274,_RNCNvMNtNtCs3qOuqWcYsXM_16syncthing_mcp_rs3api6clientNtB4_15SyncThingClient7restart0B8_
FN:283,_RNCNvMNtNtCs3qOuqWcYsXM_16syncthing_mcp_rs3api6clientNtB4_15SyncThingClient8shutdown0B8_
FN:184,_RNvMNtNtCs9DkVWDPzllD_16syncthing_mcp_rs3api6clientNtB2_15SyncThingClient10add_device
FN:111,_RNvMNtNtCs9DkVWDPzllD_16syncthing_mcp_rs3api6clientNtB2_15SyncThingClient10add_folder
FN:84,_RNvMNtNtCs9DkVWDPzllD_16syncthing_mcp_rs3api6clientNtB2_15SyncThingClient10get_config
FN:301,_RNvMNtNtCs9DkVWDPzllD_16syncthing_mcp_rs3api6clientNtB2_15SyncThingClient10get_events
FN:125,_RNvMNtNtCs9DkVWDPzllD_16syncthing_mcp_rs3api6clientNtB2_15SyncThingClient10get_folder
FN:93,_RNvMNtNtCs9DkVWDPzllD_16syncthing_mcp_rs3api6clientNtB2_15SyncThingClient10set_config
FN:143,_RNvMNtNtCs9DkVWDPzllD_16syncthing_mcp_rs3api6clientNtB2_15SyncThingClient11get_ignores
FN:157,_RNvMNtNtCs9DkVWDPzllD_16syncthing_mcp_rs3api6clientNtB2_15SyncThingClient11set_ignores
FN:292,_RNvMNtNtCs9DkVWDPzllD_16syncthing_mcp_rs3api6clientNtB2_15SyncThingClient12clear_errors
FN:433,_RNvMNtNtCs9DkVWDPzllD_16syncthing_mcp_rs3api6clientNtB2_15SyncThingClient12health_check
FN:175,_RNvMNtNtCs9DkVWDPzllD_16syncthing_mcp_rs3api6clientNtB2_15SyncThingClient12list_devices
FN:102,_RNvMNtNtCs9DkVWDPzllD_16syncthing_mcp_rs3api6clientNtB2_15SyncThingClient12list_folders
FN:209,_RNvMNtNtCs9DkVWDPzllD_16syncthing_mcp_rs3api6clientNtB2_15SyncThingClient12patch_device
FN:134,_RNvMNtNtCs9DkVWDPzllD_16syncthing_mcp_rs3api6clientNtB2_15SyncThingClient12patch_folder
FN:200,_RNvMNtNtCs9DkVWDPzllD_16syncthing_mcp_rs3api6clientNtB2_15SyncThingClient13remove_device
FN:263,_RNvMNtNtCs9DkVWDPzllD_16syncthing_mcp_rs3api6clientNtB2_15SyncThingClient13revert_folder
FN:406,_RNvMNtNtCs9DkVWDPzllD_16syncthing_mcp_rs3api6clientNtB2_15SyncThingClient14get_system_log
FN:397,_RNvMNtNtCs9DkVWDPzllD_16syncthing_mcp_rs3api6clientNtB2_15SyncThingClient15get_connections
FN:34,_RNvMNtNtCs9DkVWDPzllD_16syncthing_mcp_rs3api6clientNtB2_15SyncThingClient15send_with_retry
FN:415,_RNvMNtNtCs9DkVWDPzllD_16syncthing_mcp_rs3api6clientNtB2_15SyncThingClient16get_device_stats
FN:424,_RNvMNtNtCs9DkVWDPzllD_16syncthing_mcp_rs3api6clientNtB2_15SyncThingClient16get_folder_stats
FN:229,_RNvMNtNtCs9DkVWDPzllD_16syncthing_mcp_rs3api6clientNtB2_15SyncThingClient17get_folder_status
FN:66,_RNvMNtNtCs9DkVWDPzllD_16syncthing_mcp_rs3api6clientNtB2_15SyncThingClient17get_system_status
FN:75,_RNvMNtNtCs9DkVWDPzllD_16syncthing_mcp_rs3api6clientNtB2_15SyncThingClient18get_system_version
FN:218,_RNvMNtNtCs9DkVWDPzllD_16syncthing_mcp_rs3api6clientNtB2_15SyncThingClient18validate_device_id
FN:357,_RNvMNtNtCs9DkVWDPzllD_16syncthing_mcp_rs3api6clientNtB2_15SyncThingClient19get_pending_devices
FN:377,_RNvMNtNtCs9DkVWDPzllD_16syncthing_mcp_rs3api6clientNtB2_15SyncThingClient19get_pending_folders
FN:240,_RNvMNtNtCs9DkVWDPzllD_16syncthing_mcp_rs3api6clientNtB2_15SyncThingClient21get_device_completion
FN:366,_RNvMNtNtCs9DkVWDPzllD_16syncthing_mcp_rs3api6clientNtB2_15SyncThingClient21remove_pending_device
FN:386,_RNvMNtNtCs9DkVWDPzllD_16syncthing_mcp_rs3api6clientNtB2_15SyncThingClient21remove_pending_folder
FN:19,_RNvMNtNtCs9DkVWDPzllD_16syncthing_mcp_rs3api6clientNtB2_15SyncThingClient3new
FN:327,_RNvMNtNtCs9DkVWDPzllD_16syncthing_mcp_rs3api6clientNtB2_15SyncThingClient6browse
FN:251,_RNvMNtNtCs9DkVWDPzllD_16syncthing_mcp_rs3api6clientNtB2_15SyncThingClient6rescan
FN:274,_RNvMNtNtCs9DkVWDPzllD_16syncthing_mcp_rs3api6clientNtB2_15SyncThingClient7restart
FN:27,_RNvMNtNtCs9DkVWDPzllD_16syncthing_mcp_rs3api6clientNtB2_15SyncThingClient8add_auth
FN:283,_RNvMNtNtCs9DkVWDPzllD_16syncthing_mcp_rs3api6clientNtB2_15SyncThingClient8shutdown
FN:46,_RNCNCNCNvMNtNtCs9DkVWDPzllD_16syncthing_mcp_rs3api6clientNtB8_15SyncThingClient15send_with_retry000Bc_
FN:49,_RNCNCNCNvMNtNtCs9DkVWDPzllD_16syncthing_mcp_rs3api6clientNtB8_15SyncThingClient15send_with_retry00s_0Bc_
FN:45,_RNCNCNvMNtNtCs9DkVWDPzllD_16syncthing_mcp_rs3api6clientNtB6_15SyncThingClient15send_with_retry00Ba_
FN:184,_RNCNvMNtNtCs9DkVWDPzllD_16syncthing_mcp_rs3api6clientNtB4_15SyncThingClient10add_device0B8_
FN:111,_RNCNvMNtNtCs9DkVWDPzllD_16syncthing_mcp_rs3api6clientNtB4_15SyncThingClient10add_folder0B8_
FN:84,_RNCNvMNtNtCs9DkVWDPzllD_16syncthing_mcp_rs3api6clientNtB4_15SyncThingClient10get_config0B8_
FN:301,_RNCNvMNtNtCs9DkVWDPzllD_16syncthing_mcp_rs3api6clientNtB4_15SyncThingClient10get_events0B8_
FN:125,_RNCNvMNtNtCs9DkVWDPzllD_16syncthing_mcp_rs3api6clientNtB4_15SyncThingClient10get_folder0B8_
FN:93,_RNCNvMNtNtCs9DkVWDPzllD_16syncthing_mcp_rs3api6clientNtB4_15SyncThingClient10set_config0B8_
FN:143,_RNCNvMNtNtCs9DkVWDPzllD_16syncthing_mcp_rs3api6clientNtB4_15SyncThingClient11get_ignores0B8_
FN:157,_RNCNvMNtNtCs9DkVWDPzllD_16syncthing_mcp_rs3api6clientNtB4_15SyncThingClient11set_ignores0B8_
FN:292,_RNCNvMNtNtCs9DkVWDPzllD_16syncthing_mcp_rs3api6clientNtB4_15SyncThingClient12clear_errors0B8_
FN:433,_RNCNvMNtNtCs9DkVWDPzllD_16syncthing_mcp_rs3api6clientNtB4_15SyncThingClient12health_check0B8_
FN:175,_RNCNvMNtNtCs9DkVWDPzllD_16syncthing_mcp_rs3api6clientNtB4_15SyncThingClient12list_devices0B8_
FN:102,_RNCNvMNtNtCs9DkVWDPzllD_16syncthing_mcp_rs3api6clientNtB4_15SyncThingClient12list_folders0B8_
FN:209,_RNCNvMNtNtCs9DkVWDPzllD_16syncthing_mcp_rs3api6clientNtB4_15SyncThingClient12patch_device0B8_
FN:134,_RNCNvMNtNtCs9DkVWDPzllD_16syncthing_mcp_rs3api6clientNtB4_15SyncThingClient12patch_folder0B8_
FN:200,_RNCNvMNtNtCs9DkVWDPzllD_16syncthing_mcp_rs3api6clientNtB4_15SyncThingClient13remove_device0B8_
FN:263,_RNCNvMNtNtCs9DkVWDPzllD_16syncthing_mcp_rs3api6clientNtB4_15SyncThingClient13revert_folder0B8_
FN:406,_RNCNvMNtNtCs9DkVWDPzllD_16syncthing_mcp_rs3api6clientNtB4_15SyncThingClient14get_system_log0B8_
FN:397,_RNCNvMNtNtCs9DkVWDPzllD_16syncthing_mcp_rs3api6clientNtB4_15SyncThingClient15get_connections0B8_
FN:37,_RNCNvMNtNtCs9DkVWDPzllD_16syncthing_mcp_rs3api6clientNtB4_15SyncThingClient15send_with_retry0B8_
FN:415,_RNCNvMNtNtCs9DkVWDPzllD_16syncthing_mcp_rs3api6clientNtB4_15SyncThingClient16get_device_stats0B8_
FN:424,_RNCNvMNtNtCs9DkVWDPzllD_16syncthing_mcp_rs3api6clientNtB4_15SyncThingClient16get_folder_stats0B8_
FN:229,_RNCNvMNtNtCs9DkVWDPzllD_16syncthing_mcp_rs3api6clientNtB4_15SyncThingClient17get_folder_status0B8_
FN:66,_RNCNvMNtNtCs9DkVWDPzllD_16syncthing_mcp_rs3api6clientNtB4_15SyncThingClient17get_system_status0B8_
FN:75,_RNCNvMNtNtCs9DkVWDPzllD_16syncthing_mcp_rs3api6clientNtB4_15SyncThingClient18get_system_version0B8_
FN:218,_RNCNvMNtNtCs9DkVWDPzllD_16syncthing_mcp_rs3api6clientNtB4_15SyncThingClient18validate_device_id0B8_
FN:357,_RNCNvMNtNtCs9DkVWDPzllD_16syncthing_mcp_rs3api6clientNtB4_15SyncThingClient19get_pending_devices0B8_
FN:377,_RNCNvMNtNtCs9DkVWDPzllD_16syncthing_mcp_rs3api6clientNtB4_15SyncThingClient19get_pending_folders0B8_
FN:240,_RNCNvMNtNtCs9DkVWDPzllD_16syncthing_mcp_rs3api6clientNtB4_15SyncThingClient21get_device_completion0B8_
FN:366,_RNCNvMNtNtCs9DkVWDPzllD_16syncthing_mcp_rs3api6clientNtB4_15SyncThingClient21remove_pending_device0B8_
FN:386,_RNCNvMNtNtCs9DkVWDPzllD_16syncthing_mcp_rs3api6clientNtB4_15SyncThingClient21remove_pending_folder0B8_
FN:23,_RNCNvMNtNtCs9DkVWDPzllD_16syncthing_mcp_rs3api6clientNtB4_15SyncThingClient3new0B8_
FN:332,_RNCNvMNtNtCs9DkVWDPzllD_16syncthing_mcp_rs3api6clientNtB4_15SyncThingClient6browse0B8_
FN:251,_RNCNvMNtNtCs9DkVWDPzllD_16syncthing_mcp_rs3api6clientNtB4_15SyncThingClient6rescan0B8_
FN:274,_RNCNvMNtNtCs9DkVWDPzllD_16syncthing_mcp_rs3api6clientNtB4_15SyncThingClient7restart0B8_
FN:283,_RNCNvMNtNtCs9DkVWDPzllD_16syncthing_mcp_rs3api6clientNtB4_15SyncThingClient8shutdown0B8_
FNDA:0,_RNCNvMNtNtCs3qOuqWcYsXM_16syncthing_mcp_rs3api6clientNtB4_15SyncThingClient10add_folder0Csg8ClB3LHr1y_23docker_integration_test
FNDA:0,_RNCNvMNtNtCs3qOuqWcYsXM_16syncthing_mcp_rs3api6clientNtB4_15SyncThingClient10add_folder0B8_
FNDA:0,_RNvMNtNtCs3qOuqWcYsXM_16syncthing_mcp_rs3api6clientNtB2_15SyncThingClient10add_device
FNDA:0,_RNvMNtNtCs3qOuqWcYsXM_16syncthing_mcp_rs3api6clientNtB2_15SyncThingClient10add_folder
FNDA:0,_RNvMNtNtCs3qOuqWcYsXM_16syncthing_mcp_rs3api6clientNtB2_15SyncThingClient10get_config
FNDA:0,_RNvMNtNtCs3qOuqWcYsXM_16syncthing_mcp_rs3api6clientNtB2_15SyncThingClient10get_events
FNDA:0,_RNvMNtNtCs3qOuqWcYsXM_16syncthing_mcp_rs3api6clientNtB2_15SyncThingClient10get_folder
FNDA:0,_RNvMNtNtCs3qOuqWcYsXM_16syncthing_mcp_rs3api6clientNtB2_15SyncThingClient10set_config
FNDA:0,_RNvMNtNtCs3qOuqWcYsXM_16syncthing_mcp_rs3api6clientNtB2_15SyncThingClient11get_ignores
FNDA:0,_RNvMNtNtCs3qOuqWcYsXM_16syncthing_mcp_rs3api6clientNtB2_15SyncThingClient11set_ignores
FNDA:0,_RNvMNtNtCs3qOuqWcYsXM_16syncthing_mcp_rs3api6clientNtB2_15SyncThingClient12clear_errors
FNDA:0,_RNvMNtNtCs3qOuqWcYsXM_16syncthing_mcp_rs3api6clientNtB2_15SyncThingClient12health_check
FNDA:0,_RNvMNtNtCs3qOuqWcYsXM_16syncthing_mcp_rs3api6clientNtB2_15SyncThingClient12list_devices
FNDA:0,_RNvMNtNtCs3qOuqWcYsXM_16syncthing_mcp_rs3api6clientNtB2_15SyncThingClient12list_folders
FNDA:0,_RNvMNtNtCs3qOuqWcYsXM_16syncthing_mcp_rs3api6clientNtB2_15SyncThingClient12patch_device
FNDA:0,_RNvMNtNtCs3qOuqWcYsXM_16syncthing_mcp_rs3api6clientNtB2_15SyncThingClient12patch_folder
FNDA:0,_RNvMNtNtCs3qOuqWcYsXM_16syncthing_mcp_rs3api6clientNtB2_15SyncThingClient13remove_device
FNDA:0,_RNvMNtNtCs3qOuqWcYsXM_16syncthing_mcp_rs3api6clientNtB2_15SyncThingClient13revert_folder
FNDA:0,_RNvMNtNtCs3qOuqWcYsXM_16syncthing_mcp_rs3api6clientNtB2_15SyncThingClient14get_system_log
FNDA:0,_RNvMNtNtCs3qOuqWcYsXM_16syncthing_mcp_rs3api6clientNtB2_15SyncThingClient15get_connections
FNDA:0,_RNvMNtNtCs3qOuqWcYsXM_16syncthing_mcp_rs3api6clientNtB2_15SyncThingClient15send_with_retry
FNDA:0,_RNvMNtNtCs3qOuqWcYsXM_16syncthing_mcp_rs3api6clientNtB2_15SyncThingClient16get_device_stats
FNDA:0,_RNvMNtNtCs3qOuqWcYsXM_16syncthing_mcp_rs3api6clientNtB2_15SyncThingClient16get_folder_stats
FNDA:0,_RNvMNtNtCs3qOuqWcYsXM_16syncthing_mcp_rs3api6clientNtB2_15SyncThingClient17get_folder_status
FNDA:0,_RNvMNtNtCs3qOuqWcYsXM_16syncthing_mcp_rs3api6clientNtB2_15SyncThingClient17get_system_status
FNDA:0,_RNvMNtNtCs3qOuqWcYsXM_16syncthing_mcp_rs3api6clientNtB2_15SyncThingClient18get_system_version
FNDA:0,_RNvMNtNtCs3qOuqWcYsXM_16syncthing_mcp_rs3api6clientNtB2_15SyncThingClient18validate_device_id
FNDA:0,_RNvMNtNtCs3qOuqWcYsXM_16syncthing_mcp_rs3api6clientNtB2_15SyncThingClient19get_pending_devices
FNDA:0,_RNvMNtNtCs3qOuqWcYsXM_16syncthing_mcp_rs3api6clientNtB2_15SyncThingClient19get_pending_folders
FNDA:0,_RNvMNtNtCs3qOuqWcYsXM_16syncthing_mcp_rs3api6clientNtB2_15SyncThingClient21get_device_completion
FNDA:0,_RNvMNtNtCs3qOuqWcYsXM_16syncthing_mcp_rs3api6clientNtB2_15SyncThingClient21remove_pending_device
FNDA:0,_RNvMNtNtCs3qOuqWcYsXM_16syncthing_mcp_rs3api6clientNtB2_15SyncThingClient21remove_pending_folder
FNDA:0,_RNvMNtNtCs3qOuqWcYsXM_16syncthing_mcp_rs3api6clientNtB2_15SyncThingClient3new
FNDA:0,_RNvMNtNtCs3qOuqWcYsXM_16syncthing_mcp_rs3api6clientNtB2_15SyncThingClient6browse
FNDA:0,_RNvMNtNtCs3qOuqWcYsXM_16syncthing_mcp_rs3api6clientNtB2_15SyncThingClient6rescan
FNDA:0,_RNvMNtNtCs3qOuqWcYsXM_16syncthing_mcp_rs3api6clientNtB2_15SyncThingClient7restart
FNDA:0,_RNvMNtNtCs3qOuqWcYsXM_16syncthing_mcp_rs3api6clientNtB2_15SyncThingClient8add_auth
FNDA:0,_RNvMNtNtCs3qOuqWcYsXM_16syncthing_mcp_rs3api6clientNtB2_15SyncThingClient8shutdown
FNDA:0,_RNCNCNCNvMNtNtCs3qOuqWcYsXM_16syncthing_mcp_rs3api6clientNtB8_15SyncThingClient15send_with_retry000Bc_
FNDA:0,_RNCNCNCNvMNtNtCs3qOuqWcYsXM_16syncthing_mcp_rs3api6clientNtB8_15SyncThingClient15send_with_retry00s_0Bc_
FNDA:0,_RNCNCNvMNtNtCs3qOuqWcYsXM_16syncthing_mcp_rs3api6clientNtB6_15SyncThingClient15send_with_retry00Ba_
FNDA:0,_RNCNvMNtNtCs3qOuqWcYsXM_16syncthing_mcp_rs3api6clientNtB4_15SyncThingClient10add_device0B8_
FNDA:0,_RNCNvMNtNtCs3qOuqWcYsXM_16syncthing_mcp_rs3api6clientNtB4_15SyncThingClient10get_config0B8_
FNDA:0,_RNCNvMNtNtCs3qOuqWcYsXM_16syncthing_mcp_rs3api6clientNtB4_15SyncThingClient10get_events0B8_
FNDA:0,_RNCNvMNtNtCs3qOuqWcYsXM_16syncthing_mcp_rs3api6clientNtB4_15SyncThingClient10get_folder0B8_
FNDA:0,_RNCNvMNtNtCs3qOuqWcYsXM_16syncthing_mcp_rs3api6clientNtB4_15SyncThingClient10set_config0B8_
FNDA:0,_RNCNvMNtNtCs3qOuqWcYsXM_16syncthing_mcp_rs3api6clientNtB4_15SyncThingClient11get_ignores0B8_
FNDA:0,_RNCNvMNtNtCs3qOuqWcYsXM_16syncthing_mcp_rs3api6clientNtB4_15SyncThingClient11set_ignores0B8_
FNDA:0,_RNCNvMNtNtCs3qOuqWcYsXM_16syncthing_mcp_rs3api6clientNtB4_15SyncThingClient12clear_errors0B8_
FNDA:0,_RNCNvMNtNtCs3qOuqWcYsXM_16syncthing_mcp_rs3api6clientNtB4_15SyncThingClient12health_check0B8_
FNDA:0,_RNCNvMNtNtCs3qOuqWcYsXM_16syncthing_mcp_rs3api6clientNtB4_15SyncThingClient12list_devices0B8_
FNDA:0,_RNCNvMNtNtCs3qOuqWcYsXM_16syncthing_mcp_rs3api6clientNtB4_15SyncThingClient12list_folders0B8_
FNDA:0,_RNCNvMNtNtCs3qOuqWcYsXM_16syncthing_mcp_rs3api6clientNtB4_15SyncThingClient12patch_device0B8_
FNDA:0,_RNCNvMNtNtCs3qOuqWcYsXM_16syncthing_mcp_rs3api6clientNtB4_15SyncThingClient12patch_folder0B8_
FNDA:0,_RNCNvMNtNtCs3qOuqWcYsXM_16syncthing_mcp_rs3api6clientNtB4_15SyncThingClient13remove_device0B8_
FNDA:0,_RNCNvMNtNtCs3qOuqWcYsXM_16syncthing_mcp_rs3api6clientNtB4_15SyncThingClient13revert_folder0B8_
FNDA:0,_RNCNvMNtNtCs3qOuqWcYsXM_16syncthing_mcp_rs3api6clientNtB4_15SyncThingClient14get_system_log0B8_
FNDA:0,_RNCNvMNtNtCs3qOuqWcYsXM_16syncthing_mcp_rs3api6clientNtB4_15SyncThingClient15get_connections0B8_
FNDA:0,_RNCNvMNtNtCs3qOuqWcYsXM_16syncthing_mcp_rs3api6clientNtB4_15SyncThingClient15send_with_retry0B8_
FNDA:0,_RNCNvMNtNtCs3qOuqWcYsXM_16syncthing_mcp_rs3api6clientNtB4_15SyncThingClient16get_device_stats0B8_
FNDA:0,_RNCNvMNtNtCs3qOuqWcYsXM_16syncthing_mcp_rs3api6clientNtB4_15SyncThingClient16get_folder_stats0B8_
FNDA:0,_RNCNvMNtNtCs3qOuqWcYsXM_16syncthing_mcp_rs3api6clientNtB4_15SyncThingClient17get_folder_status0B8_
FNDA:0,_RNCNvMNtNtCs3qOuqWcYsXM_16syncthing_mcp_rs3api6clientNtB4_15SyncThingClient17get_system_status0B8_
FNDA:0,_RNCNvMNtNtCs3qOuqWcYsXM_16syncthing_mcp_rs3api6clientNtB4_15SyncThingClient18get_system_version0B8_
FNDA:0,_RNCNvMNtNtCs3qOuqWcYsXM_16syncthing_mcp_rs3api6clientNtB4_15SyncThingClient18validate_device_id0B8_
FNDA:0,_RNCNvMNtNtCs3qOuqWcYsXM_16syncthing_mcp_rs3api6clientNtB4_15SyncThingClient19get_pending_devices0B8_
FNDA:0,_RNCNvMNtNtCs3qOuqWcYsXM_16syncthing_mcp_rs3api6clientNtB4_15SyncThingClient19get_pending_folders0B8_
FNDA:0,_RNCNvMNtNtCs3qOuqWcYsXM_16syncthing_mcp_rs3api6clientNtB4_15SyncThingClient21get_device_completion0B8_
FNDA:0,_RNCNvMNtNtCs3qOuqWcYsXM_16syncthing_mcp_rs3api6clientNtB4_15SyncThingClient21remove_pending_device0B8_
FNDA:0,_RNCNvMNtNtCs3qOuqWcYsXM_16syncthing_mcp_rs3api6clientNtB4_15SyncThingClient21remove_pending_folder0B8_
FNDA:0,_RNCNvMNtNtCs3qOuqWcYsXM_16syncthing_mcp_rs3api6clientNtB4_15SyncThingClient3new0B8_
FNDA:0,_RNCNvMNtNtCs3qOuqWcYsXM_16syncthing_mcp_rs3api6clientNtB4_15SyncThingClient6browse0B8_
FNDA:0,_RNCNvMNtNtCs3qOuqWcYsXM_16syncthing_mcp_rs3api6clientNtB4_15SyncThingClient6rescan0B8_
FNDA:0,_RNCNvMNtNtCs3qOuqWcYsXM_16syncthing_mcp_rs3api6clientNtB4_15SyncThingClient7restart0B8_
FNDA:0,_RNCNvMNtNtCs3qOuqWcYsXM_16syncthing_mcp_rs3api6clientNtB4_15SyncThingClient8shutdown0B8_
FNDA:4,_RNvMNtNtCs9DkVWDPzllD_16syncthing_mcp_rs3api6clientNtB2_15SyncThingClient10add_device
FNDA:2,_RNvMNtNtCs9DkVWDPzllD_16syncthing_mcp_rs3api6clientNtB2_15SyncThingClient10add_folder
FNDA:62,_RNvMNtNtCs9DkVWDPzllD_16syncthing_mcp_rs3api6clientNtB2_15SyncThingClient10get_config
FNDA:16,_RNvMNtNtCs9DkVWDPzllD_16syncthing_mcp_rs3api6clientNtB2_15SyncThingClient10get_events
FNDA:16,_RNvMNtNtCs9DkVWDPzllD_16syncthing_mcp_rs3api6clientNtB2_15SyncThingClient10get_folder
FNDA:16,_RNvMNtNtCs9DkVWDPzllD_16syncthing_mcp_rs3api6clientNtB2_15SyncThingClient10set_config
FNDA:8,_RNvMNtNtCs9DkVWDPzllD_16syncthing_mcp_rs3api6clientNtB2_15SyncThingClient11get_ignores
FNDA:6,_RNvMNtNtCs9DkVWDPzllD_16syncthing_mcp_rs3api6clientNtB2_15SyncThingClient11set_ignores
FNDA:4,_RNvMNtNtCs9DkVWDPzllD_16syncthing_mcp_rs3api6clientNtB2_15SyncThingClient12clear_errors
FNDA:12,_RNvMNtNtCs9DkVWDPzllD_16syncthing_mcp_rs3api6clientNtB2_15SyncThingClient12health_check
FNDA:6,_RNvMNtNtCs9DkVWDPzllD_16syncthing_mcp_rs3api6clientNtB2_15SyncThingClient12list_devices
FNDA:4,_RNvMNtNtCs9DkVWDPzllD_16syncthing_mcp_rs3api6clientNtB2_15SyncThingClient12list_folders
FNDA:6,_RNvMNtNtCs9DkVWDPzllD_16syncthing_mcp_rs3api6clientNtB2_15SyncThingClient12patch_device
FNDA:6,_RNvMNtNtCs9DkVWDPzllD_16syncthing_mcp_rs3api6clientNtB2_15SyncThingClient12patch_folder
FNDA:4,_RNvMNtNtCs9DkVWDPzllD_16syncthing_mcp_rs3api6clientNtB2_15SyncThingClient13remove_device
FNDA:4,_RNvMNtNtCs9DkVWDPzllD_16syncthing_mcp_rs3api6clientNtB2_15SyncThingClient13revert_folder
FNDA:4,_RNvMNtNtCs9DkVWDPzllD_16syncthing_mcp_rs3api6clientNtB2_15SyncThingClient14get_system_log
FNDA:4,_RNvMNtNtCs9DkVWDPzllD_16syncthing_mcp_rs3api6clientNtB2_15SyncThingClient15get_connections
FNDA:268,_RNvMNtNtCs9DkVWDPzllD_16syncthing_mcp_rs3api6clientNtB2_15SyncThingClient15send_with_retry
FNDA:4,_RNvMNtNtCs9DkVWDPzllD_16syncthing_mcp_rs3api6clientNtB2_15SyncThingClient16get_device_stats
FNDA:4,_RNvMNtNtCs9DkVWDPzllD_16syncthing_mcp_rs3api6clientNtB2_15SyncThingClient16get_folder_stats
FNDA:4,_RNvMNtNtCs9DkVWDPzllD_16syncthing_mcp_rs3api6clientNtB2_15SyncThingClient17get_folder_status
FNDA:28,_RNvMNtNtCs9DkVWDPzllD_16syncthing_mcp_rs3api6clientNtB2_15SyncThingClient17get_system_status
FNDA:20,_RNvMNtNtCs9DkVWDPzllD_16syncthing_mcp_rs3api6clientNtB2_15SyncThingClient18get_system_version
FNDA:8,_RNvMNtNtCs9DkVWDPzllD_16syncthing_mcp_rs3api6clientNtB2_15SyncThingClient18validate_device_id
FNDA:2,_RNvMNtNtCs9DkVWDPzllD_16syncthing_mcp_rs3api6clientNtB2_15SyncThingClient19get_pending_devices
FNDA:4,_RNvMNtNtCs9DkVWDPzllD_16syncthing_mcp_rs3api6clientNtB2_15SyncThingClient19get_pending_folders
FNDA:4,_RNvMNtNtCs9DkVWDPzllD_16syncthing_mcp_rs3api6clientNtB2_15SyncThingClient21get_device_completion
FNDA:2,_RNvMNtNtCs9DkVWDPzllD_16syncthing_mcp_rs3api6clientNtB2_15SyncThingClient21remove_pending_device
FNDA:2,_RNvMNtNtCs9DkVWDPzllD_16syncthing_mcp_rs3api6clientNtB2_15SyncThingClient21remove_pending_folder
FNDA:300,_RNvMNtNtCs9DkVWDPzllD_16syncthing_mcp_rs3api6clientNtB2_15SyncThingClient3new
FNDA:2,_RNvMNtNtCs9DkVWDPzllD_16syncthing_mcp_rs3api6clientNtB2_15SyncThingClient6browse
FNDA:4,_RNvMNtNtCs9DkVWDPzllD_16syncthing_mcp_rs3api6clientNtB2_15SyncThingClient6rescan
FNDA:4,_RNvMNtNtCs9DkVWDPzllD_16syncthing_mcp_rs3api6clientNtB2_15SyncThingClient7restart
FNDA:268,_RNvMNtNtCs9DkVWDPzllD_16syncthing_mcp_rs3api6clientNtB2_15SyncThingClient8add_auth
FNDA:4,_RNvMNtNtCs9DkVWDPzllD_16syncthing_mcp_rs3api6clientNtB2_15SyncThingClient8shutdown
FNDA:0,_RNCNCNCNvMNtNtCs9DkVWDPzllD_16syncthing_mcp_rs3api6clientNtB8_15SyncThingClient15send_with_retry000Bc_
FNDA:278,_RNCNCNCNvMNtNtCs9DkVWDPzllD_16syncthing_mcp_rs3api6clientNtB8_15SyncThingClient15send_with_retry00s_0Bc_
FNDA:278,_RNCNCNvMNtNtCs9DkVWDPzllD_16syncthing_mcp_rs3api6clientNtB6_15SyncThingClient15send_with_retry00Ba_
FNDA:4,_RNCNvMNtNtCs9DkVWDPzllD_16syncthing_mcp_rs3api6clientNtB4_15SyncThingClient10add_device0B8_
FNDA:2,_RNCNvMNtNtCs9DkVWDPzllD_16syncthing_mcp_rs3api6clientNtB4_15SyncThingClient10add_folder0B8_
FNDA:62,_RNCNvMNtNtCs9DkVWDPzllD_16syncthing_mcp_rs3api6clientNtB4_15SyncThingClient10get_config0B8_
FNDA:16,_RNCNvMNtNtCs9DkVWDPzllD_16syncthing_mcp_rs3api6clientNtB4_15SyncThingClient10get_events0B8_
FNDA:16,_RNCNvMNtNtCs9DkVWDPzllD_16syncthing_mcp_rs3api6clientNtB4_15SyncThingClient10get_folder0B8_
FNDA:16,_RNCNvMNtNtCs9DkVWDPzllD_16syncthing_mcp_rs3api6clientNtB4_15SyncThingClient10set_config0B8_
FNDA:8,_RNCNvMNtNtCs9DkVWDPzllD_16syncthing_mcp_rs3api6clientNtB4_15SyncThingClient11get_ignores0B8_
FNDA:6,_RNCNvMNtNtCs9DkVWDPzllD_16syncthing_mcp_rs3api6clientNtB4_15SyncThingClient11set_ignores0B8_
FNDA:4,_RNCNvMNtNtCs9DkVWDPzllD_16syncthing_mcp_rs3api6clientNtB4_15SyncThingClient12clear_errors0B8_
FNDA:12,_RNCNvMNtNtCs9DkVWDPzllD_16syncthing_mcp_rs3api6clientNtB4_15SyncThingClient12health_check0B8_
FNDA:6,_RNCNvMNtNtCs9DkVWDPzllD_16syncthing_mcp_rs3api6clientNtB4_15SyncThingClient12list_devices0B8_
FNDA:4,_RNCNvMNtNtCs9DkVWDPzllD_16syncthing_mcp_rs3api6clientNtB4_15SyncThingClient12list_folders0B8_
FNDA:6,_RNCNvMNtNtCs9DkVWDPzllD_16syncthing_mcp_rs3api6clientNtB4_15SyncThingClient12patch_device0B8_
FNDA:6,_RNCNvMNtNtCs9DkVWDPzllD_16syncthing_mcp_rs3api6clientNtB4_15SyncThingClient12patch_folder0B8_
FNDA:4,_RNCNvMNtNtCs9DkVWDPzllD_16syncthing_mcp_rs3api6clientNtB4_15SyncThingClient13remove_device0B8_
FNDA:4,_RNCNvMNtNtCs9DkVWDPzllD_16syncthing_mcp_rs3api6clientNtB4_15SyncThingClient13revert_folder0B8_
FNDA:4,_RNCNvMNtNtCs9DkVWDPzllD_16syncthing_mcp_rs3api6clientNtB4_15SyncThingClient14get_system_log0B8_
FNDA:4,_RNCNvMNtNtCs9DkVWDPzllD_16syncthing_mcp_rs3api6clientNtB4_15SyncThingClient15get_connections0B8_
FNDA:268,_RNCNvMNtNtCs9DkVWDPzllD_16syncthing_mcp_rs3api6clientNtB4_15SyncThingClient15send_with_retry0B8_
FNDA:4,_RNCNvMNtNtCs9DkVWDPzllD_16syncthing_mcp_rs3api6clientNtB4_15SyncThingClient16get_device_stats0B8_
FNDA:4,_RNCNvMNtNtCs9DkVWDPzllD_16syncthing_mcp_rs3api6clientNtB4_15SyncThingClient16get_folder_stats0B8_
FNDA:4,_RNCNvMNtNtCs9DkVWDPzllD_16syncthing_mcp_rs3api6clientNtB4_15SyncThingClient17get_folder_status0B8_
FNDA:28,_RNCNvMNtNtCs9DkVWDPzllD_16syncthing_mcp_rs3api6clientNtB4_15SyncThingClient17get_system_status0B8_
FNDA:20,_RNCNvMNtNtCs9DkVWDPzllD_16syncthing_mcp_rs3api6clientNtB4_15SyncThingClient18get_system_version0B8_
FNDA:8,_RNCNvMNtNtCs9DkVWDPzllD_16syncthing_mcp_rs3api6clientNtB4_15SyncThingClient18validate_device_id0B8_
FNDA:2,_RNCNvMNtNtCs9DkVWDPzllD_16syncthing_mcp_rs3api6clientNtB4_15SyncThingClient19get_pending_devices0B8_
FNDA:4,_RNCNvMNtNtCs9DkVWDPzllD_16syncthing_mcp_rs3api6clientNtB4_15SyncThingClient19get_pending_folders0B8_
FNDA:4,_RNCNvMNtNtCs9DkVWDPzllD_16syncthing_mcp_rs3api6clientNtB4_15SyncThingClient21get_device_completion0B8_
FNDA:2,_RNCNvMNtNtCs9DkVWDPzllD_16syncthing_mcp_rs3api6clientNtB4_15SyncThingClient21remove_pending_device0B8_
FNDA:2,_RNCNvMNtNtCs9DkVWDPzllD_16syncthing_mcp_rs3api6clientNtB4_15SyncThingClient21remove_pending_folder0B8_
FNDA:0,_RNCNvMNtNtCs9DkVWDPzllD_16syncthing_mcp_rs3api6clientNtB4_15SyncThingClient3new0B8_
FNDA:2,_RNCNvMNtNtCs9DkVWDPzllD_16syncthing_mcp_rs3api6clientNtB4_15SyncThingClient6browse0B8_
FNDA:4,_RNCNvMNtNtCs9DkVWDPzllD_16syncthing_mcp_rs3api6clientNtB4_15SyncThingClient6rescan0B8_
FNDA:4,_RNCNvMNtNtCs9DkVWDPzllD_16syncthing_mcp_rs3api6clientNtB4_15SyncThingClient7restart0B8_
FNDA:4,_RNCNvMNtNtCs9DkVWDPzllD_16syncthing_mcp_rs3api6clientNtB4_15SyncThingClient8shutdown0B8_
FNF:74
FNH:72
DA:19,300
DA:20,300
DA:21,300
DA:22,300
DA:23,300
DA:24,300
DA:25,300
DA:27,268
DA:28,268
DA:29,80
DA:30,188
DA:31,268
DA:32,268
DA:34,268
DA:35,268
DA:36,268
DA:37,268
DA:38,268
DA:39,268
DA:41,268
DA:42,268
DA:43,268
DA:45,278
DA:46,278
DA:47,0
DA:48,0
DA:49,278
DA:50,278
DA:51,278
DA:53,274
DA:54,12
DA:55,262
DA:57,262
DA:58,278
DA:59,278
DA:60,268
DA:62,262
DA:63,268
DA:66,28
DA:67,28
DA:68,28
DA:69,28
DA:70,28
DA:71,20
DA:72,28
DA:75,20
DA:76,20
DA:77,20
DA:78,20
DA:79,20
DA:80,18
DA:81,20
DA:84,62
DA:85,62
DA:86,62
DA:87,62
DA:88,62
DA:89,62
DA:90,62
DA:93,16
DA:94,16
DA:95,16
DA:96,16
DA:97,16
DA:98,16
DA:99,16
DA:102,4
DA:103,4
DA:104,4
DA:105,4
DA:106,4
DA:107,4
DA:108,4
DA:111,2
DA:112,2
DA:113,2
DA:114,2
DA:115,2
DA:116,2
DA:117,2
DA:119,2
DA:120,2
DA:121,2
DA:122,2
DA:125,16
DA:126,16
DA:127,16
DA:128,16
DA:129,16
DA:130,16
DA:131,16
DA:134,6
DA:135,6
DA:136,6
DA:137,6
DA:138,6
DA:139,6
DA:140,6
DA:143,8
DA:144,8
DA:148,8
DA:149,8
DA:150,8
DA:151,8
DA:152,8
DA:153,8
DA:154,8
DA:157,6
DA:158,6
DA:162,6
DA:163,6
DA:164,6
DA:166,6
DA:167,6
DA:168,6
DA:169,6
DA:170,6
DA:171,6
DA:172,6
DA:175,6
DA:176,6
DA:177,6
DA:178,6
DA:179,6
DA:180,6
DA:181,6
DA:184,4
DA:185,4
DA:186,4
DA:187,4
DA:188,4
DA:189,4
DA:191,4
DA:192,4
DA:193,4
DA:194,4
DA:195,4
DA:196,4
DA:197,4
DA:200,4
DA:201,4
DA:202,4
DA:203,4
DA:204,4
DA:205,4
DA:206,4
DA:209,6
DA:210,6
DA:211,6
DA:212,6
DA:213,6
DA:214,6
DA:215,6
DA:218,8
DA:219,8
DA:220,8
DA:221,8
DA:222,8
DA:223,8
DA:224,8
DA:225,8
DA:226,8
DA:229,4
DA:230,4
DA:231,4
DA:232,4
DA:233,4
DA:234,4
DA:235,4
DA:236,4
DA:237,4
DA:240,4
DA:241,4
DA:242,4
DA:243,4
DA:244,4
DA:245,4
DA:246,4
DA:247,4
DA:248,4
DA:251,4
DA:252,4
DA:253,4
DA:254,4
DA:255,4
DA:256,4
DA:257,4
DA:258,4
DA:259,4
DA:260,4
DA:263,4
DA:264,4
DA:265,4
DA:266,4
DA:267,4
DA:268,4
DA:269,4
DA:270,4
DA:271,4
DA:274,4
DA:275,4
DA:276,4
DA:277,4
DA:278,4
DA:279,4
DA:280,4
DA:283,4
DA:284,4
DA:285,4
DA:286,4
DA:287,4
DA:288,4
DA:289,4
DA:292,4
DA:293,4
DA:294,4
DA:295,4
DA:296,4
DA:297,4
DA:298,4
DA:301,16
DA:302,16
DA:307,16
DA:308,16
DA:310,16
DA:311,16
DA:312,2
DA:313,14
DA:314,16
DA:315,14
DA:316,14
DA:318,16
DA:319,14
DA:320,14
DA:322,16
DA:323,16
DA:324,16
DA:327,2
DA:328,2
DA:329,2
DA:330,2
DA:331,2
DA:332,2
DA:333,2
DA:339,2
DA:340,2
DA:342,2
DA:343,2
DA:344,0
DA:345,2
DA:346,2
DA:347,2
DA:348,2
DA:350,2
DA:352,2
DA:353,2
DA:354,2
DA:357,2
DA:358,2
DA:359,2
DA:360,2
DA:361,2
DA:362,2
DA:363,2
DA:366,2
DA:367,2
DA:368,2
DA:369,2
DA:370,2
DA:371,2
DA:372,2
DA:373,2
DA:374,2
DA:377,4
DA:378,4
DA:379,4
DA:380,4
DA:381,4
DA:382,4
DA:383,4
DA:386,2
DA:387,2
DA:388,2
DA:389,2
DA:390,2
DA:391,2
DA:392,2
DA:393,2
DA:394,2
DA:397,4
DA:398,4
DA:399,4
DA:400,4
DA:401,4
DA:402,4
DA:403,4
DA:406,4
DA:407,4
DA:408,4
DA:409,4
DA:410,4
DA:411,4
DA:412,4
DA:415,4
DA:416,4
DA:417,4
DA:418,4
DA:419,4
DA:420,4
DA:421,4
DA:424,4
DA:425,4
DA:426,4
DA:427,4
DA:428,4
DA:429,4
DA:430,4
DA:433,12
DA:434,12
DA:438,12
DA:439,12
DA:440,12
DA:442,12
DA:444,12
DA:445,10
DA:446,10
DA:447,10
DA:448,10
DA:449,10
DA:450,10
DA:451,10
DA:452,10
DA:453,10
DA:454,2
DA:455,2
DA:456,2
DA:457,2
DA:458,2
DA:459,2
DA:460,2
DA:461,2
DA:462,2
DA:464,12
BRF:0
BRH:0
LF:380
LH:375
end_of_record
SF:/home/nicholas/git/nicholaswilde/syncthing-mcp-rs/src/api/models.rs
FN:174,_RNvMNtNtCs3qOuqWcYsXM_16syncthing_mcp_rs3api6modelsNtB2_5Event7summary
FN:174,_RNvMNtNtCs9DkVWDPzllD_16syncthing_mcp_rs3api6modelsNtB2_5Event7summary
FNDA:0,_RNvMNtNtCs3qOuqWcYsXM_16syncthing_mcp_rs3api6modelsNtB2_5Event7summary
FNDA:24,_RNvMNtNtCs9DkVWDPzllD_16syncthing_mcp_rs3api6modelsNtB2_5Event7summary
FNF:1
FNH:1
DA:174,24
DA:175,22
DA:177,8
DA:179,8
DA:182,6
DA:183,6
DA:184,6
DA:186,6
DA:191,2
DA:192,2
DA:194,2
DA:195,2
DA:198,2
DA:201,6
DA:203,24
BRF:0
BRH:0
LF:15
LH:15
end_of_record
SF:/home/nicholas/git/nicholaswilde/syncthing-mcp-rs/src/config/mod.rs
FN:345,_RNvMs0_NtCs3qOuqWcYsXM_16syncthing_mcp_rs6configNtB5_9AppConfig12get_instance
FN:201,_RNvMs0_NtCs3qOuqWcYsXM_16syncthing_mcp_rs6configNtB5_9AppConfig4load
FN:303,_RNvMs0_NtCs3qOuqWcYsXM_16syncthing_mcp_rs6configNtB5_9AppConfig8validate
FN:371,_RNvNtCs3qOuqWcYsXM_16syncthing_mcp_rs6config10parse_args
FN:80,_RNvNtCs3qOuqWcYsXM_16syncthing_mcp_rs6config17default_log_level
FN:76,_RNvNtCs3qOuqWcYsXM_16syncthing_mcp_rs6config17default_transport
FN:108,_RNvNtCs3qOuqWcYsXM_16syncthing_mcp_rs6config18default_mcp_events
FN:84,_RNvNtCs3qOuqWcYsXM_16syncthing_mcp_rs6config21default_no_verify_ssl
FN:100,_RNvNtCs3qOuqWcYsXM_16syncthing_mcp_rs6config24default_http_server_host
FN:104,_RNvNtCs3qOuqWcYsXM_16syncthing_mcp_rs6config24default_http_server_port
FN:88,_RNvNtCs3qOuqWcYsXM_16syncthing_mcp_rs6config26default_retry_max_attempts
FN:96,_RNvNtCs3qOuqWcYsXM_16syncthing_mcp_rs6config27default_http_server_enabled
FN:92,_RNvNtCs3qOuqWcYsXM_16syncthing_mcp_rs6config32default_retry_initial_backoff_ms
FN:118,_RNvXNtCs3qOuqWcYsXM_16syncthing_mcp_rs6configNtB2_16HttpServerConfigNtNtCs4kUJL3MZFFz_4core7default7Default7default
FN:157,_RNvXNvNtCs3qOuqWcYsXM_16syncthing_mcp_rs6config21deserialize_instancesNtB2_16InstancesVisitorNtNtCsdBCzScGN83d_10serde_core2de7Visitor9expecting
FN:129,_RNvXs_NtCs3qOuqWcYsXM_16syncthing_mcp_rs6configNtB4_9AppConfigNtNtCs4kUJL3MZFFz_4core7default7Default7default
FN:146,_RINvNtCs3qOuqWcYsXM_16syncthing_mcp_rs6config21deserialize_instancesNtNtCskKReQhBxl62_6config5value5ValueEB4_
FN:172,_RINvXNvNtCs3qOuqWcYsXM_16syncthing_mcp_rs6config21deserialize_instancesNtB3_16InstancesVisitorNtNtCsdBCzScGN83d_10serde_core2de7Visitor9visit_mapNtNtCskKReQhBxl62_6config2de9MapAccessEB7_
FN:161,_RINvXNvNtCs3qOuqWcYsXM_16syncthing_mcp_rs6config21deserialize_instancesNtB3_16InstancesVisitorNtNtCsdBCzScGN83d_10serde_core2de7Visitor9visit_seqNtNtCskKReQhBxl62_6config2de9SeqAccessEB7_
FN:353,_RNCNvMs0_NtCs3qOuqWcYsXM_16syncthing_mcp_rs6configNtB7_9AppConfig12get_instance0B9_
FN:364,_RNCNvMs0_NtCs3qOuqWcYsXM_16syncthing_mcp_rs6configNtB7_9AppConfig12get_instances0_0B9_
FN:365,_RNCNvMs0_NtCs3qOuqWcYsXM_16syncthing_mcp_rs6configNtB7_9AppConfig12get_instances1_0B9_
FN:358,_RNCNvMs0_NtCs3qOuqWcYsXM_16syncthing_mcp_rs6configNtB7_9AppConfig12get_instances_0B9_
FN:293,_RNCNvMs0_NtCs3qOuqWcYsXM_16syncthing_mcp_rs6configNtB7_9AppConfig4load0B9_
FN:146,_RINvNtCs9DkVWDPzllD_16syncthing_mcp_rs6config21deserialize_instancesNtNtCskKReQhBxl62_6config5value5ValueEB4_
FN:172,_RINvXNvNtCs9DkVWDPzllD_16syncthing_mcp_rs6config21deserialize_instancesNtB3_16InstancesVisitorNtNtCsdBCzScGN83d_10serde_core2de7Visitor9visit_mapNtNtCskKReQhBxl62_6config2de9MapAccessEB7_
FN:161,_RINvXNvNtCs9DkVWDPzllD_16syncthing_mcp_rs6config21deserialize_instancesNtB3_16InstancesVisitorNtNtCsdBCzScGN83d_10serde_core2de7Visitor9visit_seqNtNtCskKReQhBxl62_6config2de9SeqAccessEB7_
FN:353,_RNCNvMs0_NtCs9DkVWDPzllD_16syncthing_mcp_rs6configNtB7_9AppConfig12get_instance0B9_
FN:364,_RNCNvMs0_NtCs9DkVWDPzllD_16syncthing_mcp_rs6configNtB7_9AppConfig12get_instances0_0B9_
FN:365,_RNCNvMs0_NtCs9DkVWDPzllD_16syncthing_mcp_rs6configNtB7_9AppConfig12get_instances1_0B9_
FN:358,_RNCNvMs0_NtCs9DkVWDPzllD_16syncthing_mcp_rs6configNtB7_9AppConfig12get_instances_0B9_
FN:293,_RNCNvMs0_NtCs9DkVWDPzllD_16syncthing_mcp_rs6configNtB7_9AppConfig4load0B9_
FN:345,_RNvMs0_NtCs9DkVWDPzllD_16syncthing_mcp_rs6configNtB5_9AppConfig12get_instance
FN:201,_RNvMs0_NtCs9DkVWDPzllD_16syncthing_mcp_rs6configNtB5_9AppConfig4load
FN:303,_RNvMs0_NtCs9DkVWDPzllD_16syncthing_mcp_rs6configNtB5_9AppConfig8validate
FN:371,_RNvNtCs9DkVWDPzllD_16syncthing_mcp_rs6config10parse_args
FN:80,_RNvNtCs9DkVWDPzllD_16syncthing_mcp_rs6config17default_log_level
FN:76,_RNvNtCs9DkVWDPzllD_16syncthing_mcp_rs6config17default_transport
FN:108,_RNvNtCs9DkVWDPzllD_16syncthing_mcp_rs6config18default_mcp_events
FN:84,_RNvNtCs9DkVWDPzllD_16syncthing_mcp_rs6config21default_no_verify_ssl
FN:100,_RNvNtCs9DkVWDPzllD_16syncthing_mcp_rs6config24default_http_server_host
FN:104,_RNvNtCs9DkVWDPzllD_16syncthing_mcp_rs6config24default_http_server_port
FN:88,_RNvNtCs9DkVWDPzllD_16syncthing_mcp_rs6config26default_retry_max_attempts
FN:96,_RNvNtCs9DkVWDPzllD_16syncthing_mcp_rs6config27default_http_server_enabled
FN:92,_RNvNtCs9DkVWDPzllD_16syncthing_mcp_rs6config32default_retry_initial_backoff_ms
FN:118,_RNvXNtCs9DkVWDPzllD_16syncthing_mcp_rs6configNtB2_16HttpServerConfigNtNtCs4kUJL3MZFFz_4core7default7Default7default
FN:157,_RNvXNvNtCs9DkVWDPzllD_16syncthing_mcp_rs6config21deserialize_instancesNtB2_16InstancesVisitorNtNtCsdBCzScGN83d_10serde_core2de7Visitor9expecting
FN:129,_RNvXs_NtCs9DkVWDPzllD_16syncthing_mcp_rs6configNtB4_9AppConfigNtNtCs4kUJL3MZFFz_4core7default7Default7default
FNDA:0,_RNvMs0_NtCs3qOuqWcYsXM_16syncthing_mcp_rs6configNtB5_9AppConfig12get_instance
FNDA:0,_RNvMs0_NtCs3qOuqWcYsXM_16syncthing_mcp_rs6configNtB5_9AppConfig4load
FNDA:0,_RNvMs0_NtCs3qOuqWcYsXM_16syncthing_mcp_rs6configNtB5_9AppConfig8validate
FNDA:0,_RNvNtCs3qOuqWcYsXM_16syncthing_mcp_rs6config10parse_args
FNDA:0,_RNvNtCs3qOuqWcYsXM_16syncthing_mcp_rs6config17default_log_level
FNDA:0,_RNvNtCs3qOuqWcYsXM_16syncthing_mcp_rs6config17default_transport
FNDA:0,_RNvNtCs3qOuqWcYsXM_16syncthing_mcp_rs6config18default_mcp_events
FNDA:0,_RNvNtCs3qOuqWcYsXM_16syncthing_mcp_rs6config21default_no_verify_ssl
FNDA:0,_RNvNtCs3qOuqWcYsXM_16syncthing_mcp_rs6config24default_http_server_host
FNDA:0,_RNvNtCs3qOuqWcYsXM_16syncthing_mcp_rs6config24default_http_server_port
FNDA:0,_RNvNtCs3qOuqWcYsXM_16syncthing_mcp_rs6config26default_retry_max_attempts
FNDA:0,_RNvNtCs3qOuqWcYsXM_16syncthing_mcp_rs6config27default_http_server_enabled
FNDA:0,_RNvNtCs3qOuqWcYsXM_16syncthing_mcp_rs6config32default_retry_initial_backoff_ms
FNDA:0,_RNvXNtCs3qOuqWcYsXM_16syncthing_mcp_rs6configNtB2_16HttpServerConfigNtNtCs4kUJL3MZFFz_4core7default7Default7default
FNDA:0,_RNvXNvNtCs3qOuqWcYsXM_16syncthing_mcp_rs6config21deserialize_instancesNtB2_16InstancesVisitorNtNtCsdBCzScGN83d_10serde_core2de7Visitor9expecting
FNDA:0,_RNvXs_NtCs3qOuqWcYsXM_16syncthing_mcp_rs6configNtB4_9AppConfigNtNtCs4kUJL3MZFFz_4core7default7Default7default
FNDA:0,_RINvNtCs3qOuqWcYsXM_16syncthing_mcp_rs6config21deserialize_instancesNtNtCskKReQhBxl62_6config5value5ValueEB4_
FNDA:0,_RINvXNvNtCs3qOuqWcYsXM_16syncthing_mcp_rs6config21deserialize_instancesNtB3_16InstancesVisitorNtNtCsdBCzScGN83d_10serde_core2de7Visitor9visit_mapNtNtCskKReQhBxl62_6config2de9MapAccessEB7_
FNDA:0,_RINvXNvNtCs3qOuqWcYsXM_16syncthing_mcp_rs6config21deserialize_instancesNtB3_16InstancesVisitorNtNtCsdBCzScGN83d_10serde_core2de7Visitor9visit_seqNtNtCskKReQhBxl62_6config2de9SeqAccessEB7_
FNDA:0,_RNCNvMs0_NtCs3qOuqWcYsXM_16syncthing_mcp_rs6configNtB7_9AppConfig12get_instance0B9_
FNDA:0,_RNCNvMs0_NtCs3qOuqWcYsXM_16syncthing_mcp_rs6configNtB7_9AppConfig12get_instances0_0B9_
FNDA:0,_RNCNvMs0_NtCs3qOuqWcYsXM_16syncthing_mcp_rs6configNtB7_9AppConfig12get_instances1_0B9_
FNDA:0,_RNCNvMs0_NtCs3qOuqWcYsXM_16syncthing_mcp_rs6configNtB7_9AppConfig12get_instances_0B9_
FNDA:0,_RNCNvMs0_NtCs3qOuqWcYsXM_16syncthing_mcp_rs6configNtB7_9AppConfig4load0B9_
FNDA:4,_RINvNtCs9DkVWDPzllD_16syncthing_mcp_rs6config21deserialize_instancesNtNtCskKReQhBxl62_6config5value5ValueEB4_
FNDA:2,_RINvXNvNtCs9DkVWDPzllD_16syncthing_mcp_rs6config21deserialize_instancesNtB3_16InstancesVisitorNtNtCsdBCzScGN83d_10serde_core2de7Visitor9visit_mapNtNtCskKReQhBxl62_6config2de9MapAccessEB7_
FNDA:2,_RINvXNvNtCs9DkVWDPzllD_16syncthing_mcp_rs6config21deserialize_instancesNtB3_16InstancesVisitorNtNtCsdBCzScGN83d_10serde_core2de7Visitor9visit_seqNtNtCskKReQhBxl62_6config2de9SeqAccessEB7_
FNDA:0,_RNCNvMs0_NtCs9DkVWDPzllD_16syncthing_mcp_rs6configNtB7_9AppConfig12get_instance0B9_
FNDA:112,_RNCNvMs0_NtCs9DkVWDPzllD_16syncthing_mcp_rs6configNtB7_9AppConfig12get_instances0_0B9_
FNDA:12,_RNCNvMs0_NtCs9DkVWDPzllD_16syncthing_mcp_rs6configNtB7_9AppConfig12get_instances1_0B9_
FNDA:4,_RNCNvMs0_NtCs9DkVWDPzllD_16syncthing_mcp_rs6configNtB7_9AppConfig12get_instances_0B9_
FNDA:0,_RNCNvMs0_NtCs9DkVWDPzllD_16syncthing_mcp_rs6configNtB7_9AppConfig4load0B9_
FNDA:188,_RNvMs0_NtCs9DkVWDPzllD_16syncthing_mcp_rs6configNtB5_9AppConfig12get_instance
FNDA:24,_RNvMs0_NtCs9DkVWDPzllD_16syncthing_mcp_rs6configNtB5_9AppConfig4load
FNDA:30,_RNvMs0_NtCs9DkVWDPzllD_16syncthing_mcp_rs6configNtB5_9AppConfig8validate
FNDA:24,_RNvNtCs9DkVWDPzllD_16syncthing_mcp_rs6config10parse_args
FNDA:0,_RNvNtCs9DkVWDPzllD_16syncthing_mcp_rs6config17default_log_level
FNDA:0,_RNvNtCs9DkVWDPzllD_16syncthing_mcp_rs6config17default_transport
FNDA:174,_RNvNtCs9DkVWDPzllD_16syncthing_mcp_rs6config18default_mcp_events
FNDA:0,_RNvNtCs9DkVWDPzllD_16syncthing_mcp_rs6config21default_no_verify_ssl
FNDA:0,_RNvNtCs9DkVWDPzllD_16syncthing_mcp_rs6config24default_http_server_host
FNDA:0,_RNvNtCs9DkVWDPzllD_16syncthing_mcp_rs6config24default_http_server_port
FNDA:0,_RNvNtCs9DkVWDPzllD_16syncthing_mcp_rs6config26default_retry_max_attempts
FNDA:0,_RNvNtCs9DkVWDPzllD_16syncthing_mcp_rs6config27default_http_server_enabled
FNDA:0,_RNvNtCs9DkVWDPzllD_16syncthing_mcp_rs6config32default_retry_initial_backoff_ms
FNDA:152,_RNvXNtCs9DkVWDPzllD_16syncthing_mcp_rs6configNtB2_16HttpServerConfigNtNtCs4kUJL3MZFFz_4core7default7Default7default
FNDA:0,_RNvXNvNtCs9DkVWDPzllD_16syncthing_mcp_rs6config21deserialize_instancesNtB2_16InstancesVisitorNtNtCsdBCzScGN83d_10serde_core2de7Visitor9expecting
FNDA:152,_RNvXs_NtCs9DkVWDPzllD_16syncthing_mcp_rs6configNtB4_9AppConfigNtNtCs4kUJL3MZFFz_4core7default7Default7default
FNF:24
FNH:13
DA:76,0
DA:77,0
DA:78,0
DA:80,0
DA:81,0
DA:82,0
DA:84,0
DA:85,0
DA:86,0
DA:88,0
DA:89,0
DA:90,0
DA:92,0
DA:93,0
DA:94,0
DA:96,0
DA:97,0
DA:98,0
DA:100,0
DA:101,0
DA:102,0
DA:104,0
DA:105,0
DA:106,0
DA:108,174
DA:109,174
DA:110,174
DA:111,174
DA:112,174
DA:113,174
DA:115,174
DA:118,152
DA:119,152
DA:120,152
DA:121,152
DA:122,152
DA:123,152
DA:124,152
DA:125,152
DA:129,152
DA:130,152
DA:131,152
DA:132,152
DA:133,152
DA:134,152
DA:135,152
DA:136,152
DA:137,152
DA:138,152
DA:139,152
DA:140,152
DA:141,152
DA:142,152
DA:143,152
DA:146,4
DA:147,4
DA:148,4
DA:157,0
DA:158,0
DA:159,0
DA:161,2
DA:162,2
DA:163,2
DA:165,2
DA:166,6
DA:167,4
DA:168,4
DA:169,2
DA:170,2
DA:172,2
DA:173,2
DA:174,2
DA:176,2
DA:177,6
DA:178,4
DA:179,4
DA:180,2
DA:181,2
DA:184,4
DA:185,4
DA:201,24
DA:202,24
DA:203,24
DA:204,24
DA:205,24
DA:206,24
DA:208,24
DA:209,2
DA:210,2
DA:211,2
DA:212,2
DA:213,2
DA:214,0
DA:215,0
DA:216,0
DA:218,2
DA:219,22
DA:222,22
DA:223,10
DA:225,12
DA:229,22
DA:230,22
DA:231,22
DA:232,22
DA:233,22
DA:234,22
DA:235,22
DA:236,22
DA:237,22
DA:238,22
DA:239,22
DA:240,22
DA:243,22
DA:244,10
DA:245,10
DA:246,12
DA:247,12
DA:248,12
DA:249,12
DA:250,12
DA:254,22
DA:255,22
DA:256,22
DA:257,22
DA:258,22
DA:262,22
DA:263,2
DA:264,20
DA:265,22
DA:266,2
DA:267,20
DA:268,22
DA:269,0
DA:270,22
DA:271,22
DA:272,0
DA:273,22
DA:274,22
DA:275,0
DA:276,22
DA:277,22
DA:278,0
DA:279,22
DA:280,22
DA:281,2
DA:282,20
DA:283,22
DA:284,2
DA:285,20
DA:286,22
DA:287,2
DA:288,20
DA:289,22
DA:290,0
DA:291,22
DA:292,22
DA:293,0
DA:294,0
DA:295,22
DA:297,22
DA:298,22
DA:299,22
DA:300,24
DA:303,30
DA:304,30
DA:305,18
DA:306,0
DA:308,18
DA:311,18
DA:312,18
DA:313,18
DA:314,18
DA:315,18
DA:316,18
DA:317,18
DA:318,18
DA:319,12
DA:321,30
DA:322,4
DA:323,26
DA:325,30
DA:326,30
DA:327,4
DA:328,26
DA:330,26
DA:333,26
DA:334,6
DA:335,20
DA:336,26
DA:337,8
DA:338,18
DA:341,22
DA:342,30
DA:345,188
DA:346,188
DA:347,188
DA:348,188
DA:349,188
DA:350,104
DA:351,104
DA:352,104
DA:353,104
DA:354,84
DA:355,84
DA:356,84
DA:357,84
DA:358,84
DA:360,4
DA:361,80
DA:362,80
DA:363,80
DA:364,112
DA:365,80
DA:368,188
DA:371,24
DA:374,24
DA:375,24
DA:376,24
DA:377,24
DA:378,24
DA:379,24
DA:381,24
DA:382,24
DA:383,24
DA:384,24
DA:385,24
DA:387,24
DA:388,24
DA:389,24
DA:390,24
DA:391,24
DA:392,24
DA:394,24
DA:395,24
DA:396,24
DA:397,24
DA:399,24
DA:400,24
DA:401,24
DA:402,24
DA:404,24
DA:405,24
DA:406,24
DA:407,24
DA:408,24
DA:410,24
DA:411,24
DA:412,24
DA:413,24
DA:415,24
DA:416,24
DA:417,24
DA:418,24
DA:419,24
DA:421,24
DA:422,24
DA:423,24
DA:424,24
DA:426,24
DA:427,24
DA:428,24
DA:429,24
DA:431,24
DA:432,24
DA:433,24
DA:434,24
DA:435,24
DA:437,24
DA:439,24
DA:440,18
DA:442,6
DA:444,24
BRF:0
BRH:0
LF:277
LH:237
end_of_record
SF:/home/nicholas/git/nicholaswilde/syncthing-mcp-rs/src/credentials/mod.rs
FN:103,_RNvNtCs3qOuqWcYsXM_16syncthing_mcp_rs11credentials13decrypt_value
FN:84,_RNvNtCs3qOuqWcYsXM_16syncthing_mcp_rs11credentials13encrypt_value
FN:59,_RNvNtCs3qOuqWcYsXM_16syncthing_mcp_rs11credentials14get_master_key
FN:40,_RNvNtCs3qOuqWcYsXM_16syncthing_mcp_rs11credentials15resolve_api_key
FN:18,_RNvXNtCs3qOuqWcYsXM_16syncthing_mcp_rs11credentialsNtB2_15KeyringProviderNtB2_18CredentialProvider11get_api_key
FN:132,_RNvNtNtCs9DkVWDPzllD_16syncthing_mcp_rs11credentials5testss_17test_resolve_none
FN:146,_RNvNtNtCs9DkVWDPzllD_16syncthing_mcp_rs11credentials5testss_20test_encrypt_decrypt
FN:126,_RNvNtNtCs9DkVWDPzllD_16syncthing_mcp_rs11credentials5testss_22test_resolve_plain_key
FN:137,_RNvNtNtCs9DkVWDPzllD_16syncthing_mcp_rs11credentials5testss_35test_resolve_invalid_keyring_format
FN:103,_RNvNtCs9DkVWDPzllD_16syncthing_mcp_rs11credentials13decrypt_value
FN:84,_RNvNtCs9DkVWDPzllD_16syncthing_mcp_rs11credentials13encrypt_value
FN:59,_RNvNtCs9DkVWDPzllD_16syncthing_mcp_rs11credentials14get_master_key
FN:40,_RNvNtCs9DkVWDPzllD_16syncthing_mcp_rs11credentials15resolve_api_key
FN:18,_RNvXNtCs9DkVWDPzllD_16syncthing_mcp_rs11credentialsNtB2_15KeyringProviderNtB2_18CredentialProvider11get_api_key
FNDA:0,_RNvNtCs3qOuqWcYsXM_16syncthing_mcp_rs11credentials13decrypt_value
FNDA:0,_RNvNtCs3qOuqWcYsXM_16syncthing_mcp_rs11credentials13encrypt_value
FNDA:0,_RNvNtCs3qOuqWcYsXM_16syncthing_mcp_rs11credentials14get_master_key
FNDA:0,_RNvNtCs3qOuqWcYsXM_16syncthing_mcp_rs11credentials15resolve_api_key
FNDA:0,_RNvXNtCs3qOuqWcYsXM_16syncthing_mcp_rs11credentialsNtB2_15KeyringProviderNtB2_18CredentialProvider11get_api_key
FNDA:2,_RNvNtNtCs9DkVWDPzllD_16syncthing_mcp_rs11credentials5testss_17test_resolve_none
FNDA:2,_RNvNtNtCs9DkVWDPzllD_16syncthing_mcp_rs11credentials5testss_20test_encrypt_decrypt
FNDA:2,_RNvNtNtCs9DkVWDPzllD_16syncthing_mcp_rs11credentials5testss_22test_resolve_plain_key
FNDA:2,_RNvNtNtCs9DkVWDPzllD_16syncthing_mcp_rs11credentials5testss_35test_resolve_invalid_keyring_format
FNDA:0,_RNvNtCs9DkVWDPzllD_16syncthing_mcp_rs11credentials13decrypt_value
FNDA:2,_RNvNtCs9DkVWDPzllD_16syncthing_mcp_rs11credentials13encrypt_value
FNDA:2,_RNvNtCs9DkVWDPzllD_16syncthing_mcp_rs11credentials14get_master_key
FNDA:50,_RNvNtCs9DkVWDPzllD_16syncthing_mcp_rs11credentials15resolve_api_key
FNDA:0,_RNvXNtCs9DkVWDPzllD_16syncthing_mcp_rs11credentialsNtB2_15KeyringProviderNtB2_18CredentialProvider11get_api_key
FNF:9
FNH:7
DA:18,0
DA:19,0
DA:23,0
DA:24,0
DA:25,0
DA:26,0
DA:27,0
DA:28,0
DA:31,0
DA:32,0
DA:33,0
DA:36,0
DA:40,50
DA:41,46
DA:42,48
DA:43,2
DA:44,2
DA:45,0
DA:46,0
DA:47,0
DA:49,2
DA:50,2
DA:53,46
DA:54,48
DA:56,50
DA:59,2
DA:60,2
DA:61,2
DA:62,0
DA:63,0
DA:64,0
DA:65,0
DA:66,0
DA:67,0
DA:69,0
DA:74,2
DA:75,2
DA:76,2
DA:77,2
DA:78,2
DA:81,2
DA:84,2
DA:85,2
DA:86,2
DA:87,2
DA:89,2
DA:90,2
DA:91,2
DA:93,2
DA:95,2
DA:96,2
DA:97,2
DA:99,2
DA:100,2
DA:103,0
DA:104,0
DA:105,0
DA:106,0
DA:107,0
DA:108,0
DA:110,0
DA:111,0
DA:112,0
DA:114,0
DA:115,0
DA:117,0
DA:118,0
DA:119,0
DA:126,2
DA:127,2
DA:128,2
DA:129,2
DA:132,2
DA:133,2
DA:134,2
DA:137,2
DA:138,2
DA:139,2
DA:140,2
DA:141,2
DA:143,2
DA:146,2
DA:149,2
DA:150,2
DA:151,2
DA:153,2
DA:154,2
DA:155,2
DA:157,2
DA:158,2
DA:159,2
DA:160,2
DA:162,2
DA:165,2
DA:166,2
DA:167,2
DA:168,2
DA:169,2
DA:170,2
DA:171,2
BRF:0
BRH:0
LF:100
LH:64
end_of_record
SF:/home/nicholas/git/nicholaswilde/syncthing-mcp-rs/src/error.rs
FN:91,_RNvMs0_NtCs3qOuqWcYsXM_16syncthing_mcp_rs5errorNtB5_8Language5parse
FN:136,_RNvMs1_NtCs3qOuqWcYsXM_16syncthing_mcp_rs5errorNtB5_5Error11diagnose_en
FN:229,_RNvMs1_NtCs3qOuqWcYsXM_16syncthing_mcp_rs5errorNtB5_5Error11diagnose_fr
FN:126,_RNvMs1_NtCs3qOuqWcYsXM_16syncthing_mcp_rs5errorNtB5_5Error17diagnose_internal
FN:122,_RNvMs1_NtCs3qOuqWcYsXM_16syncthing_mcp_rs5errorNtB5_5Error21diagnose_with_context
FN:117,_RNvMs1_NtCs3qOuqWcYsXM_16syncthing_mcp_rs5errorNtB5_5Error22diagnose_with_language
FN:112,_RNvMs1_NtCs3qOuqWcYsXM_16syncthing_mcp_rs5errorNtB5_5Error8diagnose
FN:56,_RNvXNtCs3qOuqWcYsXM_16syncthing_mcp_rs5errorNtB2_5ErrorINtNtCs4kUJL3MZFFz_4core7convert4FromNtNtCs5XsEQ5dfYZG_7reqwest5error5ErrorE4from
FN:73,_RNvXs_NtCs3qOuqWcYsXM_16syncthing_mcp_rs5errorNtB4_5ErrorINtNtCs4kUJL3MZFFz_4core7convert4FromNtNtCsauO83Ko6oyK_5alloc6string6StringE4from
FN:91,_RNvMs0_NtCs9DkVWDPzllD_16syncthing_mcp_rs5errorNtB5_8Language5parse
FN:136,_RNvMs1_NtCs9DkVWDPzllD_16syncthing_mcp_rs5errorNtB5_5Error11diagnose_en
FN:229,_RNvMs1_NtCs9DkVWDPzllD_16syncthing_mcp_rs5errorNtB5_5Error11diagnose_fr
FN:126,_RNvMs1_NtCs9DkVWDPzllD_16syncthing_mcp_rs5errorNtB5_5Error17diagnose_internal
FN:122,_RNvMs1_NtCs9DkVWDPzllD_16syncthing_mcp_rs5errorNtB5_5Error21diagnose_with_context
FN:117,_RNvMs1_NtCs9DkVWDPzllD_16syncthing_mcp_rs5errorNtB5_5Error22diagnose_with_language
FN:112,_RNvMs1_NtCs9DkVWDPzllD_16syncthing_mcp_rs5errorNtB5_5Error8diagnose
FN:56,_RNvXNtCs9DkVWDPzllD_16syncthing_mcp_rs5errorNtB2_5ErrorINtNtCs4kUJL3MZFFz_4core7convert4FromNtNtCs5XsEQ5dfYZG_7reqwest5error5ErrorE4from
FN:73,_RNvXs_NtCs9DkVWDPzllD_16syncthing_mcp_rs5errorNtB4_5ErrorINtNtCs4kUJL3MZFFz_4core7convert4FromNtNtCsauO83Ko6oyK_5alloc6string6StringE4from
FNDA:0,_RNvMs0_NtCs3qOuqWcYsXM_16syncthing_mcp_rs5errorNtB5_8Language5parse
FNDA:0,_RNvMs1_NtCs3qOuqWcYsXM_16syncthing_mcp_rs5errorNtB5_5Error11diagnose_en
FNDA:0,_RNvMs1_NtCs3qOuqWcYsXM_16syncthing_mcp_rs5errorNtB5_5Error11diagnose_fr
FNDA:0,_RNvMs1_NtCs3qOuqWcYsXM_16syncthing_mcp_rs5errorNtB5_5Error17diagnose_internal
FNDA:0,_RNvMs1_NtCs3qOuqWcYsXM_16syncthing_mcp_rs5errorNtB5_5Error21diagnose_with_context
FNDA:0,_RNvMs1_NtCs3qOuqWcYsXM_16syncthing_mcp_rs5errorNtB5_5Error22diagnose_with_language
FNDA:0,_RNvMs1_NtCs3qOuqWcYsXM_16syncthing_mcp_rs5errorNtB5_5Error8diagnose
FNDA:0,_RNvXNtCs3qOuqWcYsXM_16syncthing_mcp_rs5errorNtB2_5ErrorINtNtCs4kUJL3MZFFz_4core7convert4FromNtNtCs5XsEQ5dfYZG_7reqwest5error5ErrorE4from
FNDA:0,_RNvXs_NtCs3qOuqWcYsXM_16syncthing_mcp_rs5errorNtB4_5ErrorINtNtCs4kUJL3MZFFz_4core7convert4FromNtNtCsauO83Ko6oyK_5alloc6string6StringE4from
FNDA:0,_RNvMs0_NtCs9DkVWDPzllD_16syncthing_mcp_rs5errorNtB5_8Language5parse
FNDA:40,_RNvMs1_NtCs9DkVWDPzllD_16syncthing_mcp_rs5errorNtB5_5Error11diagnose_en
FNDA:12,_RNvMs1_NtCs9DkVWDPzllD_16syncthing_mcp_rs5errorNtB5_5Error11diagnose_fr
FNDA:56,_RNvMs1_NtCs9DkVWDPzllD_16syncthing_mcp_rs5errorNtB5_5Error17diagnose_internal
FNDA:2,_RNvMs1_NtCs9DkVWDPzllD_16syncthing_mcp_rs5errorNtB5_5Error21diagnose_with_context
FNDA:50,_RNvMs1_NtCs9DkVWDPzllD_16syncthing_mcp_rs5errorNtB5_5Error22diagnose_with_language
FNDA:38,_RNvMs1_NtCs9DkVWDPzllD_16syncthing_mcp_rs5errorNtB5_5Error8diagnose
FNDA:23,_RNvXNtCs9DkVWDPzllD_16syncthing_mcp_rs5errorNtB2_5ErrorINtNtCs4kUJL3MZFFz_4core7convert4FromNtNtCs5XsEQ5dfYZG_7reqwest5error5ErrorE4from
FNDA:2,_RNvXs_NtCs9DkVWDPzllD_16syncthing_mcp_rs5errorNtB4_5ErrorINtNtCs4kUJL3MZFFz_4core7convert4FromNtNtCsauO83Ko6oyK_5alloc6string6StringE4from
FNF:9
FNH:8
DA:56,23
DA:57,23
DA:58,19
DA:59,3
DA:60,1
DA:61,3
DA:62,12
DA:64,4
DA:65,4
DA:67,0
DA:69,23
DA:73,2
DA:74,2
DA:75,2
DA:91,0
DA:92,0
DA:93,0
DA:94,0
DA:96,0
DA:112,38
DA:113,38
DA:114,38
DA:117,50
DA:118,50
DA:119,50
DA:122,2
DA:123,2
DA:124,2
DA:126,56
DA:127,56
DA:128,4
DA:129,52
DA:130,40
DA:131,12
DA:134,56
DA:136,40
DA:137,40
DA:138,8
DA:139,8
DA:140,8
DA:141,8
DA:142,8
DA:143,2
DA:144,2
DA:145,2
DA:147,0
DA:148,0
DA:150,2
DA:151,2
DA:152,2
DA:153,2
DA:154,2
DA:157,8
DA:158,6
DA:159,2
DA:160,2
DA:162,8
DA:163,8
DA:164,8
DA:165,8
DA:166,8
DA:168,6
DA:169,6
DA:170,2
DA:171,2
DA:172,4
DA:173,2
DA:175,2
DA:177,6
DA:178,6
DA:179,6
DA:180,6
DA:181,6
DA:183,12
DA:184,12
DA:185,12
DA:186,4
DA:187,4
DA:188,4
DA:189,4
DA:190,4
DA:191,4
DA:192,8
DA:193,2
DA:194,2
DA:195,2
DA:196,2
DA:197,2
DA:198,2
DA:199,6
DA:200,2
DA:201,2
DA:202,2
DA:203,2
DA:204,2
DA:205,2
DA:206,2
DA:207,4
DA:208,2
DA:209,2
DA:210,2
DA:211,2
DA:212,2
DA:214,2
DA:215,2
DA:216,2
DA:217,2
DA:218,2
DA:221,4
DA:222,4
DA:223,4
DA:224,4
DA:225,4
DA:227,40
DA:229,12
DA:230,12
DA:231,2
DA:232,2
DA:233,2
DA:234,2
DA:235,2
DA:236,2
DA:237,2
DA:238,2
DA:239,2
DA:241,0
DA:243,2
DA:244,2
DA:245,2
DA:246,2
DA:247,2
DA:250,2
DA:251,0
DA:252,0
DA:254,0
DA:255,0
DA:258,2
DA:261,2
DA:262,2
DA:263,2
DA:264,2
DA:265,2
DA:266,2
DA:267,2
DA:269,2
DA:270,2
DA:271,2
DA:272,2
DA:273,0
DA:274,0
DA:276,0
DA:278,2
DA:279,2
DA:280,2
DA:281,2
DA:282,2
DA:284,4
DA:285,4
DA:286,2
DA:287,2
DA:288,2
DA:289,2
DA:290,2
DA:291,2
DA:292,0
DA:293,0
DA:294,0
DA:295,0
DA:296,0
DA:297,2
DA:298,2
DA:299,2
DA:300,2
DA:301,2
DA:302,2
DA:304,0
DA:305,0
DA:306,0
DA:307,0
DA:308,0
DA:309,0
DA:312,0
DA:313,0
DA:314,0
DA:315,0
DA:316,0
DA:317,0
DA:319,12
BRF:0
BRH:0
LF:188
LH:155
end_of_record
SF:/home/nicholas/git/nicholaswilde/syncthing-mcp-rs/src/lib.rs
FN:48,_RNvCs3qOuqWcYsXM_16syncthing_mcp_rs13run_with_args
FN:111,_RNvCs3qOuqWcYsXM_16syncthing_mcp_rs3run
FN:36,_RNvCs3qOuqWcYsXM_16syncthing_mcp_rs7version
FN:73,_RNCNCNvCs3qOuqWcYsXM_16syncthing_mcp_rs13run_with_args00B5_
FN:88,_RNCNCNvCs3qOuqWcYsXM_16syncthing_mcp_rs13run_with_args0s_0B5_
FN:48,_RNCNvCs3qOuqWcYsXM_16syncthing_mcp_rs13run_with_args0B3_
FN:111,_RNCNvCs3qOuqWcYsXM_16syncthing_mcp_rs3run0B3_
FN:111,_RNvCs9DkVWDPzllD_16syncthing_mcp_rs3run
FN:120,_RNvNtCs9DkVWDPzllD_16syncthing_mcp_rs5testss_12test_version
FN:125,_RNvNtCs9DkVWDPzllD_16syncthing_mcp_rs5testss_40test_run_with_encrypt_exits_successfully
FN:48,_RNvCs9DkVWDPzllD_16syncthing_mcp_rs13run_with_args
FN:36,_RNvCs9DkVWDPzllD_16syncthing_mcp_rs7version
FN:125,_RNCNvNtCs9DkVWDPzllD_16syncthing_mcp_rs5testss_40test_run_with_encrypt_exits_successfully0B5_
FN:73,_RNCNCNvCs9DkVWDPzllD_16syncthing_mcp_rs13run_with_args00B5_
FN:88,_RNCNCNvCs9DkVWDPzllD_16syncthing_mcp_rs13run_with_args0s_0B5_
FN:48,_RNCNvCs9DkVWDPzllD_16syncthing_mcp_rs13run_with_args0B3_
FN:111,_RNCNvCs9DkVWDPzllD_16syncthing_mcp_rs3run0B3_
FNDA:0,_RNvCs3qOuqWcYsXM_16syncthing_mcp_rs13run_with_args
FNDA:0,_RNvCs3qOuqWcYsXM_16syncthing_mcp_rs3run
FNDA:0,_RNvCs3qOuqWcYsXM_16syncthing_mcp_rs7version
FNDA:0,_RNCNCNvCs3qOuqWcYsXM_16syncthing_mcp_rs13run_with_args00B5_
FNDA:0,_RNCNCNvCs3qOuqWcYsXM_16syncthing_mcp_rs13run_with_args0s_0B5_
FNDA:0,_RNCNvCs3qOuqWcYsXM_16syncthing_mcp_rs13run_with_args0B3_
FNDA:0,_RNCNvCs3qOuqWcYsXM_16syncthing_mcp_rs3run0B3_
FNDA:0,_RNvCs9DkVWDPzllD_16syncthing_mcp_rs3run
FNDA:2,_RNvNtCs9DkVWDPzllD_16syncthing_mcp_rs5testss_12test_version
FNDA:2,_RNvNtCs9DkVWDPzllD_16syncthing_mcp_rs5testss_40test_run_with_encrypt_exits_successfully
FNDA:2,_RNvCs9DkVWDPzllD_16syncthing_mcp_rs13run_with_args
FNDA:2,_RNvCs9DkVWDPzllD_16syncthing_mcp_rs7version
FNDA:2,_RNCNvNtCs9DkVWDPzllD_16syncthing_mcp_rs5testss_40test_run_with_encrypt_exits_successfully0B5_
FNDA:0,_RNCNCNvCs9DkVWDPzllD_16syncthing_mcp_rs13run_with_args00B5_
FNDA:0,_RNCNCNvCs9DkVWDPzllD_16syncthing_mcp_rs13run_with_args0s_0B5_
FNDA:2,_RNCNvCs9DkVWDPzllD_16syncthing_mcp_rs13run_with_args0B3_
FNDA:0,_RNCNvCs9DkVWDPzllD_16syncthing_mcp_rs3run0B3_
FNF:10
FNH:6
DA:36,2
DA:37,2
DA:38,2
DA:48,2
DA:50,2
DA:51,2
DA:52,2
DA:53,2
DA:55,2
DA:58,2
DA:59,0
DA:60,2
DA:62,0
DA:65,0
DA:68,0
DA:71,0
DA:72,0
DA:73,0
DA:74,0
DA:75,0
DA:76,0
DA:77,0
DA:80,0
DA:81,0
DA:82,0
DA:84,0
DA:85,0
DA:88,0
DA:89,0
DA:90,0
DA:91,0
DA:92,0
DA:93,0
DA:94,0
DA:95,0
DA:96,0
DA:99,0
DA:101,0
DA:103,0
DA:104,0
DA:107,0
DA:108,2
DA:111,0
DA:112,0
DA:113,0
DA:120,2
DA:121,2
DA:122,2
DA:125,2
DA:126,2
DA:127,2
DA:128,2
DA:129,2
DA:131,2
DA:132,2
DA:133,2
BRF:0
BRH:0
LF:62
LH:26
end_of_record
SF:/home/nicholas/git/nicholaswilde/syncthing-mcp-rs/src/main.rs
FN:9,_RNvNtCsf0LZDQQSc0I_16syncthing_mcp_rs5testss_9test_main
FN:2,_RNCNvCsf0LZDQQSc0I_16syncthing_mcp_rs4main0B3_
FN:2,_RNvCsf0LZDQQSc0I_16syncthing_mcp_rs4main
FN:2,_RNCNvCsanRFWxke22v_16syncthing_mcp_rs4main0B3_
FN:2,_RNvCsanRFWxke22v_16syncthing_mcp_rs4main
FNDA:1,_RNvNtCsf0LZDQQSc0I_16syncthing_mcp_rs5testss_9test_main
FNDA:0,_RNCNvCsf0LZDQQSc0I_16syncthing_mcp_rs4main0B3_
FNDA:0,_RNvCsf0LZDQQSc0I_16syncthing_mcp_rs4main
FNDA:0,_RNCNvCsanRFWxke22v_16syncthing_mcp_rs4main0B3_
FNDA:0,_RNvCsanRFWxke22v_16syncthing_mcp_rs4main
FNF:3
FNH:1
DA:2,0
DA:3,0
DA:4,0
DA:9,1
DA:11,1
BRF:0
BRH:0
LF:7
LH:2
end_of_record
SF:/home/nicholas/git/nicholaswilde/syncthing-mcp-rs/src/mcp/events.rs
FN:22,_RNvMNtNtCs3qOuqWcYsXM_16syncthing_mcp_rs3mcp6eventsNtB2_12EventManager3new
FN:31,_RNvMNtNtCs3qOuqWcYsXM_16syncthing_mcp_rs3mcp6eventsNtB2_12EventManager3run
FN:37,_RNCNCNvMNtNtCs3qOuqWcYsXM_16syncthing_mcp_rs3mcp6eventsNtB6_12EventManager3run00Ba_
FN:40,_RNCNCNvMNtNtCs3qOuqWcYsXM_16syncthing_mcp_rs3mcp6eventsNtB6_12EventManager3run0s_0Ba_
FN:31,_RNCNvMNtNtCs3qOuqWcYsXM_16syncthing_mcp_rs3mcp6eventsNtB4_12EventManager3run0B8_
FN:22,_RNvMNtNtCs9DkVWDPzllD_16syncthing_mcp_rs3mcp6eventsNtB2_12EventManager3new
FN:31,_RNvMNtNtCs9DkVWDPzllD_16syncthing_mcp_rs3mcp6eventsNtB2_12EventManager3run
FN:37,_RNCNCNvMNtNtCs9DkVWDPzllD_16syncthing_mcp_rs3mcp6eventsNtB6_12EventManager3run00Ba_
FN:40,_RNCNCNvMNtNtCs9DkVWDPzllD_16syncthing_mcp_rs3mcp6eventsNtB6_12EventManager3run0s_0Ba_
FN:31,_RNCNvMNtNtCs9DkVWDPzllD_16syncthing_mcp_rs3mcp6eventsNtB4_12EventManager3run0B8_
FNDA:0,_RNvMNtNtCs3qOuqWcYsXM_16syncthing_mcp_rs3mcp6eventsNtB2_12EventManager3new
FNDA:0,_RNvMNtNtCs3qOuqWcYsXM_16syncthing_mcp_rs3mcp6eventsNtB2_12EventManager3run
FNDA:0,_RNCNCNvMNtNtCs3qOuqWcYsXM_16syncthing_mcp_rs3mcp6eventsNtB6_12EventManager3run00Ba_
FNDA:0,_RNCNCNvMNtNtCs3qOuqWcYsXM_16syncthing_mcp_rs3mcp6eventsNtB6_12EventManager3run0s_0Ba_
FNDA:0,_RNCNvMNtNtCs3qOuqWcYsXM_16syncthing_mcp_rs3mcp6eventsNtB4_12EventManager3run0B8_
FNDA:10,_RNvMNtNtCs9DkVWDPzllD_16syncthing_mcp_rs3mcp6eventsNtB2_12EventManager3new
FNDA:10,_RNvMNtNtCs9DkVWDPzllD_16syncthing_mcp_rs3mcp6eventsNtB2_12EventManager3run
FNDA:0,_RNCNCNvMNtNtCs9DkVWDPzllD_16syncthing_mcp_rs3mcp6eventsNtB6_12EventManager3run00Ba_
FNDA:2,_RNCNCNvMNtNtCs9DkVWDPzllD_16syncthing_mcp_rs3mcp6eventsNtB6_12EventManager3run0s_0Ba_
FNDA:10,_RNCNvMNtNtCs9DkVWDPzllD_16syncthing_mcp_rs3mcp6eventsNtB4_12EventManager3run0B8_
FNF:5
FNH:4
DA:22,10
DA:23,10
DA:24,10
DA:25,10
DA:26,10
DA:27,10
DA:28,10
DA:31,10
DA:33,14
DA:34,14
DA:35,14
DA:36,14
DA:37,14
DA:38,14
DA:40,14
DA:41,14
DA:42,14
DA:43,14
DA:45,14
DA:46,12
DA:47,12
DA:48,12
DA:49,12
DA:50,12
DA:51,12
DA:52,12
DA:53,12
DA:54,12
DA:55,12
DA:56,2
DA:57,14
DA:60,0
DA:61,0
DA:69,12
BRF:0
BRH:0
LF:37
LH:34
end_of_record
SF:/home/nicholas/git/nicholaswilde/syncthing-mcp-rs/src/mcp/server.rs
FN:168,_RNvMNtNtCs3qOuqWcYsXM_16syncthing_mcp_rs3mcp6serverNtB2_9McpServer14handle_request
FN:54,_RNvMNtNtCs3qOuqWcYsXM_16syncthing_mcp_rs3mcp6serverNtB2_9McpServer3new
FN:68,_RNvMNtNtCs3qOuqWcYsXM_16syncthing_mcp_rs3mcp6serverNtB2_9McpServer6router
FN:86,_RNvMNtNtCs3qOuqWcYsXM_16syncthing_mcp_rs3mcp6serverNtB2_9McpServer9run_stdio
FN:230,_RNvNtNtCs3qOuqWcYsXM_16syncthing_mcp_rs3mcp6server11sse_handler
FN:316,_RNvNtNtCs3qOuqWcYsXM_16syncthing_mcp_rs3mcp6server15auth_middleware
FN:256,_RNvNtNtCs3qOuqWcYsXM_16syncthing_mcp_rs3mcp6server15message_handler
FN:91,_RINvMNtNtCs3qOuqWcYsXM_16syncthing_mcp_rs3mcp6serverNtB3_9McpServer3runNtNtNtCsajWU7Oh4XRW_5tokio2io5stdin5StdinNtNtB1b_6stdout6StdoutEB7_
FN:100,_RNCINvMNtNtCs3qOuqWcYsXM_16syncthing_mcp_rs3mcp6serverNtB5_9McpServer3runNtNtNtCsajWU7Oh4XRW_5tokio2io5stdin5StdinNtNtB1d_6stdout6StdoutE0B9_
FN:155,_RNCNCINvMNtNtCs3qOuqWcYsXM_16syncthing_mcp_rs3mcp6serverNtB7_9McpServer3runNtNtNtCsajWU7Oh4XRW_5tokio2io5stdin5StdinNtNtB1f_6stdout6StdoutE0s_0Bb_
FN:195,_RNCNCNvMNtNtCs3qOuqWcYsXM_16syncthing_mcp_rs3mcp6serverNtB6_9McpServer14handle_request00Ba_
FN:202,_RNCNCNvMNtNtCs3qOuqWcYsXM_16syncthing_mcp_rs3mcp6serverNtB6_9McpServer14handle_request0s0_0Ba_
FN:207,_RNCNCNvMNtNtCs3qOuqWcYsXM_16syncthing_mcp_rs3mcp6serverNtB6_9McpServer14handle_request0s1_0Ba_
FN:208,_RNCNCNvMNtNtCs3qOuqWcYsXM_16syncthing_mcp_rs3mcp6serverNtB6_9McpServer14handle_request0s2_0Ba_
FN:216,_RNCNCNvMNtNtCs3qOuqWcYsXM_16syncthing_mcp_rs3mcp6serverNtB6_9McpServer14handle_request0s3_0Ba_
FN:196,_RNCNCNvMNtNtCs3qOuqWcYsXM_16syncthing_mcp_rs3mcp6serverNtB6_9McpServer14handle_request0s_0Ba_
FN:244,_RNCNCNvNtNtCs3qOuqWcYsXM_16syncthing_mcp_rs3mcp6server11sse_handler00B9_
FN:325,_RNCNCNvNtNtCs3qOuqWcYsXM_16syncthing_mcp_rs3mcp6server15auth_middleware00B9_
FN:326,_RNCNCNvNtNtCs3qOuqWcYsXM_16syncthing_mcp_rs3mcp6server15auth_middleware0s_0B9_
FN:262,_RNCNCNvNtNtCs3qOuqWcYsXM_16syncthing_mcp_rs3mcp6server15message_handler00B9_
FN:168,_RNCNvMNtNtCs3qOuqWcYsXM_16syncthing_mcp_rs3mcp6serverNtB4_9McpServer14handle_request0B8_
FN:86,_RNCNvMNtNtCs3qOuqWcYsXM_16syncthing_mcp_rs3mcp6serverNtB4_9McpServer9run_stdio0B8_
FN:232,_RNCNvNtNtCs3qOuqWcYsXM_16syncthing_mcp_rs3mcp6server11sse_handler0B7_
FN:321,_RNCNvNtNtCs3qOuqWcYsXM_16syncthing_mcp_rs3mcp6server15auth_middleware0B7_
FN:260,_RNCNvNtNtCs3qOuqWcYsXM_16syncthing_mcp_rs3mcp6server15message_handler0B7_
FN:168,_RNvMNtNtCs9DkVWDPzllD_16syncthing_mcp_rs3mcp6serverNtB2_9McpServer14handle_request
FN:54,_RNvMNtNtCs9DkVWDPzllD_16syncthing_mcp_rs3mcp6serverNtB2_9McpServer3new
FN:68,_RNvMNtNtCs9DkVWDPzllD_16syncthing_mcp_rs3mcp6serverNtB2_9McpServer6router
FN:86,_RNvMNtNtCs9DkVWDPzllD_16syncthing_mcp_rs3mcp6serverNtB2_9McpServer9run_stdio
FN:230,_RNvNtNtCs9DkVWDPzllD_16syncthing_mcp_rs3mcp6server11sse_handler
FN:316,_RNvNtNtCs9DkVWDPzllD_16syncthing_mcp_rs3mcp6server15auth_middleware
FN:256,_RNvNtNtCs9DkVWDPzllD_16syncthing_mcp_rs3mcp6server15message_handler
FN:91,_RINvMNtNtCs9DkVWDPzllD_16syncthing_mcp_rs3mcp6serverNtB3_9McpServer3runNtNtNtCsajWU7Oh4XRW_5tokio2io5stdin5StdinNtNtB1b_6stdout6StdoutEB7_
FN:91,_RINvMNtNtCs9DkVWDPzllD_16syncthing_mcp_rs3mcp6serverNtB3_9McpServer3runNtNtNtNtCsajWU7Oh4XRW_5tokio2io4util3mem12DuplexStreamB17_EB7_
FN:91,_RINvMNtNtCs9DkVWDPzllD_16syncthing_mcp_rs3mcp6serverNtB3_9McpServer3runRShQINtNtCsauO83Ko6oyK_5alloc3vec3VechEEB7_
FN:100,_RNCINvMNtNtCs9DkVWDPzllD_16syncthing_mcp_rs3mcp6serverNtB5_9McpServer3runNtNtNtCsajWU7Oh4XRW_5tokio2io5stdin5StdinNtNtB1d_6stdout6StdoutE0B9_
FN:100,_RNCINvMNtNtCs9DkVWDPzllD_16syncthing_mcp_rs3mcp6serverNtB5_9McpServer3runNtNtNtNtCsajWU7Oh4XRW_5tokio2io4util3mem12DuplexStreamB19_E0B9_
FN:100,_RNCINvMNtNtCs9DkVWDPzllD_16syncthing_mcp_rs3mcp6serverNtB5_9McpServer3runRShQINtNtCsauO83Ko6oyK_5alloc3vec3VechEE0B9_
FN:155,_RNCNCINvMNtNtCs9DkVWDPzllD_16syncthing_mcp_rs3mcp6serverNtB7_9McpServer3runNtNtNtCsajWU7Oh4XRW_5tokio2io5stdin5StdinNtNtB1f_6stdout6StdoutE0s_0Bb_
FN:155,_RNCNCINvMNtNtCs9DkVWDPzllD_16syncthing_mcp_rs3mcp6serverNtB7_9McpServer3runNtNtNtNtCsajWU7Oh4XRW_5tokio2io4util3mem12DuplexStreamB1b_E0s_0Bb_
FN:155,_RNCNCINvMNtNtCs9DkVWDPzllD_16syncthing_mcp_rs3mcp6serverNtB7_9McpServer3runRShQINtNtCsauO83Ko6oyK_5alloc3vec3VechEE0s_0Bb_
FN:195,_RNCNCNvMNtNtCs9DkVWDPzllD_16syncthing_mcp_rs3mcp6serverNtB6_9McpServer14handle_request00Ba_
FN:202,_RNCNCNvMNtNtCs9DkVWDPzllD_16syncthing_mcp_rs3mcp6serverNtB6_9McpServer14handle_request0s0_0Ba_
FN:207,_RNCNCNvMNtNtCs9DkVWDPzllD_16syncthing_mcp_rs3mcp6serverNtB6_9McpServer14handle_request0s1_0Ba_
FN:208,_RNCNCNvMNtNtCs9DkVWDPzllD_16syncthing_mcp_rs3mcp6serverNtB6_9McpServer14handle_request0s2_0Ba_
FN:216,_RNCNCNvMNtNtCs9DkVWDPzllD_16syncthing_mcp_rs3mcp6serverNtB6_9McpServer14handle_request0s3_0Ba_
FN:196,_RNCNCNvMNtNtCs9DkVWDPzllD_16syncthing_mcp_rs3mcp6serverNtB6_9McpServer14handle_request0s_0Ba_
FN:244,_RNCNCNvNtNtCs9DkVWDPzllD_16syncthing_mcp_rs3mcp6server11sse_handler00B9_
FN:325,_RNCNCNvNtNtCs9DkVWDPzllD_16syncthing_mcp_rs3mcp6server15auth_middleware00B9_
FN:326,_RNCNCNvNtNtCs9DkVWDPzllD_16syncthing_mcp_rs3mcp6server15auth_middleware0s_0B9_
FN:262,_RNCNCNvNtNtCs9DkVWDPzllD_16syncthing_mcp_rs3mcp6server15message_handler00B9_
FN:168,_RNCNvMNtNtCs9DkVWDPzllD_16syncthing_mcp_rs3mcp6serverNtB4_9McpServer14handle_request0B8_
FN:86,_RNCNvMNtNtCs9DkVWDPzllD_16syncthing_mcp_rs3mcp6serverNtB4_9McpServer9run_stdio0B8_
FN:232,_RNCNvNtNtCs9DkVWDPzllD_16syncthing_mcp_rs3mcp6server11sse_handler0B7_
FN:321,_RNCNvNtNtCs9DkVWDPzllD_16syncthing_mcp_rs3mcp6server15auth_middleware0B7_
FN:260,_RNCNvNtNtCs9DkVWDPzllD_16syncthing_mcp_rs3mcp6server15message_handler0B7_
FNDA:0,_RNvMNtNtCs3qOuqWcYsXM_16syncthing_mcp_rs3mcp6serverNtB2_9McpServer14handle_request
FNDA:0,_RNvMNtNtCs3qOuqWcYsXM_16syncthing_mcp_rs3mcp6serverNtB2_9McpServer3new
FNDA:0,_RNvMNtNtCs3qOuqWcYsXM_16syncthing_mcp_rs3mcp6serverNtB2_9McpServer6router
FNDA:0,_RNvMNtNtCs3qOuqWcYsXM_16syncthing_mcp_rs3mcp6serverNtB2_9McpServer9run_stdio
FNDA:0,_RNvNtNtCs3qOuqWcYsXM_16syncthing_mcp_rs3mcp6server11sse_handler
FNDA:0,_RNvNtNtCs3qOuqWcYsXM_16syncthing_mcp_rs3mcp6server15auth_middleware
FNDA:0,_RNvNtNtCs3qOuqWcYsXM_16syncthing_mcp_rs3mcp6server15message_handler
FNDA:0,_RINvMNtNtCs3qOuqWcYsXM_16syncthing_mcp_rs3mcp6serverNtB3_9McpServer3runNtNtNtCsajWU7Oh4XRW_5tokio2io5stdin5StdinNtNtB1b_6stdout6StdoutEB7_
FNDA:0,_RNCINvMNtNtCs3qOuqWcYsXM_16syncthing_mcp_rs3mcp6serverNtB5_9McpServer3runNtNtNtCsajWU7Oh4XRW_5tokio2io5stdin5StdinNtNtB1d_6stdout6StdoutE0B9_
FNDA:0,_RNCNCINvMNtNtCs3qOuqWcYsXM_16syncthing_mcp_rs3mcp6serverNtB7_9McpServer3runNtNtNtCsajWU7Oh4XRW_5tokio2io5stdin5StdinNtNtB1f_6stdout6StdoutE0s_0Bb_
FNDA:0,_RNCNCNvMNtNtCs3qOuqWcYsXM_16syncthing_mcp_rs3mcp6serverNtB6_9McpServer14handle_request00Ba_
FNDA:0,_RNCNCNvMNtNtCs3qOuqWcYsXM_16syncthing_mcp_rs3mcp6serverNtB6_9McpServer14handle_request0s0_0Ba_
FNDA:0,_RNCNCNvMNtNtCs3qOuqWcYsXM_16syncthing_mcp_rs3mcp6serverNtB6_9McpServer14handle_request0s1_0Ba_
FNDA:0,_RNCNCNvMNtNtCs3qOuqWcYsXM_16syncthing_mcp_rs3mcp6serverNtB6_9McpServer14handle_request0s2_0Ba_
FNDA:0,_RNCNCNvMNtNtCs3qOuqWcYsXM_16syncthing_mcp_rs3mcp6serverNtB6_9McpServer14handle_request0s3_0Ba_
FNDA:0,_RNCNCNvMNtNtCs3qOuqWcYsXM_16syncthing_mcp_rs3mcp6serverNtB6_9McpServer14handle_request0s_0Ba_
FNDA:0,_RNCNCNvNtNtCs3qOuqWcYsXM_16syncthing_mcp_rs3mcp6server11sse_handler00B9_
FNDA:0,_RNCNCNvNtNtCs3qOuqWcYsXM_16syncthing_mcp_rs3mcp6server15auth_middleware00B9_
FNDA:0,_RNCNCNvNtNtCs3qOuqWcYsXM_16syncthing_mcp_rs3mcp6server15auth_middleware0s_0B9_
FNDA:0,_RNCNCNvNtNtCs3qOuqWcYsXM_16syncthing_mcp_rs3mcp6server15message_handler00B9_
FNDA:0,_RNCNvMNtNtCs3qOuqWcYsXM_16syncthing_mcp_rs3mcp6serverNtB4_9McpServer14handle_request0B8_
FNDA:0,_RNCNvMNtNtCs3qOuqWcYsXM_16syncthing_mcp_rs3mcp6serverNtB4_9McpServer9run_stdio0B8_
FNDA:0,_RNCNvNtNtCs3qOuqWcYsXM_16syncthing_mcp_rs3mcp6server11sse_handler0B7_
FNDA:0,_RNCNvNtNtCs3qOuqWcYsXM_16syncthing_mcp_rs3mcp6server15auth_middleware0B7_
FNDA:0,_RNCNvNtNtCs3qOuqWcYsXM_16syncthing_mcp_rs3mcp6server15message_handler0B7_
FNDA:120,_RNvMNtNtCs9DkVWDPzllD_16syncthing_mcp_rs3mcp6serverNtB2_9McpServer14handle_request
FNDA:104,_RNvMNtNtCs9DkVWDPzllD_16syncthing_mcp_rs3mcp6serverNtB2_9McpServer3new
FNDA:12,_RNvMNtNtCs9DkVWDPzllD_16syncthing_mcp_rs3mcp6serverNtB2_9McpServer6router
FNDA:0,_RNvMNtNtCs9DkVWDPzllD_16syncthing_mcp_rs3mcp6serverNtB2_9McpServer9run_stdio
FNDA:10,_RNvNtNtCs9DkVWDPzllD_16syncthing_mcp_rs3mcp6server11sse_handler
FNDA:4,_RNvNtNtCs9DkVWDPzllD_16syncthing_mcp_rs3mcp6server15auth_middleware
FNDA:4,_RNvNtNtCs9DkVWDPzllD_16syncthing_mcp_rs3mcp6server15message_handler
FNDA:0,_RINvMNtNtCs9DkVWDPzllD_16syncthing_mcp_rs3mcp6serverNtB3_9McpServer3runNtNtNtCsajWU7Oh4XRW_5tokio2io5stdin5StdinNtNtB1b_6stdout6StdoutEB7_
FNDA:4,_RINvMNtNtCs9DkVWDPzllD_16syncthing_mcp_rs3mcp6serverNtB3_9McpServer3runNtNtNtNtCsajWU7Oh4XRW_5tokio2io4util3mem12DuplexStreamB17_EB7_
FNDA:4,_RINvMNtNtCs9DkVWDPzllD_16syncthing_mcp_rs3mcp6serverNtB3_9McpServer3runRShQINtNtCsauO83Ko6oyK_5alloc3vec3VechEEB7_
FNDA:0,_RNCINvMNtNtCs9DkVWDPzllD_16syncthing_mcp_rs3mcp6serverNtB5_9McpServer3runNtNtNtCsajWU7Oh4XRW_5tokio2io5stdin5StdinNtNtB1d_6stdout6StdoutE0B9_
FNDA:4,_RNCINvMNtNtCs9DkVWDPzllD_16syncthing_mcp_rs3mcp6serverNtB5_9McpServer3runNtNtNtNtCsajWU7Oh4XRW_5tokio2io4util3mem12DuplexStreamB19_E0B9_
FNDA:4,_RNCINvMNtNtCs9DkVWDPzllD_16syncthing_mcp_rs3mcp6serverNtB5_9McpServer3runRShQINtNtCsauO83Ko6oyK_5alloc3vec3VechEE0B9_
FNDA:0,_RNCNCINvMNtNtCs9DkVWDPzllD_16syncthing_mcp_rs3mcp6serverNtB7_9McpServer3runNtNtNtCsajWU7Oh4XRW_5tokio2io5stdin5StdinNtNtB1f_6stdout6StdoutE0s_0Bb_
FNDA:4,_RNCNCINvMNtNtCs9DkVWDPzllD_16syncthing_mcp_rs3mcp6serverNtB7_9McpServer3runNtNtNtNtCsajWU7Oh4XRW_5tokio2io4util3mem12DuplexStreamB1b_E0s_0Bb_
FNDA:0,_RNCNCINvMNtNtCs9DkVWDPzllD_16syncthing_mcp_rs3mcp6serverNtB7_9McpServer3runRShQINtNtCsauO83Ko6oyK_5alloc3vec3VechEE0s_0Bb_
FNDA:108,_RNCNCNvMNtNtCs9DkVWDPzllD_16syncthing_mcp_rs3mcp6serverNtB6_9McpServer14handle_request00Ba_
FNDA:108,_RNCNCNvMNtNtCs9DkVWDPzllD_16syncthing_mcp_rs3mcp6serverNtB6_9McpServer14handle_request0s0_0Ba_
FNDA:108,_RNCNCNvMNtNtCs9DkVWDPzllD_16syncthing_mcp_rs3mcp6serverNtB6_9McpServer14handle_request0s1_0Ba_
FNDA:6,_RNCNCNvMNtNtCs9DkVWDPzllD_16syncthing_mcp_rs3mcp6serverNtB6_9McpServer14handle_request0s2_0Ba_
FNDA:102,_RNCNCNvMNtNtCs9DkVWDPzllD_16syncthing_mcp_rs3mcp6serverNtB6_9McpServer14handle_request0s3_0Ba_
FNDA:106,_RNCNCNvMNtNtCs9DkVWDPzllD_16syncthing_mcp_rs3mcp6serverNtB6_9McpServer14handle_request0s_0Ba_
FNDA:2,_RNCNCNvNtNtCs9DkVWDPzllD_16syncthing_mcp_rs3mcp6server11sse_handler00B9_
FNDA:2,_RNCNCNvNtNtCs9DkVWDPzllD_16syncthing_mcp_rs3mcp6server15auth_middleware00B9_
FNDA:2,_RNCNCNvNtNtCs9DkVWDPzllD_16syncthing_mcp_rs3mcp6server15auth_middleware0s_0B9_
FNDA:0,_RNCNCNvNtNtCs9DkVWDPzllD_16syncthing_mcp_rs3mcp6server15message_handler00B9_
FNDA:120,_RNCNvMNtNtCs9DkVWDPzllD_16syncthing_mcp_rs3mcp6serverNtB4_9McpServer14handle_request0B8_
FNDA:0,_RNCNvMNtNtCs9DkVWDPzllD_16syncthing_mcp_rs3mcp6serverNtB4_9McpServer9run_stdio0B8_
FNDA:10,_RNCNvNtNtCs9DkVWDPzllD_16syncthing_mcp_rs3mcp6server11sse_handler0B7_
FNDA:4,_RNCNvNtNtCs9DkVWDPzllD_16syncthing_mcp_rs3mcp6server15auth_middleware0B7_
FNDA:4,_RNCNvNtNtCs9DkVWDPzllD_16syncthing_mcp_rs3mcp6server15message_handler0B7_
FNF:25
FNH:22
DA:54,104
DA:55,104
DA:56,104
DA:57,104
DA:58,104
DA:59,104
DA:60,104
DA:61,104
DA:62,104
DA:63,104
DA:64,104
DA:65,104
DA:68,12
DA:69,12
DA:70,12
DA:71,12
DA:72,12
DA:74,12
DA:75,4
DA:76,4
DA:77,4
DA:81,8
DA:83,12
DA:86,0
DA:87,0
DA:88,0
DA:91,8
DA:92,8
DA:93,8
DA:94,8
DA:95,8
DA:96,8
DA:97,8
DA:98,8
DA:99,8
DA:100,8
DA:101,8
DA:104,14
DA:105,14
DA:106,8
DA:107,8
DA:108,2
DA:109,2
DA:110,0
DA:111,2
DA:113,2
DA:114,2
DA:115,2
DA:116,2
DA:118,2
DA:119,2
DA:120,2
DA:121,2
DA:122,2
DA:123,2
DA:124,2
DA:125,2
DA:126,2
DA:128,0
DA:129,0
DA:130,0
DA:131,0
DA:132,0
DA:133,0
DA:134,0
DA:135,0
DA:139,2
DA:140,2
DA:141,2
DA:142,0
DA:144,6
DA:147,14
DA:148,4
DA:149,4
DA:150,4
DA:151,4
DA:154,4
DA:155,4
DA:156,4
DA:157,0
DA:159,4
DA:160,0
DA:164,6
DA:165,6
DA:168,120
DA:169,120
DA:170,120
DA:171,6
DA:172,6
DA:173,6
DA:174,6
DA:175,6
DA:176,6
DA:177,6
DA:178,6
DA:179,6
DA:180,6
DA:181,6
DA:182,114
DA:183,4
DA:184,4
DA:185,4
DA:187,4
DA:188,4
DA:189,4
DA:191,110
DA:192,108
DA:193,108
DA:194,108
DA:195,108
DA:196,108
DA:197,108
DA:199,108
DA:200,108
DA:201,108
DA:202,108
DA:203,108
DA:205,108
DA:206,108
DA:207,108
DA:208,108
DA:210,108
DA:212,106
DA:214,106
DA:215,106
DA:216,106
DA:219,106
DA:220,102
DA:222,4
DA:225,2
DA:227,120
DA:230,10
DA:231,10
DA:232,10
DA:233,10
DA:234,10
DA:236,10
DA:237,10
DA:239,10
DA:241,10
DA:243,10
DA:244,10
DA:245,2
DA:246,2
DA:247,2
DA:248,10
DA:251,10
DA:253,10
DA:254,10
DA:256,4
DA:257,4
DA:258,4
DA:259,4
DA:260,4
DA:261,4
DA:262,4
DA:263,0
DA:264,0
DA:265,0
DA:266,0
DA:267,0
DA:268,0
DA:270,4
DA:271,4
DA:272,4
DA:273,4
DA:274,4
DA:275,4
DA:277,4
DA:278,4
DA:279,4
DA:280,4
DA:281,4
DA:282,4
DA:283,4
DA:284,4
DA:285,4
DA:287,0
DA:288,0
DA:289,0
DA:290,0
DA:291,0
DA:292,0
DA:293,0
DA:294,0
DA:299,4
DA:301,0
DA:303,0
DA:304,0
DA:307,0
DA:308,0
DA:309,0
DA:310,0
DA:311,0
DA:314,4
DA:316,4
DA:317,4
DA:318,4
DA:319,4
DA:320,4
DA:321,4
DA:322,4
DA:323,4
DA:324,4
DA:325,4
DA:326,4
DA:327,2
DA:328,2
DA:329,2
DA:331,2
DA:332,0
DA:333,0
DA:334,2
DA:336,2
DA:337,2
DA:338,0
DA:339,0
DA:340,2
DA:341,0
DA:343,2
DA:344,4
BRF:0
BRH:0
LF:239
LH:188
end_of_record
SF:/home/nicholas/git/nicholaswilde/syncthing-mcp-rs/src/mcp/types.rs
FN:70,_RNvXNtNtCs3qOuqWcYsXM_16syncthing_mcp_rs3mcp5typesNtB2_13ResponseErrorINtNtCs4kUJL3MZFFz_4core7convert4FromNtNtB6_5error5ErrorE4from
FN:70,_RNvXNtNtCs9DkVWDPzllD_16syncthing_mcp_rs3mcp5typesNtB2_13ResponseErrorINtNtCs4kUJL3MZFFz_4core7convert4FromNtNtB6_5error5ErrorE4from
FNDA:0,_RNvXNtNtCs3qOuqWcYsXM_16syncthing_mcp_rs3mcp5typesNtB2_13ResponseErrorINtNtCs4kUJL3MZFFz_4core7convert4FromNtNtB6_5error5ErrorE4from
FNDA:8,_RNvXNtNtCs9DkVWDPzllD_16syncthing_mcp_rs3mcp5typesNtB2_13ResponseErrorINtNtCs4kUJL3MZFFz_4core7convert4FromNtNtB6_5error5ErrorE4from
FNF:1
FNH:1
DA:70,8
DA:72,8
DA:73,8
DA:74,4
DA:75,0
DA:76,0
DA:77,2
DA:78,0
DA:79,0
DA:80,0
DA:81,0
DA:82,0
DA:84,2
DA:89,8
DA:90,2
DA:92,6
DA:95,8
DA:96,8
DA:97,8
DA:98,8
DA:99,8
DA:100,8
BRF:0
BRH:0
LF:22
LH:15
end_of_record
SF:/home/nicholas/git/nicholaswilde/syncthing-mcp-rs/src/tools/browser.rs
FN:14,_RNCNCNvNtNtCs3qOuqWcYsXM_16syncthing_mcp_rs5tools7browser13browse_folder00B9_
FN:17,_RNCNCNvNtNtCs3qOuqWcYsXM_16syncthing_mcp_rs5tools7browser13browse_folder0s0_0B9_
FN:20,_RNCNCNvNtNtCs3qOuqWcYsXM_16syncthing_mcp_rs5tools7browser13browse_folder0s1_0B9_
FN:21,_RNCNCNvNtNtCs3qOuqWcYsXM_16syncthing_mcp_rs5tools7browser13browse_folder0s2_0B9_
FN:15,_RNCNCNvNtNtCs3qOuqWcYsXM_16syncthing_mcp_rs5tools7browser13browse_folder0s_0B9_
FN:11,_RNCNvNtNtCs3qOuqWcYsXM_16syncthing_mcp_rs5tools7browser13browse_folder0B7_
FN:7,_RNvNtNtCs3qOuqWcYsXM_16syncthing_mcp_rs5tools7browser13browse_folder
FN:14,_RNCNCNvNtNtCs9DkVWDPzllD_16syncthing_mcp_rs5tools7browser13browse_folder00B9_
FN:17,_RNCNCNvNtNtCs9DkVWDPzllD_16syncthing_mcp_rs5tools7browser13browse_folder0s0_0B9_
FN:20,_RNCNCNvNtNtCs9DkVWDPzllD_16syncthing_mcp_rs5tools7browser13browse_folder0s1_0B9_
FN:21,_RNCNCNvNtNtCs9DkVWDPzllD_16syncthing_mcp_rs5tools7browser13browse_folder0s2_0B9_
FN:15,_RNCNCNvNtNtCs9DkVWDPzllD_16syncthing_mcp_rs5tools7browser13browse_folder0s_0B9_
FN:11,_RNCNvNtNtCs9DkVWDPzllD_16syncthing_mcp_rs5tools7browser13browse_folder0B7_
FN:7,_RNvNtNtCs9DkVWDPzllD_16syncthing_mcp_rs5tools7browser13browse_folder
FNDA:0,_RNCNCNvNtNtCs3qOuqWcYsXM_16syncthing_mcp_rs5tools7browser13browse_folder00B9_
FNDA:0,_RNCNCNvNtNtCs3qOuqWcYsXM_16syncthing_mcp_rs5tools7browser13browse_folder0s0_0B9_
FNDA:0,_RNCNCNvNtNtCs3qOuqWcYsXM_16syncthing_mcp_rs5tools7browser13browse_folder0s1_0B9_
FNDA:0,_RNCNCNvNtNtCs3qOuqWcYsXM_16syncthing_mcp_rs5tools7browser13browse_folder0s2_0B9_
FNDA:0,_RNCNCNvNtNtCs3qOuqWcYsXM_16syncthing_mcp_rs5tools7browser13browse_folder0s_0B9_
FNDA:0,_RNCNvNtNtCs3qOuqWcYsXM_16syncthing_mcp_rs5tools7browser13browse_folder0B7_
FNDA:0,_RNvNtNtCs3qOuqWcYsXM_16syncthing_mcp_rs5tools7browser13browse_folder
FNDA:0,_RNCNCNvNtNtCs9DkVWDPzllD_16syncthing_mcp_rs5tools7browser13browse_folder00B9_
FNDA:0,_RNCNCNvNtNtCs9DkVWDPzllD_16syncthing_mcp_rs5tools7browser13browse_folder0s0_0B9_
FNDA:0,_RNCNCNvNtNtCs9DkVWDPzllD_16syncthing_mcp_rs5tools7browser13browse_folder0s1_0B9_
FNDA:0,_RNCNCNvNtNtCs9DkVWDPzllD_16syncthing_mcp_rs5tools7browser13browse_folder0s2_0B9_
FNDA:0,_RNCNCNvNtNtCs9DkVWDPzllD_16syncthing_mcp_rs5tools7browser13browse_folder0s_0B9_
FNDA:0,_RNCNvNtNtCs9DkVWDPzllD_16syncthing_mcp_rs5tools7browser13browse_folder0B7_
FNDA:0,_RNvNtNtCs9DkVWDPzllD_16syncthing_mcp_rs5tools7browser13browse_folder
FNF:7
FNH:0
DA:7,0
DA:8,0
DA:9,0
DA:10,0
DA:11,0
DA:12,0
DA:13,0
DA:14,0
DA:15,0
DA:17,0
DA:18,0
DA:19,0
DA:20,0
DA:21,0
DA:23,0
DA:25,0
DA:26,0
BRF:0
BRH:0
LF:23
LH:0
end_of_record
SF:/home/nicholas/git/nicholaswilde/syncthing-mcp-rs/src/tools/config.rs
FN:78,_RNCNCNCNvNtNtCs3qOuqWcYsXM_16syncthing_mcp_rs5tools6config16replicate_config0s8_00Bb_
FN:95,_RNCNCNCNvNtNtCs3qOuqWcYsXM_16syncthing_mcp_rs5tools6config16replicate_config0sa_00Bb_
FN:117,_RNCNCNCNvNtNtCs3qOuqWcYsXM_16syncthing_mcp_rs5tools6config16replicate_config0sd_00Bb_
FN:118,_RNCNCNCNvNtNtCs3qOuqWcYsXM_16syncthing_mcp_rs5tools6config16replicate_config0sd_0s_0Bb_
FN:133,_RNCNCNCNvNtNtCs3qOuqWcYsXM_16syncthing_mcp_rs5tools6config16replicate_config0sf_00Bb_
FN:134,_RNCNCNCNvNtNtCs3qOuqWcYsXM_16syncthing_mcp_rs5tools6config16replicate_config0sf_0s_0Bb_
FN:164,_RNCNCNCNvNtNtCs3qOuqWcYsXM_16syncthing_mcp_rs5tools6config16replicate_config0sj_00Bb_
FN:181,_RNCNCNCNvNtNtCs3qOuqWcYsXM_16syncthing_mcp_rs5tools6config16replicate_config0sk_00Bb_
FN:182,_RNCNCNCNvNtNtCs3qOuqWcYsXM_16syncthing_mcp_rs5tools6config16replicate_config0sk_0s_0Bb_
FN:13,_RNCNCNvNtNtCs3qOuqWcYsXM_16syncthing_mcp_rs5tools6config16replicate_config00B9_
FN:17,_RNCNCNvNtNtCs3qOuqWcYsXM_16syncthing_mcp_rs5tools6config16replicate_config0s0_0B9_
FN:20,_RNCNCNvNtNtCs3qOuqWcYsXM_16syncthing_mcp_rs5tools6config16replicate_config0s1_0B9_
FN:23,_RNCNCNvNtNtCs3qOuqWcYsXM_16syncthing_mcp_rs5tools6config16replicate_config0s2_0B9_
FN:24,_RNCNCNvNtNtCs3qOuqWcYsXM_16syncthing_mcp_rs5tools6config16replicate_config0s3_0B9_
FN:46,_RNCNCNvNtNtCs3qOuqWcYsXM_16syncthing_mcp_rs5tools6config16replicate_config0s4_0B9_
FN:55,_RNCNCNvNtNtCs3qOuqWcYsXM_16syncthing_mcp_rs5tools6config16replicate_config0s5_0B9_
FN:65,_RNCNCNvNtNtCs3qOuqWcYsXM_16syncthing_mcp_rs5tools6config16replicate_config0s6_0B9_
FN:70,_RNCNCNvNtNtCs3qOuqWcYsXM_16syncthing_mcp_rs5tools6config16replicate_config0s7_0B9_
FN:78,_RNCNCNvNtNtCs3qOuqWcYsXM_16syncthing_mcp_rs5tools6config16replicate_config0s8_0B9_
FN:83,_RNCNCNvNtNtCs3qOuqWcYsXM_16syncthing_mcp_rs5tools6config16replicate_config0s9_0B9_
FN:16,_RNCNCNvNtNtCs3qOuqWcYsXM_16syncthing_mcp_rs5tools6config16replicate_config0s_0B9_
FN:95,_RNCNCNvNtNtCs3qOuqWcYsXM_16syncthing_mcp_rs5tools6config16replicate_config0sa_0B9_
FN:100,_RNCNCNvNtNtCs3qOuqWcYsXM_16syncthing_mcp_rs5tools6config16replicate_config0sb_0B9_
FN:112,_RNCNCNvNtNtCs3qOuqWcYsXM_16syncthing_mcp_rs5tools6config16replicate_config0sc_0B9_
FN:115,_RNCNCNvNtNtCs3qOuqWcYsXM_16syncthing_mcp_rs5tools6config16replicate_config0sd_0B9_
FN:128,_RNCNCNvNtNtCs3qOuqWcYsXM_16syncthing_mcp_rs5tools6config16replicate_config0se_0B9_
FN:131,_RNCNCNvNtNtCs3qOuqWcYsXM_16syncthing_mcp_rs5tools6config16replicate_config0sf_0B9_
FN:150,_RNCNCNvNtNtCs3qOuqWcYsXM_16syncthing_mcp_rs5tools6config16replicate_config0sg_0B9_
[...]
FNDA:94,_RINvMs_NtCs9DkVWDPzllD_16syncthing_mcp_rs5toolsNtB5_12ToolRegistry8registerNvNtB5_6system14get_system_logNCB1b_0EB7_
FNDA:94,_RINvMs_NtCs9DkVWDPzllD_16syncthing_mcp_rs5toolsNtB5_12ToolRegistry8registerNvNtB5_6system14list_instancesNCB1b_0EB7_
FNDA:94,_RINvMs_NtCs9DkVWDPzllD_16syncthing_mcp_rs5toolsNtB5_12ToolRegistry8registerNvNtB5_6system15get_sync_statusNCB1b_0EB7_
FNDA:94,_RINvMs_NtCs9DkVWDPzllD_16syncthing_mcp_rs5toolsNtB5_12ToolRegistry8registerNvNtB5_6system15maintain_systemNCB1b_0EB7_
FNDA:94,_RINvMs_NtCs9DkVWDPzllD_16syncthing_mcp_rs5toolsNtB5_12ToolRegistry8registerNvNtB5_6system16get_system_statsNCB1b_0EB7_
FNDA:94,_RINvMs_NtCs9DkVWDPzllD_16syncthing_mcp_rs5toolsNtB5_12ToolRegistry8registerNvNtB5_6system19get_instance_healthNCB1b_0EB7_
FNDA:94,_RINvMs_NtCs9DkVWDPzllD_16syncthing_mcp_rs5toolsNtB5_12ToolRegistry8registerNvNtB5_6system22get_system_connectionsNCB1b_0EB7_
FNDA:94,_RINvMs_NtCs9DkVWDPzllD_16syncthing_mcp_rs5toolsNtB5_12ToolRegistry8registerNvNtB5_7browser13browse_folderNCB1b_0EB7_
FNDA:94,_RINvMs_NtCs9DkVWDPzllD_16syncthing_mcp_rs5toolsNtB5_12ToolRegistry8registerNvNtB5_7devices14manage_devicesNCB1b_0EB7_
FNDA:94,_RINvMs_NtCs9DkVWDPzllD_16syncthing_mcp_rs5toolsNtB5_12ToolRegistry8registerNvNtB5_7devices16get_device_statsNCB1b_0EB7_
FNDA:94,_RINvMs_NtCs9DkVWDPzllD_16syncthing_mcp_rs5toolsNtB5_12ToolRegistry8registerNvNtB5_7folders14manage_foldersNCB1b_0EB7_
FNDA:94,_RINvMs_NtCs9DkVWDPzllD_16syncthing_mcp_rs5toolsNtB5_12ToolRegistry8registerNvNtB5_7folders14manage_ignoresNCB1b_0EB7_
FNDA:94,_RINvMs_NtCs9DkVWDPzllD_16syncthing_mcp_rs5toolsNtB5_12ToolRegistry8registerNvNtB5_7folders16get_folder_statsNCB1b_0EB7_
FNDA:94,_RINvMs_NtCs9DkVWDPzllD_16syncthing_mcp_rs5toolsNtB5_12ToolRegistry8registerNvNtB5_7folders17configure_sharingNCB1b_0EB7_
FNDA:94,_RINvMs_NtCs9DkVWDPzllD_16syncthing_mcp_rs5toolsNtB5_12ToolRegistry8registerNvNtB5_9conflicts14list_conflictsNCB1b_0EB7_
FNDA:94,_RINvMs_NtCs9DkVWDPzllD_16syncthing_mcp_rs5toolsNtB5_12ToolRegistry8registerNvNtB5_9conflicts15delete_conflictNCB1b_0EB7_
FNDA:94,_RINvMs_NtCs9DkVWDPzllD_16syncthing_mcp_rs5toolsNtB5_12ToolRegistry8registerNvNtB5_9conflicts16resolve_conflictNCB1b_0EB7_
FNDA:2,_RNCINvMs_NtCs9DkVWDPzllD_16syncthing_mcp_rs5toolsNtB7_12ToolRegistry8registerNvNtB7_6config16replicate_configNCB1d_0E0B9_
FNDA:0,_RNCINvMs_NtCs9DkVWDPzllD_16syncthing_mcp_rs5toolsNtB7_12ToolRegistry8registerNvNtB7_6system13analyze_errorNCB1d_0E0B9_
FNDA:2,_RNCINvMs_NtCs9DkVWDPzllD_16syncthing_mcp_rs5toolsNtB7_12ToolRegistry8registerNvNtB7_6system14get_system_logNCB1d_0E0B9_
FNDA:4,_RNCINvMs_NtCs9DkVWDPzllD_16syncthing_mcp_rs5toolsNtB7_12ToolRegistry8registerNvNtB7_6system14list_instancesNCB1d_0E0B9_
FNDA:4,_RNCINvMs_NtCs9DkVWDPzllD_16syncthing_mcp_rs5toolsNtB7_12ToolRegistry8registerNvNtB7_6system15get_sync_statusNCB1d_0E0B9_
FNDA:10,_RNCINvMs_NtCs9DkVWDPzllD_16syncthing_mcp_rs5toolsNtB7_12ToolRegistry8registerNvNtB7_6system15maintain_systemNCB1d_0E0B9_
FNDA:10,_RNCINvMs_NtCs9DkVWDPzllD_16syncthing_mcp_rs5toolsNtB7_12ToolRegistry8registerNvNtB7_6system16get_system_statsNCB1d_0E0B9_
FNDA:2,_RNCINvMs_NtCs9DkVWDPzllD_16syncthing_mcp_rs5toolsNtB7_12ToolRegistry8registerNvNtB7_6system19get_instance_healthNCB1d_0E0B9_
FNDA:2,_RNCINvMs_NtCs9DkVWDPzllD_16syncthing_mcp_rs5toolsNtB7_12ToolRegistry8registerNvNtB7_6system22get_system_connectionsNCB1d_0E0B9_
FNDA:0,_RNCINvMs_NtCs9DkVWDPzllD_16syncthing_mcp_rs5toolsNtB7_12ToolRegistry8registerNvNtB7_7browser13browse_folderNCB1d_0E0B9_
FNDA:20,_RNCINvMs_NtCs9DkVWDPzllD_16syncthing_mcp_rs5toolsNtB7_12ToolRegistry8registerNvNtB7_7devices14manage_devicesNCB1d_0E0B9_
FNDA:2,_RNCINvMs_NtCs9DkVWDPzllD_16syncthing_mcp_rs5toolsNtB7_12ToolRegistry8registerNvNtB7_7devices16get_device_statsNCB1d_0E0B9_
FNDA:6,_RNCINvMs_NtCs9DkVWDPzllD_16syncthing_mcp_rs5toolsNtB7_12ToolRegistry8registerNvNtB7_7folders14manage_foldersNCB1d_0E0B9_
FNDA:10,_RNCINvMs_NtCs9DkVWDPzllD_16syncthing_mcp_rs5toolsNtB7_12ToolRegistry8registerNvNtB7_7folders14manage_ignoresNCB1d_0E0B9_
FNDA:2,_RNCINvMs_NtCs9DkVWDPzllD_16syncthing_mcp_rs5toolsNtB7_12ToolRegistry8registerNvNtB7_7folders16get_folder_statsNCB1d_0E0B9_
FNDA:6,_RNCINvMs_NtCs9DkVWDPzllD_16syncthing_mcp_rs5toolsNtB7_12ToolRegistry8registerNvNtB7_7folders17configure_sharingNCB1d_0E0B9_
FNDA:8,_RNCINvMs_NtCs9DkVWDPzllD_16syncthing_mcp_rs5toolsNtB7_12ToolRegistry8registerNvNtB7_9conflicts14list_conflictsNCB1d_0E0B9_
FNDA:4,_RNCINvMs_NtCs9DkVWDPzllD_16syncthing_mcp_rs5toolsNtB7_12ToolRegistry8registerNvNtB7_9conflicts15delete_conflictNCB1d_0E0B9_
FNDA:8,_RNCINvMs_NtCs9DkVWDPzllD_16syncthing_mcp_rs5toolsNtB7_12ToolRegistry8registerNvNtB7_9conflicts16resolve_conflictNCB1d_0E0B9_
FNDA:38,_RNCNvMs_NtCs9DkVWDPzllD_16syncthing_mcp_rs5toolsNtB6_12ToolRegistry10list_tools0B8_
FNDA:193,_RNCNvMs_NtCs9DkVWDPzllD_16syncthing_mcp_rs5toolsNtB6_12ToolRegistry10list_toolss0_0B8_
FNDA:38,_RNCNvMs_NtCs9DkVWDPzllD_16syncthing_mcp_rs5toolsNtB6_12ToolRegistry10list_toolss_0B8_
FNF:10
FNH:9
DA:60,0
DA:61,0
DA:62,0
DA:67,106
DA:68,106
DA:69,106
DA:70,106
DA:71,106
DA:72,106
DA:75,1786
DA:76,1786
DA:77,1786
DA:78,1786
DA:79,1786
DA:80,1786
DA:81,1786
DA:82,1786
DA:83,1786
DA:85,1786
DA:86,1786
DA:87,1786
DA:88,1786
DA:89,1786
DA:90,102
DA:91,102
DA:92,102
DA:93,102
DA:94,102
DA:96,1786
DA:97,1786
DA:98,1786
DA:101,4
DA:102,4
DA:104,38
DA:105,38
DA:106,38
DA:107,38
DA:108,38
DA:109,38
DA:110,38
DA:111,38
DA:112,38
DA:113,38
DA:114,38
DA:115,38
DA:116,38
DA:117,38
DA:118,38
DA:119,38
DA:121,38
DA:122,38
DA:123,38
DA:124,38
DA:126,0
DA:129,193
DA:130,4
DA:131,4
DA:134,108
DA:135,108
DA:136,108
DA:140,94
DA:141,94
DA:143,94
DA:144,94
DA:145,94
DA:146,94
DA:147,94
DA:148,94
DA:153,94
DA:154,94
DA:155,94
DA:156,94
DA:157,94
DA:158,94
DA:163,94
DA:164,94
DA:165,94
DA:166,94
DA:167,94
DA:168,94
DA:169,94
DA:170,94
DA:171,94
DA:173,94
DA:174,94
DA:175,94
DA:178,94
DA:183,94
DA:184,94
DA:185,94
DA:186,94
DA:187,94
DA:188,94
DA:193,94
DA:194,94
DA:195,94
DA:196,94
DA:197,94
DA:198,94
DA:203,94
DA:204,94
DA:205,94
DA:206,94
DA:207,94
DA:208,94
DA:213,94
DA:214,94
DA:215,94
DA:216,94
DA:217,94
DA:218,94
DA:219,94
DA:220,94
DA:221,94
DA:222,94
DA:224,94
DA:225,94
DA:226,94
DA:229,94
DA:234,94
DA:235,94
DA:236,94
DA:237,94
DA:238,94
DA:239,94
DA:240,94
DA:241,94
DA:242,94
DA:243,94
DA:245,94
DA:246,94
DA:247,94
DA:250,94
DA:255,94
DA:256,94
DA:257,94
DA:258,94
DA:259,94
DA:260,94
DA:261,94
DA:262,94
DA:263,94
DA:264,94
DA:266,94
DA:267,94
DA:268,94
DA:270,94
DA:271,94
DA:272,94
DA:275,94
DA:280,94
DA:281,94
DA:282,94
DA:283,94
DA:284,94
DA:285,94
DA:286,94
DA:287,94
DA:288,94
DA:289,94
DA:291,94
DA:292,94
DA:293,94
DA:295,94
DA:296,94
DA:297,94
DA:298,94
DA:300,94
DA:303,94
DA:308,94
DA:309,94
DA:310,94
DA:311,94
DA:312,94
DA:313,94
DA:314,94
DA:315,94
DA:316,94
DA:317,94
DA:319,94
DA:320,94
DA:321,94
DA:323,94
DA:324,94
DA:325,94
DA:328,94
DA:333,94
DA:334,94
DA:335,94
DA:336,94
DA:337,94
DA:338,94
DA:343,94
DA:344,94
DA:345,94
DA:346,94
DA:347,94
DA:348,94
DA:353,94
DA:354,94
DA:355,94
DA:356,94
DA:357,94
DA:358,94
DA:359,94
DA:360,94
DA:361,94
DA:362,94
DA:364,94
DA:365,94
DA:366,94
DA:369,94
DA:374,94
DA:375,94
DA:376,94
DA:377,94
DA:378,94
DA:379,94
DA:380,94
DA:381,94
DA:382,94
DA:384,94
DA:385,94
DA:386,94
DA:388,94
DA:389,94
DA:390,94
DA:391,94
DA:393,94
DA:394,94
DA:395,94
DA:396,94
DA:398,94
DA:399,94
DA:400,94
DA:401,94
DA:404,94
DA:409,94
DA:410,94
DA:411,94
DA:412,94
DA:413,94
DA:414,94
DA:415,94
DA:416,94
DA:417,94
DA:419,94
DA:420,94
DA:421,94
DA:423,94
DA:424,94
DA:425,94
DA:428,94
DA:433,94
DA:434,94
DA:435,94
DA:436,94
DA:437,94
DA:438,94
DA:439,94
DA:440,94
DA:441,94
DA:444,94
DA:449,94
DA:450,94
DA:451,94
DA:452,94
DA:453,94
DA:454,94
DA:455,94
DA:456,94
DA:457,94
DA:459,94
DA:460,94
DA:461,94
DA:462,94
DA:464,94
DA:465,94
DA:466,94
DA:467,94
DA:469,94
DA:470,94
DA:471,94
DA:472,94
DA:475,94
DA:480,94
DA:481,94
DA:482,94
DA:483,94
DA:484,94
DA:485,94
DA:486,94
DA:487,94
DA:488,94
DA:490,94
DA:491,94
DA:492,94
DA:493,94
DA:495,94
DA:496,94
DA:497,94
DA:498,94
DA:501,94
DA:506,94
DA:507,94
BRF:0
BRH:0
LF:309
LH:305
end_of_record
SF:/home/nicholas/git/nicholaswilde/syncthing-mcp-rs/src/tools/system.rs
FN:293,_RNvNtNtCs3qOuqWcYsXM_16syncthing_mcp_rs5tools6system13analyze_error
FN:176,_RNvNtNtCs3qOuqWcYsXM_16syncthing_mcp_rs5tools6system14get_system_log
FN:197,_RNvNtNtCs3qOuqWcYsXM_16syncthing_mcp_rs5tools6system14list_instances
FN:29,_RNvNtNtCs3qOuqWcYsXM_16syncthing_mcp_rs5tools6system15get_sync_status
FN:81,_RNvNtNtCs3qOuqWcYsXM_16syncthing_mcp_rs5tools6system15maintain_system
FN:9,_RNvNtNtCs3qOuqWcYsXM_16syncthing_mcp_rs5tools6system16get_system_stats
FN:246,_RNvNtNtCs3qOuqWcYsXM_16syncthing_mcp_rs5tools6system19get_instance_health
FN:142,_RNvNtNtCs3qOuqWcYsXM_16syncthing_mcp_rs5tools6system22get_system_connections
FN:300,_RNCNCNvNtNtCs3qOuqWcYsXM_16syncthing_mcp_rs5tools6system13analyze_error00B9_
FN:303,_RNCNCNvNtNtCs3qOuqWcYsXM_16syncthing_mcp_rs5tools6system13analyze_error0s0_0B9_
FN:301,_RNCNCNvNtNtCs3qOuqWcYsXM_16syncthing_mcp_rs5tools6system13analyze_error0s_0B9_
FN:208,_RNCNCNvNtNtCs3qOuqWcYsXM_16syncthing_mcp_rs5tools6system14list_instances00B9_
FN:36,_RNCNCNvNtNtCs3qOuqWcYsXM_16syncthing_mcp_rs5tools6system15get_sync_status00B9_
FN:41,_RNCNCNvNtNtCs3qOuqWcYsXM_16syncthing_mcp_rs5tools6system15get_sync_status0s0_0B9_
FN:42,_RNCNCNvNtNtCs3qOuqWcYsXM_16syncthing_mcp_rs5tools6system15get_sync_status0s1_0B9_
FN:37,_RNCNCNvNtNtCs3qOuqWcYsXM_16syncthing_mcp_rs5tools6system15get_sync_status0s_0B9_
FN:88,_RNCNCNvNtNtCs3qOuqWcYsXM_16syncthing_mcp_rs5tools6system15maintain_system00B9_
FN:93,_RNCNCNvNtNtCs3qOuqWcYsXM_16syncthing_mcp_rs5tools6system15maintain_system0s0_0B9_
FN:89,_RNCNCNvNtNtCs3qOuqWcYsXM_16syncthing_mcp_rs5tools6system15maintain_system0s_0B9_
FN:263,_RNCNCNvNtNtCs3qOuqWcYsXM_16syncthing_mcp_rs5tools6system19get_instance_health00B9_
FN:297,_RNCNvNtNtCs3qOuqWcYsXM_16syncthing_mcp_rs5tools6system13analyze_error0B7_
FN:180,_RNCNvNtNtCs3qOuqWcYsXM_16syncthing_mcp_rs5tools6system14get_system_log0B7_
FN:201,_RNCNvNtNtCs3qOuqWcYsXM_16syncthing_mcp_rs5tools6system14list_instances0B7_
FN:33,_RNCNvNtNtCs3qOuqWcYsXM_16syncthing_mcp_rs5tools6system15get_sync_status0B7_
FN:85,_RNCNvNtNtCs3qOuqWcYsXM_16syncthing_mcp_rs5tools6system15maintain_system0B7_
FN:13,_RNCNvNtNtCs3qOuqWcYsXM_16syncthing_mcp_rs5tools6system16get_system_stats0B7_
FN:250,_RNCNvNtNtCs3qOuqWcYsXM_16syncthing_mcp_rs5tools6system19get_instance_health0B7_
FN:146,_RNCNvNtNtCs3qOuqWcYsXM_16syncthing_mcp_rs5tools6system22get_system_connections0B7_
FN:300,_RNCNCNvNtNtCs9DkVWDPzllD_16syncthing_mcp_rs5tools6system13analyze_error00B9_
FN:303,_RNCNCNvNtNtCs9DkVWDPzllD_16syncthing_mcp_rs5tools6system13analyze_error0s0_0B9_
FN:301,_RNCNCNvNtNtCs9DkVWDPzllD_16syncthing_mcp_rs5tools6system13analyze_error0s_0B9_
FN:208,_RNCNCNvNtNtCs9DkVWDPzllD_16syncthing_mcp_rs5tools6system14list_instances00B9_
FN:36,_RNCNCNvNtNtCs9DkVWDPzllD_16syncthing_mcp_rs5tools6system15get_sync_status00B9_
FN:41,_RNCNCNvNtNtCs9DkVWDPzllD_16syncthing_mcp_rs5tools6system15get_sync_status0s0_0B9_
FN:42,_RNCNCNvNtNtCs9DkVWDPzllD_16syncthing_mcp_rs5tools6system15get_sync_status0s1_0B9_
FN:37,_RNCNCNvNtNtCs9DkVWDPzllD_16syncthing_mcp_rs5tools6system15get_sync_status0s_0B9_
FN:88,_RNCNCNvNtNtCs9DkVWDPzllD_16syncthing_mcp_rs5tools6system15maintain_system00B9_
FN:93,_RNCNCNvNtNtCs9DkVWDPzllD_16syncthing_mcp_rs5tools6system15maintain_system0s0_0B9_
FN:89,_RNCNCNvNtNtCs9DkVWDPzllD_16syncthing_mcp_rs5tools6system15maintain_system0s_0B9_
FN:263,_RNCNCNvNtNtCs9DkVWDPzllD_16syncthing_mcp_rs5tools6system19get_instance_health00B9_
FN:297,_RNCNvNtNtCs9DkVWDPzllD_16syncthing_mcp_rs5tools6system13analyze_error0B7_
FN:180,_RNCNvNtNtCs9DkVWDPzllD_16syncthing_mcp_rs5tools6system14get_system_log0B7_
FN:201,_RNCNvNtNtCs9DkVWDPzllD_16syncthing_mcp_rs5tools6system14list_instances0B7_
FN:33,_RNCNvNtNtCs9DkVWDPzllD_16syncthing_mcp_rs5tools6system15get_sync_status0B7_
FN:85,_RNCNvNtNtCs9DkVWDPzllD_16syncthing_mcp_rs5tools6system15maintain_system0B7_
FN:13,_RNCNvNtNtCs9DkVWDPzllD_16syncthing_mcp_rs5tools6system16get_system_stats0B7_
FN:250,_RNCNvNtNtCs9DkVWDPzllD_16syncthing_mcp_rs5tools6system19get_instance_health0B7_
FN:146,_RNCNvNtNtCs9DkVWDPzllD_16syncthing_mcp_rs5tools6system22get_system_connections0B7_
FN:293,_RNvNtNtCs9DkVWDPzllD_16syncthing_mcp_rs5tools6system13analyze_error
FN:176,_RNvNtNtCs9DkVWDPzllD_16syncthing_mcp_rs5tools6system14get_system_log
FN:197,_RNvNtNtCs9DkVWDPzllD_16syncthing_mcp_rs5tools6system14list_instances
FN:29,_RNvNtNtCs9DkVWDPzllD_16syncthing_mcp_rs5tools6system15get_sync_status
FN:81,_RNvNtNtCs9DkVWDPzllD_16syncthing_mcp_rs5tools6system15maintain_system
FN:9,_RNvNtNtCs9DkVWDPzllD_16syncthing_mcp_rs5tools6system16get_system_stats
FN:246,_RNvNtNtCs9DkVWDPzllD_16syncthing_mcp_rs5tools6system19get_instance_health
FN:142,_RNvNtNtCs9DkVWDPzllD_16syncthing_mcp_rs5tools6system22get_system_connections
FNDA:0,_RNvNtNtCs3qOuqWcYsXM_16syncthing_mcp_rs5tools6system13analyze_error
FNDA:0,_RNvNtNtCs3qOuqWcYsXM_16syncthing_mcp_rs5tools6system14get_system_log
FNDA:0,_RNvNtNtCs3qOuqWcYsXM_16syncthing_mcp_rs5tools6system14list_instances
FNDA:0,_RNvNtNtCs3qOuqWcYsXM_16syncthing_mcp_rs5tools6system15get_sync_status
FNDA:0,_RNvNtNtCs3qOuqWcYsXM_16syncthing_mcp_rs5tools6system15maintain_system
FNDA:0,_RNvNtNtCs3qOuqWcYsXM_16syncthing_mcp_rs5tools6system16get_system_stats
FNDA:0,_RNvNtNtCs3qOuqWcYsXM_16syncthing_mcp_rs5tools6system19get_instance_health
FNDA:0,_RNvNtNtCs3qOuqWcYsXM_16syncthing_mcp_rs5tools6system22get_system_connections
FNDA:0,_RNCNCNvNtNtCs3qOuqWcYsXM_16syncthing_mcp_rs5tools6system13analyze_error00B9_
FNDA:0,_RNCNCNvNtNtCs3qOuqWcYsXM_16syncthing_mcp_rs5tools6system13analyze_error0s0_0B9_
FNDA:0,_RNCNCNvNtNtCs3qOuqWcYsXM_16syncthing_mcp_rs5tools6system13analyze_error0s_0B9_
FNDA:0,_RNCNCNvNtNtCs3qOuqWcYsXM_16syncthing_mcp_rs5tools6system14list_instances00B9_
FNDA:0,_RNCNCNvNtNtCs3qOuqWcYsXM_16syncthing_mcp_rs5tools6system15get_sync_status00B9_
FNDA:0,_RNCNCNvNtNtCs3qOuqWcYsXM_16syncthing_mcp_rs5tools6system15get_sync_status0s0_0B9_
FNDA:0,_RNCNCNvNtNtCs3qOuqWcYsXM_16syncthing_mcp_rs5tools6system15get_sync_status0s1_0B9_
FNDA:0,_RNCNCNvNtNtCs3qOuqWcYsXM_16syncthing_mcp_rs5tools6system15get_sync_status0s_0B9_
FNDA:0,_RNCNCNvNtNtCs3qOuqWcYsXM_16syncthing_mcp_rs5tools6system15maintain_system00B9_
FNDA:0,_RNCNCNvNtNtCs3qOuqWcYsXM_16syncthing_mcp_rs5tools6system15maintain_system0s0_0B9_
FNDA:0,_RNCNCNvNtNtCs3qOuqWcYsXM_16syncthing_mcp_rs5tools6system15maintain_system0s_0B9_
FNDA:0,_RNCNCNvNtNtCs3qOuqWcYsXM_16syncthing_mcp_rs5tools6system19get_instance_health00B9_
FNDA:0,_RNCNvNtNtCs3qOuqWcYsXM_16syncthing_mcp_rs5tools6system13analyze_error0B7_
FNDA:0,_RNCNvNtNtCs3qOuqWcYsXM_16syncthing_mcp_rs5tools6system14get_system_log0B7_
FNDA:0,_RNCNvNtNtCs3qOuqWcYsXM_16syncthing_mcp_rs5tools6system14list_instances0B7_
FNDA:0,_RNCNvNtNtCs3qOuqWcYsXM_16syncthing_mcp_rs5tools6system15get_sync_status0B7_
FNDA:0,_RNCNvNtNtCs3qOuqWcYsXM_16syncthing_mcp_rs5tools6system15maintain_system0B7_
FNDA:0,_RNCNvNtNtCs3qOuqWcYsXM_16syncthing_mcp_rs5tools6system16get_system_stats0B7_
FNDA:0,_RNCNvNtNtCs3qOuqWcYsXM_16syncthing_mcp_rs5tools6system19get_instance_health0B7_
FNDA:0,_RNCNvNtNtCs3qOuqWcYsXM_16syncthing_mcp_rs5tools6system22get_system_connections0B7_
FNDA:6,_RNCNCNvNtNtCs9DkVWDPzllD_16syncthing_mcp_rs5tools6system13analyze_error00B9_
FNDA:2,_RNCNCNvNtNtCs9DkVWDPzllD_16syncthing_mcp_rs5tools6system13analyze_error0s0_0B9_
FNDA:0,_RNCNCNvNtNtCs9DkVWDPzllD_16syncthing_mcp_rs5tools6system13analyze_error0s_0B9_
FNDA:0,_RNCNCNvNtNtCs9DkVWDPzllD_16syncthing_mcp_rs5tools6system14list_instances00B9_
FNDA:4,_RNCNCNvNtNtCs9DkVWDPzllD_16syncthing_mcp_rs5tools6system15get_sync_status00B9_
FNDA:4,_RNCNCNvNtNtCs9DkVWDPzllD_16syncthing_mcp_rs5tools6system15get_sync_status0s0_0B9_
FNDA:0,_RNCNCNvNtNtCs9DkVWDPzllD_16syncthing_mcp_rs5tools6system15get_sync_status0s1_0B9_
FNDA:0,_RNCNCNvNtNtCs9DkVWDPzllD_16syncthing_mcp_rs5tools6system15get_sync_status0s_0B9_
FNDA:10,_RNCNCNvNtNtCs9DkVWDPzllD_16syncthing_mcp_rs5tools6system15maintain_system00B9_
FNDA:2,_RNCNCNvNtNtCs9DkVWDPzllD_16syncthing_mcp_rs5tools6system15maintain_system0s0_0B9_
FNDA:0,_RNCNCNvNtNtCs9DkVWDPzllD_16syncthing_mcp_rs5tools6system15maintain_system0s_0B9_
FNDA:0,_RNCNCNvNtNtCs9DkVWDPzllD_16syncthing_mcp_rs5tools6system19get_instance_health00B9_
FNDA:6,_RNCNvNtNtCs9DkVWDPzllD_16syncthing_mcp_rs5tools6system13analyze_error0B7_
FNDA:2,_RNCNvNtNtCs9DkVWDPzllD_16syncthing_mcp_rs5tools6system14get_system_log0B7_
FNDA:4,_RNCNvNtNtCs9DkVWDPzllD_16syncthing_mcp_rs5tools6system14list_instances0B7_
FNDA:4,_RNCNvNtNtCs9DkVWDPzllD_16syncthing_mcp_rs5tools6system15get_sync_status0B7_
FNDA:10,_RNCNvNtNtCs9DkVWDPzllD_16syncthing_mcp_rs5tools6system15maintain_system0B7_
FNDA:10,_RNCNvNtNtCs9DkVWDPzllD_16syncthing_mcp_rs5tools6system16get_system_stats0B7_
FNDA:2,_RNCNvNtNtCs9DkVWDPzllD_16syncthing_mcp_rs5tools6system19get_instance_health0B7_
FNDA:2,_RNCNvNtNtCs9DkVWDPzllD_16syncthing_mcp_rs5tools6system22get_system_connections0B7_
FNDA:6,_RNvNtNtCs9DkVWDPzllD_16syncthing_mcp_rs5tools6system13analyze_error
FNDA:2,_RNvNtNtCs9DkVWDPzllD_16syncthing_mcp_rs5tools6system14get_system_log
FNDA:4,_RNvNtNtCs9DkVWDPzllD_16syncthing_mcp_rs5tools6system14list_instances
FNDA:4,_RNvNtNtCs9DkVWDPzllD_16syncthing_mcp_rs5tools6system15get_sync_status
FNDA:10,_RNvNtNtCs9DkVWDPzllD_16syncthing_mcp_rs5tools6system15maintain_system
FNDA:10,_RNvNtNtCs9DkVWDPzllD_16syncthing_mcp_rs5tools6system16get_system_stats
FNDA:2,_RNvNtNtCs9DkVWDPzllD_16syncthing_mcp_rs5tools6system19get_instance_health
FNDA:2,_RNvNtNtCs9DkVWDPzllD_16syncthing_mcp_rs5tools6system22get_system_connections
FNF:28
FNH:22
DA:9,10
DA:10,10
DA:11,10
DA:12,10
DA:13,10
DA:14,10
DA:15,6
DA:17,6
DA:18,6
DA:19,6
DA:20,6
DA:21,6
DA:22,6
DA:23,6
DA:24,6
DA:25,6
DA:26,10
DA:29,4
DA:30,4
DA:31,4
DA:32,4
DA:33,4
DA:34,4
DA:35,4
DA:36,4
DA:37,4
DA:39,4
DA:40,4
DA:41,4
DA:42,4
DA:44,4
DA:45,4
DA:46,2
DA:47,2
DA:48,2
DA:50,0
DA:52,2
DA:57,2
DA:58,2
DA:59,2
DA:65,0
DA:66,0
DA:67,0
DA:68,0
DA:72,4
DA:73,4
DA:74,4
DA:75,4
DA:76,4
DA:77,4
DA:78,4
DA:81,10
DA:82,10
DA:83,10
DA:84,10
DA:85,10
DA:86,10
DA:87,10
DA:88,10
DA:89,10
DA:91,10
DA:92,10
DA:93,2
DA:94,2
DA:95,2
DA:96,2
DA:98,0
DA:100,2
DA:101,2
DA:102,2
DA:103,2
DA:104,2
DA:105,2
DA:107,8
DA:108,2
DA:109,2
DA:110,2
DA:111,2
DA:112,2
DA:113,2
DA:114,2
DA:116,6
DA:117,2
DA:118,2
DA:119,2
DA:120,2
DA:121,2
DA:122,2
DA:123,2
DA:125,4
DA:126,2
DA:127,2
DA:128,2
DA:129,2
DA:130,2
DA:131,2
DA:132,2
DA:134,2
DA:135,2
DA:136,2
DA:137,2
DA:139,10
DA:142,2
DA:143,2
DA:144,2
DA:145,2
DA:146,2
DA:147,2
DA:149,2
DA:150,2
DA:151,2
DA:152,2
DA:153,2
DA:154,2
DA:155,2
DA:156,2
DA:157,2
DA:158,2
DA:159,2
DA:160,2
DA:161,2
DA:162,2
DA:163,2
DA:164,2
DA:167,2
DA:168,2
DA:169,2
DA:170,2
DA:171,2
DA:172,2
DA:173,2
DA:176,2
DA:177,2
DA:178,2
DA:179,2
DA:180,2
DA:181,2
DA:183,2
DA:184,2
DA:185,2
DA:186,2
DA:188,2
DA:189,2
DA:190,2
DA:191,2
DA:192,2
DA:193,2
DA:194,2
DA:197,4
DA:198,4
DA:199,4
DA:200,4
DA:201,4
DA:202,4
DA:204,6
DA:205,6
DA:206,6
DA:207,6
DA:208,6
DA:209,6
DA:210,6
DA:212,6
DA:213,6
DA:214,0
DA:215,0
DA:218,6
DA:219,6
DA:220,6
DA:221,6
DA:222,6
DA:223,6
DA:224,6
DA:225,6
DA:226,6
DA:227,6
DA:228,6
DA:229,6
DA:230,6
DA:231,6
DA:232,0
DA:233,6
DA:234,6
DA:237,4
DA:238,4
DA:239,4
DA:240,4
DA:241,4
DA:242,4
DA:243,4
DA:246,2
DA:247,2
DA:248,2
DA:249,2
DA:250,2
DA:251,2
DA:253,2
DA:254,2
DA:255,0
DA:256,0
DA:259,2
DA:260,2
DA:261,2
DA:262,2
DA:263,2
DA:265,2
DA:266,2
DA:267,2
DA:268,2
DA:269,2
DA:270,2
DA:271,2
DA:272,2
DA:273,2
DA:274,2
DA:275,2
DA:276,2
DA:277,2
DA:278,2
DA:279,2
DA:280,2
DA:281,0
DA:282,2
DA:284,2
DA:285,2
DA:286,2
DA:287,2
DA:288,2
DA:289,2
DA:290,2
DA:293,6
DA:294,6
DA:295,6
DA:296,6
DA:297,6
DA:298,6
DA:299,6
DA:300,6
DA:301,6
DA:303,6
DA:306,6
DA:307,4
DA:309,2
DA:310,4
DA:311,4
DA:313,0
DA:314,4
DA:315,2
DA:317,4
DA:318,2
DA:320,2
DA:322,2
DA:324,0
DA:325,0
DA:327,0
DA:329,0
DA:332,6
DA:333,2
DA:335,4
DA:338,6
DA:343,6
DA:344,6
DA:345,6
DA:346,6
DA:347,6
DA:348,6
DA:349,6
BRF:0
BRH:0
LF:286
LH:263
end_of_record