SF:/home/nicholas/git/nicholaswilde/syncthing-mcp-rs/src/api/client.rs
FN:111,_RNCNvMNtNtCs3qOuqWcYsXM_16syncthing_mcp_rs3api6clientNtB4_15SyncThingClient10add_folder0Csg8ClB3LHr1y_23docker_integration_test
FN:111,_RNCNvMNtNtCs3qOuqWcYsXM_16syncthing_mcp_rs3api6clientNtB4_15SyncThingClient10add_folder0B8_
FN:184,_RNvMNtNtCs3qOuqWcYsXM_16syncthing_mcp_rs3api6clientNtB2_15SyncThingClient10add_device
FN:111,_RNvMNtNtCs3qOuqWcYsXM_16syncthing_mcp_rs3api6clientNtB2_15SyncThingClient10add_folder
FN:84,_RNvMNtNtCs3qOuqWcYsXM_16syncthing_mcp_rs3api6clientNtB2_15SyncThingClient10get_config
FN:301,_RNvMNtNtCs3qOuqWcYsXM_16syncthing_mcp_rs3api6clientNtB2_15SyncThingClient10get_events
FN:125,_RNvMNtNtCs3qOuqWcYsXM_16syncthing_mcp_rs3api6clientNtB2_15SyncThingClient10get_folder
FN:93,_RNvMNtNtCs3qOuqWcYsXM_16syncthing_mcp_rs3api6clientNtB2_15SyncThingClient10set_config
FN:143,_RNvMNtNtCs3qOuqWcYsXM_16syncthing_mcp_rs3api6clientNtB2_15SyncThingClient11get_ignores
FN:157,_RNvMNtNtCs3qOuqWcYsXM_16syncthing_mcp_rs3api6clientNtB2_15SyncThingClient11set_ignores
FN:292,_RNvMNtNtCs3qOuqWcYsXM_16syncthing_mcp_rs3api6clientNtB2_15SyncThingClient12clear_errors
FN:433,_RNvMNtNtCs3qOuqWcYsXM_16syncthing_mcp_rs3api6clientNtB2_15SyncThingClient12health_check
FN:175,_RNvMNtNtCs3qOuqWcYsXM_16syncthing_mcp_rs3api6clientNtB2_15SyncThingClient12list_devices
FN:102,_RNvMNtNtCs3qOuqWcYsXM_16syncthing_mcp_rs3api6clientNtB2_15SyncThingClient12list_folders
FN:209,_RNvMNtNtCs3qOuqWcYsXM_16syncthing_mcp_rs3api6clientNtB2_15SyncThingClient12patch_device
FN:134,_RNvMNtNtCs3qOuqWcYsXM_16syncthing_mcp_rs3api6clientNtB2_15SyncThingClient12patch_folder
FN:200,_RNvMNtNtCs3qOuqWcYsXM_16syncthing_mcp_rs3api6clientNtB2_15SyncThingClient13remove_device
FN:263,_RNvMNtNtCs3qOuqWcYsXM_16syncthing_mcp_rs3api6clientNtB2_15SyncThingClient13revert_folder
FN:406,_RNvMNtNtCs3qOuqWcYsXM_16syncthing_mcp_rs3api6clientNtB2_15SyncThingClient14get_system_log
FN:397,_RNvMNtNtCs3qOuqWcYsXM_16syncthing_mcp_rs3api6clientNtB2_15SyncThingClient15get_connections
FN:34,_RNvMNtNtCs3qOuqWcYsXM_16syncthing_mcp_rs3api6clientNtB2_15SyncThingClient15send_with_retry
FN:415,_RNvMNtNtCs3qOuqWcYsXM_16syncthing_mcp_rs3api6clientNtB2_15SyncThingClient16get_device_stats
FN:424,_RNvMNtNtCs3qOuqWcYsXM_16syncthing_mcp_rs3api6clientNtB2_15SyncThingClient16get_folder_stats
FN:229,_RNvMNtNtCs3qOuqWcYsXM_16syncthing_mcp_rs3api6clientNtB2_15SyncThingClient17get_folder_status
FN:66,_RNvMNtNtCs3qOuqWcYsXM_16syncthing_mcp_rs3api6clientNtB2_15SyncThingClient17get_system_status
FN:75,_RNvMNtNtCs3qOuqWcYsXM_16syncthing_mcp_rs3api6clientNtB2_15SyncThingClient18get_system_version
FN:218,_RNvMNtNtCs3qOuqWcYsXM_16syncthing_mcp_rs3api6clientNtB2_15SyncThingClient18validate_device_id
FN:357,_RNvMNtNtCs3qOuqWcYsXM_16syncthing_mcp_rs3api6clientNtB2_15SyncThingClient19get_pending_devices
FN:377,_RNvMNtNtCs3qOuqWcYsXM_16syncthing_mcp_rs3api6clientNtB2_15SyncThingClient19get_pending_folders
FN:240,_RNvMNtNtCs3qOuqWcYsXM_16syncthing_mcp_rs3api6clientNtB2_15SyncThingClient21get_device_completion
FN:366,_RNvMNtNtCs3qOuqWcYsXM_16syncthing_mcp_rs3api6clientNtB2_15SyncThingClient21remove_pending_device
FN:386,_RNvMNtNtCs3qOuqWcYsXM_16syncthing_mcp_rs3api6clientNtB2_15SyncThingClient21remove_pending_folder
FN:19,_RNvMNtNtCs3qOuqWcYsXM_16syncthing_mcp_rs3api6clientNtB2_15SyncThingClient3new
FN:327,_RNvMNtNtCs3qOuqWcYsXM_16syncthing_mcp_rs3api6clientNtB2_15SyncThingClient6browse
FN:251,_RNvMNtNtCs3qOuqWcYsXM_16syncthing_mcp_rs3api6clientNtB2_15SyncThingClient6rescan
FN:274,_RNvMNtNtCs3qOuqWcYsXM_16syncthing_mcp_rs3api6clientNtB2_15SyncThingClient7restart
FN:27,_RNvMNtNtCs3qOuqWcYsXM_16syncthing_mcp_rs3api6clientNtB2_15SyncThingClient8add_auth
FN:283,_RNvMNtNtCs3qOuqWcYsXM_16syncthing_mcp_rs3api6clientNtB2_15SyncThingClient8shutdown
FN:46,_RNCNCNCNvMNtNtCs3qOuqWcYsXM_16syncthing_mcp_rs3api6clientNtB8_15SyncThingClient15send_with_retry000Bc_
FN:49,_RNCNCNCNvMNtNtCs3qOuqWcYsXM_16syncthing_mcp_rs3api6clientNtB8_15SyncThingClient15send_with_retry00s_0Bc_
FN:45,_RNCNCNvMNtNtCs3qOuqWcYsXM_16syncthing_mcp_rs3api6clientNtB6_15SyncThingClient15send_with_retry00Ba_
FN:184,_RNCNvMNtNtCs3qOuqWcYsXM_16syncthing_mcp_rs3api6clientNtB4_15SyncThingClient10add_device0B8_
FN:84,_RNCNvMNtNtCs3qOuqWcYsXM_16syncthing_mcp_rs3api6clientNtB4_15SyncThingClient10get_config0B8_
FN:301,_RNCNvMNtNtCs3qOuqWcYsXM_16syncthing_mcp_rs3api6clientNtB4_15SyncThingClient10get_events0B8_
FN:125,_RNCNvMNtNtCs3qOuqWcYsXM_16syncthing_mcp_rs3api6clientNtB4_15SyncThingClient10get_folder0B8_
FN:93,_RNCNvMNtNtCs3qOuqWcYsXM_16syncthing_mcp_rs3api6clientNtB4_15SyncThingClient10set_config0B8_
FN:143,_RNCNvMNtNtCs3qOuqWcYsXM_16syncthing_mcp_rs3api6clientNtB4_15SyncThingClient11get_ignores0B8_
FN:157,_RNCNvMNtNtCs3qOuqWcYsXM_16syncthing_mcp_rs3api6clientNtB4_15SyncThingClient11set_ignores0B8_
FN:292,_RNCNvMNtNtCs3qOuqWcYsXM_16syncthing_mcp_rs3api6clientNtB4_15SyncThingClient12clear_errors0B8_
FN:433,_RNCNvMNtNtCs3qOuqWcYsXM_16syncthing_mcp_rs3api6clientNtB4_15SyncThingClient12health_check0B8_
FN:175,_RNCNvMNtNtCs3qOuqWcYsXM_16syncthing_mcp_rs3api6clientNtB4_15SyncThingClient12list_devices0B8_
FN:102,_RNCNvMNtNtCs3qOuqWcYsXM_16syncthing_mcp_rs3api6clientNtB4_15SyncThingClient12list_folders0B8_
FN:209,_RNCNvMNtNtCs3qOuqWcYsXM_16syncthing_mcp_rs3api6clientNtB4_15SyncThingClient12patch_device0B8_
FN:134,_RNCNvMNtNtCs3qOuqWcYsXM_16syncthing_mcp_rs3api6clientNtB4_15SyncThingClient12patch_folder0B8_
FN:200,_RNCNvMNtNtCs3qOuqWcYsXM_16syncthing_mcp_rs3api6clientNtB4_15SyncThingClient13remove_device0B8_
FN:263,_RNCNvMNtNtCs3qOuqWcYsXM_16syncthing_mcp_rs3api6clientNtB4_15SyncThingClient13revert_folder0B8_
FN:406,_RNCNvMNtNtCs3qOuqWcYsXM_16syncthing_mcp_rs3api6clientNtB4_15SyncThingClient14get_system_log0B8_
FN:397,_RNCNvMNtNtCs3qOuqWcYsXM_16syncthing_mcp_rs3api6clientNtB4_15SyncThingClient15get_connections0B8_
FN:37,_RNCNvMNtNtCs3qOuqWcYsXM_16syncthing_mcp_rs3api6clientNtB4_15SyncThingClient15send_with_retry0B8_
FN:415,_RNCNvMNtNtCs3qOuqWcYsXM_16syncthing_mcp_rs3api6clientNtB4_15SyncThingClient16get_device_stats0B8_
FN:424,_RNCNvMNtNtCs3qOuqWcYsXM_16syncthing_mcp_rs3api6clientNtB4_15SyncThingClient16get_folder_stats0B8_
FN:229,_RNCNvMNtNtCs3qOuqWcYsXM_16syncthing_mcp_rs3api6clientNtB4_15SyncThingClient17get_folder_status0B8_
FN:66,_RNCNvMNtNtCs3qOuqWcYsXM_16syncthing_mcp_rs3api6clientNtB4_15SyncThingClient17get_system_status0B8_
FN:75,_RNCNvMNtNtCs3qOuqWcYsXM_16syncthing_mcp_rs3api6clientNtB4_15SyncThingClient18get_system_version0B8_
FN:218,_RNCNvMNtNtCs3qOuqWcYsXM_16syncthing_mcp_rs3api6clientNtB4_15SyncThingClient18validate_device_id0B8_
FN:357,_RNCNvMNtNtCs3qOuqWcYsXM_16syncthing_mcp_rs3api6clientNtB4_15SyncThingClient19get_pending_devices0B8_
FN:377,_RNCNvMNtNtCs3qOuqWcYsXM_16syncthing_mcp_rs3api6clientNtB4_15SyncThingClient19get_pending_folders0B8_
FN:240,_RNCNvMNtNtCs3qOuqWcYsXM_16syncthing_mcp_rs3api6clientNtB4_15SyncThingClient21get_device_completion0B8_
FN:366,_RNCNvMNtNtCs3qOuqWcYsXM_16syncthing_mcp_rs3api6clientNtB4_15SyncThingClient21remove_pending_device0B8_
FN:386,_RNCNvMNtNtCs3qOuqWcYsXM_16syncthing_mcp_rs3api6clientNtB4_15SyncThingClient21remove_pending_folder0B8_
FN:23,_RNCNvMNtNtCs3qOuqWcYsXM_16syncthing_mcp_rs3api6clientNtB4_15SyncThingClient3new0B8_
FN:332,_RNCNvMNtNtCs3qOuqWcYsXM_16syncthing_mcp_rs3api6clientNtB4_15SyncThingClient6browse0B8_
FN:251,_RNCNvMNtNtCs3qOuqWcYsXM_16syncthing_mcp_rs3api6clientNtB4_15SyncThingClient6rescan0B8_
FN:274,_RNCNvMNtNtCs3qOuqWcYsXM_16syncthing_mcp_rs3api6clientNtB4_15SyncThingClient7restart0B8_
FN:283,_RNCNvMNtNtCs3qOuqWcYsXM_16syncthing_mcp_rs3api6clientNtB4_15SyncThingClient8shutdown0B8_
FN:184,_RNvMNtNtCs9DkVWDPzllD_16syncthing_mcp_rs3api6clientNtB2_15SyncThingClient10add_device
FN:111,_RNvMNtNtCs9DkVWDPzllD_16syncthing_mcp_rs3api6clientNtB2_15SyncThingClient10add_folder
FN:84,_RNvMNtNtCs9DkVWDPzllD_16syncthing_mcp_rs3api6clientNtB2_15SyncThingClient10get_config
FN:301,_RNvMNtNtCs9DkVWDPzllD_16syncthing_mcp_rs3api6clientNtB2_15SyncThingClient10get_events
FN:125,_RNvMNtNtCs9DkVWDPzllD_16syncthing_mcp_rs3api6clientNtB2_15SyncThingClient10get_folder
FN:93,_RNvMNtNtCs9DkVWDPzllD_16syncthing_mcp_rs3api6clientNtB2_15SyncThingClient10set_config
FN:143,_RNvMNtNtCs9DkVWDPzllD_16syncthing_mcp_rs3api6clientNtB2_15SyncThingClient11get_ignores
FN:157,_RNvMNtNtCs9DkVWDPzllD_16syncthing_mcp_rs3api6clientNtB2_15SyncThingClient11set_ignores
FN:292,_RNvMNtNtCs9DkVWDPzllD_16syncthing_mcp_rs3api6clientNtB2_15SyncThingClient12clear_errors
FN:433,_RNvMNtNtCs9DkVWDPzllD_16syncthing_mcp_rs3api6clientNtB2_15SyncThingClient12health_check
FN:175,_RNvMNtNtCs9DkVWDPzllD_16syncthing_mcp_rs3api6clientNtB2_15SyncThingClient12list_devices
FN:102,_RNvMNtNtCs9DkVWDPzllD_16syncthing_mcp_rs3api6clientNtB2_15SyncThingClient12list_folders
FN:209,_RNvMNtNtCs9DkVWDPzllD_16syncthing_mcp_rs3api6clientNtB2_15SyncThingClient12patch_device
FN:134,_RNvMNtNtCs9DkVWDPzllD_16syncthing_mcp_rs3api6clientNtB2_15SyncThingClient12patch_folder
FN:200,_RNvMNtNtCs9DkVWDPzllD_16syncthing_mcp_rs3api6clientNtB2_15SyncThingClient13remove_device
FN:263,_RNvMNtNtCs9DkVWDPzllD_16syncthing_mcp_rs3api6clientNtB2_15SyncThingClient13revert_folder
FN:406,_RNvMNtNtCs9DkVWDPzllD_16syncthing_mcp_rs3api6clientNtB2_15SyncThingClient14get_system_log
FN:397,_RNvMNtNtCs9DkVWDPzllD_16syncthing_mcp_rs3api6clientNtB2_15SyncThingClient15get_connections
FN:34,_RNvMNtNtCs9DkVWDPzllD_16syncthing_mcp_rs3api6clientNtB2_15SyncThingClient15send_with_retry
FN:415,_RNvMNtNtCs9DkVWDPzllD_16syncthing_mcp_rs3api6clientNtB2_15SyncThingClient16get_device_stats
FN:424,_RNvMNtNtCs9DkVWDPzllD_16syncthing_mcp_rs3api6clientNtB2_15SyncThingClient16get_folder_stats
FN:229,_RNvMNtNtCs9DkVWDPzllD_16syncthing_mcp_rs3api6clientNtB2_15SyncThingClient17get_folder_status
FN:66,_RNvMNtNtCs9DkVWDPzllD_16syncthing_mcp_rs3api6clientNtB2_15SyncThingClient17get_system_status
FN:75,_RNvMNtNtCs9DkVWDPzllD_16syncthing_mcp_rs3api6clientNtB2_15SyncThingClient18get_system_version
FN:218,_RNvMNtNtCs9DkVWDPzllD_16syncthing_mcp_rs3api6clientNtB2_15SyncThingClient18validate_device_id
FN:357,_RNvMNtNtCs9DkVWDPzllD_16syncthing_mcp_rs3api6clientNtB2_15SyncThingClient19get_pending_devices
FN:377,_RNvMNtNtCs9DkVWDPzllD_16syncthing_mcp_rs3api6clientNtB2_15SyncThingClient19get_pending_folders
FN:240,_RNvMNtNtCs9DkVWDPzllD_16syncthing_mcp_rs3api6clientNtB2_15SyncThingClient21get_device_completion
FN:366,_RNvMNtNtCs9DkVWDPzllD_16syncthing_mcp_rs3api6clientNtB2_15SyncThingClient21remove_pending_device
FN:386,_RNvMNtNtCs9DkVWDPzllD_16syncthing_mcp_rs3api6clientNtB2_15SyncThingClient21remove_pending_folder
FN:19,_RNvMNtNtCs9DkVWDPzllD_16syncthing_mcp_rs3api6clientNtB2_15SyncThingClient3new
FN:327,_RNvMNtNtCs9DkVWDPzllD_16syncthing_mcp_rs3api6clientNtB2_15SyncThingClient6browse
FN:251,_RNvMNtNtCs9DkVWDPzllD_16syncthing_mcp_rs3api6clientNtB2_15SyncThingClient6rescan
FN:274,_RNvMNtNtCs9DkVWDPzllD_16syncthing_mcp_rs3api6clientNtB2_15SyncThingClient7restart
FN:27,_RNvMNtNtCs9DkVWDPzllD_16syncthing_mcp_rs3api6clientNtB2_15SyncThingClient8add_auth
FN:283,_RNvMNtNtCs9DkVWDPzllD_16syncthing_mcp_rs3api6clientNtB2_15SyncThingClient8shutdown
FN:46,_RNCNCNCNvMNtNtCs9DkVWDPzllD_16syncthing_mcp_rs3api6clientNtB8_15SyncThingClient15send_with_retry000Bc_
FN:49,_RNCNCNCNvMNtNtCs9DkVWDPzllD_16syncthing_mcp_rs3api6clientNtB8_15SyncThingClient15send_with_retry00s_0Bc_
FN:45,_RNCNCNvMNtNtCs9DkVWDPzllD_16syncthing_mcp_rs3api6clientNtB6_15SyncThingClient15send_with_retry00Ba_
FN:184,_RNCNvMNtNtCs9DkVWDPzllD_16syncthing_mcp_rs3api6clientNtB4_15SyncThingClient10add_device0B8_
FN:111,_RNCNvMNtNtCs9DkVWDPzllD_16syncthing_mcp_rs3api6clientNtB4_15SyncThingClient10add_folder0B8_
FN:84,_RNCNvMNtNtCs9DkVWDPzllD_16syncthing_mcp_rs3api6clientNtB4_15SyncThingClient10get_config0B8_
FN:301,_RNCNvMNtNtCs9DkVWDPzllD_16syncthing_mcp_rs3api6clientNtB4_15SyncThingClient10get_events0B8_
FN:125,_RNCNvMNtNtCs9DkVWDPzllD_16syncthing_mcp_rs3api6clientNtB4_15SyncThingClient10get_folder0B8_
FN:93,_RNCNvMNtNtCs9DkVWDPzllD_16syncthing_mcp_rs3api6clientNtB4_15SyncThingClient10set_config0B8_
FN:143,_RNCNvMNtNtCs9DkVWDPzllD_16syncthing_mcp_rs3api6clientNtB4_15SyncThingClient11get_ignores0B8_
FN:157,_RNCNvMNtNtCs9DkVWDPzllD_16syncthing_mcp_rs3api6clientNtB4_15SyncThingClient11set_ignores0B8_
FN:292,_RNCNvMNtNtCs9DkVWDPzllD_16syncthing_mcp_rs3api6clientNtB4_15SyncThingClient12clear_errors0B8_
FN:433,_RNCNvMNtNtCs9DkVWDPzllD_16syncthing_mcp_rs3api6clientNtB4_15SyncThingClient12health_check0B8_
FN:175,_RNCNvMNtNtCs9DkVWDPzllD_16syncthing_mcp_rs3api6clientNtB4_15SyncThingClient12list_devices0B8_
FN:102,_RNCNvMNtNtCs9DkVWDPzllD_16syncthing_mcp_rs3api6clientNtB4_15SyncThingClient12list_folders0B8_
FN:209,_RNCNvMNtNtCs9DkVWDPzllD_16syncthing_mcp_rs3api6clientNtB4_15SyncThingClient12patch_device0B8_
FN:134,_RNCNvMNtNtCs9DkVWDPzllD_16syncthing_mcp_rs3api6clientNtB4_15SyncThingClient12patch_folder0B8_
FN:200,_RNCNvMNtNtCs9DkVWDPzllD_16syncthing_mcp_rs3api6clientNtB4_15SyncThingClient13remove_device0B8_
FN:263,_RNCNvMNtNtCs9DkVWDPzllD_16syncthing_mcp_rs3api6clientNtB4_15SyncThingClient13revert_folder0B8_
FN:406,_RNCNvMNtNtCs9DkVWDPzllD_16syncthing_mcp_rs3api6clientNtB4_15SyncThingClient14get_system_log0B8_
FN:397,_RNCNvMNtNtCs9DkVWDPzllD_16syncthing_mcp_rs3api6clientNtB4_15SyncThingClient15get_connections0B8_
FN:37,_RNCNvMNtNtCs9DkVWDPzllD_16syncthing_mcp_rs3api6clientNtB4_15SyncThingClient15send_with_retry0B8_
FN:415,_RNCNvMNtNtCs9DkVWDPzllD_16syncthing_mcp_rs3api6clientNtB4_15SyncThingClient16get_device_stats0B8_
FN:424,_RNCNvMNtNtCs9DkVWDPzllD_16syncthing_mcp_rs3api6clientNtB4_15SyncThingClient16get_folder_stats0B8_
FN:229,_RNCNvMNtNtCs9DkVWDPzllD_16syncthing_mcp_rs3api6clientNtB4_15SyncThingClient17get_folder_status0B8_
FN:66,_RNCNvMNtNtCs9DkVWDPzllD_16syncthing_mcp_rs3api6clientNtB4_15SyncThingClient17get_system_status0B8_
FN:75,_RNCNvMNtNtCs9DkVWDPzllD_16syncthing_mcp_rs3api6clientNtB4_15SyncThingClient18get_system_version0B8_
FN:218,_RNCNvMNtNtCs9DkVWDPzllD_16syncthing_mcp_rs3api6clientNtB4_15SyncThingClient18validate_device_id0B8_
FN:357,_RNCNvMNtNtCs9DkVWDPzllD_16syncthing_mcp_rs3api6clientNtB4_15SyncThingClient19get_pending_devices0B8_
FN:377,_RNCNvMNtNtCs9DkVWDPzllD_16syncthing_mcp_rs3api6clientNtB4_15SyncThingClient19get_pending_folders0B8_
FN:240,_RNCNvMNtNtCs9DkVWDPzllD_16syncthing_mcp_rs3api6clientNtB4_15SyncThingClient21get_device_completion0B8_
FN:366,_RNCNvMNtNtCs9DkVWDPzllD_16syncthing_mcp_rs3api6clientNtB4_15SyncThingClient21remove_pending_device0B8_
FN:386,_RNCNvMNtNtCs9DkVWDPzllD_16syncthing_mcp_rs3api6clientNtB4_15SyncThingClient21remove_pending_folder0B8_
FN:23,_RNCNvMNtNtCs9DkVWDPzllD_16syncthing_mcp_rs3api6clientNtB4_15SyncThingClient3new0B8_
FN:332,_RNCNvMNtNtCs9DkVWDPzllD_16syncthing_mcp_rs3api6clientNtB4_15SyncThingClient6browse0B8_
FN:251,_RNCNvMNtNtCs9DkVWDPzllD_16syncthing_mcp_rs3api6clientNtB4_15SyncThingClient6rescan0B8_
FN:274,_RNCNvMNtNtCs9DkVWDPzllD_16syncthing_mcp_rs3api6clientNtB4_15SyncThingClient7restart0B8_
FN:283,_RNCNvMNtNtCs9DkVWDPzllD_16syncthing_mcp_rs3api6clientNtB4_15SyncThingClient8shutdown0B8_
FNDA:0,_RNCNvMNtNtCs3qOuqWcYsXM_16syncthing_mcp_rs3api6clientNtB4_15SyncThingClient10add_folder0Csg8ClB3LHr1y_23docker_integration_test
FNDA:0,_RNCNvMNtNtCs3qOuqWcYsXM_16syncthing_mcp_rs3api6clientNtB4_15SyncThingClient10add_folder0B8_
FNDA:0,_RNvMNtNtCs3qOuqWcYsXM_16syncthing_mcp_rs3api6clientNtB2_15SyncThingClient10add_device
FNDA:0,_RNvMNtNtCs3qOuqWcYsXM_16syncthing_mcp_rs3api6clientNtB2_15SyncThingClient10add_folder
FNDA:0,_RNvMNtNtCs3qOuqWcYsXM_16syncthing_mcp_rs3api6clientNtB2_15SyncThingClient10get_config
FNDA:0,_RNvMNtNtCs3qOuqWcYsXM_16syncthing_mcp_rs3api6clientNtB2_15SyncThingClient10get_events
FNDA:0,_RNvMNtNtCs3qOuqWcYsXM_16syncthing_mcp_rs3api6clientNtB2_15SyncThingClient10get_folder
FNDA:0,_RNvMNtNtCs3qOuqWcYsXM_16syncthing_mcp_rs3api6clientNtB2_15SyncThingClient10set_config
FNDA:0,_RNvMNtNtCs3qOuqWcYsXM_16syncthing_mcp_rs3api6clientNtB2_15SyncThingClient11get_ignores
FNDA:0,_RNvMNtNtCs3qOuqWcYsXM_16syncthing_mcp_rs3api6clientNtB2_15SyncThingClient11set_ignores
FNDA:0,_RNvMNtNtCs3qOuqWcYsXM_16syncthing_mcp_rs3api6clientNtB2_15SyncThingClient12clear_errors
FNDA:0,_RNvMNtNtCs3qOuqWcYsXM_16syncthing_mcp_rs3api6clientNtB2_15SyncThingClient12health_check
FNDA:0,_RNvMNtNtCs3qOuqWcYsXM_16syncthing_mcp_rs3api6clientNtB2_15SyncThingClient12list_devices
FNDA:0,_RNvMNtNtCs3qOuqWcYsXM_16syncthing_mcp_rs3api6clientNtB2_15SyncThingClient12list_folders
FNDA:0,_RNvMNtNtCs3qOuqWcYsXM_16syncthing_mcp_rs3api6clientNtB2_15SyncThingClient12patch_device
FNDA:0,_RNvMNtNtCs3qOuqWcYsXM_16syncthing_mcp_rs3api6clientNtB2_15SyncThingClient12patch_folder
FNDA:0,_RNvMNtNtCs3qOuqWcYsXM_16syncthing_mcp_rs3api6clientNtB2_15SyncThingClient13remove_device
FNDA:0,_RNvMNtNtCs3qOuqWcYsXM_16syncthing_mcp_rs3api6clientNtB2_15SyncThingClient13revert_folder
FNDA:0,_RNvMNtNtCs3qOuqWcYsXM_16syncthing_mcp_rs3api6clientNtB2_15SyncThingClient14get_system_log
FNDA:0,_RNvMNtNtCs3qOuqWcYsXM_16syncthing_mcp_rs3api6clientNtB2_15SyncThingClient15get_connections
FNDA:0,_RNvMNtNtCs3qOuqWcYsXM_16syncthing_mcp_rs3api6clientNtB2_15SyncThingClient15send_with_retry
FNDA:0,_RNvMNtNtCs3qOuqWcYsXM_16syncthing_mcp_rs3api6clientNtB2_15SyncThingClient16get_device_stats
FNDA:0,_RNvMNtNtCs3qOuqWcYsXM_16syncthing_mcp_rs3api6clientNtB2_15SyncThingClient16get_folder_stats
FNDA:0,_RNvMNtNtCs3qOuqWcYsXM_16syncthing_mcp_rs3api6clientNtB2_15SyncThingClient17get_folder_status
FNDA:0,_RNvMNtNtCs3qOuqWcYsXM_16syncthing_mcp_rs3api6clientNtB2_15SyncThingClient17get_system_status
FNDA:0,_RNvMNtNtCs3qOuqWcYsXM_16syncthing_mcp_rs3api6clientNtB2_15SyncThingClient18get_system_version
FNDA:0,_RNvMNtNtCs3qOuqWcYsXM_16syncthing_mcp_rs3api6clientNtB2_15SyncThingClient18validate_device_id
FNDA:0,_RNvMNtNtCs3qOuqWcYsXM_16syncthing_mcp_rs3api6clientNtB2_15SyncThingClient19get_pending_devices
FNDA:0,_RNvMNtNtCs3qOuqWcYsXM_16syncthing_mcp_rs3api6clientNtB2_15SyncThingClient19get_pending_folders
FNDA:0,_RNvMNtNtCs3qOuqWcYsXM_16syncthing_mcp_rs3api6clientNtB2_15SyncThingClient21get_device_completion
FNDA:0,_RNvMNtNtCs3qOuqWcYsXM_16syncthing_mcp_rs3api6clientNtB2_15SyncThingClient21remove_pending_device
FNDA:0,_RNvMNtNtCs3qOuqWcYsXM_16syncthing_mcp_rs3api6clientNtB2_15SyncThingClient21remove_pending_folder
FNDA:0,_RNvMNtNtCs3qOuqWcYsXM_16syncthing_mcp_rs3api6clientNtB2_15SyncThingClient3new
FNDA:0,_RNvMNtNtCs3qOuqWcYsXM_16syncthing_mcp_rs3api6clientNtB2_15SyncThingClient6browse
FNDA:0,_RNvMNtNtCs3qOuqWcYsXM_16syncthing_mcp_rs3api6clientNtB2_15SyncThingClient6rescan
FNDA:0,_RNvMNtNtCs3qOuqWcYsXM_16syncthing_mcp_rs3api6clientNtB2_15SyncThingClient7restart
FNDA:0,_RNvMNtNtCs3qOuqWcYsXM_16syncthing_mcp_rs3api6clientNtB2_15SyncThingClient8add_auth
FNDA:0,_RNvMNtNtCs3qOuqWcYsXM_16syncthing_mcp_rs3api6clientNtB2_15SyncThingClient8shutdown
FNDA:0,_RNCNCNCNvMNtNtCs3qOuqWcYsXM_16syncthing_mcp_rs3api6clientNtB8_15SyncThingClient15send_with_retry000Bc_
FNDA:0,_RNCNCNCNvMNtNtCs3qOuqWcYsXM_16syncthing_mcp_rs3api6clientNtB8_15SyncThingClient15send_with_retry00s_0Bc_
FNDA:0,_RNCNCNvMNtNtCs3qOuqWcYsXM_16syncthing_mcp_rs3api6clientNtB6_15SyncThingClient15send_with_retry00Ba_
FNDA:0,_RNCNvMNtNtCs3qOuqWcYsXM_16syncthing_mcp_rs3api6clientNtB4_15SyncThingClient10add_device0B8_
FNDA:0,_RNCNvMNtNtCs3qOuqWcYsXM_16syncthing_mcp_rs3api6clientNtB4_15SyncThingClient10get_config0B8_
FNDA:0,_RNCNvMNtNtCs3qOuqWcYsXM_16syncthing_mcp_rs3api6clientNtB4_15SyncThingClient10get_events0B8_
FNDA:0,_RNCNvMNtNtCs3qOuqWcYsXM_16syncthing_mcp_rs3api6clientNtB4_15SyncThingClient10get_folder0B8_
FNDA:0,_RNCNvMNtNtCs3qOuqWcYsXM_16syncthing_mcp_rs3api6clientNtB4_15SyncThingClient10set_config0B8_
FNDA:0,_RNCNvMNtNtCs3qOuqWcYsXM_16syncthing_mcp_rs3api6clientNtB4_15SyncThingClient11get_ignores0B8_
FNDA:0,_RNCNvMNtNtCs3qOuqWcYsXM_16syncthing_mcp_rs3api6clientNtB4_15SyncThingClient11set_ignores0B8_
FNDA:0,_RNCNvMNtNtCs3qOuqWcYsXM_16syncthing_mcp_rs3api6clientNtB4_15SyncThingClient12clear_errors0B8_
FNDA:0,_RNCNvMNtNtCs3qOuqWcYsXM_16syncthing_mcp_rs3api6clientNtB4_15SyncThingClient12health_check0B8_
FNDA:0,_RNCNvMNtNtCs3qOuqWcYsXM_16syncthing_mcp_rs3api6clientNtB4_15SyncThingClient12list_devices0B8_
FNDA:0,_RNCNvMNtNtCs3qOuqWcYsXM_16syncthing_mcp_rs3api6clientNtB4_15SyncThingClient12list_folders0B8_
FNDA:0,_RNCNvMNtNtCs3qOuqWcYsXM_16syncthing_mcp_rs3api6clientNtB4_15SyncThingClient12patch_device0B8_
FNDA:0,_RNCNvMNtNtCs3qOuqWcYsXM_16syncthing_mcp_rs3api6clientNtB4_15SyncThingClient12patch_folder0B8_
FNDA:0,_RNCNvMNtNtCs3qOuqWcYsXM_16syncthing_mcp_rs3api6clientNtB4_15SyncThingClient13remove_device0B8_
FNDA:0,_RNCNvMNtNtCs3qOuqWcYsXM_16syncthing_mcp_rs3api6clientNtB4_15SyncThingClient13revert_folder0B8_
FNDA:0,_RNCNvMNtNtCs3qOuqWcYsXM_16syncthing_mcp_rs3api6clientNtB4_15SyncThingClient14get_system_log0B8_
FNDA:0,_RNCNvMNtNtCs3qOuqWcYsXM_16syncthing_mcp_rs3api6clientNtB4_15SyncThingClient15get_connections0B8_
FNDA:0,_RNCNvMNtNtCs3qOuqWcYsXM_16syncthing_mcp_rs3api6clientNtB4_15SyncThingClient15send_with_retry0B8_
FNDA:0,_RNCNvMNtNtCs3qOuqWcYsXM_16syncthing_mcp_rs3api6clientNtB4_15SyncThingClient16get_device_stats0B8_
FNDA:0,_RNCNvMNtNtCs3qOuqWcYsXM_16syncthing_mcp_rs3api6clientNtB4_15SyncThingClient16get_folder_stats0B8_
FNDA:0,_RNCNvMNtNtCs3qOuqWcYsXM_16syncthing_mcp_rs3api6clientNtB4_15SyncThingClient17get_folder_status0B8_
FNDA:0,_RNCNvMNtNtCs3qOuqWcYsXM_16syncthing_mcp_rs3api6clientNtB4_15SyncThingClient17get_system_status0B8_
FNDA:0,_RNCNvMNtNtCs3qOuqWcYsXM_16syncthing_mcp_rs3api6clientNtB4_15SyncThingClient18get_system_version0B8_
FNDA:0,_RNCNvMNtNtCs3qOuqWcYsXM_16syncthing_mcp_rs3api6clientNtB4_15SyncThingClient18validate_device_id0B8_
FNDA:0,_RNCNvMNtNtCs3qOuqWcYsXM_16syncthing_mcp_rs3api6clientNtB4_15SyncThingClient19get_pending_devices0B8_
FNDA:0,_RNCNvMNtNtCs3qOuqWcYsXM_16syncthing_mcp_rs3api6clientNtB4_15SyncThingClient19get_pending_folders0B8_
FNDA:0,_RNCNvMNtNtCs3qOuqWcYsXM_16syncthing_mcp_rs3api6clientNtB4_15SyncThingClient21get_device_completion0B8_
FNDA:0,_RNCNvMNtNtCs3qOuqWcYsXM_16syncthing_mcp_rs3api6clientNtB4_15SyncThingClient21remove_pending_device0B8_
FNDA:0,_RNCNvMNtNtCs3qOuqWcYsXM_16syncthing_mcp_rs3api6clientNtB4_15SyncThingClient21remove_pending_folder0B8_
FNDA:0,_RNCNvMNtNtCs3qOuqWcYsXM_16syncthing_mcp_rs3api6clientNtB4_15SyncThingClient3new0B8_
FNDA:0,_RNCNvMNtNtCs3qOuqWcYsXM_16syncthing_mcp_rs3api6clientNtB4_15SyncThingClient6browse0B8_
FNDA:0,_RNCNvMNtNtCs3qOuqWcYsXM_16syncthing_mcp_rs3api6clientNtB4_15SyncThingClient6rescan0B8_
FNDA:0,_RNCNvMNtNtCs3qOuqWcYsXM_16syncthing_mcp_rs3api6clientNtB4_15SyncThingClient7restart0B8_
FNDA:0,_RNCNvMNtNtCs3qOuqWcYsXM_16syncthing_mcp_rs3api6clientNtB4_15SyncThingClient8shutdown0B8_
FNDA:2,_RNvMNtNtCs9DkVWDPzllD_16syncthing_mcp_rs3api6clientNtB2_15SyncThingClient10add_device
FNDA:1,_RNvMNtNtCs9DkVWDPzllD_16syncthing_mcp_rs3api6clientNtB2_15SyncThingClient10add_folder
FNDA:31,_RNvMNtNtCs9DkVWDPzllD_16syncthing_mcp_rs3api6clientNtB2_15SyncThingClient10get_config
FNDA:8,_RNvMNtNtCs9DkVWDPzllD_16syncthing_mcp_rs3api6clientNtB2_15SyncThingClient10get_events
FNDA:8,_RNvMNtNtCs9DkVWDPzllD_16syncthing_mcp_rs3api6clientNtB2_15SyncThingClient10get_folder
FNDA:8,_RNvMNtNtCs9DkVWDPzllD_16syncthing_mcp_rs3api6clientNtB2_15SyncThingClient10set_config
FNDA:4,_RNvMNtNtCs9DkVWDPzllD_16syncthing_mcp_rs3api6clientNtB2_15SyncThingClient11get_ignores
FNDA:3,_RNvMNtNtCs9DkVWDPzllD_16syncthing_mcp_rs3api6clientNtB2_15SyncThingClient11set_ignores
FNDA:2,_RNvMNtNtCs9DkVWDPzllD_16syncthing_mcp_rs3api6clientNtB2_15SyncThingClient12clear_errors
FNDA:6,_RNvMNtNtCs9DkVWDPzllD_16syncthing_mcp_rs3api6clientNtB2_15SyncThingClient12health_check
FNDA:3,_RNvMNtNtCs9DkVWDPzllD_16syncthing_mcp_rs3api6clientNtB2_15SyncThingClient12list_devices
FNDA:2,_RNvMNtNtCs9DkVWDPzllD_16syncthing_mcp_rs3api6clientNtB2_15SyncThingClient12list_folders
FNDA:3,_RNvMNtNtCs9DkVWDPzllD_16syncthing_mcp_rs3api6clientNtB2_15SyncThingClient12patch_device
FNDA:3,_RNvMNtNtCs9DkVWDPzllD_16syncthing_mcp_rs3api6clientNtB2_15SyncThingClient12patch_folder
FNDA:2,_RNvMNtNtCs9DkVWDPzllD_16syncthing_mcp_rs3api6clientNtB2_15SyncThingClient13remove_device
FNDA:2,_RNvMNtNtCs9DkVWDPzllD_16syncthing_mcp_rs3api6clientNtB2_15SyncThingClient13revert_folder
FNDA:2,_RNvMNtNtCs9DkVWDPzllD_16syncthing_mcp_rs3api6clientNtB2_15SyncThingClient14get_system_log
FNDA:2,_RNvMNtNtCs9DkVWDPzllD_16syncthing_mcp_rs3api6clientNtB2_15SyncThingClient15get_connections
FNDA:134,_RNvMNtNtCs9DkVWDPzllD_16syncthing_mcp_rs3api6clientNtB2_15SyncThingClient15send_with_retry
FNDA:2,_RNvMNtNtCs9DkVWDPzllD_16syncthing_mcp_rs3api6clientNtB2_15SyncThingClient16get_device_stats
FNDA:2,_RNvMNtNtCs9DkVWDPzllD_16syncthing_mcp_rs3api6clientNtB2_15SyncThingClient16get_folder_stats
FNDA:2,_RNvMNtNtCs9DkVWDPzllD_16syncthing_mcp_rs3api6clientNtB2_15SyncThingClient17get_folder_status
FNDA:14,_RNvMNtNtCs9DkVWDPzllD_16syncthing_mcp_rs3api6clientNtB2_15SyncThingClient17get_system_status
FNDA:10,_RNvMNtNtCs9DkVWDPzllD_16syncthing_mcp_rs3api6clientNtB2_15SyncThingClient18get_system_version
FNDA:4,_RNvMNtNtCs9DkVWDPzllD_16syncthing_mcp_rs3api6clientNtB2_15SyncThingClient18validate_device_id
FNDA:1,_RNvMNtNtCs9DkVWDPzllD_16syncthing_mcp_rs3api6clientNtB2_15SyncThingClient19get_pending_devices
FNDA:2,_RNvMNtNtCs9DkVWDPzllD_16syncthing_mcp_rs3api6clientNtB2_15SyncThingClient19get_pending_folders
FNDA:2,_RNvMNtNtCs9DkVWDPzllD_16syncthing_mcp_rs3api6clientNtB2_15SyncThingClient21get_device_completion
FNDA:1,_RNvMNtNtCs9DkVWDPzllD_16syncthing_mcp_rs3api6clientNtB2_15SyncThingClient21remove_pending_device
FNDA:1,_RNvMNtNtCs9DkVWDPzllD_16syncthing_mcp_rs3api6clientNtB2_15SyncThingClient21remove_pending_folder
FNDA:150,_RNvMNtNtCs9DkVWDPzllD_16syncthing_mcp_rs3api6clientNtB2_15SyncThingClient3new
FNDA:1,_RNvMNtNtCs9DkVWDPzllD_16syncthing_mcp_rs3api6clientNtB2_15SyncThingClient6browse
FNDA:2,_RNvMNtNtCs9DkVWDPzllD_16syncthing_mcp_rs3api6clientNtB2_15SyncThingClient6rescan
FNDA:2,_RNvMNtNtCs9DkVWDPzllD_16syncthing_mcp_rs3api6clientNtB2_15SyncThingClient7restart
FNDA:134,_RNvMNtNtCs9DkVWDPzllD_16syncthing_mcp_rs3api6clientNtB2_15SyncThingClient8add_auth
FNDA:2,_RNvMNtNtCs9DkVWDPzllD_16syncthing_mcp_rs3api6clientNtB2_15SyncThingClient8shutdown
FNDA:0,_RNCNCNCNvMNtNtCs9DkVWDPzllD_16syncthing_mcp_rs3api6clientNtB8_15SyncThingClient15send_with_retry000Bc_
FNDA:139,_RNCNCNCNvMNtNtCs9DkVWDPzllD_16syncthing_mcp_rs3api6clientNtB8_15SyncThingClient15send_with_retry00s_0Bc_
FNDA:139,_RNCNCNvMNtNtCs9DkVWDPzllD_16syncthing_mcp_rs3api6clientNtB6_15SyncThingClient15send_with_retry00Ba_
FNDA:2,_RNCNvMNtNtCs9DkVWDPzllD_16syncthing_mcp_rs3api6clientNtB4_15SyncThingClient10add_device0B8_
FNDA:1,_RNCNvMNtNtCs9DkVWDPzllD_16syncthing_mcp_rs3api6clientNtB4_15SyncThingClient10add_folder0B8_
FNDA:31,_RNCNvMNtNtCs9DkVWDPzllD_16syncthing_mcp_rs3api6clientNtB4_15SyncThingClient10get_config0B8_
FNDA:8,_RNCNvMNtNtCs9DkVWDPzllD_16syncthing_mcp_rs3api6clientNtB4_15SyncThingClient10get_events0B8_
FNDA:8,_RNCNvMNtNtCs9DkVWDPzllD_16syncthing_mcp_rs3api6clientNtB4_15SyncThingClient10get_folder0B8_
FNDA:8,_RNCNvMNtNtCs9DkVWDPzllD_16syncthing_mcp_rs3api6clientNtB4_15SyncThingClient10set_config0B8_
FNDA:4,_RNCNvMNtNtCs9DkVWDPzllD_16syncthing_mcp_rs3api6clientNtB4_15SyncThingClient11get_ignores0B8_
FNDA:3,_RNCNvMNtNtCs9DkVWDPzllD_16syncthing_mcp_rs3api6clientNtB4_15SyncThingClient11set_ignores0B8_
FNDA:2,_RNCNvMNtNtCs9DkVWDPzllD_16syncthing_mcp_rs3api6clientNtB4_15SyncThingClient12clear_errors0B8_
FNDA:6,_RNCNvMNtNtCs9DkVWDPzllD_16syncthing_mcp_rs3api6clientNtB4_15SyncThingClient12health_check0B8_
FNDA:3,_RNCNvMNtNtCs9DkVWDPzllD_16syncthing_mcp_rs3api6clientNtB4_15SyncThingClient12list_devices0B8_
FNDA:2,_RNCNvMNtNtCs9DkVWDPzllD_16syncthing_mcp_rs3api6clientNtB4_15SyncThingClient12list_folders0B8_
FNDA:3,_RNCNvMNtNtCs9DkVWDPzllD_16syncthing_mcp_rs3api6clientNtB4_15SyncThingClient12patch_device0B8_
FNDA:3,_RNCNvMNtNtCs9DkVWDPzllD_16syncthing_mcp_rs3api6clientNtB4_15SyncThingClient12patch_folder0B8_
FNDA:2,_RNCNvMNtNtCs9DkVWDPzllD_16syncthing_mcp_rs3api6clientNtB4_15SyncThingClient13remove_device0B8_
FNDA:2,_RNCNvMNtNtCs9DkVWDPzllD_16syncthing_mcp_rs3api6clientNtB4_15SyncThingClient13revert_folder0B8_
FNDA:2,_RNCNvMNtNtCs9DkVWDPzllD_16syncthing_mcp_rs3api6clientNtB4_15SyncThingClient14get_system_log0B8_
FNDA:2,_RNCNvMNtNtCs9DkVWDPzllD_16syncthing_mcp_rs3api6clientNtB4_15SyncThingClient15get_connections0B8_
FNDA:134,_RNCNvMNtNtCs9DkVWDPzllD_16syncthing_mcp_rs3api6clientNtB4_15SyncThingClient15send_with_retry0B8_
FNDA:2,_RNCNvMNtNtCs9DkVWDPzllD_16syncthing_mcp_rs3api6clientNtB4_15SyncThingClient16get_device_stats0B8_
FNDA:2,_RNCNvMNtNtCs9DkVWDPzllD_16syncthing_mcp_rs3api6clientNtB4_15SyncThingClient16get_folder_stats0B8_
FNDA:2,_RNCNvMNtNtCs9DkVWDPzllD_16syncthing_mcp_rs3api6clientNtB4_15SyncThingClient17get_folder_status0B8_
FNDA:14,_RNCNvMNtNtCs9DkVWDPzllD_16syncthing_mcp_rs3api6clientNtB4_15SyncThingClient17get_system_status0B8_
FNDA:10,_RNCNvMNtNtCs9DkVWDPzllD_16syncthing_mcp_rs3api6clientNtB4_15SyncThingClient18get_system_version0B8_
FNDA:4,_RNCNvMNtNtCs9DkVWDPzllD_16syncthing_mcp_rs3api6clientNtB4_15SyncThingClient18validate_device_id0B8_
FNDA:1,_RNCNvMNtNtCs9DkVWDPzllD_16syncthing_mcp_rs3api6clientNtB4_15SyncThingClient19get_pending_devices0B8_
FNDA:2,_RNCNvMNtNtCs9DkVWDPzllD_16syncthing_mcp_rs3api6clientNtB4_15SyncThingClient19get_pending_folders0B8_
FNDA:2,_RNCNvMNtNtCs9DkVWDPzllD_16syncthing_mcp_rs3api6clientNtB4_15SyncThingClient21get_device_completion0B8_
FNDA:1,_RNCNvMNtNtCs9DkVWDPzllD_16syncthing_mcp_rs3api6clientNtB4_15SyncThingClient21remove_pending_device0B8_
FNDA:1,_RNCNvMNtNtCs9DkVWDPzllD_16syncthing_mcp_rs3api6clientNtB4_15SyncThingClient21remove_pending_folder0B8_
FNDA:0,_RNCNvMNtNtCs9DkVWDPzllD_16syncthing_mcp_rs3api6clientNtB4_15SyncThingClient3new0B8_
FNDA:1,_RNCNvMNtNtCs9DkVWDPzllD_16syncthing_mcp_rs3api6clientNtB4_15SyncThingClient6browse0B8_
FNDA:2,_RNCNvMNtNtCs9DkVWDPzllD_16syncthing_mcp_rs3api6clientNtB4_15SyncThingClient6rescan0B8_
FNDA:2,_RNCNvMNtNtCs9DkVWDPzllD_16syncthing_mcp_rs3api6clientNtB4_15SyncThingClient7restart0B8_
FNDA:2,_RNCNvMNtNtCs9DkVWDPzllD_16syncthing_mcp_rs3api6clientNtB4_15SyncThingClient8shutdown0B8_
FNF:74
FNH:72
DA:19,150
DA:20,150
DA:21,150
DA:22,150
DA:23,150
DA:24,150
DA:25,150
DA:27,134
DA:28,134
DA:29,40
DA:30,94
DA:31,134
DA:32,134
DA:34,134
DA:35,134
DA:36,134
DA:37,134
DA:38,134
DA:39,134
DA:41,134
DA:42,134
DA:43,134
DA:45,139
DA:46,139
DA:47,0
DA:48,0
DA:49,139
DA:50,139
DA:51,139
DA:53,137
DA:54,6
DA:55,131
DA:57,131
DA:58,139
DA:59,139
DA:60,134
DA:62,131
DA:63,134
DA:66,14
DA:67,14
DA:68,14
DA:69,14
DA:70,14
DA:71,10
DA:72,14
DA:75,10
DA:76,10
DA:77,10
DA:78,10
DA:79,10
DA:80,9
DA:81,10
DA:84,31
DA:85,31
DA:86,31
DA:87,31
DA:88,31
DA:89,31
DA:90,31
DA:93,8
DA:94,8
DA:95,8
DA:96,8
DA:97,8
DA:98,8
DA:99,8
DA:102,2
DA:103,2
DA:104,2
DA:105,2
DA:106,2
DA:107,2
DA:108,2
DA:111,1
DA:112,1
DA:113,1
DA:114,1
DA:115,1
DA:116,1
DA:117,1
DA:119,1
DA:120,1
DA:121,1
DA:122,1
DA:125,8
DA:126,8
DA:127,8
DA:128,8
DA:129,8
DA:130,8
DA:131,8
DA:134,3
DA:135,3
DA:136,3
DA:137,3
DA:138,3
DA:139,3
DA:140,3
DA:143,4
DA:144,4
DA:148,4
DA:149,4
DA:150,4
DA:151,4
DA:152,4
DA:153,4
DA:154,4
DA:157,3
DA:158,3
DA:162,3
DA:163,3
DA:164,3
DA:166,3
DA:167,3
DA:168,3
DA:169,3
DA:170,3
DA:171,3
DA:172,3
DA:175,3
DA:176,3
DA:177,3
DA:178,3
DA:179,3
DA:180,3
DA:181,3
DA:184,2
DA:185,2
DA:186,2
DA:187,2
DA:188,2
DA:189,2
DA:191,2
DA:192,2
DA:193,2
DA:194,2
DA:195,2
DA:196,2
DA:197,2
DA:200,2
DA:201,2
DA:202,2
DA:203,2
DA:204,2
DA:205,2
DA:206,2
DA:209,3
DA:210,3
DA:211,3
DA:212,3
DA:213,3
DA:214,3
DA:215,3
DA:218,4
DA:219,4
DA:220,4
DA:221,4
DA:222,4
DA:223,4
DA:224,4
DA:225,4
DA:226,4
DA:229,2
DA:230,2
DA:231,2
DA:232,2
DA:233,2
DA:234,2
DA:235,2
DA:236,2
DA:237,2
DA:240,2
DA:241,2
DA:242,2
DA:243,2
DA:244,2
DA:245,2
DA:246,2
DA:247,2
DA:248,2
DA:251,2
DA:252,2
DA:253,2
DA:254,2
DA:255,2
DA:256,2
DA:257,2
DA:258,2
DA:259,2
DA:260,2
DA:263,2
DA:264,2
DA:265,2
DA:266,2
DA:267,2
DA:268,2
DA:269,2
DA:270,2
DA:271,2
DA:274,2
DA:275,2
DA:276,2
DA:277,2
DA:278,2
DA:279,2
DA:280,2
DA:283,2
DA:284,2
DA:285,2
DA:286,2
DA:287,2
DA:288,2
DA:289,2
DA:292,2
DA:293,2
DA:294,2
DA:295,2
DA:296,2
DA:297,2
DA:298,2
DA:301,8
DA:302,8
DA:307,8
DA:308,8
DA:310,8
DA:311,8
DA:312,1
DA:313,7
DA:314,8
DA:315,7
DA:316,7
DA:318,8
DA:319,7
DA:320,7
DA:322,8
DA:323,8
DA:324,8
DA:327,1
DA:328,1
DA:329,1
DA:330,1
DA:331,1
DA:332,1
DA:333,1
DA:339,1
DA:340,1
DA:342,1
DA:343,1
DA:344,0
DA:345,1
DA:346,1
DA:347,1
DA:348,1
DA:350,1
DA:352,1
DA:353,1
DA:354,1
DA:357,1
DA:358,1
DA:359,1
DA:360,1
DA:361,1
DA:362,1
DA:363,1
DA:366,1
DA:367,1
DA:368,1
DA:369,1
DA:370,1
DA:371,1
DA:372,1
DA:373,1
DA:374,1
DA:377,2
DA:378,2
DA:379,2
DA:380,2
DA:381,2
DA:382,2
DA:383,2
DA:386,1
DA:387,1
DA:388,1
DA:389,1
DA:390,1
DA:391,1
DA:392,1
DA:393,1
DA:394,1
DA:397,2
DA:398,2
DA:399,2
DA:400,2
DA:401,2
DA:402,2
DA:403,2
DA:406,2
DA:407,2
DA:408,2
DA:409,2
DA:410,2
DA:411,2
DA:412,2
DA:415,2
DA:416,2
DA:417,2
DA:418,2
DA:419,2
DA:420,2
DA:421,2
DA:424,2
DA:425,2
DA:426,2
DA:427,2
DA:428,2
DA:429,2
DA:430,2
DA:433,6
DA:434,6
DA:438,6
DA:439,6
DA:440,6
DA:442,6
DA:444,6
DA:445,5
DA:446,5
DA:447,5
DA:448,5
DA:449,5
DA:450,5
DA:451,5
DA:452,5
DA:453,5
DA:454,1
DA:455,1
DA:456,1
DA:457,1
DA:458,1
DA:459,1
DA:460,1
DA:461,1
DA:462,1
DA:464,6
BRF:0
BRH:0
LF:380
LH:375
end_of_record
SF:/home/nicholas/git/nicholaswilde/syncthing-mcp-rs/src/api/models.rs
FN:174,_RNvMNtNtCs3qOuqWcYsXM_16syncthing_mcp_rs3api6modelsNtB2_5Event7summary
FN:174,_RNvMNtNtCs9DkVWDPzllD_16syncthing_mcp_rs3api6modelsNtB2_5Event7summary
FNDA:0,_RNvMNtNtCs3qOuqWcYsXM_16syncthing_mcp_rs3api6modelsNtB2_5Event7summary
FNDA:12,_RNvMNtNtCs9DkVWDPzllD_16syncthing_mcp_rs3api6modelsNtB2_5Event7summary
FNF:1
FNH:1
DA:174,12
DA:175,11
DA:177,4
DA:179,4
DA:182,3
DA:183,3
DA:184,3
DA:186,3
DA:191,1
DA:192,1
DA:194,1
DA:195,1
DA:198,1
DA:201,3
DA:203,12
BRF:0
BRH:0
LF:15
LH:15
end_of_record
SF:/home/nicholas/git/nicholaswilde/syncthing-mcp-rs/src/config/mod.rs
FN:345,_RNvMs0_NtCs3qOuqWcYsXM_16syncthing_mcp_rs6configNtB5_9AppConfig12get_instance
FN:201,_RNvMs0_NtCs3qOuqWcYsXM_16syncthing_mcp_rs6configNtB5_9AppConfig4load
FN:303,_RNvMs0_NtCs3qOuqWcYsXM_16syncthing_mcp_rs6configNtB5_9AppConfig8validate
FN:371,_RNvNtCs3qOuqWcYsXM_16syncthing_mcp_rs6config10parse_args
FN:80,_RNvNtCs3qOuqWcYsXM_16syncthing_mcp_rs6config17default_log_level
FN:76,_RNvNtCs3qOuqWcYsXM_16syncthing_mcp_rs6config17default_transport
FN:108,_RNvNtCs3qOuqWcYsXM_16syncthing_mcp_rs6config18default_mcp_events
FN:84,_RNvNtCs3qOuqWcYsXM_16syncthing_mcp_rs6config21default_no_verify_ssl
FN:100,_RNvNtCs3qOuqWcYsXM_16syncthing_mcp_rs6config24default_http_server_host
FN:104,_RNvNtCs3qOuqWcYsXM_16syncthing_mcp_rs6config24default_http_server_port
FN:88,_RNvNtCs3qOuqWcYsXM_16syncthing_mcp_rs6config26default_retry_max_attempts
FN:96,_RNvNtCs3qOuqWcYsXM_16syncthing_mcp_rs6config27default_http_server_enabled
FN:92,_RNvNtCs3qOuqWcYsXM_16syncthing_mcp_rs6config32default_retry_initial_backoff_ms
FN:118,_RNvXNtCs3qOuqWcYsXM_16syncthing_mcp_rs6configNtB2_16HttpServerConfigNtNtCs4kUJL3MZFFz_4core7default7Default7default
FN:157,_RNvXNvNtCs3qOuqWcYsXM_16syncthing_mcp_rs6config21deserialize_instancesNtB2_16InstancesVisitorNtNtCsdBCzScGN83d_10serde_core2de7Visitor9expecting
FN:129,_RNvXs_NtCs3qOuqWcYsXM_16syncthing_mcp_rs6configNtB4_9AppConfigNtNtCs4kUJL3MZFFz_4core7default7Default7default
FN:146,_RINvNtCs3qOuqWcYsXM_16syncthing_mcp_rs6config21deserialize_instancesNtNtCskKReQhBxl62_6config5value5ValueEB4_
FN:172,_RINvXNvNtCs3qOuqWcYsXM_16syncthing_mcp_rs6config21deserialize_instancesNtB3_16InstancesVisitorNtNtCsdBCzScGN83d_10serde_core2de7Visitor9visit_mapNtNtCskKReQhBxl62_6config2de9MapAccessEB7_
FN:161,_RINvXNvNtCs3qOuqWcYsXM_16syncthing_mcp_rs6config21deserialize_instancesNtB3_16InstancesVisitorNtNtCsdBCzScGN83d_10serde_core2de7Visitor9visit_seqNtNtCskKReQhBxl62_6config2de9SeqAccessEB7_
FN:353,_RNCNvMs0_NtCs3qOuqWcYsXM_16syncthing_mcp_rs6configNtB7_9AppConfig12get_instance0B9_
FN:364,_RNCNvMs0_NtCs3qOuqWcYsXM_16syncthing_mcp_rs6configNtB7_9AppConfig12get_instances0_0B9_
FN:365,_RNCNvMs0_NtCs3qOuqWcYsXM_16syncthing_mcp_rs6configNtB7_9AppConfig12get_instances1_0B9_
FN:358,_RNCNvMs0_NtCs3qOuqWcYsXM_16syncthing_mcp_rs6configNtB7_9AppConfig12get_instances_0B9_
FN:293,_RNCNvMs0_NtCs3qOuqWcYsXM_16syncthing_mcp_rs6configNtB7_9AppConfig4load0B9_
FN:146,_RINvNtCs9DkVWDPzllD_16syncthing_mcp_rs6config21deserialize_instancesNtNtCskKReQhBxl62_6config5value5ValueEB4_
FN:172,_RINvXNvNtCs9DkVWDPzllD_16syncthing_mcp_rs6config21deserialize_instancesNtB3_16InstancesVisitorNtNtCsdBCzScGN83d_10serde_core2de7Visitor9visit_mapNtNtCskKReQhBxl62_6config2de9MapAccessEB7_
FN:161,_RINvXNvNtCs9DkVWDPzllD_16syncthing_mcp_rs6config21deserialize_instancesNtB3_16InstancesVisitorNtNtCsdBCzScGN83d_10serde_core2de7Visitor9visit_seqNtNtCskKReQhBxl62_6config2de9SeqAccessEB7_
FN:353,_RNCNvMs0_NtCs9DkVWDPzllD_16syncthing_mcp_rs6configNtB7_9AppConfig12get_instance0B9_
FN:364,_RNCNvMs0_NtCs9DkVWDPzllD_16syncthing_mcp_rs6configNtB7_9AppConfig12get_instances0_0B9_
FN:365,_RNCNvMs0_NtCs9DkVWDPzllD_16syncthing_mcp_rs6configNtB7_9AppConfig12get_instances1_0B9_
FN:358,_RNCNvMs0_NtCs9DkVWDPzllD_16syncthing_mcp_rs6configNtB7_9AppConfig12get_instances_0B9_
FN:293,_RNCNvMs0_NtCs9DkVWDPzllD_16syncthing_mcp_rs6configNtB7_9AppConfig4load0B9_
FN:345,_RNvMs0_NtCs9DkVWDPzllD_16syncthing_mcp_rs6configNtB5_9AppConfig12get_instance
FN:201,_RNvMs0_NtCs9DkVWDPzllD_16syncthing_mcp_rs6configNtB5_9AppConfig4load
FN:303,_RNvMs0_NtCs9DkVWDPzllD_16syncthing_mcp_rs6configNtB5_9AppConfig8validate
FN:371,_RNvNtCs9DkVWDPzllD_16syncthing_mcp_rs6config10parse_args
FN:80,_RNvNtCs9DkVWDPzllD_16syncthing_mcp_rs6config17default_log_level
FN:76,_RNvNtCs9DkVWDPzllD_16syncthing_mcp_rs6config17default_transport
FN:108,_RNvNtCs9DkVWDPzllD_16syncthing_mcp_rs6config18default_mcp_events
FN:84,_RNvNtCs9DkVWDPzllD_16syncthing_mcp_rs6config21default_no_verify_ssl
FN:100,_RNvNtCs9DkVWDPzllD_16syncthing_mcp_rs6config24default_http_server_host
FN:104,_RNvNtCs9DkVWDPzllD_16syncthing_mcp_rs6config24default_http_server_port
FN:88,_RNvNtCs9DkVWDPzllD_16syncthing_mcp_rs6config26default_retry_max_attempts
FN:96,_RNvNtCs9DkVWDPzllD_16syncthing_mcp_rs6config27default_http_server_enabled
FN:92,_RNvNtCs9DkVWDPzllD_16syncthing_mcp_rs6config32default_retry_initial_backoff_ms
FN:118,_RNvXNtCs9DkVWDPzllD_16syncthing_mcp_rs6configNtB2_16HttpServerConfigNtNtCs4kUJL3MZFFz_4core7default7Default7default
FN:157,_RNvXNvNtCs9DkVWDPzllD_16syncthing_mcp_rs6config21deserialize_instancesNtB2_16InstancesVisitorNtNtCsdBCzScGN83d_10serde_core2de7Visitor9expecting
FN:129,_RNvXs_NtCs9DkVWDPzllD_16syncthing_mcp_rs6configNtB4_9AppConfigNtNtCs4kUJL3MZFFz_4core7default7Default7default
FNDA:0,_RNvMs0_NtCs3qOuqWcYsXM_16syncthing_mcp_rs6configNtB5_9AppConfig12get_instance
FNDA:0,_RNvMs0_NtCs3qOuqWcYsXM_16syncthing_mcp_rs6configNtB5_9AppConfig4load
FNDA:0,_RNvMs0_NtCs3qOuqWcYsXM_16syncthing_mcp_rs6configNtB5_9AppConfig8validate
FNDA:0,_RNvNtCs3qOuqWcYsXM_16syncthing_mcp_rs6config10parse_args
FNDA:0,_RNvNtCs3qOuqWcYsXM_16syncthing_mcp_rs6config17default_log_level
FNDA:0,_RNvNtCs3qOuqWcYsXM_16syncthing_mcp_rs6config17default_transport
FNDA:0,_RNvNtCs3qOuqWcYsXM_16syncthing_mcp_rs6config18default_mcp_events
FNDA:0,_RNvNtCs3qOuqWcYsXM_16syncthing_mcp_rs6config21default_no_verify_ssl
FNDA:0,_RNvNtCs3qOuqWcYsXM_16syncthing_mcp_rs6config24default_http_server_host
FNDA:0,_RNvNtCs3qOuqWcYsXM_16syncthing_mcp_rs6config24default_http_server_port
FNDA:0,_RNvNtCs3qOuqWcYsXM_16syncthing_mcp_rs6config26default_retry_max_attempts
FNDA:0,_RNvNtCs3qOuqWcYsXM_16syncthing_mcp_rs6config27default_http_server_enabled
FNDA:0,_RNvNtCs3qOuqWcYsXM_16syncthing_mcp_rs6config32default_retry_initial_backoff_ms
FNDA:0,_RNvXNtCs3qOuqWcYsXM_16syncthing_mcp_rs6configNtB2_16HttpServerConfigNtNtCs4kUJL3MZFFz_4core7default7Default7default
FNDA:0,_RNvXNvNtCs3qOuqWcYsXM_16syncthing_mcp_rs6config21deserialize_instancesNtB2_16InstancesVisitorNtNtCsdBCzScGN83d_10serde_core2de7Visitor9expecting
FNDA:0,_RNvXs_NtCs3qOuqWcYsXM_16syncthing_mcp_rs6configNtB4_9AppConfigNtNtCs4kUJL3MZFFz_4core7default7Default7default
FNDA:0,_RINvNtCs3qOuqWcYsXM_16syncthing_mcp_rs6config21deserialize_instancesNtNtCskKReQhBxl62_6config5value5ValueEB4_
FNDA:0,_RINvXNvNtCs3qOuqWcYsXM_16syncthing_mcp_rs6config21deserialize_instancesNtB3_16InstancesVisitorNtNtCsdBCzScGN83d_10serde_core2de7Visitor9visit_mapNtNtCskKReQhBxl62_6config2de9MapAccessEB7_
FNDA:0,_RINvXNvNtCs3qOuqWcYsXM_16syncthing_mcp_rs6config21deserialize_instancesNtB3_16InstancesVisitorNtNtCsdBCzScGN83d_10serde_core2de7Visitor9visit_seqNtNtCskKReQhBxl62_6config2de9SeqAccessEB7_
FNDA:0,_RNCNvMs0_NtCs3qOuqWcYsXM_16syncthing_mcp_rs6configNtB7_9AppConfig12get_instance0B9_
FNDA:0,_RNCNvMs0_NtCs3qOuqWcYsXM_16syncthing_mcp_rs6configNtB7_9AppConfig12get_instances0_0B9_
FNDA:0,_RNCNvMs0_NtCs3qOuqWcYsXM_16syncthing_mcp_rs6configNtB7_9AppConfig12get_instances1_0B9_
FNDA:0,_RNCNvMs0_NtCs3qOuqWcYsXM_16syncthing_mcp_rs6configNtB7_9AppConfig12get_instances_0B9_
FNDA:0,_RNCNvMs0_NtCs3qOuqWcYsXM_16syncthing_mcp_rs6configNtB7_9AppConfig4load0B9_
FNDA:2,_RINvNtCs9DkVWDPzllD_16syncthing_mcp_rs6config21deserialize_instancesNtNtCskKReQhBxl62_6config5value5ValueEB4_
FNDA:1,_RINvXNvNtCs9DkVWDPzllD_16syncthing_mcp_rs6config21deserialize_instancesNtB3_16InstancesVisitorNtNtCsdBCzScGN83d_10serde_core2de7Visitor9visit_mapNtNtCskKReQhBxl62_6config2de9MapAccessEB7_
FNDA:1,_RINvXNvNtCs9DkVWDPzllD_16syncthing_mcp_rs6config21deserialize_instancesNtB3_16InstancesVisitorNtNtCsdBCzScGN83d_10serde_core2de7Visitor9visit_seqNtNtCskKReQhBxl62_6config2de9SeqAccessEB7_
FNDA:0,_RNCNvMs0_NtCs9DkVWDPzllD_16syncthing_mcp_rs6configNtB7_9AppConfig12get_instance0B9_
FNDA:56,_RNCNvMs0_NtCs9DkVWDPzllD_16syncthing_mcp_rs6configNtB7_9AppConfig12get_instances0_0B9_
FNDA:6,_RNCNvMs0_NtCs9DkVWDPzllD_16syncthing_mcp_rs6configNtB7_9AppConfig12get_instances1_0B9_
FNDA:2,_RNCNvMs0_NtCs9DkVWDPzllD_16syncthing_mcp_rs6configNtB7_9AppConfig12get_instances_0B9_
FNDA:0,_RNCNvMs0_NtCs9DkVWDPzllD_16syncthing_mcp_rs6configNtB7_9AppConfig4load0B9_
FNDA:94,_RNvMs0_NtCs9DkVWDPzllD_16syncthing_mcp_rs6configNtB5_9AppConfig12get_instance
FNDA:12,_RNvMs0_NtCs9DkVWDPzllD_16syncthing_mcp_rs6configNtB5_9AppConfig4load
FNDA:15,_RNvMs0_NtCs9DkVWDPzllD_16syncthing_mcp_rs6configNtB5_9AppConfig8validate
FNDA:12,_RNvNtCs9DkVWDPzllD_16syncthing_mcp_rs6config10parse_args
FNDA:0,_RNvNtCs9DkVWDPzllD_16syncthing_mcp_rs6config17default_log_level
FNDA:0,_RNvNtCs9DkVWDPzllD_16syncthing_mcp_rs6config17default_transport
FNDA:87,_RNvNtCs9DkVWDPzllD_16syncthing_mcp_rs6config18default_mcp_events
FNDA:0,_RNvNtCs9DkVWDPzllD_16syncthing_mcp_rs6config21default_no_verify_ssl
FNDA:0,_RNvNtCs9DkVWDPzllD_16syncthing_mcp_rs6config24default_http_server_host
FNDA:0,_RNvNtCs9DkVWDPzllD_16syncthing_mcp_rs6config24default_http_server_port
FNDA:0,_RNvNtCs9DkVWDPzllD_16syncthing_mcp_rs6config26default_retry_max_attempts
FNDA:0,_RNvNtCs9DkVWDPzllD_16syncthing_mcp_rs6config27default_http_server_enabled
FNDA:0,_RNvNtCs9DkVWDPzllD_16syncthing_mcp_rs6config32default_retry_initial_backoff_ms
FNDA:76,_RNvXNtCs9DkVWDPzllD_16syncthing_mcp_rs6configNtB2_16HttpServerConfigNtNtCs4kUJL3MZFFz_4core7default7Default7default
FNDA:0,_RNvXNvNtCs9DkVWDPzllD_16syncthing_mcp_rs6config21deserialize_instancesNtB2_16InstancesVisitorNtNtCsdBCzScGN83d_10serde_core2de7Visitor9expecting
FNDA:76,_RNvXs_NtCs9DkVWDPzllD_16syncthing_mcp_rs6configNtB4_9AppConfigNtNtCs4kUJL3MZFFz_4core7default7Default7default
FNF:24
FNH:13
DA:76,0
DA:77,0
DA:78,0
DA:80,0
DA:81,0
DA:82,0
DA:84,0
DA:85,0
DA:86,0
DA:88,0
DA:89,0
DA:90,0
DA:92,0
DA:93,0
DA:94,0
DA:96,0
DA:97,0
DA:98,0
DA:100,0
DA:101,0
DA:102,0
DA:104,0
DA:105,0
DA:106,0
DA:108,87
DA:109,87
DA:110,87
DA:111,87
DA:112,87
DA:113,87
DA:115,87
DA:118,76
DA:119,76
DA:120,76
DA:121,76
DA:122,76
DA:123,76
DA:124,76
DA:125,76
DA:129,76
DA:130,76
DA:131,76
DA:132,76
DA:133,76
DA:134,76
DA:135,76
DA:136,76
DA:137,76
DA:138,76
DA:139,76
DA:140,76
DA:141,76
DA:142,76
DA:143,76
DA:146,2
DA:147,2
DA:148,2
DA:157,0
DA:158,0
DA:159,0
DA:161,1
DA:162,1
DA:163,1
DA:165,1
DA:166,3
DA:167,2
DA:168,2
DA:169,1
DA:170,1
DA:172,1
DA:173,1
DA:174,1
DA:176,1
DA:177,3
DA:178,2
DA:179,2
DA:180,1
DA:181,1
DA:184,2
DA:185,2
DA:201,12
DA:202,12
DA:203,12
DA:204,12
DA:205,12
DA:206,12
DA:208,12
DA:209,1
DA:210,1
DA:211,1
DA:212,1
DA:213,1
DA:214,0
DA:215,0
DA:216,0
DA:218,1
DA:219,11
DA:222,11
DA:223,5
DA:225,6
DA:229,11
DA:230,11
DA:231,11
DA:232,11
DA:233,11
DA:234,11
DA:235,11
DA:236,11
DA:237,11
DA:238,11
DA:239,11
DA:240,11
DA:243,11
DA:244,5
DA:245,5
DA:246,6
DA:247,6
DA:248,6
DA:249,6
DA:250,6
DA:254,11
DA:255,11
DA:256,11
DA:257,11
DA:258,11
DA:262,11
DA:263,1
DA:264,10
DA:265,11
DA:266,1
DA:267,10
DA:268,11
DA:269,0
DA:270,11
DA:271,11
DA:272,0
DA:273,11
DA:274,11
DA:275,0
DA:276,11
DA:277,11
DA:278,0
DA:279,11
DA:280,11
DA:281,1
DA:282,10
DA:283,11
DA:284,1
DA:285,10
DA:286,11
DA:287,1
DA:288,10
DA:289,11
DA:290,0
DA:291,11
DA:292,11
DA:293,0
DA:294,0
DA:295,11
DA:297,11
DA:298,11
DA:299,11
DA:300,12
DA:303,15
DA:304,15
DA:305,9
DA:306,0
DA:308,9
DA:311,9
DA:312,9
DA:313,9
DA:314,9
DA:315,9
DA:316,9
DA:317,9
DA:318,9
DA:319,6
DA:321,15
DA:322,2
DA:323,13
DA:325,15
DA:326,15
DA:327,2
DA:328,13
DA:330,13
DA:333,13
DA:334,3
DA:335,10
DA:336,13
DA:337,4
DA:338,9
DA:341,11
DA:342,15
DA:345,94
DA:346,94
DA:347,94
DA:348,94
DA:349,94
DA:350,52
DA:351,52
DA:352,52
DA:353,52
DA:354,42
DA:355,42
DA:356,42
DA:357,42
DA:358,42
DA:360,2
DA:361,40
DA:362,40
DA:363,40
DA:364,56
DA:365,40
DA:368,94
DA:371,12
DA:374,12
DA:375,12
DA:376,12
DA:377,12
DA:378,12
DA:379,12
DA:381,12
DA:382,12
DA:383,12
DA:384,12
DA:385,12
DA:387,12
DA:388,12
DA:389,12
DA:390,12
DA:391,12
DA:392,12
DA:394,12
DA:395,12
DA:396,12
DA:397,12
DA:399,12
DA:400,12
DA:401,12
DA:402,12
DA:404,12
DA:405,12
DA:406,12
DA:407,12
DA:408,12
DA:410,12
DA:411,12
DA:412,12
DA:413,12
DA:415,12
DA:416,12
DA:417,12
DA:418,12
DA:419,12
DA:421,12
DA:422,12
DA:423,12
DA:424,12
DA:426,12
DA:427,12
DA:428,12
DA:429,12
DA:431,12
DA:432,12
DA:433,12
DA:434,12
DA:435,12
DA:437,12
DA:439,12
DA:440,9
DA:442,3
DA:444,12
BRF:0
BRH:0
LF:277
LH:237
end_of_record
SF:/home/nicholas/git/nicholaswilde/syncthing-mcp-rs/src/credentials/mod.rs
FN:103,_RNvNtCs3qOuqWcYsXM_16syncthing_mcp_rs11credentials13decrypt_value
FN:84,_RNvNtCs3qOuqWcYsXM_16syncthing_mcp_rs11credentials13encrypt_value
FN:59,_RNvNtCs3qOuqWcYsXM_16syncthing_mcp_rs11credentials14get_master_key
FN:40,_RNvNtCs3qOuqWcYsXM_16syncthing_mcp_rs11credentials15resolve_api_key
FN:18,_RNvXNtCs3qOuqWcYsXM_16syncthing_mcp_rs11credentialsNtB2_15KeyringProviderNtB2_18CredentialProvider11get_api_key
FN:132,_RNvNtNtCs9DkVWDPzllD_16syncthing_mcp_rs11credentials5testss_17test_resolve_none
FN:146,_RNvNtNtCs9DkVWDPzllD_16syncthing_mcp_rs11credentials5testss_20test_encrypt_decrypt
FN:126,_RNvNtNtCs9DkVWDPzllD_16syncthing_mcp_rs11credentials5testss_22test_resolve_plain_key
FN:137,_RNvNtNtCs9DkVWDPzllD_16syncthing_mcp_rs11credentials5testss_35test_resolve_invalid_keyring_format
FN:103,_RNvNtCs9DkVWDPzllD_16syncthing_mcp_rs11credentials13decrypt_value
FN:84,_RNvNtCs9DkVWDPzllD_16syncthing_mcp_rs11credentials13encrypt_value
FN:59,_RNvNtCs9DkVWDPzllD_16syncthing_mcp_rs11credentials14get_master_key
FN:40,_RNvNtCs9DkVWDPzllD_16syncthing_mcp_rs11credentials15resolve_api_key
FN:18,_RNvXNtCs9DkVWDPzllD_16syncthing_mcp_rs11credentialsNtB2_15KeyringProviderNtB2_18CredentialProvider11get_api_key
FNDA:0,_RNvNtCs3qOuqWcYsXM_16syncthing_mcp_rs11credentials13decrypt_value
FNDA:0,_RNvNtCs3qOuqWcYsXM_16syncthing_mcp_rs11credentials13encrypt_value
FNDA:0,_RNvNtCs3qOuqWcYsXM_16syncthing_mcp_rs11credentials14get_master_key
FNDA:0,_RNvNtCs3qOuqWcYsXM_16syncthing_mcp_rs11credentials15resolve_api_key
FNDA:0,_RNvXNtCs3qOuqWcYsXM_16syncthing_mcp_rs11credentialsNtB2_15KeyringProviderNtB2_18CredentialProvider11get_api_key
FNDA:1,_RNvNtNtCs9DkVWDPzllD_16syncthing_mcp_rs11credentials5testss_17test_resolve_none
FNDA:1,_RNvNtNtCs9DkVWDPzllD_16syncthing_mcp_rs11credentials5testss_20test_encrypt_decrypt
FNDA:1,_RNvNtNtCs9DkVWDPzllD_16syncthing_mcp_rs11credentials5testss_22test_resolve_plain_key
FNDA:1,_RNvNtNtCs9DkVWDPzllD_16syncthing_mcp_rs11credentials5testss_35test_resolve_invalid_keyring_format
FNDA:0,_RNvNtCs9DkVWDPzllD_16syncthing_mcp_rs11credentials13decrypt_value
FNDA:1,_RNvNtCs9DkVWDPzllD_16syncthing_mcp_rs11credentials13encrypt_value
FNDA:1,_RNvNtCs9DkVWDPzllD_16syncthing_mcp_rs11credentials14get_master_key
FNDA:25,_RNvNtCs9DkVWDPzllD_16syncthing_mcp_rs11credentials15resolve_api_key
FNDA:0,_RNvXNtCs9DkVWDPzllD_16syncthing_mcp_rs11credentialsNtB2_15KeyringProviderNtB2_18CredentialProvider11get_api_key
FNF:9
FNH:7
DA:18,0
DA:19,0
DA:23,0
DA:24,0
DA:25,0
DA:26,0
DA:27,0
DA:28,0
DA:31,0
DA:32,0
DA:33,0
DA:36,0
DA:40,25
DA:41,23
DA:42,24
DA:43,1
DA:44,1
DA:45,0
DA:46,0
DA:47,0
DA:49,1
DA:50,1
DA:53,23
DA:54,24
DA:56,25
DA:59,1
DA:60,1
DA:61,1
DA:62,0
DA:63,0
DA:64,0
DA:65,0
DA:66,0
DA:67,0
DA:69,0
DA:74,1
DA:75,1
DA:76,1
DA:77,1
DA:78,1
DA:81,1
DA:84,1
DA:85,1
DA:86,1
DA:87,1
DA:89,1
DA:90,1
DA:91,1
DA:93,1
DA:95,1
DA:96,1
DA:97,1
DA:99,1
DA:100,1
DA:103,0
DA:104,0
DA:105,0
DA:106,0
DA:107,0
DA:108,0
DA:110,0
DA:111,0
DA:112,0
DA:114,0
DA:115,0
DA:117,0
DA:118,0
DA:119,0
DA:126,1
DA:127,1
DA:128,1
DA:129,1
DA:132,1
DA:133,1
DA:134,1
DA:137,1
DA:138,1
DA:139,1
DA:140,1
DA:141,1
DA:143,1
DA:146,1
DA:149,1
DA:150,1
DA:151,1
DA:153,1
DA:154,1
DA:155,1
DA:157,1
DA:158,1
DA:159,1
DA:160,1
DA:162,1
DA:165,1
DA:166,1
DA:167,1
DA:168,1
DA:169,1
DA:170,1
DA:171,1
BRF:0
BRH:0
LF:100
LH:64
end_of_record
SF:/home/nicholas/git/nicholaswilde/syncthing-mcp-rs/src/error.rs
FN:91,_RNvMs0_NtCs3qOuqWcYsXM_16syncthing_mcp_rs5errorNtB5_8Language5parse
FN:136,_RNvMs1_NtCs3qOuqWcYsXM_16syncthing_mcp_rs5errorNtB5_5Error11diagnose_en
FN:229,_RNvMs1_NtCs3qOuqWcYsXM_16syncthing_mcp_rs5errorNtB5_5Error11diagnose_fr
FN:126,_RNvMs1_NtCs3qOuqWcYsXM_16syncthing_mcp_rs5errorNtB5_5Error17diagnose_internal
FN:122,_RNvMs1_NtCs3qOuqWcYsXM_16syncthing_mcp_rs5errorNtB5_5Error21diagnose_with_context
FN:117,_RNvMs1_NtCs3qOuqWcYsXM_16syncthing_mcp_rs5errorNtB5_5Error22diagnose_with_language
FN:112,_RNvMs1_NtCs3qOuqWcYsXM_16syncthing_mcp_rs5errorNtB5_5Error8diagnose
FN:56,_RNvXNtCs3qOuqWcYsXM_16syncthing_mcp_rs5errorNtB2_5ErrorINtNtCs4kUJL3MZFFz_4core7convert4FromNtNtCs5XsEQ5dfYZG_7reqwest5error5ErrorE4from
FN:73,_RNvXs_NtCs3qOuqWcYsXM_16syncthing_mcp_rs5errorNtB4_5ErrorINtNtCs4kUJL3MZFFz_4core7convert4FromNtNtCsauO83Ko6oyK_5alloc6string6StringE4from
FN:91,_RNvMs0_NtCs9DkVWDPzllD_16syncthing_mcp_rs5errorNtB5_8Language5parse
FN:136,_RNvMs1_NtCs9DkVWDPzllD_16syncthing_mcp_rs5errorNtB5_5Error11diagnose_en
FN:229,_RNvMs1_NtCs9DkVWDPzllD_16syncthing_mcp_rs5errorNtB5_5Error11diagnose_fr
FN:126,_RNvMs1_NtCs9DkVWDPzllD_16syncthing_mcp_rs5errorNtB5_5Error17diagnose_internal
FN:122,_RNvMs1_NtCs9DkVWDPzllD_16syncthing_mcp_rs5errorNtB5_5Error21diagnose_with_context
FN:117,_RNvMs1_NtCs9DkVWDPzllD_16syncthing_mcp_rs5errorNtB5_5Error22diagnose_with_language
FN:112,_RNvMs1_NtCs9DkVWDPzllD_16syncthing_mcp_rs5errorNtB5_5Error8diagnose
FN:56,_RNvXNtCs9DkVWDPzllD_16syncthing_mcp_rs5errorNtB2_5ErrorINtNtCs4kUJL3MZFFz_4core7convert4FromNtNtCs5XsEQ5dfYZG_7reqwest5error5ErrorE4from
FN:73,_RNvXs_NtCs9DkVWDPzllD_16syncthing_mcp_rs5errorNtB4_5ErrorINtNtCs4kUJL3MZFFz_4core7convert4FromNtNtCsauO83Ko6oyK_5alloc6string6StringE4from
FNDA:0,_RNvMs0_NtCs3qOuqWcYsXM_16syncthing_mcp_rs5errorNtB5_8Language5parse
FNDA:0,_RNvMs1_NtCs3qOuqWcYsXM_16syncthing_mcp_rs5errorNtB5_5Error11diagnose_en
FNDA:0,_RNvMs1_NtCs3qOuqWcYsXM_16syncthing_mcp_rs5errorNtB5_5Error11diagnose_fr
FNDA:0,_RNvMs1_NtCs3qOuqWcYsXM_16syncthing_mcp_rs5errorNtB5_5Error17diagnose_internal
FNDA:0,_RNvMs1_NtCs3qOuqWcYsXM_16syncthing_mcp_rs5errorNtB5_5Error21diagnose_with_context
FNDA:0,_RNvMs1_NtCs3qOuqWcYsXM_16syncthing_mcp_rs5errorNtB5_5Error22diagnose_with_language
FNDA:0,_RNvMs1_NtCs3qOuqWcYsXM_16syncthing_mcp_rs5errorNtB5_5Error8diagnose
FNDA:0,_RNvXNtCs3qOuqWcYsXM_16syncthing_mcp_rs5errorNtB2_5ErrorINtNtCs4kUJL3MZFFz_4core7convert4FromNtNtCs5XsEQ5dfYZG_7reqwest5error5ErrorE4from
FNDA:0,_RNvXs_NtCs3qOuqWcYsXM_16syncthing_mcp_rs5errorNtB4_5ErrorINtNtCs4kUJL3MZFFz_4core7convert4FromNtNtCsauO83Ko6oyK_5alloc6string6StringE4from
FNDA:0,_RNvMs0_NtCs9DkVWDPzllD_16syncthing_mcp_rs5errorNtB5_8Language5parse
FNDA:20,_RNvMs1_NtCs9DkVWDPzllD_16syncthing_mcp_rs5errorNtB5_5Error11diagnose_en
FNDA:6,_RNvMs1_NtCs9DkVWDPzllD_16syncthing_mcp_rs5errorNtB5_5Error11diagnose_fr
FNDA:28,_RNvMs1_NtCs9DkVWDPzllD_16syncthing_mcp_rs5errorNtB5_5Error17diagnose_internal
FNDA:1,_RNvMs1_NtCs9DkVWDPzllD_16syncthing_mcp_rs5errorNtB5_5Error21diagnose_with_context
FNDA:25,_RNvMs1_NtCs9DkVWDPzllD_16syncthing_mcp_rs5errorNtB5_5Error22diagnose_with_language
FNDA:19,_RNvMs1_NtCs9DkVWDPzllD_16syncthing_mcp_rs5errorNtB5_5Error8diagnose
FNDA:13,_RNvXNtCs9DkVWDPzllD_16syncthing_mcp_rs5errorNtB2_5ErrorINtNtCs4kUJL3MZFFz_4core7convert4FromNtNtCs5XsEQ5dfYZG_7reqwest5error5ErrorE4from
FNDA:1,_RNvXs_NtCs9DkVWDPzllD_16syncthing_mcp_rs5errorNtB4_5ErrorINtNtCs4kUJL3MZFFz_4core7convert4FromNtNtCsauO83Ko6oyK_5alloc6string6StringE4from
FNF:9
FNH:8
DA:56,13
DA:57,13
DA:58,11
DA:59,2
DA:60,1
DA:61,2
DA:62,6
DA:64,2
DA:65,2
DA:67,0
DA:69,13
DA:73,1
DA:74,1
DA:75,1
DA:91,0
DA:92,0
DA:93,0
DA:94,0
DA:96,0
DA:112,19
DA:113,19
DA:114,19
DA:117,25
DA:118,25
DA:119,25
DA:122,1
DA:123,1
DA:124,1
DA:126,28
DA:127,28
DA:128,2
DA:129,26
DA:130,20
DA:131,6
DA:134,28
DA:136,20
DA:137,20
DA:138,4
DA:139,4
DA:140,4
DA:141,4
DA:142,4
DA:143,1
DA:144,1
DA:145,1
DA:147,0
DA:148,0
DA:150,1
DA:151,1
DA:152,1
DA:153,1
DA:154,1
DA:157,4
DA:158,3
DA:159,1
DA:160,1
DA:162,4
DA:163,4
DA:164,4
DA:165,4
DA:166,4
DA:168,3
DA:169,3
DA:170,1
DA:171,1
DA:172,2
DA:173,1
DA:175,1
DA:177,3
DA:178,3
DA:179,3
DA:180,3
DA:181,3
DA:183,6
DA:184,6
DA:185,6
DA:186,2
DA:187,2
DA:188,2
DA:189,2
DA:190,2
DA:191,2
DA:192,4
DA:193,1
DA:194,1
DA:195,1
DA:196,1
DA:197,1
DA:198,1
DA:199,3
DA:200,1
DA:201,1
DA:202,1
DA:203,1
DA:204,1
DA:205,1
DA:206,1
DA:207,2
DA:208,1
DA:209,1
DA:210,1
DA:211,1
DA:212,1
DA:214,1
DA:215,1
DA:216,1
DA:217,1
DA:218,1
DA:221,2
DA:222,2
DA:223,2
DA:224,2
DA:225,2
DA:227,20
DA:229,6
DA:230,6
DA:231,1
DA:232,1
DA:233,1
DA:234,1
DA:235,1
DA:236,1
DA:237,1
DA:238,1
DA:239,1
DA:241,0
DA:243,1
DA:244,1
DA:245,1
DA:246,1
DA:247,1
DA:250,1
DA:251,0
DA:252,0
DA:254,0
DA:255,0
DA:258,1
DA:261,1
DA:262,1
DA:263,1
DA:264,1
DA:265,1
DA:266,1
DA:267,1
DA:269,1
DA:270,1
DA:271,1
DA:272,1
DA:273,0
DA:274,0
DA:276,0
DA:278,1
DA:279,1
DA:280,1
DA:281,1
DA:282,1
DA:284,2
DA:285,2
DA:286,1
DA:287,1
DA:288,1
DA:289,1
DA:290,1
DA:291,1
DA:292,0
DA:293,0
DA:294,0
DA:295,0
DA:296,0
DA:297,1
DA:298,1
DA:299,1
DA:300,1
DA:301,1
DA:302,1
DA:304,0
DA:305,0
DA:306,0
DA:307,0
DA:308,0
DA:309,0
DA:312,0
DA:313,0
DA:314,0
DA:315,0
DA:316,0
DA:317,0
DA:319,6
BRF:0
BRH:0
LF:188
LH:155
end_of_record
SF:/home/nicholas/git/nicholaswilde/syncthing-mcp-rs/src/lib.rs
FN:48,_RNvCs3qOuqWcYsXM_16syncthing_mcp_rs13run_with_args
FN:111,_RNvCs3qOuqWcYsXM_16syncthing_mcp_rs3run
FN:36,_RNvCs3qOuqWcYsXM_16syncthing_mcp_rs7version
FN:73,_RNCNCNvCs3qOuqWcYsXM_16syncthing_mcp_rs13run_with_args00B5_
FN:88,_RNCNCNvCs3qOuqWcYsXM_16syncthing_mcp_rs13run_with_args0s_0B5_
FN:48,_RNCNvCs3qOuqWcYsXM_16syncthing_mcp_rs13run_with_args0B3_
FN:111,_RNCNvCs3qOuqWcYsXM_16syncthing_mcp_rs3run0B3_
FN:111,_RNvCs9DkVWDPzllD_16syncthing_mcp_rs3run
FN:120,_RNvNtCs9DkVWDPzllD_16syncthing_mcp_rs5testss_12test_version
FN:125,_RNvNtCs9DkVWDPzllD_16syncthing_mcp_rs5testss_40test_run_with_encrypt_exits_successfully
FN:48,_RNvCs9DkVWDPzllD_16syncthing_mcp_rs13run_with_args
FN:36,_RNvCs9DkVWDPzllD_16syncthing_mcp_rs7version
FN:125,_RNCNvNtCs9DkVWDPzllD_16syncthing_mcp_rs5testss_40test_run_with_encrypt_exits_successfully0B5_
FN:73,_RNCNCNvCs9DkVWDPzllD_16syncthing_mcp_rs13run_with_args00B5_
FN:88,_RNCNCNvCs9DkVWDPzllD_16syncthing_mcp_rs13run_with_args0s_0B5_
FN:48,_RNCNvCs9DkVWDPzllD_16syncthing_mcp_rs13run_with_args0B3_
FN:111,_RNCNvCs9DkVWDPzllD_16syncthing_mcp_rs3run0B3_
FNDA:0,_RNvCs3qOuqWcYsXM_16syncthing_mcp_rs13run_with_args
FNDA:0,_RNvCs3qOuqWcYsXM_16syncthing_mcp_rs3run
FNDA:0,_RNvCs3qOuqWcYsXM_16syncthing_mcp_rs7version
FNDA:0,_RNCNCNvCs3qOuqWcYsXM_16syncthing_mcp_rs13run_with_args00B5_
FNDA:0,_RNCNCNvCs3qOuqWcYsXM_16syncthing_mcp_rs13run_with_args0s_0B5_
FNDA:0,_RNCNvCs3qOuqWcYsXM_16syncthing_mcp_rs13run_with_args0B3_
FNDA:0,_RNCNvCs3qOuqWcYsXM_16syncthing_mcp_rs3run0B3_
FNDA:0,_RNvCs9DkVWDPzllD_16syncthing_mcp_rs3run
FNDA:1,_RNvNtCs9DkVWDPzllD_16syncthing_mcp_rs5testss_12test_version
FNDA:1,_RNvNtCs9DkVWDPzllD_16syncthing_mcp_rs5testss_40test_run_with_encrypt_exits_successfully
FNDA:1,_RNvCs9DkVWDPzllD_16syncthing_mcp_rs13run_with_args
FNDA:1,_RNvCs9DkVWDPzllD_16syncthing_mcp_rs7version
FNDA:1,_RNCNvNtCs9DkVWDPzllD_16syncthing_mcp_rs5testss_40test_run_with_encrypt_exits_successfully0B5_
FNDA:0,_RNCNCNvCs9DkVWDPzllD_16syncthing_mcp_rs13run_with_args00B5_
FNDA:0,_RNCNCNvCs9DkVWDPzllD_16syncthing_mcp_rs13run_with_args0s_0B5_
FNDA:1,_RNCNvCs9DkVWDPzllD_16syncthing_mcp_rs13run_with_args0B3_
FNDA:0,_RNCNvCs9DkVWDPzllD_16syncthing_mcp_rs3run0B3_
FNF:10
FNH:6
DA:36,1
DA:37,1
DA:38,1
DA:48,1
DA:50,1
DA:51,1
DA:52,1
DA:53,1
DA:55,1
DA:58,1
DA:59,0
DA:60,1
DA:62,0
DA:65,0
DA:68,0
DA:71,0
DA:72,0
DA:73,0
DA:74,0
DA:75,0
DA:76,0
DA:77,0
DA:80,0
DA:81,0
DA:82,0
DA:84,0
DA:85,0
DA:88,0
DA:89,0
DA:90,0
DA:91,0
DA:92,0
DA:93,0
DA:94,0
DA:95,0
DA:96,0
DA:99,0
DA:101,0
DA:103,0
DA:104,0
DA:107,0
DA:108,1
DA:111,0
DA:112,0
DA:113,0
DA:120,1
DA:121,1
DA:122,1
DA:125,1
DA:126,1
DA:127,1
DA:128,1
DA:129,1
DA:131,1
DA:132,1
DA:133,1
BRF:0
BRH:0
LF:62
LH:26
end_of_record
SF:/home/nicholas/git/nicholaswilde/syncthing-mcp-rs/src/main.rs
FN:9,_RNvNtCsf0LZDQQSc0I_16syncthing_mcp_rs5testss_9test_main
FN:2,_RNCNvCsf0LZDQQSc0I_16syncthing_mcp_rs4main0B3_
FN:2,_RNvCsf0LZDQQSc0I_16syncthing_mcp_rs4main
FN:2,_RNCNvCsanRFWxke22v_16syncthing_mcp_rs4main0B3_
FN:2,_RNvCsanRFWxke22v_16syncthing_mcp_rs4main
FNDA:1,_RNvNtCsf0LZDQQSc0I_16syncthing_mcp_rs5testss_9test_main
FNDA:0,_RNCNvCsf0LZDQQSc0I_16syncthing_mcp_rs4main0B3_
FNDA:0,_RNvCsf0LZDQQSc0I_16syncthing_mcp_rs4main
FNDA:0,_RNCNvCsanRFWxke22v_16syncthing_mcp_rs4main0B3_
FNDA:0,_RNvCsanRFWxke22v_16syncthing_mcp_rs4main
FNF:3
FNH:1
DA:2,0
DA:3,0
DA:4,0
DA:9,1
DA:11,1
BRF:0
BRH:0
LF:7
LH:2
end_of_record
SF:/home/nicholas/git/nicholaswilde/syncthing-mcp-rs/src/mcp/events.rs
FN:22,_RNvMNtNtCs3qOuqWcYsXM_16syncthing_mcp_rs3mcp6eventsNtB2_12EventManager3new
FN:31,_RNvMNtNtCs3qOuqWcYsXM_16syncthing_mcp_rs3mcp6eventsNtB2_12EventManager3run
FN:37,_RNCNCNvMNtNtCs3qOuqWcYsXM_16syncthing_mcp_rs3mcp6eventsNtB6_12EventManager3run00Ba_
FN:40,_RNCNCNvMNtNtCs3qOuqWcYsXM_16syncthing_mcp_rs3mcp6eventsNtB6_12EventManager3run0s_0Ba_
FN:31,_RNCNvMNtNtCs3qOuqWcYsXM_16syncthing_mcp_rs3mcp6eventsNtB4_12EventManager3run0B8_
FN:22,_RNvMNtNtCs9DkVWDPzllD_16syncthing_mcp_rs3mcp6eventsNtB2_12EventManager3new
FN:31,_RNvMNtNtCs9DkVWDPzllD_16syncthing_mcp_rs3mcp6eventsNtB2_12EventManager3run
FN:37,_RNCNCNvMNtNtCs9DkVWDPzllD_16syncthing_mcp_rs3mcp6eventsNtB6_12EventManager3run00Ba_
FN:40,_RNCNCNvMNtNtCs9DkVWDPzllD_16syncthing_mcp_rs3mcp6eventsNtB6_12EventManager3run0s_0Ba_
FN:31,_RNCNvMNtNtCs9DkVWDPzllD_16syncthing_mcp_rs3mcp6eventsNtB4_12EventManager3run0B8_
FNDA:0,_RNvMNtNtCs3qOuqWcYsXM_16syncthing_mcp_rs3mcp6eventsNtB2_12EventManager3new
FNDA:0,_RNvMNtNtCs3qOuqWcYsXM_16syncthing_mcp_rs3mcp6eventsNtB2_12EventManager3run
FNDA:0,_RNCNCNvMNtNtCs3qOuqWcYsXM_16syncthing_mcp_rs3mcp6eventsNtB6_12EventManager3run00Ba_
FNDA:0,_RNCNCNvMNtNtCs3qOuqWcYsXM_16syncthing_mcp_rs3mcp6eventsNtB6_12EventManager3run0s_0Ba_
FNDA:0,_RNCNvMNtNtCs3qOuqWcYsXM_16syncthing_mcp_rs3mcp6eventsNtB4_12EventManager3run0B8_
FNDA:5,_RNvMNtNtCs9DkVWDPzllD_16syncthing_mcp_rs3mcp6eventsNtB2_12EventManager3new
FNDA:5,_RNvMNtNtCs9DkVWDPzllD_16syncthing_mcp_rs3mcp6eventsNtB2_12EventManager3run
FNDA:0,_RNCNCNvMNtNtCs9DkVWDPzllD_16syncthing_mcp_rs3mcp6eventsNtB6_12EventManager3run00Ba_
FNDA:1,_RNCNCNvMNtNtCs9DkVWDPzllD_16syncthing_mcp_rs3mcp6eventsNtB6_12EventManager3run0s_0Ba_
FNDA:5,_RNCNvMNtNtCs9DkVWDPzllD_16syncthing_mcp_rs3mcp6eventsNtB4_12EventManager3run0B8_
FNF:5
FNH:4
DA:22,5
DA:23,5
DA:24,5
DA:25,5
DA:26,5
DA:27,5
DA:28,5
DA:31,5
DA:33,7
DA:34,7
DA:35,7
DA:36,7
DA:37,7
DA:38,7
DA:40,7
DA:41,7
DA:42,7
DA:43,7
DA:45,7
DA:46,6
DA:47,6
DA:48,6
DA:49,6
DA:50,6
DA:51,6
DA:52,6
DA:53,6
DA:54,6
DA:55,6
DA:56,1
DA:57,7
DA:60,0
DA:61,0
DA:69,6
BRF:0
BRH:0
LF:37
LH:34
end_of_record
SF:/home/nicholas/git/nicholaswilde/syncthing-mcp-rs/src/mcp/server.rs
FN:168,_RNvMNtNtCs3qOuqWcYsXM_16syncthing_mcp_rs3mcp6serverNtB2_9McpServer14handle_request
FN:54,_RNvMNtNtCs3qOuqWcYsXM_16syncthing_mcp_rs3mcp6serverNtB2_9McpServer3new
FN:68,_RNvMNtNtCs3qOuqWcYsXM_16syncthing_mcp_rs3mcp6serverNtB2_9McpServer6router
FN:86,_RNvMNtNtCs3qOuqWcYsXM_16syncthing_mcp_rs3mcp6serverNtB2_9McpServer9run_stdio
FN:230,_RNvNtNtCs3qOuqWcYsXM_16syncthing_mcp_rs3mcp6server11sse_handler
FN:316,_RNvNtNtCs3qOuqWcYsXM_16syncthing_mcp_rs3mcp6server15auth_middleware
FN:256,_RNvNtNtCs3qOuqWcYsXM_16syncthing_mcp_rs3mcp6server15message_handler
FN:91,_RINvMNtNtCs3qOuqWcYsXM_16syncthing_mcp_rs3mcp6serverNtB3_9McpServer3runNtNtNtCsajWU7Oh4XRW_5tokio2io5stdin5StdinNtNtB1b_6stdout6StdoutEB7_
FN:100,_RNCINvMNtNtCs3qOuqWcYsXM_16syncthing_mcp_rs3mcp6serverNtB5_9McpServer3runNtNtNtCsajWU7Oh4XRW_5tokio2io5stdin5StdinNtNtB1d_6stdout6StdoutE0B9_
FN:155,_RNCNCINvMNtNtCs3qOuqWcYsXM_16syncthing_mcp_rs3mcp6serverNtB7_9McpServer3runNtNtNtCsajWU7Oh4XRW_5tokio2io5stdin5StdinNtNtB1f_6stdout6StdoutE0s_0Bb_
FN:195,_RNCNCNvMNtNtCs3qOuqWcYsXM_16syncthing_mcp_rs3mcp6serverNtB6_9McpServer14handle_request00Ba_
FN:202,_RNCNCNvMNtNtCs3qOuqWcYsXM_16syncthing_mcp_rs3mcp6serverNtB6_9McpServer14handle_request0s0_0Ba_
FN:207,_RNCNCNvMNtNtCs3qOuqWcYsXM_16syncthing_mcp_rs3mcp6serverNtB6_9McpServer14handle_request0s1_0Ba_
FN:208,_RNCNCNvMNtNtCs3qOuqWcYsXM_16syncthing_mcp_rs3mcp6serverNtB6_9McpServer14handle_request0s2_0Ba_
FN:216,_RNCNCNvMNtNtCs3qOuqWcYsXM_16syncthing_mcp_rs3mcp6serverNtB6_9McpServer14handle_request0s3_0Ba_
FN:196,_RNCNCNvMNtNtCs3qOuqWcYsXM_16syncthing_mcp_rs3mcp6serverNtB6_9McpServer14handle_request0s_0Ba_
FN:244,_RNCNCNvNtNtCs3qOuqWcYsXM_16syncthing_mcp_rs3mcp6server11sse_handler00B9_
FN:325,_RNCNCNvNtNtCs3qOuqWcYsXM_16syncthing_mcp_rs3mcp6server15auth_middleware00B9_
FN:326,_RNCNCNvNtNtCs3qOuqWcYsXM_16syncthing_mcp_rs3mcp6server15auth_middleware0s_0B9_
FN:262,_RNCNCNvNtNtCs3qOuqWcYsXM_16syncthing_mcp_rs3mcp6server15message_handler00B9_
FN:168,_RNCNvMNtNtCs3qOuqWcYsXM_16syncthing_mcp_rs3mcp6serverNtB4_9McpServer14handle_request0B8_
FN:86,_RNCNvMNtNtCs3qOuqWcYsXM_16syncthing_mcp_rs3mcp6serverNtB4_9McpServer9run_stdio0B8_
FN:232,_RNCNvNtNtCs3qOuqWcYsXM_16syncthing_mcp_rs3mcp6server11sse_handler0B7_
FN:321,_RNCNvNtNtCs3qOuqWcYsXM_16syncthing_mcp_rs3mcp6server15auth_middleware0B7_
FN:260,_RNCNvNtNtCs3qOuqWcYsXM_16syncthing_mcp_rs3mcp6server15message_handler0B7_
FN:168,_RNvMNtNtCs9DkVWDPzllD_16syncthing_mcp_rs3mcp6serverNtB2_9McpServer14handle_request
FN:54,_RNvMNtNtCs9DkVWDPzllD_16syncthing_mcp_rs3mcp6serverNtB2_9McpServer3new
FN:68,_RNvMNtNtCs9DkVWDPzllD_16syncthing_mcp_rs3mcp6serverNtB2_9McpServer6router
FN:86,_RNvMNtNtCs9DkVWDPzllD_16syncthing_mcp_rs3mcp6serverNtB2_9McpServer9run_stdio
FN:230,_RNvNtNtCs9DkVWDPzllD_16syncthing_mcp_rs3mcp6server11sse_handler
FN:316,_RNvNtNtCs9DkVWDPzllD_16syncthing_mcp_rs3mcp6server15auth_middleware
FN:256,_RNvNtNtCs9DkVWDPzllD_16syncthing_mcp_rs3mcp6server15message_handler
FN:91,_RINvMNtNtCs9DkVWDPzllD_16syncthing_mcp_rs3mcp6serverNtB3_9McpServer3runNtNtNtCsajWU7Oh4XRW_5tokio2io5stdin5StdinNtNtB1b_6stdout6StdoutEB7_
FN:91,_RINvMNtNtCs9DkVWDPzllD_16syncthing_mcp_rs3mcp6serverNtB3_9McpServer3runNtNtNtNtCsajWU7Oh4XRW_5tokio2io4util3mem12DuplexStreamB17_EB7_
FN:91,_RINvMNtNtCs9DkVWDPzllD_16syncthing_mcp_rs3mcp6serverNtB3_9McpServer3runRShQINtNtCsauO83Ko6oyK_5alloc3vec3VechEEB7_
FN:100,_RNCINvMNtNtCs9DkVWDPzllD_16syncthing_mcp_rs3mcp6serverNtB5_9McpServer3runNtNtNtCsajWU7Oh4XRW_5tokio2io5stdin5StdinNtNtB1d_6stdout6StdoutE0B9_
FN:100,_RNCINvMNtNtCs9DkVWDPzllD_16syncthing_mcp_rs3mcp6serverNtB5_9McpServer3runNtNtNtNtCsajWU7Oh4XRW_5tokio2io4util3mem12DuplexStreamB19_E0B9_
FN:100,_RNCINvMNtNtCs9DkVWDPzllD_16syncthing_mcp_rs3mcp6serverNtB5_9McpServer3runRShQINtNtCsauO83Ko6oyK_5alloc3vec3VechEE0B9_
FN:155,_RNCNCINvMNtNtCs9DkVWDPzllD_16syncthing_mcp_rs3mcp6serverNtB7_9McpServer3runNtNtNtCsajWU7Oh4XRW_5tokio2io5stdin5StdinNtNtB1f_6stdout6StdoutE0s_0Bb_
FN:155,_RNCNCINvMNtNtCs9DkVWDPzllD_16syncthing_mcp_rs3mcp6serverNtB7_9McpServer3runNtNtNtNtCsajWU7Oh4XRW_5tokio2io4util3mem12DuplexStreamB1b_E0s_0Bb_
FN:155,_RNCNCINvMNtNtCs9DkVWDPzllD_16syncthing_mcp_rs3mcp6serverNtB7_9McpServer3runRShQINtNtCsauO83Ko6oyK_5alloc3vec3VechEE0s_0Bb_
FN:195,_RNCNCNvMNtNtCs9DkVWDPzllD_16syncthing_mcp_rs3mcp6serverNtB6_9McpServer14handle_request00Ba_
FN:202,_RNCNCNvMNtNtCs9DkVWDPzllD_16syncthing_mcp_rs3mcp6serverNtB6_9McpServer14handle_request0s0_0Ba_
FN:207,_RNCNCNvMNtNtCs9DkVWDPzllD_16syncthing_mcp_rs3mcp6serverNtB6_9McpServer14handle_request0s1_0Ba_
FN:208,_RNCNCNvMNtNtCs9DkVWDPzllD_16syncthing_mcp_rs3mcp6serverNtB6_9McpServer14handle_request0s2_0Ba_
FN:216,_RNCNCNvMNtNtCs9DkVWDPzllD_16syncthing_mcp_rs3mcp6serverNtB6_9McpServer14handle_request0s3_0Ba_
FN:196,_RNCNCNvMNtNtCs9DkVWDPzllD_16syncthing_mcp_rs3mcp6serverNtB6_9McpServer14handle_request0s_0Ba_
FN:244,_RNCNCNvNtNtCs9DkVWDPzllD_16syncthing_mcp_rs3mcp6server11sse_handler00B9_
FN:325,_RNCNCNvNtNtCs9DkVWDPzllD_16syncthing_mcp_rs3mcp6server15auth_middleware00B9_
FN:326,_RNCNCNvNtNtCs9DkVWDPzllD_16syncthing_mcp_rs3mcp6server15auth_middleware0s_0B9_
FN:262,_RNCNCNvNtNtCs9DkVWDPzllD_16syncthing_mcp_rs3mcp6server15message_handler00B9_
FN:168,_RNCNvMNtNtCs9DkVWDPzllD_16syncthing_mcp_rs3mcp6serverNtB4_9McpServer14handle_request0B8_
FN:86,_RNCNvMNtNtCs9DkVWDPzllD_16syncthing_mcp_rs3mcp6serverNtB4_9McpServer9run_stdio0B8_
FN:232,_RNCNvNtNtCs9DkVWDPzllD_16syncthing_mcp_rs3mcp6server11sse_handler0B7_
FN:321,_RNCNvNtNtCs9DkVWDPzllD_16syncthing_mcp_rs3mcp6server15auth_middleware0B7_
FN:260,_RNCNvNtNtCs9DkVWDPzllD_16syncthing_mcp_rs3mcp6server15message_handler0B7_
FNDA:0,_RNvMNtNtCs3qOuqWcYsXM_16syncthing_mcp_rs3mcp6serverNtB2_9McpServer14handle_request
FNDA:0,_RNvMNtNtCs3qOuqWcYsXM_16syncthing_mcp_rs3mcp6serverNtB2_9McpServer3new
FNDA:0,_RNvMNtNtCs3qOuqWcYsXM_16syncthing_mcp_rs3mcp6serverNtB2_9McpServer6router
FNDA:0,_RNvMNtNtCs3qOuqWcYsXM_16syncthing_mcp_rs3mcp6serverNtB2_9McpServer9run_stdio
FNDA:0,_RNvNtNtCs3qOuqWcYsXM_16syncthing_mcp_rs3mcp6server11sse_handler
FNDA:0,_RNvNtNtCs3qOuqWcYsXM_16syncthing_mcp_rs3mcp6server15auth_middleware
FNDA:0,_RNvNtNtCs3qOuqWcYsXM_16syncthing_mcp_rs3mcp6server15message_handler
FNDA:0,_RINvMNtNtCs3qOuqWcYsXM_16syncthing_mcp_rs3mcp6serverNtB3_9McpServer3runNtNtNtCsajWU7Oh4XRW_5tokio2io5stdin5StdinNtNtB1b_6stdout6StdoutEB7_
FNDA:0,_RNCINvMNtNtCs3qOuqWcYsXM_16syncthing_mcp_rs3mcp6serverNtB5_9McpServer3runNtNtNtCsajWU7Oh4XRW_5tokio2io5stdin5StdinNtNtB1d_6stdout6StdoutE0B9_
FNDA:0,_RNCNCINvMNtNtCs3qOuqWcYsXM_16syncthing_mcp_rs3mcp6serverNtB7_9McpServer3runNtNtNtCsajWU7Oh4XRW_5tokio2io5stdin5StdinNtNtB1f_6stdout6StdoutE0s_0Bb_
FNDA:0,_RNCNCNvMNtNtCs3qOuqWcYsXM_16syncthing_mcp_rs3mcp6serverNtB6_9McpServer14handle_request00Ba_
FNDA:0,_RNCNCNvMNtNtCs3qOuqWcYsXM_16syncthing_mcp_rs3mcp6serverNtB6_9McpServer14handle_request0s0_0Ba_
FNDA:0,_RNCNCNvMNtNtCs3qOuqWcYsXM_16syncthing_mcp_rs3mcp6serverNtB6_9McpServer14handle_request0s1_0Ba_
FNDA:0,_RNCNCNvMNtNtCs3qOuqWcYsXM_16syncthing_mcp_rs3mcp6serverNtB6_9McpServer14handle_request0s2_0Ba_
FNDA:0,_RNCNCNvMNtNtCs3qOuqWcYsXM_16syncthing_mcp_rs3mcp6serverNtB6_9McpServer14handle_request0s3_0Ba_
FNDA:0,_RNCNCNvMNtNtCs3qOuqWcYsXM_16syncthing_mcp_rs3mcp6serverNtB6_9McpServer14handle_request0s_0Ba_
FNDA:0,_RNCNCNvNtNtCs3qOuqWcYsXM_16syncthing_mcp_rs3mcp6server11sse_handler00B9_
FNDA:0,_RNCNCNvNtNtCs3qOuqWcYsXM_16syncthing_mcp_rs3mcp6server15auth_middleware00B9_
FNDA:0,_RNCNCNvNtNtCs3qOuqWcYsXM_16syncthing_mcp_rs3mcp6server15auth_middleware0s_0B9_
FNDA:0,_RNCNCNvNtNtCs3qOuqWcYsXM_16syncthing_mcp_rs3mcp6server15message_handler00B9_
FNDA:0,_RNCNvMNtNtCs3qOuqWcYsXM_16syncthing_mcp_rs3mcp6serverNtB4_9McpServer14handle_request0B8_
FNDA:0,_RNCNvMNtNtCs3qOuqWcYsXM_16syncthing_mcp_rs3mcp6serverNtB4_9McpServer9run_stdio0B8_
FNDA:0,_RNCNvNtNtCs3qOuqWcYsXM_16syncthing_mcp_rs3mcp6server11sse_handler0B7_
FNDA:0,_RNCNvNtNtCs3qOuqWcYsXM_16syncthing_mcp_rs3mcp6server15auth_middleware0B7_
FNDA:0,_RNCNvNtNtCs3qOuqWcYsXM_16syncthing_mcp_rs3mcp6server15message_handler0B7_
FNDA:60,_RNvMNtNtCs9DkVWDPzllD_16syncthing_mcp_rs3mcp6serverNtB2_9McpServer14handle_request
FNDA:52,_RNvMNtNtCs9DkVWDPzllD_16syncthing_mcp_rs3mcp6serverNtB2_9McpServer3new
FNDA:6,_RNvMNtNtCs9DkVWDPzllD_16syncthing_mcp_rs3mcp6serverNtB2_9McpServer6router
FNDA:0,_RNvMNtNtCs9DkVWDPzllD_16syncthing_mcp_rs3mcp6serverNtB2_9McpServer9run_stdio
FNDA:5,_RNvNtNtCs9DkVWDPzllD_16syncthing_mcp_rs3mcp6server11sse_handler
FNDA:2,_RNvNtNtCs9DkVWDPzllD_16syncthing_mcp_rs3mcp6server15auth_middleware
FNDA:2,_RNvNtNtCs9DkVWDPzllD_16syncthing_mcp_rs3mcp6server15message_handler
FNDA:0,_RINvMNtNtCs9DkVWDPzllD_16syncthing_mcp_rs3mcp6serverNtB3_9McpServer3runNtNtNtCsajWU7Oh4XRW_5tokio2io5stdin5StdinNtNtB1b_6stdout6StdoutEB7_
FNDA:2,_RINvMNtNtCs9DkVWDPzllD_16syncthing_mcp_rs3mcp6serverNtB3_9McpServer3runNtNtNtNtCsajWU7Oh4XRW_5tokio2io4util3mem12DuplexStreamB17_EB7_
FNDA:2,_RINvMNtNtCs9DkVWDPzllD_16syncthing_mcp_rs3mcp6serverNtB3_9McpServer3runRShQINtNtCsauO83Ko6oyK_5alloc3vec3VechEEB7_
FNDA:0,_RNCINvMNtNtCs9DkVWDPzllD_16syncthing_mcp_rs3mcp6serverNtB5_9McpServer3runNtNtNtCsajWU7Oh4XRW_5tokio2io5stdin5StdinNtNtB1d_6stdout6StdoutE0B9_
FNDA:2,_RNCINvMNtNtCs9DkVWDPzllD_16syncthing_mcp_rs3mcp6serverNtB5_9McpServer3runNtNtNtNtCsajWU7Oh4XRW_5tokio2io4util3mem12DuplexStreamB19_E0B9_
FNDA:2,_RNCINvMNtNtCs9DkVWDPzllD_16syncthing_mcp_rs3mcp6serverNtB5_9McpServer3runRShQINtNtCsauO83Ko6oyK_5alloc3vec3VechEE0B9_
FNDA:0,_RNCNCINvMNtNtCs9DkVWDPzllD_16syncthing_mcp_rs3mcp6serverNtB7_9McpServer3runNtNtNtCsajWU7Oh4XRW_5tokio2io5stdin5StdinNtNtB1f_6stdout6StdoutE0s_0Bb_
FNDA:2,_RNCNCINvMNtNtCs9DkVWDPzllD_16syncthing_mcp_rs3mcp6serverNtB7_9McpServer3runNtNtNtNtCsajWU7Oh4XRW_5tokio2io4util3mem12DuplexStreamB1b_E0s_0Bb_
FNDA:0,_RNCNCINvMNtNtCs9DkVWDPzllD_16syncthing_mcp_rs3mcp6serverNtB7_9McpServer3runRShQINtNtCsauO83Ko6oyK_5alloc3vec3VechEE0s_0Bb_
FNDA:54,_RNCNCNvMNtNtCs9DkVWDPzllD_16syncthing_mcp_rs3mcp6serverNtB6_9McpServer14handle_request00Ba_
FNDA:54,_RNCNCNvMNtNtCs9DkVWDPzllD_16syncthing_mcp_rs3mcp6serverNtB6_9McpServer14handle_request0s0_0Ba_
FNDA:54,_RNCNCNvMNtNtCs9DkVWDPzllD_16syncthing_mcp_rs3mcp6serverNtB6_9McpServer14handle_request0s1_0Ba_
FNDA:3,_RNCNCNvMNtNtCs9DkVWDPzllD_16syncthing_mcp_rs3mcp6serverNtB6_9McpServer14handle_request0s2_0Ba_
FNDA:51,_RNCNCNvMNtNtCs9DkVWDPzllD_16syncthing_mcp_rs3mcp6serverNtB6_9McpServer14handle_request0s3_0Ba_
FNDA:53,_RNCNCNvMNtNtCs9DkVWDPzllD_16syncthing_mcp_rs3mcp6serverNtB6_9McpServer14handle_request0s_0Ba_
FNDA:1,_RNCNCNvNtNtCs9DkVWDPzllD_16syncthing_mcp_rs3mcp6server11sse_handler00B9_
FNDA:1,_RNCNCNvNtNtCs9DkVWDPzllD_16syncthing_mcp_rs3mcp6server15auth_middleware00B9_
FNDA:1,_RNCNCNvNtNtCs9DkVWDPzllD_16syncthing_mcp_rs3mcp6server15auth_middleware0s_0B9_
FNDA:0,_RNCNCNvNtNtCs9DkVWDPzllD_16syncthing_mcp_rs3mcp6server15message_handler00B9_
FNDA:60,_RNCNvMNtNtCs9DkVWDPzllD_16syncthing_mcp_rs3mcp6serverNtB4_9McpServer14handle_request0B8_
FNDA:0,_RNCNvMNtNtCs9DkVWDPzllD_16syncthing_mcp_rs3mcp6serverNtB4_9McpServer9run_stdio0B8_
FNDA:5,_RNCNvNtNtCs9DkVWDPzllD_16syncthing_mcp_rs3mcp6server11sse_handler0B7_
FNDA:2,_RNCNvNtNtCs9DkVWDPzllD_16syncthing_mcp_rs3mcp6server15auth_middleware0B7_
FNDA:2,_RNCNvNtNtCs9DkVWDPzllD_16syncthing_mcp_rs3mcp6server15message_handler0B7_
FNF:25
FNH:22
DA:54,52
DA:55,52
DA:56,52
DA:57,52
DA:58,52
DA:59,52
DA:60,52
DA:61,52
DA:62,52
DA:63,52
DA:64,52
DA:65,52
DA:68,6
DA:69,6
DA:70,6
DA:71,6
DA:72,6
DA:74,6
DA:75,2
DA:76,2
DA:77,2
DA:81,4
DA:83,6
DA:86,0
DA:87,0
DA:88,0
DA:91,4
DA:92,4
DA:93,4
DA:94,4
DA:95,4
DA:96,4
DA:97,4
DA:98,4
DA:99,4
DA:100,4
DA:101,4
DA:104,7
DA:105,7
DA:106,4
DA:107,4
DA:108,1
DA:109,1
DA:110,0
DA:111,1
DA:113,1
DA:114,1
DA:115,1
DA:116,1
DA:118,1
DA:119,1
DA:120,1
DA:121,1
DA:122,1
DA:123,1
DA:124,1
DA:125,1
DA:126,1
DA:128,0
DA:129,0
DA:130,0
DA:131,0
DA:132,0
DA:133,0
DA:134,0
DA:135,0
DA:139,1
DA:140,1
DA:141,1
DA:142,0
DA:144,3
DA:147,7
DA:148,2
DA:149,2
DA:150,2
DA:151,2
DA:154,2
DA:155,2
DA:156,2
DA:157,0
DA:159,2
DA:160,0
DA:164,3
DA:165,3
DA:168,60
DA:169,60
DA:170,60
DA:171,3
DA:172,3
DA:173,3
DA:174,3
DA:175,3
DA:176,3
DA:177,3
DA:178,3
DA:179,3
DA:180,3
DA:181,3
DA:182,57
DA:183,2
DA:184,2
DA:185,2
DA:187,2
DA:188,2
DA:189,2
DA:191,55
DA:192,54
DA:193,54
DA:194,54
DA:195,54
DA:196,54
DA:197,54
DA:199,54
DA:200,54
DA:201,54
DA:202,54
DA:203,54
DA:205,54
DA:206,54
DA:207,54
DA:208,54
DA:210,54
DA:212,53
DA:214,53
DA:215,53
DA:216,53
DA:219,53
DA:220,51
DA:222,2
DA:225,1
DA:227,60
DA:230,5
DA:231,5
DA:232,5
DA:233,5
DA:234,5
DA:236,5
DA:237,5
DA:239,5
DA:241,5
DA:243,5
DA:244,5
DA:245,1
DA:246,1
DA:247,1
DA:248,5
DA:251,5
DA:253,5
DA:254,5
DA:256,2
DA:257,2
DA:258,2
DA:259,2
DA:260,2
DA:261,2
DA:262,2
DA:263,0
DA:264,0
DA:265,0
DA:266,0
DA:267,0
DA:268,0
DA:270,2
DA:271,2
DA:272,2
DA:273,2
DA:274,2
DA:275,2
DA:277,2
DA:278,2
DA:279,2
DA:280,2
DA:281,2
DA:282,2
DA:283,2
DA:284,2
DA:285,2
DA:287,0
DA:288,0
DA:289,0
DA:290,0
DA:291,0
DA:292,0
DA:293,0
DA:294,0
DA:299,2
DA:301,0
DA:303,0
DA:304,0
DA:307,0
DA:308,0
DA:309,0
DA:310,0
DA:311,0
DA:314,2
DA:316,2
DA:317,2
DA:318,2
DA:319,2
DA:320,2
DA:321,2
DA:322,2
DA:323,2
DA:324,2
DA:325,2
DA:326,2
DA:327,1
DA:328,1
DA:329,1
DA:331,1
DA:332,0
DA:333,0
DA:334,1
DA:336,1
DA:337,1
DA:338,0
DA:339,0
DA:340,1
DA:341,0
DA:343,1
DA:344,2
BRF:0
BRH:0
LF:239
LH:188
end_of_record
SF:/home/nicholas/git/nicholaswilde/syncthing-mcp-rs/src/mcp/types.rs
FN:70,_RNvXNtNtCs3qOuqWcYsXM_16syncthing_mcp_rs3mcp5typesNtB2_13ResponseErrorINtNtCs4kUJL3MZFFz_4core7convert4FromNtNtB6_5error5ErrorE4from
FN:70,_RNvXNtNtCs9DkVWDPzllD_16syncthing_mcp_rs3mcp5typesNtB2_13ResponseErrorINtNtCs4kUJL3MZFFz_4core7convert4FromNtNtB6_5error5ErrorE4from
FNDA:0,_RNvXNtNtCs3qOuqWcYsXM_16syncthing_mcp_rs3mcp5typesNtB2_13ResponseErrorINtNtCs4kUJL3MZFFz_4core7convert4FromNtNtB6_5error5ErrorE4from
FNDA:4,_RNvXNtNtCs9DkVWDPzllD_16syncthing_mcp_rs3mcp5typesNtB2_13ResponseErrorINtNtCs4kUJL3MZFFz_4core7convert4FromNtNtB6_5error5ErrorE4from
FNF:1
FNH:1
DA:70,4
DA:72,4
DA:73,4
DA:74,2
DA:75,0
DA:76,0
DA:77,1
DA:78,0
DA:79,0
DA:80,0
DA:81,0
DA:82,0
DA:84,1
DA:89,4
DA:90,1
DA:92,3
DA:95,4
DA:96,4
DA:97,4
DA:98,4
DA:99,4
DA:100,4
BRF:0
BRH:0
LF:22
LH:15
end_of_record
SF:/home/nicholas/git/nicholaswilde/syncthing-mcp-rs/src/tools/browser.rs
FN:14,_RNCNCNvNtNtCs3qOuqWcYsXM_16syncthing_mcp_rs5tools7browser13browse_folder00B9_
FN:17,_RNCNCNvNtNtCs3qOuqWcYsXM_16syncthing_mcp_rs5tools7browser13browse_folder0s0_0B9_
FN:20,_RNCNCNvNtNtCs3qOuqWcYsXM_16syncthing_mcp_rs5tools7browser13browse_folder0s1_0B9_
FN:21,_RNCNCNvNtNtCs3qOuqWcYsXM_16syncthing_mcp_rs5tools7browser13browse_folder0s2_0B9_
FN:15,_RNCNCNvNtNtCs3qOuqWcYsXM_16syncthing_mcp_rs5tools7browser13browse_folder0s_0B9_
FN:11,_RNCNvNtNtCs3qOuqWcYsXM_16syncthing_mcp_rs5tools7browser13browse_folder0B7_
FN:7,_RNvNtNtCs3qOuqWcYsXM_16syncthing_mcp_rs5tools7browser13browse_folder
FN:14,_RNCNCNvNtNtCs9DkVWDPzllD_16syncthing_mcp_rs5tools7browser13browse_folder00B9_
FN:17,_RNCNCNvNtNtCs9DkVWDPzllD_16syncthing_mcp_rs5tools7browser13browse_folder0s0_0B9_
FN:20,_RNCNCNvNtNtCs9DkVWDPzllD_16syncthing_mcp_rs5tools7browser13browse_folder0s1_0B9_
FN:21,_RNCNCNvNtNtCs9DkVWDPzllD_16syncthing_mcp_rs5tools7browser13browse_folder0s2_0B9_
FN:15,_RNCNCNvNtNtCs9DkVWDPzllD_16syncthing_mcp_rs5tools7browser13browse_folder0s_0B9_
FN:11,_RNCNvNtNtCs9DkVWDPzllD_16syncthing_mcp_rs5tools7browser13browse_folder0B7_
FN:7,_RNvNtNtCs9DkVWDPzllD_16syncthing_mcp_rs5tools7browser13browse_folder
FNDA:0,_RNCNCNvNtNtCs3qOuqWcYsXM_16syncthing_mcp_rs5tools7browser13browse_folder00B9_
FNDA:0,_RNCNCNvNtNtCs3qOuqWcYsXM_16syncthing_mcp_rs5tools7browser13browse_folder0s0_0B9_
FNDA:0,_RNCNCNvNtNtCs3qOuqWcYsXM_16syncthing_mcp_rs5tools7browser13browse_folder0s1_0B9_
FNDA:0,_RNCNCNvNtNtCs3qOuqWcYsXM_16syncthing_mcp_rs5tools7browser13browse_folder0s2_0B9_
FNDA:0,_RNCNCNvNtNtCs3qOuqWcYsXM_16syncthing_mcp_rs5tools7browser13browse_folder0s_0B9_
FNDA:0,_RNCNvNtNtCs3qOuqWcYsXM_16syncthing_mcp_rs5tools7browser13browse_folder0B7_
FNDA:0,_RNvNtNtCs3qOuqWcYsXM_16syncthing_mcp_rs5tools7browser13browse_folder
FNDA:0,_RNCNCNvNtNtCs9DkVWDPzllD_16syncthing_mcp_rs5tools7browser13browse_folder00B9_
FNDA:0,_RNCNCNvNtNtCs9DkVWDPzllD_16syncthing_mcp_rs5tools7browser13browse_folder0s0_0B9_
FNDA:0,_RNCNCNvNtNtCs9DkVWDPzllD_16syncthing_mcp_rs5tools7browser13browse_folder0s1_0B9_
FNDA:0,_RNCNCNvNtNtCs9DkVWDPzllD_16syncthing_mcp_rs5tools7browser13browse_folder0s2_0B9_
FNDA:0,_RNCNCNvNtNtCs9DkVWDPzllD_16syncthing_mcp_rs5tools7browser13browse_folder0s_0B9_
FNDA:0,_RNCNvNtNtCs9DkVWDPzllD_16syncthing_mcp_rs5tools7browser13browse_folder0B7_
FNDA:0,_RNvNtNtCs9DkVWDPzllD_16syncthing_mcp_rs5tools7browser13browse_folder
FNF:7
FNH:0
DA:7,0
DA:8,0
DA:9,0
DA:10,0
DA:11,0
DA:12,0
DA:13,0
DA:14,0
DA:15,0
DA:17,0
DA:18,0
DA:19,0
DA:20,0
DA:21,0
DA:23,0
DA:25,0
DA:26,0
BRF:0
BRH:0
LF:23
LH:0
end_of_record
SF:/home/nicholas/git/nicholaswilde/syncthing-mcp-rs/src/tools/config.rs
FN:78,_RNCNCNCNvNtNtCs3qOuqWcYsXM_16syncthing_mcp_rs5tools6config16replicate_config0s8_00Bb_
FN:95,_RNCNCNCNvNtNtCs3qOuqWcYsXM_16syncthing_mcp_rs5tools6config16replicate_config0sa_00Bb_
FN:117,_RNCNCNCNvNtNtCs3qOuqWcYsXM_16syncthing_mcp_rs5tools6config16replicate_config0sd_00Bb_
FN:118,_RNCNCNCNvNtNtCs3qOuqWcYsXM_16syncthing_mcp_rs5tools6config16replicate_config0sd_0s_0Bb_
FN:133,_RNCNCNCNvNtNtCs3qOuqWcYsXM_16syncthing_mcp_rs5tools6config16replicate_config0sf_00Bb_
FN:134,_RNCNCNCNvNtNtCs3qOuqWcYsXM_16syncthing_mcp_rs5tools6config16replicate_config0sf_0s_0Bb_
FN:164,_RNCNCNCNvNtNtCs3qOuqWcYsXM_16syncthing_mcp_rs5tools6config16replicate_config0sj_00Bb_
FN:181,_RNCNCNCNvNtNtCs3qOuqWcYsXM_16syncthing_mcp_rs5tools6config16replicate_config0sk_00Bb_
FN:182,_RNCNCNCNvNtNtCs3qOuqWcYsXM_16syncthing_mcp_rs5tools6config16replicate_config0sk_0s_0Bb_
FN:13,_RNCNCNvNtNtCs3qOuqWcYsXM_16syncthing_mcp_rs5tools6config16replicate_config00B9_
FN:17,_RNCNCNvNtNtCs3qOuqWcYsXM_16syncthing_mcp_rs5tools6config16replicate_config0s0_0B9_
FN:20,_RNCNCNvNtNtCs3qOuqWcYsXM_16syncthing_mcp_rs5tools6config16replicate_config0s1_0B9_
FN:23,_RNCNCNvNtNtCs3qOuqWcYsXM_16syncthing_mcp_rs5tools6config16replicate_config0s2_0B9_
FN:24,_RNCNCNvNtNtCs3qOuqWcYsXM_16syncthing_mcp_rs5tools6config16replicate_config0s3_0B9_
FN:46,_RNCNCNvNtNtCs3qOuqWcYsXM_16syncthing_mcp_rs5tools6config16replicate_config0s4_0B9_
FN:55,_RNCNCNvNtNtCs3qOuqWcYsXM_16syncthing_mcp_rs5tools6config16replicate_config0s5_0B9_
FN:65,_RNCNCNvNtNtCs3qOuqWcYsXM_16syncthing_mcp_rs5tools6config16replicate_config0s6_0B9_
FN:70,_RNCNCNvNtNtCs3qOuqWcYsXM_16syncthing_mcp_rs5tools6config16replicate_config0s7_0B9_
FN:78,_RNCNCNvNtNtCs3qOuqWcYsXM_16syncthing_mcp_rs5tools6config16replicate_config0s8_0B9_
FN:83,_RNCNCNvNtNtCs3qOuqWcYsXM_16syncthing_mcp_rs5tools6config16replicate_config0s9_0B9_
FN:16,_RNCNCNvNtNtCs3qOuqWcYsXM_16syncthing_mcp_rs5tools6config16replicate_config0s_0B9_
FN:95,_RNCNCNvNtNtCs3qOuqWcYsXM_16syncthing_mcp_rs5tools6config16replicate_config0sa_0B9_
FN:100,_RNCNCNvNtNtCs3qOuqWcYsXM_16syncthing_mcp_rs5tools6config16replicate_config0sb_0B9_
FN:112,_RNCNCNvNtNtCs3qOuqWcYsXM_16syncthing_mcp_rs5tools6config16replicate_config0sc_0B9_
FN:115,_RNCNCNvNtNtCs3qOuqWcYsXM_16syncthing_mcp_rs5tools6config16replicate_config0sd_0B9_
FN:128,_RNCNCNvNtNtCs3qOuqWcYsXM_16syncthing_mcp_rs5tools6config16replicate_config0se_0B9_
FN:131,_RNCNCNvNtNtCs3qOuqWcYsXM_16syncthing_mcp_rs5tools6config16replicate_config0sf_0B9_
FN:150,_RNCNCNvNtNtCs3qOuqWcYsXM_16syncthing_mcp_rs5tools6config16replicate_config0sg_0B9_
FN:152,_RNCNCNvNtNtCs3qOuqWcYsXM_16syncthing_mcp_rs5tools6config16replicate_config0sh_0B9_
FN:160,_RNCNCNvNtNtCs3qOuqWcYsXM_16syncthing_mcp_rs5tools6config16replicate_config0si_0B9_
FN:164,_RNCNCNvNtNtCs3qOuqWcYsXM_16syncthing_mcp_rs5tools6config16replicate_config0sj_0B9_
[...]
FNDA:47,_RINvMs_NtCs9DkVWDPzllD_16syncthing_mcp_rs5toolsNtB5_12ToolRegistry8registerNvNtB5_6system14get_system_logNCB1b_0EB7_
FNDA:47,_RINvMs_NtCs9DkVWDPzllD_16syncthing_mcp_rs5toolsNtB5_12ToolRegistry8registerNvNtB5_6system14list_instancesNCB1b_0EB7_
FNDA:47,_RINvMs_NtCs9DkVWDPzllD_16syncthing_mcp_rs5toolsNtB5_12ToolRegistry8registerNvNtB5_6system15get_sync_statusNCB1b_0EB7_
FNDA:47,_RINvMs_NtCs9DkVWDPzllD_16syncthing_mcp_rs5toolsNtB5_12ToolRegistry8registerNvNtB5_6system15maintain_systemNCB1b_0EB7_
FNDA:47,_RINvMs_NtCs9DkVWDPzllD_16syncthing_mcp_rs5toolsNtB5_12ToolRegistry8registerNvNtB5_6system16get_system_statsNCB1b_0EB7_
FNDA:47,_RINvMs_NtCs9DkVWDPzllD_16syncthing_mcp_rs5toolsNtB5_12ToolRegistry8registerNvNtB5_6system19get_instance_healthNCB1b_0EB7_
FNDA:47,_RINvMs_NtCs9DkVWDPzllD_16syncthing_mcp_rs5toolsNtB5_12ToolRegistry8registerNvNtB5_6system22get_system_connectionsNCB1b_0EB7_
FNDA:47,_RINvMs_NtCs9DkVWDPzllD_16syncthing_mcp_rs5toolsNtB5_12ToolRegistry8registerNvNtB5_7browser13browse_folderNCB1b_0EB7_
FNDA:47,_RINvMs_NtCs9DkVWDPzllD_16syncthing_mcp_rs5toolsNtB5_12ToolRegistry8registerNvNtB5_7devices14manage_devicesNCB1b_0EB7_
FNDA:47,_RINvMs_NtCs9DkVWDPzllD_16syncthing_mcp_rs5toolsNtB5_12ToolRegistry8registerNvNtB5_7devices16get_device_statsNCB1b_0EB7_
FNDA:47,_RINvMs_NtCs9DkVWDPzllD_16syncthing_mcp_rs5toolsNtB5_12ToolRegistry8registerNvNtB5_7folders14manage_foldersNCB1b_0EB7_
FNDA:47,_RINvMs_NtCs9DkVWDPzllD_16syncthing_mcp_rs5toolsNtB5_12ToolRegistry8registerNvNtB5_7folders14manage_ignoresNCB1b_0EB7_
FNDA:47,_RINvMs_NtCs9DkVWDPzllD_16syncthing_mcp_rs5toolsNtB5_12ToolRegistry8registerNvNtB5_7folders16get_folder_statsNCB1b_0EB7_
FNDA:47,_RINvMs_NtCs9DkVWDPzllD_16syncthing_mcp_rs5toolsNtB5_12ToolRegistry8registerNvNtB5_7folders17configure_sharingNCB1b_0EB7_
FNDA:47,_RINvMs_NtCs9DkVWDPzllD_16syncthing_mcp_rs5toolsNtB5_12ToolRegistry8registerNvNtB5_9conflicts14list_conflictsNCB1b_0EB7_
FNDA:47,_RINvMs_NtCs9DkVWDPzllD_16syncthing_mcp_rs5toolsNtB5_12ToolRegistry8registerNvNtB5_9conflicts15delete_conflictNCB1b_0EB7_
FNDA:47,_RINvMs_NtCs9DkVWDPzllD_16syncthing_mcp_rs5toolsNtB5_12ToolRegistry8registerNvNtB5_9conflicts16resolve_conflictNCB1b_0EB7_
FNDA:1,_RNCINvMs_NtCs9DkVWDPzllD_16syncthing_mcp_rs5toolsNtB7_12ToolRegistry8registerNvNtB7_6config16replicate_configNCB1d_0E0B9_
FNDA:0,_RNCINvMs_NtCs9DkVWDPzllD_16syncthing_mcp_rs5toolsNtB7_12ToolRegistry8registerNvNtB7_6system13analyze_errorNCB1d_0E0B9_
FNDA:1,_RNCINvMs_NtCs9DkVWDPzllD_16syncthing_mcp_rs5toolsNtB7_12ToolRegistry8registerNvNtB7_6system14get_system_logNCB1d_0E0B9_
FNDA:2,_RNCINvMs_NtCs9DkVWDPzllD_16syncthing_mcp_rs5toolsNtB7_12ToolRegistry8registerNvNtB7_6system14list_instancesNCB1d_0E0B9_
FNDA:2,_RNCINvMs_NtCs9DkVWDPzllD_16syncthing_mcp_rs5toolsNtB7_12ToolRegistry8registerNvNtB7_6system15get_sync_statusNCB1d_0E0B9_
FNDA:5,_RNCINvMs_NtCs9DkVWDPzllD_16syncthing_mcp_rs5toolsNtB7_12ToolRegistry8registerNvNtB7_6system15maintain_systemNCB1d_0E0B9_
FNDA:5,_RNCINvMs_NtCs9DkVWDPzllD_16syncthing_mcp_rs5toolsNtB7_12ToolRegistry8registerNvNtB7_6system16get_system_statsNCB1d_0E0B9_
FNDA:1,_RNCINvMs_NtCs9DkVWDPzllD_16syncthing_mcp_rs5toolsNtB7_12ToolRegistry8registerNvNtB7_6system19get_instance_healthNCB1d_0E0B9_
FNDA:1,_RNCINvMs_NtCs9DkVWDPzllD_16syncthing_mcp_rs5toolsNtB7_12ToolRegistry8registerNvNtB7_6system22get_system_connectionsNCB1d_0E0B9_
FNDA:0,_RNCINvMs_NtCs9DkVWDPzllD_16syncthing_mcp_rs5toolsNtB7_12ToolRegistry8registerNvNtB7_7browser13browse_folderNCB1d_0E0B9_
FNDA:10,_RNCINvMs_NtCs9DkVWDPzllD_16syncthing_mcp_rs5toolsNtB7_12ToolRegistry8registerNvNtB7_7devices14manage_devicesNCB1d_0E0B9_
FNDA:1,_RNCINvMs_NtCs9DkVWDPzllD_16syncthing_mcp_rs5toolsNtB7_12ToolRegistry8registerNvNtB7_7devices16get_device_statsNCB1d_0E0B9_
FNDA:3,_RNCINvMs_NtCs9DkVWDPzllD_16syncthing_mcp_rs5toolsNtB7_12ToolRegistry8registerNvNtB7_7folders14manage_foldersNCB1d_0E0B9_
FNDA:5,_RNCINvMs_NtCs9DkVWDPzllD_16syncthing_mcp_rs5toolsNtB7_12ToolRegistry8registerNvNtB7_7folders14manage_ignoresNCB1d_0E0B9_
FNDA:1,_RNCINvMs_NtCs9DkVWDPzllD_16syncthing_mcp_rs5toolsNtB7_12ToolRegistry8registerNvNtB7_7folders16get_folder_statsNCB1d_0E0B9_
FNDA:3,_RNCINvMs_NtCs9DkVWDPzllD_16syncthing_mcp_rs5toolsNtB7_12ToolRegistry8registerNvNtB7_7folders17configure_sharingNCB1d_0E0B9_
FNDA:4,_RNCINvMs_NtCs9DkVWDPzllD_16syncthing_mcp_rs5toolsNtB7_12ToolRegistry8registerNvNtB7_9conflicts14list_conflictsNCB1d_0E0B9_
FNDA:2,_RNCINvMs_NtCs9DkVWDPzllD_16syncthing_mcp_rs5toolsNtB7_12ToolRegistry8registerNvNtB7_9conflicts15delete_conflictNCB1d_0E0B9_
FNDA:4,_RNCINvMs_NtCs9DkVWDPzllD_16syncthing_mcp_rs5toolsNtB7_12ToolRegistry8registerNvNtB7_9conflicts16resolve_conflictNCB1d_0E0B9_
FNDA:19,_RNCNvMs_NtCs9DkVWDPzllD_16syncthing_mcp_rs5toolsNtB6_12ToolRegistry10list_tools0B8_
FNDA:87,_RNCNvMs_NtCs9DkVWDPzllD_16syncthing_mcp_rs5toolsNtB6_12ToolRegistry10list_toolss0_0B8_
FNDA:19,_RNCNvMs_NtCs9DkVWDPzllD_16syncthing_mcp_rs5toolsNtB6_12ToolRegistry10list_toolss_0B8_
FNF:10
FNH:9
DA:60,0
DA:61,0
DA:62,0
DA:67,53
DA:68,53
DA:69,53
DA:70,53
DA:71,53
DA:72,53
DA:75,893
DA:76,893
DA:77,893
DA:78,893
DA:79,893
DA:80,893
DA:81,893
DA:82,893
DA:83,893
DA:85,893
DA:86,893
DA:87,893
DA:88,893
DA:89,893
DA:90,51
DA:91,51
DA:92,51
DA:93,51
DA:94,51
DA:96,893
DA:97,893
DA:98,893
DA:101,2
DA:102,2
DA:104,19
DA:105,19
DA:106,19
DA:107,19
DA:108,19
DA:109,19
DA:110,19
DA:111,19
DA:112,19
DA:113,19
DA:114,19
DA:115,19
DA:116,19
DA:117,19
DA:118,19
DA:119,19
DA:121,19
DA:122,19
DA:123,19
DA:124,19
DA:126,0
DA:129,87
DA:130,2
DA:131,2
DA:134,54
DA:135,54
DA:136,54
DA:140,47
DA:141,47
DA:143,47
DA:144,47
DA:145,47
DA:146,47
DA:147,47
DA:148,47
DA:153,47
DA:154,47
DA:155,47
DA:156,47
DA:157,47
DA:158,47
DA:163,47
DA:164,47
DA:165,47
DA:166,47
DA:167,47
DA:168,47
DA:169,47
DA:170,47
DA:171,47
DA:173,47
DA:174,47
DA:175,47
DA:178,47
DA:183,47
DA:184,47
DA:185,47
DA:186,47
DA:187,47
DA:188,47
DA:193,47
DA:194,47
DA:195,47
DA:196,47
DA:197,47
DA:198,47
DA:203,47
DA:204,47
DA:205,47
DA:206,47
DA:207,47
DA:208,47
DA:213,47
DA:214,47
DA:215,47
DA:216,47
DA:217,47
DA:218,47
DA:219,47
DA:220,47
DA:221,47
DA:222,47
DA:224,47
DA:225,47
DA:226,47
DA:229,47
DA:234,47
DA:235,47
DA:236,47
DA:237,47
DA:238,47
DA:239,47
DA:240,47
DA:241,47
DA:242,47
DA:243,47
DA:245,47
DA:246,47
DA:247,47
DA:250,47
DA:255,47
DA:256,47
DA:257,47
DA:258,47
DA:259,47
DA:260,47
DA:261,47
DA:262,47
DA:263,47
DA:264,47
DA:266,47
DA:267,47
DA:268,47
DA:270,47
DA:271,47
DA:272,47
DA:275,47
DA:280,47
DA:281,47
DA:282,47
DA:283,47
DA:284,47
DA:285,47
DA:286,47
DA:287,47
DA:288,47
DA:289,47
DA:291,47
DA:292,47
DA:293,47
DA:295,47
DA:296,47
DA:297,47
DA:298,47
DA:300,47
DA:303,47
DA:308,47
DA:309,47
DA:310,47
DA:311,47
DA:312,47
DA:313,47
DA:314,47
DA:315,47
DA:316,47
DA:317,47
DA:319,47
DA:320,47
DA:321,47
DA:323,47
DA:324,47
DA:325,47
DA:328,47
DA:333,47
DA:334,47
DA:335,47
DA:336,47
DA:337,47
DA:338,47
DA:343,47
DA:344,47
DA:345,47
DA:346,47
DA:347,47
DA:348,47
DA:353,47
DA:354,47
DA:355,47
DA:356,47
DA:357,47
DA:358,47
DA:359,47
DA:360,47
DA:361,47
DA:362,47
DA:364,47
DA:365,47
DA:366,47
DA:369,47
DA:374,47
DA:375,47
DA:376,47
DA:377,47
DA:378,47
DA:379,47
DA:380,47
DA:381,47
DA:382,47
DA:384,47
DA:385,47
DA:386,47
DA:388,47
DA:389,47
DA:390,47
DA:391,47
DA:393,47
DA:394,47
DA:395,47
DA:396,47
DA:398,47
DA:399,47
DA:400,47
DA:401,47
DA:404,47
DA:409,47
DA:410,47
DA:411,47
DA:412,47
DA:413,47
DA:414,47
DA:415,47
DA:416,47
DA:417,47
DA:419,47
DA:420,47
DA:421,47
DA:423,47
DA:424,47
DA:425,47
DA:428,47
DA:433,47
DA:434,47
DA:435,47
DA:436,47
DA:437,47
DA:438,47
DA:439,47
DA:440,47
DA:441,47
DA:444,47
DA:449,47
DA:450,47
DA:451,47
DA:452,47
DA:453,47
DA:454,47
DA:455,47
DA:456,47
DA:457,47
DA:459,47
DA:460,47
DA:461,47
DA:462,47
DA:464,47
DA:465,47
DA:466,47
DA:467,47
DA:469,47
DA:470,47
DA:471,47
DA:472,47
DA:475,47
DA:480,47
DA:481,47
DA:482,47
DA:483,47
DA:484,47
DA:485,47
DA:486,47
DA:487,47
DA:488,47
DA:490,47
DA:491,47
DA:492,47
DA:493,47
DA:495,47
DA:496,47
DA:497,47
DA:498,47
DA:501,47
DA:506,47
DA:507,47
BRF:0
BRH:0
LF:309
LH:305
end_of_record
SF:/home/nicholas/git/nicholaswilde/syncthing-mcp-rs/src/tools/system.rs
FN:293,_RNvNtNtCs3qOuqWcYsXM_16syncthing_mcp_rs5tools6system13analyze_error
FN:176,_RNvNtNtCs3qOuqWcYsXM_16syncthing_mcp_rs5tools6system14get_system_log
FN:197,_RNvNtNtCs3qOuqWcYsXM_16syncthing_mcp_rs5tools6system14list_instances
FN:29,_RNvNtNtCs3qOuqWcYsXM_16syncthing_mcp_rs5tools6system15get_sync_status
FN:81,_RNvNtNtCs3qOuqWcYsXM_16syncthing_mcp_rs5tools6system15maintain_system
FN:9,_RNvNtNtCs3qOuqWcYsXM_16syncthing_mcp_rs5tools6system16get_system_stats
FN:246,_RNvNtNtCs3qOuqWcYsXM_16syncthing_mcp_rs5tools6system19get_instance_health
FN:142,_RNvNtNtCs3qOuqWcYsXM_16syncthing_mcp_rs5tools6system22get_system_connections
FN:300,_RNCNCNvNtNtCs3qOuqWcYsXM_16syncthing_mcp_rs5tools6system13analyze_error00B9_
FN:303,_RNCNCNvNtNtCs3qOuqWcYsXM_16syncthing_mcp_rs5tools6system13analyze_error0s0_0B9_
FN:301,_RNCNCNvNtNtCs3qOuqWcYsXM_16syncthing_mcp_rs5tools6system13analyze_error0s_0B9_
FN:208,_RNCNCNvNtNtCs3qOuqWcYsXM_16syncthing_mcp_rs5tools6system14list_instances00B9_
FN:36,_RNCNCNvNtNtCs3qOuqWcYsXM_16syncthing_mcp_rs5tools6system15get_sync_status00B9_
FN:41,_RNCNCNvNtNtCs3qOuqWcYsXM_16syncthing_mcp_rs5tools6system15get_sync_status0s0_0B9_
FN:42,_RNCNCNvNtNtCs3qOuqWcYsXM_16syncthing_mcp_rs5tools6system15get_sync_status0s1_0B9_
FN:37,_RNCNCNvNtNtCs3qOuqWcYsXM_16syncthing_mcp_rs5tools6system15get_sync_status0s_0B9_
FN:88,_RNCNCNvNtNtCs3qOuqWcYsXM_16syncthing_mcp_rs5tools6system15maintain_system00B9_
FN:93,_RNCNCNvNtNtCs3qOuqWcYsXM_16syncthing_mcp_rs5tools6system15maintain_system0s0_0B9_
FN:89,_RNCNCNvNtNtCs3qOuqWcYsXM_16syncthing_mcp_rs5tools6system15maintain_system0s_0B9_
FN:263,_RNCNCNvNtNtCs3qOuqWcYsXM_16syncthing_mcp_rs5tools6system19get_instance_health00B9_
FN:297,_RNCNvNtNtCs3qOuqWcYsXM_16syncthing_mcp_rs5tools6system13analyze_error0B7_
FN:180,_RNCNvNtNtCs3qOuqWcYsXM_16syncthing_mcp_rs5tools6system14get_system_log0B7_
FN:201,_RNCNvNtNtCs3qOuqWcYsXM_16syncthing_mcp_rs5tools6system14list_instances0B7_
FN:33,_RNCNvNtNtCs3qOuqWcYsXM_16syncthing_mcp_rs5tools6system15get_sync_status0B7_
FN:85,_RNCNvNtNtCs3qOuqWcYsXM_16syncthing_mcp_rs5tools6system15maintain_system0B7_
FN:13,_RNCNvNtNtCs3qOuqWcYsXM_16syncthing_mcp_rs5tools6system16get_system_stats0B7_
FN:250,_RNCNvNtNtCs3qOuqWcYsXM_16syncthing_mcp_rs5tools6system19get_instance_health0B7_
FN:146,_RNCNvNtNtCs3qOuqWcYsXM_16syncthing_mcp_rs5tools6system22get_system_connections0B7_
FN:300,_RNCNCNvNtNtCs9DkVWDPzllD_16syncthing_mcp_rs5tools6system13analyze_error00B9_
FN:303,_RNCNCNvNtNtCs9DkVWDPzllD_16syncthing_mcp_rs5tools6system13analyze_error0s0_0B9_
FN:301,_RNCNCNvNtNtCs9DkVWDPzllD_16syncthing_mcp_rs5tools6system13analyze_error0s_0B9_
FN:208,_RNCNCNvNtNtCs9DkVWDPzllD_16syncthing_mcp_rs5tools6system14list_instances00B9_
FN:36,_RNCNCNvNtNtCs9DkVWDPzllD_16syncthing_mcp_rs5tools6system15get_sync_status00B9_
FN:41,_RNCNCNvNtNtCs9DkVWDPzllD_16syncthing_mcp_rs5tools6system15get_sync_status0s0_0B9_
FN:42,_RNCNCNvNtNtCs9DkVWDPzllD_16syncthing_mcp_rs5tools6system15get_sync_status0s1_0B9_
FN:37,_RNCNCNvNtNtCs9DkVWDPzllD_16syncthing_mcp_rs5tools6system15get_sync_status0s_0B9_
FN:88,_RNCNCNvNtNtCs9DkVWDPzllD_16syncthing_mcp_rs5tools6system15maintain_system00B9_
FN:93,_RNCNCNvNtNtCs9DkVWDPzllD_16syncthing_mcp_rs5tools6system15maintain_system0s0_0B9_
FN:89,_RNCNCNvNtNtCs9DkVWDPzllD_16syncthing_mcp_rs5tools6system15maintain_system0s_0B9_
FN:263,_RNCNCNvNtNtCs9DkVWDPzllD_16syncthing_mcp_rs5tools6system19get_instance_health00B9_
FN:297,_RNCNvNtNtCs9DkVWDPzllD_16syncthing_mcp_rs5tools6system13analyze_error0B7_
FN:180,_RNCNvNtNtCs9DkVWDPzllD_16syncthing_mcp_rs5tools6system14get_system_log0B7_
FN:201,_RNCNvNtNtCs9DkVWDPzllD_16syncthing_mcp_rs5tools6system14list_instances0B7_
FN:33,_RNCNvNtNtCs9DkVWDPzllD_16syncthing_mcp_rs5tools6system15get_sync_status0B7_
FN:85,_RNCNvNtNtCs9DkVWDPzllD_16syncthing_mcp_rs5tools6system15maintain_system0B7_
FN:13,_RNCNvNtNtCs9DkVWDPzllD_16syncthing_mcp_rs5tools6system16get_system_stats0B7_
FN:250,_RNCNvNtNtCs9DkVWDPzllD_16syncthing_mcp_rs5tools6system19get_instance_health0B7_
FN:146,_RNCNvNtNtCs9DkVWDPzllD_16syncthing_mcp_rs5tools6system22get_system_connections0B7_
FN:293,_RNvNtNtCs9DkVWDPzllD_16syncthing_mcp_rs5tools6system13analyze_error
FN:176,_RNvNtNtCs9DkVWDPzllD_16syncthing_mcp_rs5tools6system14get_system_log
FN:197,_RNvNtNtCs9DkVWDPzllD_16syncthing_mcp_rs5tools6system14list_instances
FN:29,_RNvNtNtCs9DkVWDPzllD_16syncthing_mcp_rs5tools6system15get_sync_status
FN:81,_RNvNtNtCs9DkVWDPzllD_16syncthing_mcp_rs5tools6system15maintain_system
FN:9,_RNvNtNtCs9DkVWDPzllD_16syncthing_mcp_rs5tools6system16get_system_stats
FN:246,_RNvNtNtCs9DkVWDPzllD_16syncthing_mcp_rs5tools6system19get_instance_health
FN:142,_RNvNtNtCs9DkVWDPzllD_16syncthing_mcp_rs5tools6system22get_system_connections
FNDA:0,_RNvNtNtCs3qOuqWcYsXM_16syncthing_mcp_rs5tools6system13analyze_error
FNDA:0,_RNvNtNtCs3qOuqWcYsXM_16syncthing_mcp_rs5tools6system14get_system_log
FNDA:0,_RNvNtNtCs3qOuqWcYsXM_16syncthing_mcp_rs5tools6system14list_instances
FNDA:0,_RNvNtNtCs3qOuqWcYsXM_16syncthing_mcp_rs5tools6system15get_sync_status
FNDA:0,_RNvNtNtCs3qOuqWcYsXM_16syncthing_mcp_rs5tools6system15maintain_system
FNDA:0,_RNvNtNtCs3qOuqWcYsXM_16syncthing_mcp_rs5tools6system16get_system_stats
FNDA:0,_RNvNtNtCs3qOuqWcYsXM_16syncthing_mcp_rs5tools6system19get_instance_health
FNDA:0,_RNvNtNtCs3qOuqWcYsXM_16syncthing_mcp_rs5tools6system22get_system_connections
FNDA:0,_RNCNCNvNtNtCs3qOuqWcYsXM_16syncthing_mcp_rs5tools6system13analyze_error00B9_
FNDA:0,_RNCNCNvNtNtCs3qOuqWcYsXM_16syncthing_mcp_rs5tools6system13analyze_error0s0_0B9_
FNDA:0,_RNCNCNvNtNtCs3qOuqWcYsXM_16syncthing_mcp_rs5tools6system13analyze_error0s_0B9_
FNDA:0,_RNCNCNvNtNtCs3qOuqWcYsXM_16syncthing_mcp_rs5tools6system14list_instances00B9_
FNDA:0,_RNCNCNvNtNtCs3qOuqWcYsXM_16syncthing_mcp_rs5tools6system15get_sync_status00B9_
FNDA:0,_RNCNCNvNtNtCs3qOuqWcYsXM_16syncthing_mcp_rs5tools6system15get_sync_status0s0_0B9_
FNDA:0,_RNCNCNvNtNtCs3qOuqWcYsXM_16syncthing_mcp_rs5tools6system15get_sync_status0s1_0B9_
FNDA:0,_RNCNCNvNtNtCs3qOuqWcYsXM_16syncthing_mcp_rs5tools6system15get_sync_status0s_0B9_
FNDA:0,_RNCNCNvNtNtCs3qOuqWcYsXM_16syncthing_mcp_rs5tools6system15maintain_system00B9_
FNDA:0,_RNCNCNvNtNtCs3qOuqWcYsXM_16syncthing_mcp_rs5tools6system15maintain_system0s0_0B9_
FNDA:0,_RNCNCNvNtNtCs3qOuqWcYsXM_16syncthing_mcp_rs5tools6system15maintain_system0s_0B9_
FNDA:0,_RNCNCNvNtNtCs3qOuqWcYsXM_16syncthing_mcp_rs5tools6system19get_instance_health00B9_
FNDA:0,_RNCNvNtNtCs3qOuqWcYsXM_16syncthing_mcp_rs5tools6system13analyze_error0B7_
FNDA:0,_RNCNvNtNtCs3qOuqWcYsXM_16syncthing_mcp_rs5tools6system14get_system_log0B7_
FNDA:0,_RNCNvNtNtCs3qOuqWcYsXM_16syncthing_mcp_rs5tools6system14list_instances0B7_
FNDA:0,_RNCNvNtNtCs3qOuqWcYsXM_16syncthing_mcp_rs5tools6system15get_sync_status0B7_
FNDA:0,_RNCNvNtNtCs3qOuqWcYsXM_16syncthing_mcp_rs5tools6system15maintain_system0B7_
FNDA:0,_RNCNvNtNtCs3qOuqWcYsXM_16syncthing_mcp_rs5tools6system16get_system_stats0B7_
FNDA:0,_RNCNvNtNtCs3qOuqWcYsXM_16syncthing_mcp_rs5tools6system19get_instance_health0B7_
FNDA:0,_RNCNvNtNtCs3qOuqWcYsXM_16syncthing_mcp_rs5tools6system22get_system_connections0B7_
FNDA:3,_RNCNCNvNtNtCs9DkVWDPzllD_16syncthing_mcp_rs5tools6system13analyze_error00B9_
FNDA:1,_RNCNCNvNtNtCs9DkVWDPzllD_16syncthing_mcp_rs5tools6system13analyze_error0s0_0B9_
FNDA:0,_RNCNCNvNtNtCs9DkVWDPzllD_16syncthing_mcp_rs5tools6system13analyze_error0s_0B9_
FNDA:0,_RNCNCNvNtNtCs9DkVWDPzllD_16syncthing_mcp_rs5tools6system14list_instances00B9_
FNDA:2,_RNCNCNvNtNtCs9DkVWDPzllD_16syncthing_mcp_rs5tools6system15get_sync_status00B9_
FNDA:2,_RNCNCNvNtNtCs9DkVWDPzllD_16syncthing_mcp_rs5tools6system15get_sync_status0s0_0B9_
FNDA:0,_RNCNCNvNtNtCs9DkVWDPzllD_16syncthing_mcp_rs5tools6system15get_sync_status0s1_0B9_
FNDA:0,_RNCNCNvNtNtCs9DkVWDPzllD_16syncthing_mcp_rs5tools6system15get_sync_status0s_0B9_
FNDA:5,_RNCNCNvNtNtCs9DkVWDPzllD_16syncthing_mcp_rs5tools6system15maintain_system00B9_
FNDA:1,_RNCNCNvNtNtCs9DkVWDPzllD_16syncthing_mcp_rs5tools6system15maintain_system0s0_0B9_
FNDA:0,_RNCNCNvNtNtCs9DkVWDPzllD_16syncthing_mcp_rs5tools6system15maintain_system0s_0B9_
FNDA:0,_RNCNCNvNtNtCs9DkVWDPzllD_16syncthing_mcp_rs5tools6system19get_instance_health00B9_
FNDA:3,_RNCNvNtNtCs9DkVWDPzllD_16syncthing_mcp_rs5tools6system13analyze_error0B7_
FNDA:1,_RNCNvNtNtCs9DkVWDPzllD_16syncthing_mcp_rs5tools6system14get_system_log0B7_
FNDA:2,_RNCNvNtNtCs9DkVWDPzllD_16syncthing_mcp_rs5tools6system14list_instances0B7_
FNDA:2,_RNCNvNtNtCs9DkVWDPzllD_16syncthing_mcp_rs5tools6system15get_sync_status0B7_
FNDA:5,_RNCNvNtNtCs9DkVWDPzllD_16syncthing_mcp_rs5tools6system15maintain_system0B7_
FNDA:5,_RNCNvNtNtCs9DkVWDPzllD_16syncthing_mcp_rs5tools6system16get_system_stats0B7_
FNDA:1,_RNCNvNtNtCs9DkVWDPzllD_16syncthing_mcp_rs5tools6system19get_instance_health0B7_
FNDA:1,_RNCNvNtNtCs9DkVWDPzllD_16syncthing_mcp_rs5tools6system22get_system_connections0B7_
FNDA:3,_RNvNtNtCs9DkVWDPzllD_16syncthing_mcp_rs5tools6system13analyze_error
FNDA:1,_RNvNtNtCs9DkVWDPzllD_16syncthing_mcp_rs5tools6system14get_system_log
FNDA:2,_RNvNtNtCs9DkVWDPzllD_16syncthing_mcp_rs5tools6system14list_instances
FNDA:2,_RNvNtNtCs9DkVWDPzllD_16syncthing_mcp_rs5tools6system15get_sync_status
FNDA:5,_RNvNtNtCs9DkVWDPzllD_16syncthing_mcp_rs5tools6system15maintain_system
FNDA:5,_RNvNtNtCs9DkVWDPzllD_16syncthing_mcp_rs5tools6system16get_system_stats
FNDA:1,_RNvNtNtCs9DkVWDPzllD_16syncthing_mcp_rs5tools6system19get_instance_health
FNDA:1,_RNvNtNtCs9DkVWDPzllD_16syncthing_mcp_rs5tools6system22get_system_connections
FNF:28
FNH:22
DA:9,5
DA:10,5
DA:11,5
DA:12,5
DA:13,5
DA:14,5
DA:15,3
DA:17,3
DA:18,3
DA:19,3
DA:20,3
DA:21,3
DA:22,3
DA:23,3
DA:24,3
DA:25,3
DA:26,5
DA:29,2
DA:30,2
DA:31,2
DA:32,2
DA:33,2
DA:34,2
DA:35,2
DA:36,2
DA:37,2
DA:39,2
DA:40,2
DA:41,2
DA:42,2
DA:44,2
DA:45,2
DA:46,1
DA:47,1
DA:48,1
DA:50,0
DA:52,1
DA:57,1
DA:58,1
DA:59,1
DA:65,0
DA:66,0
DA:67,0
DA:68,0
DA:72,2
DA:73,2
DA:74,2
DA:75,2
DA:76,2
DA:77,2
DA:78,2
DA:81,5
DA:82,5
DA:83,5
DA:84,5
DA:85,5
DA:86,5
DA:87,5
DA:88,5
DA:89,5
DA:91,5
DA:92,5
DA:93,1
DA:94,1
DA:95,1
DA:96,1
DA:98,0
DA:100,1
DA:101,1
DA:102,1
DA:103,1
DA:104,1
DA:105,1
DA:107,4
DA:108,1
DA:109,1
DA:110,1
DA:111,1
DA:112,1
DA:113,1
DA:114,1
DA:116,3
DA:117,1
DA:118,1
DA:119,1
DA:120,1
DA:121,1
DA:122,1
DA:123,1
DA:125,2
DA:126,1
DA:127,1
DA:128,1
DA:129,1
DA:130,1
DA:131,1
DA:132,1
DA:134,1
DA:135,1
DA:136,1
DA:137,1
DA:139,5
DA:142,1
DA:143,1
DA:144,1
DA:145,1
DA:146,1
DA:147,1
DA:149,1
DA:150,1
DA:151,1
DA:152,1
DA:153,1
DA:154,1
DA:155,1
DA:156,1
DA:157,1
DA:158,1
DA:159,1
DA:160,1
DA:161,1
DA:162,1
DA:163,1
DA:164,1
DA:167,1
DA:168,1
DA:169,1
DA:170,1
DA:171,1
DA:172,1
DA:173,1
DA:176,1
DA:177,1
DA:178,1
DA:179,1
DA:180,1
DA:181,1
DA:183,1
DA:184,1
DA:185,1
DA:186,1
DA:188,1
DA:189,1
DA:190,1
DA:191,1
DA:192,1
DA:193,1
DA:194,1
DA:197,2
DA:198,2
DA:199,2
DA:200,2
DA:201,2
DA:202,2
DA:204,3
DA:205,3
DA:206,3
DA:207,3
DA:208,3
DA:209,3
DA:210,3
DA:212,3
DA:213,3
DA:214,0
DA:215,0
DA:218,3
DA:219,3
DA:220,3
DA:221,3
DA:222,3
DA:223,3
DA:224,3
DA:225,3
DA:226,3
DA:227,3
DA:228,3
DA:229,3
DA:230,3
DA:231,3
DA:232,0
DA:233,3
DA:234,3
DA:237,2
DA:238,2
DA:239,2
DA:240,2
DA:241,2
DA:242,2
DA:243,2
DA:246,1
DA:247,1
DA:248,1
DA:249,1
DA:250,1
DA:251,1
DA:253,1
DA:254,1
DA:255,0
DA:256,0
DA:259,1
DA:260,1
DA:261,1
DA:262,1
DA:263,1
DA:265,1
DA:266,1
DA:267,1
DA:268,1
DA:269,1
DA:270,1
DA:271,1
DA:272,1
DA:273,1
DA:274,1
DA:275,1
DA:276,1
DA:277,1
DA:278,1
DA:279,1
DA:280,1
DA:281,0
DA:282,1
DA:284,1
DA:285,1
DA:286,1
DA:287,1
DA:288,1
DA:289,1
DA:290,1
DA:293,3
DA:294,3
DA:295,3
DA:296,3
DA:297,3
DA:298,3
DA:299,3
DA:300,3
DA:301,3
DA:303,3
DA:306,3
DA:307,2
DA:309,1
DA:310,2
DA:311,2
DA:313,0
DA:314,2
DA:315,1
DA:317,2
DA:318,1
DA:320,1
DA:322,1
DA:324,0
DA:325,0
DA:327,0
DA:329,0
DA:332,3
DA:333,1
DA:335,2
DA:338,3
DA:343,3
DA:344,3
DA:345,3
DA:346,3
DA:347,3
DA:348,3
DA:349,3
BRF:0
BRH:0
LF:286
LH:263
end_of_record